#
# A fatal error has been detected by the Java Runtime Environment:
#
#  EXCEPTION_ACCESS_VIOLATION (0xc0000005) at pc=0xffffffffa3e65120, pid=13308, tid=0x00000000000006a4
#
# JRE version: Java(TM) SE Runtime Environment (8.0_111-b14) (build 1.8.0_111-b14)
# Java VM: Java HotSpot(TM) 64-Bit Server VM (25.111-b14 mixed mode windows-amd64 compressed oops)
# Problematic frame:
# C  0xffffffffa3e65120
#
# Failed to write core dump. Minidumps are not enabled by default on client versions of Windows
#
# If you would like to submit a bug report, please visit:
#   http://bugreport.java.com/bugreport/crash.jsp
#

---------------  T H R E A D  ---------------

Current thread (0x00000000174bb800):  JavaThread "AWT-EventQueue-0" [_thread_in_Java, id=1700, stack(0x0000000018030000,0x0000000018130000)]

siginfo: ExceptionCode=0xc0000005, ExceptionInformation=0x0000000000000008 0xffffffffa3e65120

Registers:
RAX=0x0000000014bff460, RBX=0x0000000014bff460, RCX=0x00000000eac667b8, RDX=0x00000000eac667b8
RSP=0x000000001812bda8, RBP=0x000000001812be10, RSI=0x0000000000000001, RDI=0x0000000000000001
R8 =0x0000000000000000, R9 =0x00000000eacc1808, R10=0x000000007416c0c0, R11=0x000000000348aa20
R12=0x0000000000000000, R13=0x000000001812bdc0, R14=0x000000001812be58, R15=0x00000000174bb800
RIP=0xffffffffa3e65120, EFLAGS=0x0000000000010202

Top of Stack: (sp=0x000000001812bda8)
0x000000001812bda8:   0000000002e6809d 000000001812be10
0x000000001812bdb8:   0000000002e6809d 0000000000000000
0x000000001812bdc8:   00000000eac667b8 000000001812bdd0
0x000000001812bdd8:   000000001daae258 000000001812be58
0x000000001812bde8:   000000001daae528 000000001dab27a8
0x000000001812bdf8:   000000001daae308 000000001812bdc0
0x000000001812be08:   000000001812be50 000000001812bea0
0x000000001812be18:   0000000002e6809d 0000000000000002
0x000000001812be28:   0000000000000000 0000000000000cfa
0x000000001812be38:   00000000000067d1 00000000ffffffff
0x000000001812be48:   0000000000000001 00000000eacc1838
0x000000001812be58:   00000000eac66770 000000001812be60
0x000000001812be68:   000000001daadf91 000000001812bec8
0x000000001812be78:   000000001daae528 0000000000000000
0x000000001812be88:   000000001daadfb0 000000001812be50
0x000000001812be98:   000000001812bec0 000000001812bf10 

Instructions: (pc=0xffffffffa3e65120)
0xffffffffa3e65100:   
[error occurred during error reporting (printing registers, top of stack, instructions near pc), id 0xc0000005]

Register to memory mapping:

RAX={method} {0x0000000014bff468} 'setLength' '(I)V' in 'java/lang/StringBuffer'
RBX={method} {0x0000000014bff468} 'setLength' '(I)V' in 'java/lang/StringBuffer'
RCX=0x00000000eac667b8 is an oop
java.lang.StringBuffer 
 - klass: 'java/lang/StringBuffer'
RDX=0x00000000eac667b8 is an oop
java.lang.StringBuffer 
 - klass: 'java/lang/StringBuffer'
RSP=0x000000001812bda8 is pointing into the stack for thread: 0x00000000174bb800
RBP=0x000000001812be10 is pointing into the stack for thread: 0x00000000174bb800
RSI=0x0000000000000001 is an unknown value
RDI=0x0000000000000001 is an unknown value
R8 =0x0000000000000000 is an unknown value
R9 =0x00000000eacc1808 is an oop
[C 
 - klass: {type array char}
 - length: 1
R10=0x000000007416c0c0 is an unknown value
R11=0x000000000348aa20 is at entry_point+32 in (nmethod*)0x000000000348a890
R12=0x0000000000000000 is an unknown value
R13=0x000000001812bdc0 is pointing into the stack for thread: 0x00000000174bb800
R14=0x000000001812be58 is pointing into the stack for thread: 0x00000000174bb800
R15=0x00000000174bb800 is a thread


Stack: [0x0000000018030000,0x0000000018130000],  sp=0x000000001812bda8,  free space=1007k
Native frames: (J=compiled Java code, j=interpreted, Vv=VM code, C=native code)
C  0xffffffffa3e65120


---------------  P R O C E S S  ---------------

Java Threads: ( => current thread )
  0x0000000016dfd800 JavaThread "SyntheticaAnimation 60" daemon [_thread_blocked, id=5904, stack(0x000000001d770000,0x000000001d870000)]
  0x0000000016df7800 JavaThread "SyntheticaAnimation 50" daemon [_thread_blocked, id=1048, stack(0x000000001cbc0000,0x000000001ccc0000)]
  0x0000000016df9800 JavaThread "D3D Screen Updater" daemon [_thread_blocked, id=1224, stack(0x000000001cab0000,0x000000001cbb0000)]
  0x0000000016dfe000 JavaThread "TimerQueue" daemon [_thread_blocked, id=9024, stack(0x000000001c0e0000,0x000000001c1e0000)]
  0x0000000016dfc800 JavaThread "Image Fetcher 0" daemon [_thread_blocked, id=12380, stack(0x000000001bde0000,0x000000001bee0000)]
  0x000000001781d000 JavaThread "SyntheticaCleanerThread" daemon [_thread_blocked, id=4276, stack(0x000000001a3e0000,0x000000001a4e0000)]
  0x0000000017533800 JavaThread "Thread-2" daemon [_thread_blocked, id=4776, stack(0x0000000018130000,0x0000000018230000)]
  0x0000000002d5d800 JavaThread "DestroyJavaVM" [_thread_blocked, id=11000, stack(0x0000000002ba0000,0x0000000002ca0000)]
=>0x00000000174bb800 JavaThread "AWT-EventQueue-0" [_thread_in_Java, id=1700, stack(0x0000000018030000,0x0000000018130000)]
  0x00000000174b5000 JavaThread "AWT-Windows" daemon [_thread_in_native, id=8056, stack(0x0000000017e60000,0x0000000017f60000)]
  0x0000000016f89800 JavaThread "AWT-Shutdown" [_thread_blocked, id=7140, stack(0x0000000017d60000,0x0000000017e60000)]
  0x0000000016f87800 JavaThread "Java2D Disposer" daemon [_thread_blocked, id=5344, stack(0x0000000017c60000,0x0000000017d60000)]
  0x0000000016c24000 JavaThread "Service Thread" daemon [_thread_blocked, id=7088, stack(0x0000000017190000,0x0000000017290000)]
  0x0000000016b97000 JavaThread "C1 CompilerThread2" daemon [_thread_blocked, id=11484, stack(0x0000000017090000,0x0000000017190000)]
  0x0000000016b90800 JavaThread "C2 CompilerThread1" daemon [_thread_blocked, id=12764, stack(0x0000000016f90000,0x0000000017090000)]
  0x000000001558d000 JavaThread "C2 CompilerThread0" daemon [_thread_blocked, id=10952, stack(0x0000000016a90000,0x0000000016b90000)]
  0x000000001558b800 JavaThread "Attach Listener" daemon [_thread_blocked, id=4300, stack(0x0000000016990000,0x0000000016a90000)]
  0x000000001553d000 JavaThread "Signal Dispatcher" daemon [_thread_blocked, id=3200, stack(0x0000000016890000,0x0000000016990000)]
  0x0000000015519000 JavaThread "Finalizer" daemon [_thread_blocked, id=9708, stack(0x0000000016790000,0x0000000016890000)]
  0x0000000002e51000 JavaThread "Reference Handler" daemon [_thread_blocked, id=2768, stack(0x0000000016690000,0x0000000016790000)]

Other Threads:
  0x00000000154f7800 VMThread [stack: 0x0000000016590000,0x0000000016690000] [id=9964]
  0x0000000016c5e800 WatcherThread [stack: 0x0000000017290000,0x0000000017390000] [id=4880]

VM state:not at safepoint (normal execution)

VM Mutex/Monitor currently owned by a thread: None

Heap:
 PSYoungGen      total 18944K, used 2063K [0x00000000eab00000, 0x00000000ed000000, 0x0000000100000000)
  eden space 16384K, 12% used [0x00000000eab00000,0x00000000ead03fc0,0x00000000ebb00000)
  from space 2560K, 0% used [0x00000000ebb00000,0x00000000ebb00000,0x00000000ebd80000)
  to   space 2560K, 0% used [0x00000000ecd80000,0x00000000ecd80000,0x00000000ed000000)
 ParOldGen       total 32768K, used 6515K [0x00000000c0000000, 0x00000000c2000000, 0x00000000eab00000)
  object space 32768K, 19% used [0x00000000c0000000,0x00000000c065cf60,0x00000000c2000000)
 Metaspace       used 21264K, capacity 21518K, committed 21936K, reserved 1069056K
  class space    used 2793K, capacity 2878K, committed 2992K, reserved 1048576K

Card table byte_map: [0x0000000012220000,0x0000000012430000] byte_map_base: 0x0000000011c20000

Marking Bits: (ParMarkBitMap*) 0x000000007418a6c0
 Begin Bits: [0x0000000012990000, 0x0000000013990000)
 End Bits:   [0x0000000013990000, 0x0000000014990000)

Polling page: 0x0000000000c30000

CodeCache: size=245760Kb used=6423Kb max_used=6423Kb free=239336Kb
 bounds [0x0000000002e60000, 0x00000000034b0000, 0x0000000011e60000]
 total_blobs=2399 nmethods=1819 adapters=494
 compilation: enabled

Compilation events (10 events):
Event: 3.953 Thread 0x000000001558d000 1821       4       java.lang.AbstractStringBuilder::setLength (45 bytes)
Event: 3.953 Thread 0x0000000016b90800 1822  s    4       java.lang.StringBuffer::setLength (11 bytes)
Event: 3.954 Thread 0x0000000016b97000 nmethod 1815 0x0000000003499690 code [0x0000000003499e00, 0x00000000034a0b68]
Event: 3.954 Thread 0x0000000016b97000 1818       3       java.text.MergeCollation::findLastEntry (247 bytes)
Event: 3.957 Thread 0x0000000016b97000 nmethod 1818 0x0000000003493690 code [0x0000000003493b00, 0x0000000003496968]
Event: 3.957 Thread 0x0000000016b97000 1816       3       java.text.PatternEntry::<init> (55 bytes)
Event: 3.958 Thread 0x000000001558d000 nmethod 1821 0x0000000003492f90 code [0x00000000034930e0, 0x0000000003493418]
Event: 3.958 Thread 0x0000000016b97000 nmethod 1816 0x00000000034a5c10 code [0x00000000034a5da0, 0x00000000034a63d8]
Event: 3.958 Thread 0x0000000016b90800 nmethod 1822 0x00000000034a5210 code [0x00000000034a5360, 0x00000000034a5918]
Event: 3.958 Thread 0x0000000016b97000 1817       3       java.text.MergeCollation::fixEntry (358 bytes)

GC Heap History (8 events):
Event: 1.589 GC heap before
{Heap before GC invocations=1 (full 0):
 PSYoungGen      total 18944K, used 16384K [0x00000000eab00000, 0x00000000ec000000, 0x0000000100000000)
  eden space 16384K, 100% used [0x00000000eab00000,0x00000000ebb00000,0x00000000ebb00000)
  from space 2560K, 0% used [0x00000000ebd80000,0x00000000ebd80000,0x00000000ec000000)
  to   space 2560K, 0% used [0x00000000ebb00000,0x00000000ebb00000,0x00000000ebd80000)
 ParOldGen       total 44032K, used 0K [0x00000000c0000000, 0x00000000c2b00000, 0x00000000eab00000)
  object space 44032K, 0% used [0x00000000c0000000,0x00000000c0000000,0x00000000c2b00000)
 Metaspace       used 15036K, capacity 15222K, committed 15360K, reserved 1062912K
  class space    used 1987K, capacity 2041K, committed 2048K, reserved 1048576K
Event: 1.603 GC heap after
Heap after GC invocations=1 (full 0):
 PSYoungGen      total 18944K, used 2553K [0x00000000eab00000, 0x00000000ec000000, 0x0000000100000000)
  eden space 16384K, 0% used [0x00000000eab00000,0x00000000eab00000,0x00000000ebb00000)
  from space 2560K, 99% used [0x00000000ebb00000,0x00000000ebd7e640,0x00000000ebd80000)
  to   space 2560K, 0% used [0x00000000ebd80000,0x00000000ebd80000,0x00000000ec000000)
 ParOldGen       total 44032K, used 1441K [0x00000000c0000000, 0x00000000c2b00000, 0x00000000eab00000)
  object space 44032K, 3% used [0x00000000c0000000,0x00000000c0168758,0x00000000c2b00000)
 Metaspace       used 15036K, capacity 15222K, committed 15360K, reserved 1062912K
  class space    used 1987K, capacity 2041K, committed 2048K, reserved 1048576K
}
Event: 3.659 GC heap before
{Heap before GC invocations=2 (full 0):
 PSYoungGen      total 18944K, used 18937K [0x00000000eab00000, 0x00000000ec000000, 0x0000000100000000)
  eden space 16384K, 100% used [0x00000000eab00000,0x00000000ebb00000,0x00000000ebb00000)
  from space 2560K, 99% used [0x00000000ebb00000,0x00000000ebd7e640,0x00000000ebd80000)
  to   space 2560K, 0% used [0x00000000ebd80000,0x00000000ebd80000,0x00000000ec000000)
 ParOldGen       total 44032K, used 1441K [0x00000000c0000000, 0x00000000c2b00000, 0x00000000eab00000)
  object space 44032K, 3% used [0x00000000c0000000,0x00000000c0168758,0x00000000c2b00000)
 Metaspace       used 19054K, capacity 19272K, committed 19456K, reserved 1067008K
  class space    used 2490K, capacity 2556K, committed 2560K, reserved 1048576K
Event: 3.674 GC heap after
Heap after GC invocations=2 (full 0):
 PSYoungGen      total 18944K, used 2537K [0x00000000eab00000, 0x00000000ec000000, 0x0000000100000000)
  eden space 16384K, 0% used [0x00000000eab00000,0x00000000eab00000,0x00000000ebb00000)
  from space 2560K, 99% used [0x00000000ebd80000,0x00000000ebffa630,0x00000000ec000000)
  to   space 2560K, 0% used [0x00000000ebb00000,0x00000000ebb00000,0x00000000ebd80000)
 ParOldGen       total 44032K, used 4858K [0x00000000c0000000, 0x00000000c2b00000, 0x00000000eab00000)
  object space 44032K, 11% used [0x00000000c0000000,0x00000000c04be990,0x00000000c2b00000)
 Metaspace       used 19054K, capacity 19272K, committed 19456K, reserved 1067008K
  class space    used 2490K, capacity 2556K, committed 2560K, reserved 1048576K
}
Event: 3.833 GC heap before
{Heap before GC invocations=3 (full 0):
 PSYoungGen      total 18944K, used 8802K [0x00000000eab00000, 0x00000000ec000000, 0x0000000100000000)
  eden space 16384K, 38% used [0x00000000eab00000,0x00000000eb11e518,0x00000000ebb00000)
  from space 2560K, 99% used [0x00000000ebd80000,0x00000000ebffa630,0x00000000ec000000)
  to   space 2560K, 0% used [0x00000000ebb00000,0x00000000ebb00000,0x00000000ebd80000)
 ParOldGen       total 44032K, used 4858K [0x00000000c0000000, 0x00000000c2b00000, 0x00000000eab00000)
  object space 44032K, 11% used [0x00000000c0000000,0x00000000c04be990,0x00000000c2b00000)
 Metaspace       used 20956K, capacity 21160K, committed 21296K, reserved 1067008K
  class space    used 2757K, capacity 2844K, committed 2864K, reserved 1048576K
Event: 3.845 GC heap after
Heap after GC invocations=3 (full 0):
 PSYoungGen      total 18944K, used 2537K [0x00000000eab00000, 0x00000000ed000000, 0x0000000100000000)
  eden space 16384K, 0% used [0x00000000eab00000,0x00000000eab00000,0x00000000ebb00000)
  from space 2560K, 99% used [0x00000000ebb00000,0x00000000ebd7a630,0x00000000ebd80000)
  to   space 2560K, 0% used [0x00000000ecd80000,0x00000000ecd80000,0x00000000ed000000)
 ParOldGen       total 44032K, used 5683K [0x00000000c0000000, 0x00000000c2b00000, 0x00000000eab00000)
  object space 44032K, 12% used [0x00000000c0000000,0x00000000c058cc90,0x00000000c2b00000)
 Metaspace       used 20956K, capacity 21160K, committed 21296K, reserved 1067008K
  class space    used 2757K, capacity 2844K, committed 2864K, reserved 1048576K
}
Event: 3.845 GC heap before
{Heap before GC invocations=4 (full 1):
 PSYoungGen      total 18944K, used 2537K [0x00000000eab00000, 0x00000000ed000000, 0x0000000100000000)
  eden space 16384K, 0% used [0x00000000eab00000,0x00000000eab00000,0x00000000ebb00000)
  from space 2560K, 99% used [0x00000000ebb00000,0x00000000ebd7a630,0x00000000ebd80000)
  to   space 2560K, 0% used [0x00000000ecd80000,0x00000000ecd80000,0x00000000ed000000)
 ParOldGen       total 44032K, used 5683K [0x00000000c0000000, 0x00000000c2b00000, 0x00000000eab00000)
  object space 44032K, 12% used [0x00000000c0000000,0x00000000c058cc90,0x00000000c2b00000)
 Metaspace       used 20956K, capacity 21160K, committed 21296K, reserved 1067008K
  class space    used 2757K, capacity 2844K, committed 2864K, reserved 1048576K
Event: 3.898 GC heap after
Heap after GC invocations=4 (full 1):
 PSYoungGen      total 18944K, used 0K [0x00000000eab00000, 0x00000000ed000000, 0x0000000100000000)
  eden space 16384K, 0% used [0x00000000eab00000,0x00000000eab00000,0x00000000ebb00000)
  from space 2560K, 0% used [0x00000000ebb00000,0x00000000ebb00000,0x00000000ebd80000)
  to   space 2560K, 0% used [0x00000000ecd80000,0x00000000ecd80000,0x00000000ed000000)
 ParOldGen       total 32768K, used 6515K [0x00000000c0000000, 0x00000000c2000000, 0x00000000eab00000)
  object space 32768K, 19% used [0x00000000c0000000,0x00000000c065cf60,0x00000000c2000000)
 Metaspace       used 20956K, capacity 21160K, committed 21296K, reserved 1067008K
  class space    used 2757K, capacity 2844K, committed 2864K, reserved 1048576K
}

Deoptimization events (10 events):
Event: 3.579 Thread 0x00000000174bb800 Uncommon trap: reason=unstable_if action=reinterpret pc=0x0000000003119660 method=com.sun.org.apache.xerces.internal.impl.io.UTF8Reader.read([CII)I @ 131
Event: 3.584 Thread 0x00000000174bb800 Uncommon trap: reason=unstable_if action=reinterpret pc=0x000000000311556c method=com.sun.org.apache.xerces.internal.utils.XMLLimitAnalyzer.addValue(ILjava/lang/String;I)V @ 7
Event: 3.584 Thread 0x00000000174bb800 Uncommon trap: reason=unstable_if action=reinterpret pc=0x00000000030a37a0 method=com.sun.org.apache.xerces.internal.utils.XMLSecurityManager.isOverLimit(ILcom/sun/org/apache/xerces/internal/utils/XMLLimitAnalyzer;)Z @ 28
Event: 3.586 Thread 0x00000000174bb800 Uncommon trap: reason=unstable_if action=reinterpret pc=0x00000000030fa5fc method=com.sun.org.apache.xerces.internal.util.SymbolTable.addSymbol([CII)Ljava/lang/String; @ 64
Event: 3.586 Thread 0x00000000174bb800 Uncommon trap: reason=unstable_if action=reinterpret pc=0x00000000030d10d0 method=com.sun.org.apache.xerces.internal.util.SymbolTable.addSymbol([CII)Ljava/lang/String; @ 64
Event: 3.587 Thread 0x00000000174bb800 Uncommon trap: reason=unstable_if action=reinterpret pc=0x000000000311c690 method=com.sun.org.apache.xerces.internal.impl.XMLEntityScanner.peekChar()I @ 51
Event: 3.938 Thread 0x00000000174bb800 Uncommon trap: reason=class_check action=maybe_recompile pc=0x000000000348e66c method=java.io.DataInputStream.readChar()C @ 4
Event: 3.938 Thread 0x00000000174bb800 Uncommon trap: reason=class_check action=maybe_recompile pc=0x000000000348e66c method=java.io.DataInputStream.readChar()C @ 4
Event: 3.938 Thread 0x00000000174bb800 Uncommon trap: reason=class_check action=maybe_recompile pc=0x000000000348e66c method=java.io.DataInputStream.readChar()C @ 4
Event: 3.938 Thread 0x00000000174bb800 Uncommon trap: reason=class_check action=maybe_recompile pc=0x000000000348e66c method=java.io.DataInputStream.readChar()C @ 4

Internal exceptions (10 events):
Event: 3.824 Thread 0x00000000174bb800 Exception <a 'java/lang/ArrayIndexOutOfBoundsException'> (0x00000000eb05fa58) thrown at [C:\re\workspace\8-2-build-windows-amd64-cygwin\jdk8u111\7883\hotspot\src\share\vm\runtime\sharedRuntime.cpp, line 605]
Event: 3.824 Thread 0x00000000174bb800 Exception <a 'java/lang/ArrayIndexOutOfBoundsException'> (0x00000000eb060e30) thrown at [C:\re\workspace\8-2-build-windows-amd64-cygwin\jdk8u111\7883\hotspot\src\share\vm\runtime\sharedRuntime.cpp, line 605]
Event: 3.825 Thread 0x00000000174bb800 Exception <a 'java/lang/ArrayIndexOutOfBoundsException'> (0x00000000eb068d28) thrown at [C:\re\workspace\8-2-build-windows-amd64-cygwin\jdk8u111\7883\hotspot\src\share\vm\runtime\sharedRuntime.cpp, line 605]
Event: 3.826 Thread 0x00000000174bb800 Exception <a 'java/lang/ArrayIndexOutOfBoundsException'> (0x00000000eb06a1b8) thrown at [C:\re\workspace\8-2-build-windows-amd64-cygwin\jdk8u111\7883\hotspot\src\share\vm\runtime\sharedRuntime.cpp, line 605]
Event: 3.826 Thread 0x00000000174bb800 Exception <a 'java/lang/ArrayIndexOutOfBoundsException'> (0x00000000eb06ba08) thrown at [C:\re\workspace\8-2-build-windows-amd64-cygwin\jdk8u111\7883\hotspot\src\share\vm\runtime\sharedRuntime.cpp, line 605]
Event: 3.826 Thread 0x00000000174bb800 Exception <a 'java/lang/ArrayIndexOutOfBoundsException'> (0x00000000eb06ce30) thrown at [C:\re\workspace\8-2-build-windows-amd64-cygwin\jdk8u111\7883\hotspot\src\share\vm\runtime\sharedRuntime.cpp, line 605]
Event: 3.826 Thread 0x00000000174bb800 Exception <a 'java/lang/ArrayIndexOutOfBoundsException'> (0x00000000eb06dd88) thrown at [C:\re\workspace\8-2-build-windows-amd64-cygwin\jdk8u111\7883\hotspot\src\share\vm\runtime\sharedRuntime.cpp, line 605]
Event: 3.826 Thread 0x00000000174bb800 Exception <a 'java/lang/ArrayIndexOutOfBoundsException'> (0x00000000eb06f168) thrown at [C:\re\workspace\8-2-build-windows-amd64-cygwin\jdk8u111\7883\hotspot\src\share\vm\runtime\sharedRuntime.cpp, line 605]
Event: 3.826 Thread 0x00000000174bb800 Exception <a 'java/lang/ArrayIndexOutOfBoundsException'> (0x00000000eb0702b0) thrown at [C:\re\workspace\8-2-build-windows-amd64-cygwin\jdk8u111\7883\hotspot\src\share\vm\runtime\sharedRuntime.cpp, line 605]
Event: 3.826 Thread 0x00000000174bb800 Exception <a 'java/lang/ArrayIndexOutOfBoundsException'> (0x00000000eb0715a0) thrown at [C:\re\workspace\8-2-build-windows-amd64-cygwin\jdk8u111\7883\hotspot\src\share\vm\runtime\sharedRuntime.cpp, line 605]

Events (10 events):
Event: 3.940 loading class sun/text/normalizer/UnicodeMatcher done
Event: 3.940 loading class sun/text/normalizer/UnicodeSet done
Event: 3.940 loading class sun/text/normalizer/NormalizerImpl$DecomposeArgs
Event: 3.940 loading class sun/text/normalizer/NormalizerImpl$DecomposeArgs done
Event: 3.943 loading class java/text/MergeCollation
Event: 3.944 loading class java/text/MergeCollation done
Event: 3.944 loading class java/text/PatternEntry$Parser
Event: 3.944 loading class java/text/PatternEntry$Parser done
Event: 3.944 loading class java/text/PatternEntry
Event: 3.945 loading class java/text/PatternEntry done


Dynamic libraries:
0x00007ff627340000 - 0x00007ff627377000 	C:\Program Files\Java\jdk1.8.0_111\bin\java.exe
0x00007ffc125e0000 - 0x00007ffc127b1000 	C:\Windows\SYSTEM32\ntdll.dll
0x00007ffc11ce0000 - 0x00007ffc11d8b000 	C:\Windows\System32\KERNEL32.DLL
0x00007ffc0eed0000 - 0x00007ffc0f0ed000 	C:\Windows\System32\KERNELBASE.dll
0x00007ffc0fec0000 - 0x00007ffc0ff62000 	C:\Windows\System32\ADVAPI32.dll
0x00007ffc12270000 - 0x00007ffc1230e000 	C:\Windows\System32\msvcrt.dll
0x00007ffc11c80000 - 0x00007ffc11cd9000 	C:\Windows\System32\sechost.dll
0x00007ffc12310000 - 0x00007ffc12431000 	C:\Windows\System32\RPCRT4.dll
0x00007ffc11700000 - 0x00007ffc11865000 	C:\Windows\System32\USER32.dll
0x00007ffc0f1f0000 - 0x00007ffc0f20e000 	C:\Windows\System32\win32u.dll
0x00007ffc116c0000 - 0x00007ffc116f4000 	C:\Windows\System32\GDI32.dll
0x00007ffc0f940000 - 0x00007ffc0fac2000 	C:\Windows\System32\gdi32full.dll
0x00007ffc08cf0000 - 0x00007ffc08f6a000 	C:\Windows\WinSxS\amd64_microsoft.windows.common-controls_6595b64144ccf1df_6.0.14393.953_none_42151e83c686086b\COMCTL32.dll
0x00007ffc11870000 - 0x00007ffc11b38000 	C:\Windows\System32\combase.dll
0x00007ffc0f0f0000 - 0x00007ffc0f1e5000 	C:\Windows\System32\ucrtbase.dll
0x00007ffc0ed50000 - 0x00007ffc0edba000 	C:\Windows\System32\bcryptPrimitives.dll
0x00007ffc11d90000 - 0x00007ffc11dbe000 	C:\Windows\System32\IMM32.DLL
0x00000000752e0000 - 0x00000000753b2000 	C:\Program Files\Java\jdk1.8.0_111\jre\bin\msvcr100.dll
0x0000000073970000 - 0x000000007420a000 	C:\Program Files\Java\jdk1.8.0_111\jre\bin\server\jvm.dll
0x00007ffc0ff70000 - 0x00007ffc0ff78000 	C:\Windows\System32\PSAPI.DLL
0x00007ffc056e0000 - 0x00007ffc056e9000 	C:\Windows\SYSTEM32\WSOCK32.dll
0x00007ffc0a7e0000 - 0x00007ffc0a7ea000 	C:\Windows\SYSTEM32\VERSION.dll
0x00007ffc0ce90000 - 0x00007ffc0ceb3000 	C:\Windows\SYSTEM32\WINMM.dll
0x00007ffc0fde0000 - 0x00007ffc0fe4a000 	C:\Windows\System32\WS2_32.dll
0x00007ffc0ce30000 - 0x00007ffc0ce5b000 	C:\Windows\SYSTEM32\WINMMBASE.dll
0x00007ffc0f210000 - 0x00007ffc0f252000 	C:\Windows\System32\cfgmgr32.dll
0x00000000752d0000 - 0x00000000752df000 	C:\Program Files\Java\jdk1.8.0_111\jre\bin\verify.dll
0x00000000752a0000 - 0x00000000752c9000 	C:\Program Files\Java\jdk1.8.0_111\jre\bin\java.dll
0x0000000075280000 - 0x0000000075296000 	C:\Program Files\Java\jdk1.8.0_111\jre\bin\zip.dll
0x00007ffc0ff80000 - 0x00007ffc11489000 	C:\Windows\System32\SHELL32.dll
0x00007ffc0f260000 - 0x00007ffc0f93a000 	C:\Windows\System32\windows.storage.dll
0x00007ffc0ea50000 - 0x00007ffc0ea9c000 	C:\Windows\System32\powrprof.dll
0x00007ffc11560000 - 0x00007ffc115b2000 	C:\Windows\System32\shlwapi.dll
0x00007ffc0eaa0000 - 0x00007ffc0eaaf000 	C:\Windows\System32\kernel.appcore.dll
0x00007ffc0ead0000 - 0x00007ffc0eb79000 	C:\Windows\System32\shcore.dll
0x00007ffc0eab0000 - 0x00007ffc0eac4000 	C:\Windows\System32\profapi.dll
0x0000000074c60000 - 0x0000000074df8000 	C:\Program Files\Java\jdk1.8.0_111\jre\bin\awt.dll
0x00007ffc114a0000 - 0x00007ffc1155f000 	C:\Windows\System32\OLEAUT32.dll
0x00007ffc0fad0000 - 0x00007ffc0fb6c000 	C:\Windows\System32\msvcp_win.dll
0x00007ffc0cff0000 - 0x00007ffc0d06a000 	C:\Windows\SYSTEM32\apphelp.dll
0x00007ffc0d1c0000 - 0x00007ffc0d255000 	C:\Windows\system32\uxtheme.dll
0x00007ffc0fb70000 - 0x00007ffc0fcca000 	C:\Windows\System32\MSCTF.dll
0x00007ffc0c890000 - 0x00007ffc0c8b6000 	C:\Windows\system32\dwmapi.dll
0x00007ffc11b40000 - 0x00007ffc11c77000 	C:\Windows\System32\ole32.dll
0x0000000075180000 - 0x00000000751c7000 	C:\Program Files\Java\jdk1.8.0_111\jre\bin\fontmanager.dll
0x00007ffbfe9e0000 - 0x00007ffbfeb6d000 	C:\Windows\system32\d3d9.dll
0x00007ffbd7be0000 - 0x00007ffbd8c96000 	C:\Windows\SYSTEM32\nvd3dumx.dll
0x0000000075260000 - 0x000000007527a000 	C:\Program Files\Java\jdk1.8.0_111\jre\bin\net.dll
0x00007ffc0e310000 - 0x00007ffc0e36c000 	C:\Windows\system32\mswsock.dll
0x0000000075240000 - 0x0000000075251000 	C:\Program Files\Java\jdk1.8.0_111\jre\bin\nio.dll
0x0000000074c10000 - 0x0000000074c52000 	C:\Program Files\Java\jdk1.8.0_111\jre\bin\t2k.dll
0x00007ffc11620000 - 0x00007ffc116bf000 	C:\Windows\System32\clbcatq.dll
0x00007ffc0c620000 - 0x00007ffc0c7c8000 	C:\Windows\SYSTEM32\WindowsCodecs.dll
0x00007ffc01ed0000 - 0x00007ffc01f19000 	C:\Windows\system32\dataexchange.dll
0x00007ffc0bac0000 - 0x00007ffc0bd76000 	C:\Windows\system32\d3d11.dll
0x00007ffc0c980000 - 0x00007ffc0cad1000 	C:\Windows\system32\dcomp.dll
0x00007ffc0d9c0000 - 0x00007ffc0da5f000 	C:\Windows\system32\dxgi.dll
0x00007ffc0d460000 - 0x00007ffc0d57c000 	C:\Windows\system32\twinapi.appcore.dll
0x00007ffc0e980000 - 0x00007ffc0e9ab000 	C:\Windows\system32\bcrypt.dll
0x00007ffc0e4b0000 - 0x00007ffc0e4c7000 	C:\Windows\SYSTEM32\CRYPTSP.dll
0x00007ffc0df10000 - 0x00007ffc0df43000 	C:\Windows\system32\rsaenh.dll
0x00007ffc0e190000 - 0x00007ffc0e1af000 	C:\Windows\SYSTEM32\USERENV.dll
0x00007ffc0e4d0000 - 0x00007ffc0e4db000 	C:\Windows\SYSTEM32\CRYPTBASE.dll
0x00007ffc0e090000 - 0x00007ffc0e0c8000 	C:\Windows\SYSTEM32\IPHLPAPI.DLL
0x00007ffc11490000 - 0x00007ffc11498000 	C:\Windows\System32\NSI.dll
0x00007ffc09610000 - 0x00007ffc09626000 	C:\Windows\SYSTEM32\dhcpcsvc6.DLL
0x00007ffc09500000 - 0x00007ffc0951a000 	C:\Windows\SYSTEM32\dhcpcsvc.DLL
0x00007ffc08130000 - 0x00007ffc08202000 	C:\Windows\System32\IME\IMEKR\imkrtip.dll
0x00007ffc0c480000 - 0x00007ffc0c605000 	C:\Windows\SYSTEM32\PROPSYS.dll
0x00007ffc06f40000 - 0x00007ffc07096000 	C:\Windows\System32\IME\shared\imetip.dll
0x00007ffc0cf80000 - 0x00007ffc0cfe5000 	C:\Windows\SYSTEM32\OLEACC.dll
0x00007ffc065c0000 - 0x00007ffc06768000 	C:\Windows\SYSTEM32\DUI70.dll
0x00007ffc08ad0000 - 0x00007ffc08b08000 	C:\Windows\System32\IME\IMEKR\imkrapi.dll
0x00007ffc080f0000 - 0x00007ffc08125000 	C:\Windows\System32\IME\shared\imjkapi.dll
0x00007ffc0dde0000 - 0x00007ffc0de12000 	C:\Windows\SYSTEM32\ntmarta.dll
0x0000000075150000 - 0x000000007517a000 	C:\Program Files\Java\jdk1.8.0_111\jre\bin\dcpr.dll
0x00007ffc09890000 - 0x00007ffc09a22000 	C:\Windows\SYSTEM32\dbghelp.dll

VM Arguments:
jvm_args: -Dfile.encoding=x-windows-949 -Duser.country=KR -Duser.language=ko -Duser.variant 
java_command: kr.or.dgit.sw_project.MainApp
java_class_path (initial): D:\workspace_mybatis\sw_project\build\classes\main;D:\workspace_mybatis\sw_project\build\resources\main;D:\workspace_mybatis\sw_project\src\main\resources\kr\or\dgit\sw_project\libraries\jxl.jar;D:\workspace_mybatis\sw_project\src\main\resources\kr\or\dgit\sw_project\libraries\DatePanel.jar;D:\workspace_mybatis\sw_project\src\main\resources\kr\or\dgit\sw_project\libraries\erp_myframework.jar;D:\workspace_mybatis\sw_project\src\main\resources\kr\or\dgit\sw_project\lookandfeel\syntheticaAluOxide.jar;D:\workspace_mybatis\sw_project\src\main\resources\kr\or\dgit\sw_project\lookandfeel\synthetica.jar;D:\workspace_mybatis\sw_project\src\main\resources\kr\or\dgit\sw_project\libraries\swingx-1.6.5.jar;D:\workspace_mybatis\sw_project\src\main\resources\kr\or\dgit\sw_project\libraries\syntheticaAddons.jar;D:\workspace_mybatis\sw_project\src\main\resources\kr\or\dgit\sw_project\libraries\syntheticaAluOxideAddon.jar;D:\workspace_mybatis\sw_project\src\main\resources\kr\or\dgit\sw_project\libraries\jfxrt.jar;C:\Users\LSW\.gradle\caches\modules-2\files-2.1\mysql\mysql-connector-java\5.1.41\b0878056f15616989144d6114d36d3942321d0d1\mysql-connector-java-5.1.41.jar;C:\Users\LSW\.gradle\caches\modules-2\files-2.1\org.mybatis\mybatis\3.4.2\2b9a5082fe0bdb3128bab8b4b19b23ca0f3d9b38\mybatis-3.4.2.jar;C:\Users\LSW\.gradle\caches\modules-2\files-2.1\junit\junit\4.12\2973d150c0dc1fefe998f834810d68f278ea58ec\junit-4.12.jar;C:\Users\LSW\.gradle\caches\modules-2\files-2.1\log4j\log4j\1.2.17\5af35056b4d257e4b64b9e8069c0746e8b08629f\log4j-1.2.17.jar;C:\Users\LSW\.gradle\caches\modules-2\files-2.1\org.hamcrest\hamcrest-core\1.3\42a25dc3219429f0e5d060061f71acb49bf010a0\hamcrest-core-1.3.jar
Launcher Type: SUN_STANDARD

Environment Variables:
JAVA_HOME=C:\Program Files\Java\jdk1.8.0_111
PATH=C:/Program Files/Java/jdk1.8.0_111/BIN/../jre/bin/server;C:/Program Files/Java/jdk1.8.0_111/BIN/../jre/bin;C:/Program Files/Java/jdk1.8.0_111/BIN/../jre/lib/amd64;C:\Program Files\Java\jdk1.8.0_111\BIN;C:\ProgramData\Oracle\Java\javapath;C:\Program Files (x86)\NVIDIA Corporation\PhysX\Common;C:\Windows\system32;C:\Windows;C:\Windows\System32\Wbem;C:\Windows\System32\WindowsPowerShell\v1.0\;C:\Program Files\MySQL\MySQL Server 5.6\BIN;C:\Program Files\Git\cmd;D:\gradle-3.4.1\bin;C:\Users\LSW\AppData\Local\Microsoft\WindowsApps;;C:\eclipse_java;
USERNAME=LSW
OS=Windows_NT
PROCESSOR_IDENTIFIER=Intel64 Family 6 Model 23 Stepping 10, GenuineIntel



---------------  S Y S T E M  ---------------

OS: Windows 10.0 , 64 bit Build 14393 (10.0.14393.0)

CPU:total 4 (4 cores per cpu, 1 threads per core) family 6 model 23 stepping 10, cmov, cx8, fxsr, mmx, sse, sse2, sse3, ssse3, sse4.1, tsc

Memory: 4k page, physical 4192488k(1011992k free), swap 7993576k(1982928k free)

vm_info: Java HotSpot(TM) 64-Bit Server VM (25.111-b14) for windows-amd64 JRE (1.8.0_111-b14), built on Sep 22 2016 19:24:05 by "java_re" with MS VC++ 10.0 (VS2010)

time: Wed Apr 12 14:38:59 2017
elapsed time: 4 seconds (0d 0h 0m 4s)

