#
# A fatal error has been detected by the Java Runtime Environment:
#
#  EXCEPTION_ACCESS_VIOLATION (0xc0000005) at pc=0xffffffffa4725120, pid=8584, tid=0x0000000000002384
#
# JRE version: Java(TM) SE Runtime Environment (8.0_111-b14) (build 1.8.0_111-b14)
# Java VM: Java HotSpot(TM) 64-Bit Server VM (25.111-b14 mixed mode windows-amd64 compressed oops)
# Problematic frame:
# C  0xffffffffa4725120
#
# Failed to write core dump. Minidumps are not enabled by default on client versions of Windows
#
# If you would like to submit a bug report, please visit:
#   http://bugreport.java.com/bugreport/crash.jsp
#

---------------  T H R E A D  ---------------

Current thread (0x00000000018ed800):  JavaThread "main" [_thread_in_Java, id=9092, stack(0x00000000030f0000,0x00000000031f0000)]

siginfo: ExceptionCode=0xc0000005, ExceptionInformation=0x0000000000000008 0xffffffffa4725120

Registers:
RAX=0x00000000ead500b8, RBX=0x00000000000001f2, RCX=0x0000000000000406, RDX=0x00000000ead500b8
RSP=0x00000000031ebdd8, RBP=0x00000000031ebeb0, RSI=0x00000000000001f2, RDI=0x00000000000001f3
R8 =0x00000000eac6d738, R9 =0x00000000eac6d738, R10=0x0000000100072dc0, R11=0x0000000003850fc0
R12=0x0000000000000000, R13=0x00000000031ebe60, R14=0x0000000000000000, R15=0x00000000018ed800
RIP=0xffffffffa4725120, EFLAGS=0x0000000000010212

Top of Stack: (sp=0x00000000031ebdd8)
0x00000000031ebdd8:   00000000038511b4 00000000031ebe68
0x00000000031ebde8:   00000000157d1cc8 0000000000000000
0x00000000031ebdf8:   00000000157cd798 0000000000000000
0x00000000031ebe08:   00000000031ebe60 00000000031ebeb0
0x00000000031ebe18:   00000000ead50010 00000000eac6d738
0x00000000031ebe28:   00000000ead51c68 00000000ead51c40
0x00000000031ebe38:   0000000000000000 00000000031ebeb0
0x00000000031ebe48:   0000000003727ae0 0000000000000001
0x00000000031ebe58:   0000000003727ae0 00000000eac6d738
0x00000000031ebe68:   00000000ead50010 00000000031ebe70
0x00000000031ebe78:   00000000157ce298 00000000031ebed0
0x00000000031ebe88:   00000000157d1cc8 0000000000000000
0x00000000031ebe98:   00000000157ce600 00000000031ebe60
0x00000000031ebea8:   00000000031ebed0 00000000031ebf20
0x00000000031ebeb8:   0000000003727ae0 0000000000000000
0x00000000031ebec8:   0000000000000008 00000000ead507b8 

Instructions: (pc=0xffffffffa4725120)
0xffffffffa4725100:   
[error occurred during error reporting (printing registers, top of stack, instructions near pc), id 0xc0000005]

Register to memory mapping:

RAX=0x00000000ead500b8 is an oop
jdk.internal.org.objectweb.asm.ByteVector 
 - klass: 'jdk/internal/org/objectweb/asm/ByteVector'
RBX=0x00000000000001f2 is an unknown value
RCX=0x0000000000000406 is an unknown value
RDX=0x00000000ead500b8 is an oop
jdk.internal.org.objectweb.asm.ByteVector 
 - klass: 'jdk/internal/org/objectweb/asm/ByteVector'
RSP=0x00000000031ebdd8 is pointing into the stack for thread: 0x00000000018ed800
RBP=0x00000000031ebeb0 is pointing into the stack for thread: 0x00000000018ed800
RSI=0x00000000000001f2 is an unknown value
RDI=0x00000000000001f3 is an unknown value
R8 =0x00000000eac6d738 is an oop
java.lang.String 
 - klass: 'java/lang/String'
R9 =0x00000000eac6d738 is an oop
java.lang.String 
 - klass: 'java/lang/String'
R10=0x0000000100072dc0 is pointing into metadata
R11=0x0000000003850fc0 is at entry_point+32 in (nmethod*)0x0000000003850dd0
R12=0x0000000000000000 is an unknown value
R13=0x00000000031ebe60 is pointing into the stack for thread: 0x00000000018ed800
R14=0x0000000000000000 is an unknown value
R15=0x00000000018ed800 is a thread


Stack: [0x00000000030f0000,0x00000000031f0000],  sp=0x00000000031ebdd8,  free space=1007k
Native frames: (J=compiled Java code, j=interpreted, Vv=VM code, C=native code)
C  0xffffffffa4725120


---------------  P R O C E S S  ---------------

Java Threads: ( => current thread )
  0x00000000174ec000 JavaThread "Service Thread" daemon [_thread_blocked, id=3336, stack(0x0000000017a60000,0x0000000017b60000)]
  0x0000000017463000 JavaThread "C1 CompilerThread2" daemon [_thread_blocked, id=744, stack(0x0000000017960000,0x0000000017a60000)]
  0x0000000015e4e800 JavaThread "C2 CompilerThread1" daemon [_thread_blocked, id=7248, stack(0x0000000017860000,0x0000000017960000)]
  0x0000000015e4c800 JavaThread "C2 CompilerThread0" daemon [_thread_blocked, id=3724, stack(0x0000000017360000,0x0000000017460000)]
  0x0000000015e4b800 JavaThread "Attach Listener" daemon [_thread_blocked, id=6272, stack(0x0000000017260000,0x0000000017360000)]
  0x0000000015de8800 JavaThread "Signal Dispatcher" daemon [_thread_blocked, id=848, stack(0x0000000017160000,0x0000000017260000)]
  0x0000000015dda000 JavaThread "Finalizer" daemon [_thread_blocked, id=4392, stack(0x0000000017060000,0x0000000017160000)]
  0x0000000015db8800 JavaThread "Reference Handler" daemon [_thread_blocked, id=4348, stack(0x0000000016f60000,0x0000000017060000)]
=>0x00000000018ed800 JavaThread "main" [_thread_in_Java, id=9092, stack(0x00000000030f0000,0x00000000031f0000)]

Other Threads:
  0x0000000015db7800 VMThread [stack: 0x0000000016e60000,0x0000000016f60000] [id=124]
  0x000000001753e000 WatcherThread [stack: 0x0000000017b60000,0x0000000017c60000] [id=1692]

VM state:not at safepoint (normal execution)

VM Mutex/Monitor currently owned by a thread: None

Heap:
 PSYoungGen      total 18944K, used 2622K [0x00000000eab00000, 0x00000000ec000000, 0x0000000100000000)
  eden space 16384K, 16% used [0x00000000eab00000,0x00000000ead8fa58,0x00000000ebb00000)
  from space 2560K, 0% used [0x00000000ebd80000,0x00000000ebd80000,0x00000000ec000000)
  to   space 2560K, 0% used [0x00000000ebb00000,0x00000000ebb00000,0x00000000ebd80000)
 ParOldGen       total 44032K, used 0K [0x00000000c0000000, 0x00000000c2b00000, 0x00000000eab00000)
  object space 44032K, 0% used [0x00000000c0000000,0x00000000c0000000,0x00000000c2b00000)
 Metaspace       used 4400K, capacity 4718K, committed 4992K, reserved 1056768K
  class space    used 502K, capacity 550K, committed 640K, reserved 1048576K

Card table byte_map: [0x0000000012ae0000,0x0000000012cf0000] byte_map_base: 0x00000000124e0000

Marking Bits: (ParMarkBitMap*) 0x000000005147a6c0
 Begin Bits: [0x0000000013250000, 0x0000000014250000)
 End Bits:   [0x0000000014250000, 0x0000000015250000)

Polling page: 0x0000000001430000

CodeCache: size=245760Kb used=1433Kb max_used=1433Kb free=244326Kb
 bounds [0x0000000003720000, 0x0000000003990000, 0x0000000012720000]
 total_blobs=468 nmethods=201 adapters=182
 compilation: enabled

Compilation events (10 events):
Event: 0.246 Thread 0x0000000017463000  191       3       java.lang.invoke.MethodType::makeImpl (66 bytes)
Event: 0.246 Thread 0x0000000017463000 nmethod 191 0x000000000387db90 code [0x000000000387dd80, 0x000000000387e5e8]
Event: 0.246 Thread 0x0000000017463000  194       3       java.lang.invoke.LambdaForm$Name::initIndex (26 bytes)
Event: 0.246 Thread 0x0000000017463000 nmethod 194 0x000000000387ea90 code [0x000000000387ebe0, 0x000000000387edd0]
Event: 0.246 Thread 0x0000000017463000  195       3       java.lang.invoke.LambdaForm$BasicType::basicTypeSlots (8 bytes)
Event: 0.247 Thread 0x0000000017463000 nmethod 195 0x000000000387efd0 code [0x000000000387f140, 0x000000000387f370]
Event: 0.247 Thread 0x0000000017463000  196       3       sun.invoke.util.Wrapper::stackSlots (9 bytes)
Event: 0.247 Thread 0x0000000017463000 nmethod 196 0x000000000387f450 code [0x000000000387f5a0, 0x000000000387f6f0]
Event: 0.247 Thread 0x0000000017463000  199       3       sun.invoke.util.VerifyAccess::isSamePackage (114 bytes)
Event: 0.247 Thread 0x0000000015e4e800 nmethod 185 0x0000000003882810 code [0x0000000003882960, 0x0000000003882e28]

GC Heap History (0 events):
No events

Deoptimization events (0 events):
No events

Internal exceptions (9 events):
Event: 0.040 Thread 0x00000000018ed800 Exception <a 'java/lang/NoSuchMethodError': Method sun.misc.Unsafe.defineClass(Ljava/lang/String;[BII)Ljava/lang/Class; name or signature does not match> (0x00000000eab07c78) thrown at [C:\re\workspace\8-2-build-windows-amd64-cygwin\jdk8u111\7883\hotspot\
Event: 0.040 Thread 0x00000000018ed800 Exception <a 'java/lang/NoSuchMethodError': Method sun.misc.Unsafe.prefetchRead(Ljava/lang/Object;J)V name or signature does not match> (0x00000000eab07f60) thrown at [C:\re\workspace\8-2-build-windows-amd64-cygwin\jdk8u111\7883\hotspot\src\share\vm\prims
Event: 0.183 Thread 0x00000000018ed800 Exception <a 'java/security/PrivilegedActionException'> (0x00000000eac4cd20) thrown at [C:\re\workspace\8-2-build-windows-amd64-cygwin\jdk8u111\7883\hotspot\src\share\vm\prims\jvm.cpp, line 1386]
Event: 0.183 Thread 0x00000000018ed800 Exception <a 'java/security/PrivilegedActionException'> (0x00000000eac4cf30) thrown at [C:\re\workspace\8-2-build-windows-amd64-cygwin\jdk8u111\7883\hotspot\src\share\vm\prims\jvm.cpp, line 1386]
Event: 0.184 Thread 0x00000000018ed800 Exception <a 'java/security/PrivilegedActionException'> (0x00000000eac50e18) thrown at [C:\re\workspace\8-2-build-windows-amd64-cygwin\jdk8u111\7883\hotspot\src\share\vm\prims\jvm.cpp, line 1386]
Event: 0.184 Thread 0x00000000018ed800 Exception <a 'java/security/PrivilegedActionException'> (0x00000000eac51028) thrown at [C:\re\workspace\8-2-build-windows-amd64-cygwin\jdk8u111\7883\hotspot\src\share\vm\prims\jvm.cpp, line 1386]
Event: 0.191 Thread 0x00000000018ed800 Exception <a 'java/io/FileNotFoundException'> (0x00000000eac53ec8) thrown at [C:\re\workspace\8-2-build-windows-amd64-cygwin\jdk8u111\7883\hotspot\src\share\vm\prims\jni.cpp, line 709]
Event: 0.236 Thread 0x00000000018ed800 Exception <a 'java/lang/NoSuchFieldError': method resolution failed> (0x00000000ead22350) thrown at [C:\re\workspace\8-2-build-windows-amd64-cygwin\jdk8u111\7883\hotspot\src\share\vm\prims\methodHandles.cpp, line 1146]
Event: 0.239 Thread 0x00000000018ed800 Exception <a 'java/lang/NoSuchFieldError': method resolution failed> (0x00000000ead2f720) thrown at [C:\re\workspace\8-2-build-windows-amd64-cygwin\jdk8u111\7883\hotspot\src\share\vm\prims\methodHandles.cpp, line 1146]

Events (10 events):
Event: 0.236 loading class java/lang/IllegalAccessException
Event: 0.236 loading class java/lang/IllegalAccessException done
Event: 0.242 loading class java/lang/invoke/LambdaFormEditor
Event: 0.243 loading class java/lang/invoke/LambdaFormEditor done
Event: 0.243 loading class java/lang/invoke/LambdaFormEditor$Transform$Kind
Event: 0.243 loading class java/lang/invoke/LambdaFormEditor$Transform$Kind done
Event: 0.243 loading class java/lang/invoke/LambdaFormEditor$Transform
Event: 0.243 loading class java/lang/invoke/LambdaFormEditor$Transform done
Event: 0.243 loading class java/lang/invoke/LambdaFormBuffer
Event: 0.244 loading class java/lang/invoke/LambdaFormBuffer done


Dynamic libraries:
0x00007ff6c0cf0000 - 0x00007ff6c0d27000 	C:\Program Files\Java\jdk1.8.0_111\bin\java.exe
0x00007ffc28d80000 - 0x00007ffc28f51000 	C:\Windows\SYSTEM32\ntdll.dll
0x00007ffc28b30000 - 0x00007ffc28bdb000 	C:\Windows\System32\KERNEL32.DLL
0x00007ffc25d70000 - 0x00007ffc25f8d000 	C:\Windows\System32\KERNELBASE.dll
0x00007ffc26320000 - 0x00007ffc263c2000 	C:\Windows\System32\ADVAPI32.dll
0x00007ffc26eb0000 - 0x00007ffc26f4e000 	C:\Windows\System32\msvcrt.dll
0x00007ffc265c0000 - 0x00007ffc26619000 	C:\Windows\System32\sechost.dll
0x00007ffc28c50000 - 0x00007ffc28d71000 	C:\Windows\System32\RPCRT4.dll
0x00007ffc28880000 - 0x00007ffc289e5000 	C:\Windows\System32\USER32.dll
0x00007ffc25370000 - 0x00007ffc2538e000 	C:\Windows\System32\win32u.dll
0x00007ffc27190000 - 0x00007ffc271c4000 	C:\Windows\System32\GDI32.dll
0x00007ffc25be0000 - 0x00007ffc25d62000 	C:\Windows\System32\gdi32full.dll
0x00007ffc1eff0000 - 0x00007ffc1f26a000 	C:\Windows\WinSxS\amd64_microsoft.windows.common-controls_6595b64144ccf1df_6.0.14393.953_none_42151e83c686086b\COMCTL32.dll
0x00007ffc266e0000 - 0x00007ffc269a8000 	C:\Windows\System32\combase.dll
0x00007ffc25270000 - 0x00007ffc25365000 	C:\Windows\System32\ucrtbase.dll
0x00007ffc253e0000 - 0x00007ffc2544a000 	C:\Windows\System32\bcryptPrimitives.dll
0x00007ffc263d0000 - 0x00007ffc263fe000 	C:\Windows\System32\IMM32.DLL
0x0000000052630000 - 0x0000000052702000 	C:\Program Files\Java\jdk1.8.0_111\jre\bin\msvcr100.dll
0x0000000050c60000 - 0x00000000514fa000 	C:\Program Files\Java\jdk1.8.0_111\jre\bin\server\jvm.dll
0x00007ffc26310000 - 0x00007ffc26318000 	C:\Windows\System32\PSAPI.DLL
0x00007ffc234c0000 - 0x00007ffc234c9000 	C:\Windows\SYSTEM32\WSOCK32.dll
0x00007ffc20a40000 - 0x00007ffc20a4a000 	C:\Windows\SYSTEM32\VERSION.dll
0x00007ffc23660000 - 0x00007ffc23683000 	C:\Windows\SYSTEM32\WINMM.dll
0x00007ffc27110000 - 0x00007ffc2717a000 	C:\Windows\System32\WS2_32.dll
0x00007ffc234f0000 - 0x00007ffc2351b000 	C:\Windows\SYSTEM32\WINMMBASE.dll
0x00007ffc25390000 - 0x00007ffc253d2000 	C:\Windows\System32\cfgmgr32.dll
0x0000000052620000 - 0x000000005262f000 	C:\Program Files\Java\jdk1.8.0_111\jre\bin\verify.dll
0x00000000525f0000 - 0x0000000052619000 	C:\Program Files\Java\jdk1.8.0_111\jre\bin\java.dll
0x00000000525d0000 - 0x00000000525e6000 	C:\Program Files\Java\jdk1.8.0_111\jre\bin\zip.dll
0x00007ffc27370000 - 0x00007ffc28879000 	C:\Windows\System32\SHELL32.dll
0x00007ffc25450000 - 0x00007ffc25b2a000 	C:\Windows\System32\windows.storage.dll
0x00007ffc251e0000 - 0x00007ffc2522c000 	C:\Windows\System32\powrprof.dll
0x00007ffc26e40000 - 0x00007ffc26e92000 	C:\Windows\System32\shlwapi.dll
0x00007ffc25260000 - 0x00007ffc2526f000 	C:\Windows\System32\kernel.appcore.dll
0x00007ffc261c0000 - 0x00007ffc26269000 	C:\Windows\System32\shcore.dll
0x00007ffc25240000 - 0x00007ffc25254000 	C:\Windows\System32\profapi.dll
0x0000000052880000 - 0x0000000052a18000 	C:\Program Files\Java\jdk1.8.0_111\jre\bin\awt.dll
0x00007ffc26620000 - 0x00007ffc266df000 	C:\Windows\System32\OLEAUT32.dll
0x00007ffc26270000 - 0x00007ffc2630c000 	C:\Windows\System32\msvcp_win.dll
0x00007ffc23790000 - 0x00007ffc2380a000 	C:\Windows\SYSTEM32\apphelp.dll
0x00007ffc190a0000 - 0x00007ffc19232000 	C:\Windows\SYSTEM32\dbghelp.dll

VM Arguments:
jvm_args: -Dfile.encoding=x-windows-949 -Duser.country=KR -Duser.language=ko -Duser.variant 
java_command: kr.or.dgit.sw_project.MainApp
java_class_path (initial): C:\Users\KDW\git\sw_project\build\classes\main;C:\Users\KDW\git\sw_project\build\resources\main;C:\Users\KDW\git\sw_project\src\main\resources\kr\or\dgit\sw_project\libraries\jxl.jar;C:\Users\KDW\git\sw_project\src\main\resources\kr\or\dgit\sw_project\libraries\DatePanel.jar;C:\Users\KDW\git\sw_project\src\main\resources\kr\or\dgit\sw_project\libraries\erp_myframework.jar;C:\Users\KDW\git\sw_project\src\main\resources\kr\or\dgit\sw_project\lookandfeel\syntheticaAluOxide.jar;C:\Users\KDW\git\sw_project\src\main\resources\kr\or\dgit\sw_project\lookandfeel\synthetica.jar;C:\Users\KDW\git\sw_project\src\main\resources\kr\or\dgit\sw_project\libraries\swingx-1.6.5.jar;C:\Users\KDW\git\sw_project\src\main\resources\kr\or\dgit\sw_project\libraries\syntheticaAddons.jar;C:\Users\KDW\git\sw_project\src\main\resources\kr\or\dgit\sw_project\libraries\syntheticaAluOxideAddon.jar;C:\Users\KDW\git\sw_project\src\main\resources\kr\or\dgit\sw_project\libraries\jfxrt.jar;C:\Users\KDW\.gradle\caches\modules-2\files-2.1\mysql\mysql-connector-java\5.1.41\b0878056f15616989144d6114d36d3942321d0d1\mysql-connector-java-5.1.41.jar;C:\Users\KDW\.gradle\caches\modules-2\files-2.1\org.mybatis\mybatis\3.4.2\2b9a5082fe0bdb3128bab8b4b19b23ca0f3d9b38\mybatis-3.4.2.jar;C:\Users\KDW\.gradle\caches\modules-2\files-2.1\junit\junit\4.12\2973d150c0dc1fefe998f834810d68f278ea58ec\junit-4.12.jar;C:\Users\KDW\.gradle\caches\modules-2\files-2.1\log4j\log4j\1.2.17\5af35056b4d257e4b64b9e8069c0746e8b08629f\log4j-1.2.17.jar;C:\Users\KDW\.gradle\caches\modules-2\files-2.1\org.hamcrest\hamcrest-core\1.3\42a25dc3219429f0e5d060061f71acb49bf010a0\hamcrest-core-1.3.jar
Launcher Type: SUN_STANDARD

Environment Variables:
JAVA_HOME=C:\Program Files\Java\jdk1.8.0_111
PATH=C:/Program Files/Java/jdk1.8.0_111/bin/../jre/bin/server;C:/Program Files/Java/jdk1.8.0_111/bin/../jre/bin;C:/Program Files/Java/jdk1.8.0_111/bin/../jre/lib/amd64;C:\Program Files\Java\jdk1.8.0_111\bin;C:\ProgramData\Oracle\Java\javapath;C:\Program Files (x86)\NVIDIA Corporation\PhysX\Common;C:\Windows\system32;C:\Windows;C:\Windows\System32\Wbem;C:\Windows\System32\WindowsPowerShell\v1.0\;C:\Program Files\MySQL\MySQL Server 5.6\bin;C:\Program Files\Git\cmd;D:\gradle-3.4.1-bin\bin;C:\Users\KDW\AppData\Local\Microsoft\WindowsApps;;C:\eclipse_java;
USERNAME=KDW
OS=Windows_NT
PROCESSOR_IDENTIFIER=Intel64 Family 6 Model 23 Stepping 10, GenuineIntel



---------------  S Y S T E M  ---------------

OS: Windows 10.0 , 64 bit Build 14393 (10.0.14393.0)

CPU:total 4 (4 cores per cpu, 1 threads per core) family 6 model 23 stepping 10, cmov, cx8, fxsr, mmx, sse, sse2, sse3, ssse3, sse4.1, tsc

Memory: 4k page, physical 4192492k(1327672k free), swap 5896428k(1197540k free)

vm_info: Java HotSpot(TM) 64-Bit Server VM (25.111-b14) for windows-amd64 JRE (1.8.0_111-b14), built on Sep 22 2016 19:24:05 by "java_re" with MS VC++ 10.0 (VS2010)

time: Thu Apr 13 16:30:46 2017
elapsed time: 0 seconds (0d 0h 0m 0s)

