#
# A fatal error has been detected by the Java Runtime Environment:
#
#  EXCEPTION_ACCESS_VIOLATION (0xc0000005) at pc=0xffffffffa3ed5120, pid=13068, tid=0x0000000000001a20
#
# JRE version: Java(TM) SE Runtime Environment (8.0_111-b14) (build 1.8.0_111-b14)
# Java VM: Java HotSpot(TM) 64-Bit Server VM (25.111-b14 mixed mode windows-amd64 compressed oops)
# Problematic frame:
# C  0xffffffffa3ed5120
#
# Failed to write core dump. Minidumps are not enabled by default on client versions of Windows
#
# If you would like to submit a bug report, please visit:
#   http://bugreport.java.com/bugreport/crash.jsp
#

---------------  T H R E A D  ---------------

Current thread (0x000000001707a000):  JavaThread "AWT-EventQueue-0" [_thread_in_Java, id=6688, stack(0x0000000017a50000,0x0000000017b50000)]

siginfo: ExceptionCode=0xc0000005, ExceptionInformation=0x0000000000000008 0xffffffffa3ed5120

Registers:
RAX=0x0000000000000000, RBX=0x00000000194831a0, RCX=0x000000000000006b, RDX=0x00000000eb3fe668
RSP=0x0000000017b4d488, RBP=0x0000000017b4d850, RSI=0x00000000eb3fe668, RDI=0x0000000019474520
R8 =0x00000000eafee238, R9 =0x0000000019474520, R10=0x0000000000002000, R11=0x0000000000000000
R12=0x0000000000000000, R13=0x0000000003133e3c, R14=0x0000000017b4d4c0, R15=0x000000001707a000
RIP=0xffffffffa3ed5120, EFLAGS=0x0000000000010202

Top of Stack: (sp=0x0000000017b4d488)
0x0000000017b4d488:   00000000030e152c 00000000eb3fe668
0x0000000017b4d498:   00000000030f32a4 0000000000000058
0x0000000017b4d4a8:   0000000000000010 0000000017b4d850
0x0000000017b4d4b8:   00000000030cd164 00000000eb3fdde8
0x0000000017b4d4c8:   0000000003133e3c 0000000000000058
0x0000000017b4d4d8:   00000000eafc1590 00000000eb404b38
0x0000000017b4d4e8:   0000000000000010 00000000eb3fdde8
0x0000000017b4d4f8:   00000000eb404b38 000000a000000001
0x0000000017b4d508:   00000000eb408200 0000000017b4d850
0x0000000017b4d518:   00000000030adddc 0000000017b4d550
0x0000000017b4d528:   0000000017b4d5b0 0000000017b4d5b0
0x0000000017b4d538:   0000000002ed809d 0000000002ed809d
0x0000000017b4d548:   0000000002ed809d 00000000eb3fd048
0x0000000017b4d558:   00000000eb404f00 00000000eb405900
0x0000000017b4d568:   00000000eafbba50 00000000eb404f00
0x0000000017b4d578:   000000c700000001 00000010000000c7 

Instructions: (pc=0xffffffffa3ed5120)
0xffffffffa3ed5100:   
[error occurred during error reporting (printing registers, top of stack, instructions near pc), id 0xc0000005]

Register to memory mapping:

RAX=0x0000000000000000 is an unknown value
RBX=0x00000000194831a0 is pointing into metadata
RCX=0x000000000000006b is an unknown value
RDX=0x00000000eb3fe668 is an oop
com.sun.org.apache.xerces.internal.impl.XMLEntityScanner 
 - klass: 'com/sun/org/apache/xerces/internal/impl/XMLEntityScanner'
RSP=0x0000000017b4d488 is pointing into the stack for thread: 0x000000001707a000
RBP=0x0000000017b4d850 is pointing into the stack for thread: 0x000000001707a000
RSI=0x00000000eb3fe668 is an oop
com.sun.org.apache.xerces.internal.impl.XMLEntityScanner 
 - klass: 'com/sun/org/apache/xerces/internal/impl/XMLEntityScanner'
RDI=0x0000000019474520 is pointing into metadata
R8 =0x00000000eafee238 is an oop
com.sun.org.apache.xerces.internal.impl.XMLScanner$NameType 
 - klass: 'com/sun/org/apache/xerces/internal/impl/XMLScanner$NameType'
R9 =0x0000000019474520 is pointing into metadata
R10=0x0000000000002000 is an unknown value
R11=0x0000000000000000 is an unknown value
R12=0x0000000000000000 is an unknown value
R13=0x0000000003133e3c is at entry_point+732 in (nmethod*)0x0000000003133a10
R14=0x0000000017b4d4c0 is pointing into the stack for thread: 0x000000001707a000
R15=0x000000001707a000 is a thread


Stack: [0x0000000017a50000,0x0000000017b50000],  sp=0x0000000017b4d488,  free space=1013k
Native frames: (J=compiled Java code, j=interpreted, Vv=VM code, C=native code)
C  0xffffffffa3ed5120


---------------  P R O C E S S  ---------------

Java Threads: ( => current thread )
  0x0000000017b97000 JavaThread "Thread-2" daemon [_thread_blocked, id=11684, stack(0x0000000018350000,0x0000000018450000)]
  0x000000000292d800 JavaThread "DestroyJavaVM" [_thread_blocked, id=9456, stack(0x0000000002cd0000,0x0000000002dd0000)]
=>0x000000001707a000 JavaThread "AWT-EventQueue-0" [_thread_in_Java, id=6688, stack(0x0000000017a50000,0x0000000017b50000)]
  0x000000001706d800 JavaThread "AWT-Windows" daemon [_thread_in_native, id=11648, stack(0x0000000017780000,0x0000000017880000)]
  0x000000001706c800 JavaThread "AWT-Shutdown" [_thread_blocked, id=5924, stack(0x0000000017680000,0x0000000017780000)]
  0x000000001706b000 JavaThread "Java2D Disposer" daemon [_thread_blocked, id=7108, stack(0x0000000017580000,0x0000000017680000)]
  0x0000000016d15800 JavaThread "Service Thread" daemon [_thread_blocked, id=4372, stack(0x00000000172b0000,0x00000000173b0000)]
  0x0000000016d0c800 JavaThread "C1 CompilerThread2" daemon [_thread_blocked, id=8728, stack(0x00000000171b0000,0x00000000172b0000)]
  0x0000000016d01000 JavaThread "C2 CompilerThread1" daemon [_thread_blocked, id=5160, stack(0x00000000170b0000,0x00000000171b0000)]
  0x000000001561c800 JavaThread "C2 CompilerThread0" daemon [_thread_in_native, id=10776, stack(0x0000000016bb0000,0x0000000016cb0000)]
  0x000000001561b800 JavaThread "Attach Listener" daemon [_thread_blocked, id=12452, stack(0x0000000016ab0000,0x0000000016bb0000)]
  0x00000000155cf000 JavaThread "Signal Dispatcher" daemon [_thread_blocked, id=4616, stack(0x00000000169b0000,0x0000000016ab0000)]
  0x0000000002ece800 JavaThread "Finalizer" daemon [_thread_blocked, id=4612, stack(0x0000000016820000,0x0000000016920000)]
  0x0000000002ec3000 JavaThread "Reference Handler" daemon [_thread_blocked, id=12148, stack(0x0000000016720000,0x0000000016820000)]

Other Threads:
  0x0000000015587800 VMThread [stack: 0x0000000016620000,0x0000000016720000] [id=10736]
  0x0000000016d84000 WatcherThread [stack: 0x00000000173b0000,0x00000000174b0000] [id=7440]

VM state:not at safepoint (normal execution)

VM Mutex/Monitor currently owned by a thread: None

Heap:
 PSYoungGen      total 18944K, used 9436K [0x00000000eab00000, 0x00000000ec000000, 0x0000000100000000)
  eden space 16384K, 57% used [0x00000000eab00000,0x00000000eb4371e0,0x00000000ebb00000)
  from space 2560K, 0% used [0x00000000ebd80000,0x00000000ebd80000,0x00000000ec000000)
  to   space 2560K, 0% used [0x00000000ebb00000,0x00000000ebb00000,0x00000000ebd80000)
 ParOldGen       total 44032K, used 0K [0x00000000c0000000, 0x00000000c2b00000, 0x00000000eab00000)
  object space 44032K, 0% used [0x00000000c0000000,0x00000000c0000000,0x00000000c2b00000)
 Metaspace       used 9754K, capacity 9944K, committed 10240K, reserved 1058816K
  class space    used 1168K, capacity 1222K, committed 1280K, reserved 1048576K

Card table byte_map: [0x0000000012290000,0x00000000124a0000] byte_map_base: 0x0000000011c90000

Marking Bits: (ParMarkBitMap*) 0x000000007418a6c0
 Begin Bits: [0x0000000012a00000, 0x0000000013a00000)
 End Bits:   [0x0000000013a00000, 0x0000000014a00000)

Polling page: 0x0000000000dd0000

CodeCache: size=245760Kb used=2649Kb max_used=2660Kb free=243110Kb
 bounds [0x0000000002ed0000, 0x0000000003170000, 0x0000000011ed0000]
 total_blobs=934 nmethods=562 adapters=287
 compilation: enabled

Compilation events (10 events):
Event: 0.895 Thread 0x0000000016d0c800 nmethod 560 0x000000000315d6d0 code [0x000000000315d820, 0x000000000315d930]
Event: 0.900 Thread 0x0000000016d0c800  561       1       com.sun.org.apache.xerces.internal.utils.XMLSecurityManager$Limit::systemProperty (5 bytes)
Event: 0.900 Thread 0x0000000016d0c800 nmethod 561 0x000000000315d410 code [0x000000000315d560, 0x000000000315d670]
Event: 0.903 Thread 0x0000000016d0c800  563       3       com.sun.org.apache.xerces.internal.impl.XMLEntityScanner::scanData (1108 bytes)
Event: 0.903 Thread 0x0000000016d01000 nmethod 529 0x0000000003165e90 code [0x00000000031660c0, 0x0000000003167040]
Event: 0.903 Thread 0x0000000016d01000  556       4       com.sun.org.apache.xerces.internal.impl.XMLEntityScanner::peekChar (63 bytes)
Event: 0.905 Thread 0x0000000016d01000 nmethod 556 0x000000000315d050 code [0x000000000315d1a0, 0x000000000315d2c8]
Event: 0.906 Thread 0x0000000016d01000  562       4       java.lang.String::startsWith (7 bytes)
Event: 0.907 Thread 0x0000000016d0c800 nmethod 563 0x0000000003162a50 code [0x0000000003162de0, 0x0000000003164be8]
Event: 0.910 Thread 0x0000000016d01000 nmethod 562 0x000000000315cb90 code [0x000000000315cce0, 0x000000000315ce78]

GC Heap History (0 events):
No events

Deoptimization events (7 events):
Event: 0.816 Thread 0x000000001707a000 Uncommon trap: reason=unstable_if action=reinterpret pc=0x00000000031063f0 method=com.sun.org.apache.xerces.internal.impl.XMLEntityScanner.peekChar()I @ 14
Event: 0.829 Thread 0x000000001707a000 Uncommon trap: reason=unstable_if action=reinterpret pc=0x000000000310893c method=com.sun.org.apache.xerces.internal.impl.XMLEntityScanner.scanLiteral(ILcom/sun/org/apache/xerces/internal/xni/XMLString;Z)I @ 515
Event: 0.842 Thread 0x000000001707a000 Uncommon trap: reason=unstable_if action=reinterpret pc=0x00000000031126b4 method=com.sun.org.apache.xerces.internal.impl.XMLEntityScanner.skipChar(ILcom/sun/org/apache/xerces/internal/impl/XMLScanner$NameType;)Z @ 14
Event: 0.852 Thread 0x000000001707a000 Uncommon trap: reason=unstable_if action=reinterpret pc=0x0000000003147098 method=com.sun.org.apache.xerces.internal.impl.XMLEntityScanner.scanContent(Lcom/sun/org/apache/xerces/internal/xni/XMLString;)I @ 526
Event: 0.887 Thread 0x000000001707a000 Uncommon trap: reason=class_check action=maybe_recompile pc=0x0000000003152d84 method=com.sun.org.apache.xerces.internal.impl.XMLDocumentScannerImpl.next()I @ 4
Event: 0.902 Thread 0x000000001707a000 Uncommon trap: reason=class_check action=maybe_recompile pc=0x0000000003152d84 method=com.sun.org.apache.xerces.internal.impl.XMLDocumentScannerImpl.next()I @ 4
Event: 0.903 Thread 0x000000001707a000 Uncommon trap: reason=class_check action=maybe_recompile pc=0x0000000003152d84 method=com.sun.org.apache.xerces.internal.impl.XMLDocumentScannerImpl.next()I @ 4

Internal exceptions (10 events):
Event: 0.058 Thread 0x000000000292d800 Exception <a 'java/lang/NoSuchMethodError': Method sun.misc.Unsafe.defineClass(Ljava/lang/String;[BII)Ljava/lang/Class; name or signature does not match> (0x00000000eab07c78) thrown at [C:\re\workspace\8-2-build-windows-amd64-cygwin\jdk8u111\7883\hotspot\
Event: 0.058 Thread 0x000000000292d800 Exception <a 'java/lang/NoSuchMethodError': Method sun.misc.Unsafe.prefetchRead(Ljava/lang/Object;J)V name or signature does not match> (0x00000000eab07f60) thrown at [C:\re\workspace\8-2-build-windows-amd64-cygwin\jdk8u111\7883\hotspot\src\share\vm\prims
Event: 0.264 Thread 0x000000000292d800 Exception <a 'java/security/PrivilegedActionException'> (0x00000000eabf3798) thrown at [C:\re\workspace\8-2-build-windows-amd64-cygwin\jdk8u111\7883\hotspot\src\share\vm\prims\jvm.cpp, line 1386]
Event: 0.265 Thread 0x000000000292d800 Exception <a 'java/security/PrivilegedActionException'> (0x00000000eabf39a8) thrown at [C:\re\workspace\8-2-build-windows-amd64-cygwin\jdk8u111\7883\hotspot\src\share\vm\prims\jvm.cpp, line 1386]
Event: 0.266 Thread 0x000000000292d800 Exception <a 'java/security/PrivilegedActionException'> (0x00000000eac49770) thrown at [C:\re\workspace\8-2-build-windows-amd64-cygwin\jdk8u111\7883\hotspot\src\share\vm\prims\jvm.cpp, line 1386]
Event: 0.266 Thread 0x000000000292d800 Exception <a 'java/security/PrivilegedActionException'> (0x00000000eac49980) thrown at [C:\re\workspace\8-2-build-windows-amd64-cygwin\jdk8u111\7883\hotspot\src\share\vm\prims\jvm.cpp, line 1386]
Event: 0.277 Thread 0x000000000292d800 Exception <a 'java/io/FileNotFoundException'> (0x00000000eac4c820) thrown at [C:\re\workspace\8-2-build-windows-amd64-cygwin\jdk8u111\7883\hotspot\src\share\vm\prims\jni.cpp, line 709]
Event: 0.339 Thread 0x000000000292d800 Exception <a 'java/lang/NoSuchFieldError': method resolution failed> (0x00000000ead1aaa0) thrown at [C:\re\workspace\8-2-build-windows-amd64-cygwin\jdk8u111\7883\hotspot\src\share\vm\prims\methodHandles.cpp, line 1146]
Event: 0.343 Thread 0x000000000292d800 Exception <a 'java/lang/NoSuchFieldError': method resolution failed> (0x00000000ead27e70) thrown at [C:\re\workspace\8-2-build-windows-amd64-cygwin\jdk8u111\7883\hotspot\src\share\vm\prims\methodHandles.cpp, line 1146]
Event: 0.641 Thread 0x000000001707a000 Exception <a 'java/io/FileNotFoundException'> (0x00000000eb0723a0) thrown at [C:\re\workspace\8-2-build-windows-amd64-cygwin\jdk8u111\7883\hotspot\src\share\vm\prims\jni.cpp, line 709]

Events (10 events):
Event: 0.888 loading class de/javasoft/plaf/synthetica/aluoxide/xml/XMLProvider
Event: 0.888 loading class de/javasoft/plaf/synthetica/aluoxide/xml/XMLProvider done
Event: 0.893 loading class de/javasoft/plaf/synthetica/AddonsXMLProvider
Event: 0.893 loading class de/javasoft/plaf/synthetica/AddonsXMLProvider done
Event: 0.902 Thread 0x000000001707a000 Uncommon trap: trap_request=0xffffffde fr.pc=0x0000000003152d84
Event: 0.902 Thread 0x000000001707a000 DEOPT PACKING pc=0x0000000003152d84 sp=0x0000000017b4d7e0
Event: 0.903 Thread 0x000000001707a000 DEOPT UNPACKING pc=0x0000000002f1556a sp=0x0000000017b4d778 mode 2
Event: 0.903 Thread 0x000000001707a000 Uncommon trap: trap_request=0xffffffde fr.pc=0x0000000003152d84
Event: 0.903 Thread 0x000000001707a000 DEOPT PACKING pc=0x0000000003152d84 sp=0x0000000017b4d7e0
Event: 0.903 Thread 0x000000001707a000 DEOPT UNPACKING pc=0x0000000002f1556a sp=0x0000000017b4d778 mode 2


Dynamic libraries:
0x00007ff66f820000 - 0x00007ff66f857000 	C:\Program Files\Java\jdk1.8.0_111\bin\java.exe
0x00007ffc125e0000 - 0x00007ffc127b1000 	C:\Windows\SYSTEM32\ntdll.dll
0x00007ffc11ce0000 - 0x00007ffc11d8b000 	C:\Windows\System32\KERNEL32.DLL
0x00007ffc0eed0000 - 0x00007ffc0f0ed000 	C:\Windows\System32\KERNELBASE.dll
0x00007ffc0fec0000 - 0x00007ffc0ff62000 	C:\Windows\System32\ADVAPI32.dll
0x00007ffc12270000 - 0x00007ffc1230e000 	C:\Windows\System32\msvcrt.dll
0x00007ffc11c80000 - 0x00007ffc11cd9000 	C:\Windows\System32\sechost.dll
0x00007ffc12310000 - 0x00007ffc12431000 	C:\Windows\System32\RPCRT4.dll
0x00007ffc11700000 - 0x00007ffc11865000 	C:\Windows\System32\USER32.dll
0x00007ffc0f1f0000 - 0x00007ffc0f20e000 	C:\Windows\System32\win32u.dll
0x00007ffc116c0000 - 0x00007ffc116f4000 	C:\Windows\System32\GDI32.dll
0x00007ffc0f940000 - 0x00007ffc0fac2000 	C:\Windows\System32\gdi32full.dll
0x00007ffc08cf0000 - 0x00007ffc08f6a000 	C:\Windows\WinSxS\amd64_microsoft.windows.common-controls_6595b64144ccf1df_6.0.14393.953_none_42151e83c686086b\COMCTL32.dll
0x00007ffc11870000 - 0x00007ffc11b38000 	C:\Windows\System32\combase.dll
0x00007ffc0f0f0000 - 0x00007ffc0f1e5000 	C:\Windows\System32\ucrtbase.dll
0x00007ffc0ed50000 - 0x00007ffc0edba000 	C:\Windows\System32\bcryptPrimitives.dll
0x00007ffc11d90000 - 0x00007ffc11dbe000 	C:\Windows\System32\IMM32.DLL
0x00000000752c0000 - 0x0000000075392000 	C:\Program Files\Java\jdk1.8.0_111\jre\bin\msvcr100.dll
0x0000000073970000 - 0x000000007420a000 	C:\Program Files\Java\jdk1.8.0_111\jre\bin\server\jvm.dll
0x00007ffc0ff70000 - 0x00007ffc0ff78000 	C:\Windows\System32\PSAPI.DLL
0x00007ffc056e0000 - 0x00007ffc056e9000 	C:\Windows\SYSTEM32\WSOCK32.dll
0x00007ffc0fde0000 - 0x00007ffc0fe4a000 	C:\Windows\System32\WS2_32.dll
0x00007ffc0ce90000 - 0x00007ffc0ceb3000 	C:\Windows\SYSTEM32\WINMM.dll
0x00007ffc0a7e0000 - 0x00007ffc0a7ea000 	C:\Windows\SYSTEM32\VERSION.dll
0x0000000002ca0000 - 0x0000000002ccb000 	C:\Windows\SYSTEM32\WINMMBASE.dll
0x00007ffc0f210000 - 0x00007ffc0f252000 	C:\Windows\System32\cfgmgr32.dll
0x00000000753e0000 - 0x00000000753ef000 	C:\Program Files\Java\jdk1.8.0_111\jre\bin\verify.dll
0x0000000075290000 - 0x00000000752b9000 	C:\Program Files\Java\jdk1.8.0_111\jre\bin\java.dll
0x0000000075270000 - 0x0000000075286000 	C:\Program Files\Java\jdk1.8.0_111\jre\bin\zip.dll
0x00007ffc0ff80000 - 0x00007ffc11489000 	C:\Windows\System32\SHELL32.dll
0x00007ffc0f260000 - 0x00007ffc0f93a000 	C:\Windows\System32\windows.storage.dll
0x00007ffc0ea50000 - 0x00007ffc0ea9c000 	C:\Windows\System32\powrprof.dll
0x00007ffc11560000 - 0x00007ffc115b2000 	C:\Windows\System32\shlwapi.dll
0x00007ffc0eaa0000 - 0x00007ffc0eaaf000 	C:\Windows\System32\kernel.appcore.dll
0x00007ffc0ead0000 - 0x00007ffc0eb79000 	C:\Windows\System32\shcore.dll
0x00007ffc0eab0000 - 0x00007ffc0eac4000 	C:\Windows\System32\profapi.dll
0x0000000074e80000 - 0x0000000075018000 	C:\Program Files\Java\jdk1.8.0_111\jre\bin\awt.dll
0x00007ffc114a0000 - 0x00007ffc1155f000 	C:\Windows\System32\OLEAUT32.dll
0x00007ffc0fad0000 - 0x00007ffc0fb6c000 	C:\Windows\System32\msvcp_win.dll
0x00007ffc0cff0000 - 0x00007ffc0d06a000 	C:\Windows\SYSTEM32\apphelp.dll
0x00007ffc0d1c0000 - 0x00007ffc0d255000 	C:\Windows\system32\uxtheme.dll
0x00007ffc0fb70000 - 0x00007ffc0fcca000 	C:\Windows\System32\MSCTF.dll
0x00007ffc0c890000 - 0x00007ffc0c8b6000 	C:\Windows\system32\dwmapi.dll
0x00007ffc11b40000 - 0x00007ffc11c77000 	C:\Windows\System32\ole32.dll
0x00007ffc09890000 - 0x00007ffc09a22000 	C:\Windows\SYSTEM32\dbghelp.dll

VM Arguments:
jvm_args: -Dfile.encoding=x-windows-949 -Duser.country=KR -Duser.language=ko -Duser.variant 
java_command: kr.or.dgit.sw_project.MainApp
java_class_path (initial): D:\workspace_mybatis\sw_project\build\classes\main;D:\workspace_mybatis\sw_project\build\resources\main;D:\workspace_mybatis\sw_project\src\main\resources\kr\or\dgit\sw_project\libraries\DatePanel.jar;D:\workspace_mybatis\sw_project\src\main\resources\kr\or\dgit\sw_project\libraries\erp_myframework.jar;D:\workspace_mybatis\sw_project\src\main\resources\kr\or\dgit\sw_project\lookandfeel\syntheticaAluOxide.jar;D:\workspace_mybatis\sw_project\src\main\resources\kr\or\dgit\sw_project\lookandfeel\synthetica.jar;D:\workspace_mybatis\sw_project\src\main\resources\kr\or\dgit\sw_project\libraries\swingx-1.6.5.jar;D:\workspace_mybatis\sw_project\src\main\resources\kr\or\dgit\sw_project\libraries\syntheticaAddons.jar;D:\workspace_mybatis\sw_project\src\main\resources\kr\or\dgit\sw_project\libraries\syntheticaAluOxideAddon.jar;C:\Users\LSW\.gradle\caches\modules-2\files-2.1\mysql\mysql-connector-java\5.1.41\b0878056f15616989144d6114d36d3942321d0d1\mysql-connector-java-5.1.41.jar;C:\Users\LSW\.gradle\caches\modules-2\files-2.1\org.mybatis\mybatis\3.4.2\2b9a5082fe0bdb3128bab8b4b19b23ca0f3d9b38\mybatis-3.4.2.jar;C:\Users\LSW\.gradle\caches\modules-2\files-2.1\junit\junit\4.12\2973d150c0dc1fefe998f834810d68f278ea58ec\junit-4.12.jar;C:\Users\LSW\.gradle\caches\modules-2\files-2.1\log4j\log4j\1.2.17\5af35056b4d257e4b64b9e8069c0746e8b08629f\log4j-1.2.17.jar;C:\Users\LSW\.gradle\caches\modules-2\files-2.1\org.hamcrest\hamcrest-core\1.3\42a25dc3219429f0e5d060061f71acb49bf010a0\hamcrest-core-1.3.jar
Launcher Type: SUN_STANDARD

Environment Variables:
JAVA_HOME=C:\Program Files\Java\jdk1.8.0_111
PATH=C:/Program Files/Java/jdk1.8.0_111/BIN/../jre/bin/server;C:/Program Files/Java/jdk1.8.0_111/BIN/../jre/bin;C:/Program Files/Java/jdk1.8.0_111/BIN/../jre/lib/amd64;C:\Program Files\Java\jdk1.8.0_111\BIN;C:\ProgramData\Oracle\Java\javapath;C:\Program Files (x86)\NVIDIA Corporation\PhysX\Common;C:\Windows\system32;C:\Windows;C:\Windows\System32\Wbem;C:\Windows\System32\WindowsPowerShell\v1.0\;C:\Program Files\MySQL\MySQL Server 5.6\BIN;C:\Program Files\Git\cmd;D:\gradle-3.4.1\bin;C:\Users\LSW\AppData\Local\Microsoft\WindowsApps;;C:\eclipse_java;
USERNAME=LSW
OS=Windows_NT
PROCESSOR_IDENTIFIER=Intel64 Family 6 Model 23 Stepping 10, GenuineIntel



---------------  S Y S T E M  ---------------

OS: Windows 10.0 , 64 bit Build 14393 (10.0.14393.0)

CPU:total 4 (4 cores per cpu, 1 threads per core) family 6 model 23 stepping 10, cmov, cx8, fxsr, mmx, sse, sse2, sse3, ssse3, sse4.1, tsc

Memory: 4k page, physical 4192488k(710016k free), swap 7993576k(1429948k free)

vm_info: Java HotSpot(TM) 64-Bit Server VM (25.111-b14) for windows-amd64 JRE (1.8.0_111-b14), built on Sep 22 2016 19:24:05 by "java_re" with MS VC++ 10.0 (VS2010)

time: Tue Apr 11 11:56:43 2017
elapsed time: 0 seconds (0d 0h 0m 0s)

