#
# A fatal error has been detected by the Java Runtime Environment:
#
#  EXCEPTION_ACCESS_VIOLATION (0xc0000005) at pc=0xffffffffa43e5120, pid=8260, tid=0x00000000000804c4
#
# JRE version: Java(TM) SE Runtime Environment (8.0_111-b14) (build 1.8.0_111-b14)
# Java VM: Java HotSpot(TM) 64-Bit Server VM (25.111-b14 mixed mode windows-amd64 compressed oops)
# Problematic frame:
# C  0xffffffffa43e5120
#
# Failed to write core dump. Minidumps are not enabled by default on client versions of Windows
#
# If you would like to submit a bug report, please visit:
#   http://bugreport.java.com/bugreport/crash.jsp
#

---------------  T H R E A D  ---------------

Current thread (0x0000000017a3a000):  JavaThread "AWT-EventQueue-0" [_thread_in_Java, id=525508, stack(0x0000000018590000,0x0000000018690000)]

siginfo: ExceptionCode=0xc0000005, ExceptionInformation=0x0000000000000008 0xffffffffa43e5120

Registers:
RAX=0x0000000000000000, RBX=0x00000000eafc7820, RCX=0x0000000000000009, RDX=0x00000000eafc5988
RSP=0x000000001868d4a8, RBP=0x000000001868d910, RSI=0x00000000eafc5988, RDI=0x0000000000000004
R8 =0x00000000eafd6b08, R9 =0x0000000000001926, R10=0x00000001000f2b48, R11=0x00000000eafc7820
R12=0x0000000000000000, R13=0x0000000000000008, R14=0x00000000eafdcf58, R15=0x0000000017a3a000
RIP=0xffffffffa43e5120, EFLAGS=0x0000000000010202

Top of Stack: (sp=0x000000001868d4a8)
0x000000001868d4a8:   00000000035c5cdc 00000000eafd6190
0x000000001868d4b8:   00000000eafd61b0 00000000eafdbe18
0x000000001868d4c8:   0000000000000000 0000000000000000
0x000000001868d4d8:   00000000eafd65a0 0000000100000022
0x000000001868d4e8:   0000000000000022 000000001868d910
0x000000001868d4f8:   00000000eafc7820 00000000eafed170
0x000000001868d508:   00001926eafed0d8 0000000400001926
0x000000001868d518:   0000000015716017 000000001868d910
0x000000001868d528:   00000000035ebcac 00000000eafc7820
0x000000001868d538:   00000000eafba6e0 0000000000000000
0x000000001868d548:   00000000035c42f4 000000001868d910
0x000000001868d558:   00000000035d5ee4 00000000eafc7820
0x000000001868d568:   00000000000018d5 00000000eafc7820
0x000000001868d578:   00000000eafc04b8 00000000eafd53b0
0x000000001868d588:   00000000eafc5988 000018d500000010
0x000000001868d598:   00000000eafd6b08 0000000000000058 

Instructions: (pc=0xffffffffa43e5120)
0xffffffffa43e5100:   
[error occurred during error reporting (printing registers, top of stack, instructions near pc), id 0xc0000005]

Register to memory mapping:

RAX=0x0000000000000000 is an unknown value
RBX=0x00000000eafc7820 is an oop
com.sun.org.apache.xerces.internal.impl.XMLEntityScanner 
 - klass: 'com/sun/org/apache/xerces/internal/impl/XMLEntityScanner'
RCX=0x0000000000000009 is an unknown value
RDX=0x00000000eafc5988 is an oop
com.sun.org.apache.xerces.internal.util.SymbolTable 
 - klass: 'com/sun/org/apache/xerces/internal/util/SymbolTable'
RSP=0x000000001868d4a8 is pointing into the stack for thread: 0x0000000017a3a000
RBP=0x000000001868d910 is pointing into the stack for thread: 0x0000000017a3a000
RSI=0x00000000eafc5988 is an oop
com.sun.org.apache.xerces.internal.util.SymbolTable 
 - klass: 'com/sun/org/apache/xerces/internal/util/SymbolTable'
RDI=0x0000000000000004 is an unknown value
R8 =0x00000000eafd6b08 is an oop
[C 
 - klass: {type array char}
 - length: 8192
R9 =0x0000000000001926 is an unknown value
R10=0x00000001000f2b48 is pointing into metadata
R11=0x00000000eafc7820 is an oop
com.sun.org.apache.xerces.internal.impl.XMLEntityScanner 
 - klass: 'com/sun/org/apache/xerces/internal/impl/XMLEntityScanner'
R12=0x0000000000000000 is an unknown value
R13=0x0000000000000008 is an unknown value
R14=0x00000000eafdcf58 is an oop
[B 
 - klass: {type array byte}
 - length: 65536
R15=0x0000000017a3a000 is a thread


Stack: [0x0000000018590000,0x0000000018690000],  sp=0x000000001868d4a8,  free space=1013k
Native frames: (J=compiled Java code, j=interpreted, Vv=VM code, C=native code)
C  0xffffffffa43e5120


---------------  P R O C E S S  ---------------

Java Threads: ( => current thread )
  0x0000000017aa4800 JavaThread "Thread-2" daemon [_thread_blocked, id=8548, stack(0x00000000186a0000,0x00000000187a0000)]
  0x00000000031dd800 JavaThread "DestroyJavaVM" [_thread_blocked, id=2416, stack(0x00000000031e0000,0x00000000032e0000)]
=>0x0000000017a3a000 JavaThread "AWT-EventQueue-0" [_thread_in_Java, id=525508, stack(0x0000000018590000,0x0000000018690000)]
  0x0000000017a38000 JavaThread "AWT-Windows" daemon [_thread_in_native, id=526360, stack(0x00000000183d0000,0x00000000184d0000)]
  0x0000000017a35000 JavaThread "AWT-Shutdown" [_thread_blocked, id=527248, stack(0x00000000182d0000,0x00000000183d0000)]
  0x00000000174f8000 JavaThread "Java2D Disposer" daemon [_thread_blocked, id=289716, stack(0x00000000181d0000,0x00000000182d0000)]
  0x000000001718c000 JavaThread "Service Thread" daemon [_thread_blocked, id=7580, stack(0x0000000017700000,0x0000000017800000)]
  0x0000000017104000 JavaThread "C1 CompilerThread2" daemon [_thread_blocked, id=158296, stack(0x0000000017600000,0x0000000017700000)]
  0x0000000017100800 JavaThread "C2 CompilerThread1" daemon [_thread_blocked, id=525552, stack(0x0000000017500000,0x0000000017600000)]
  0x0000000015b0c800 JavaThread "C2 CompilerThread0" daemon [_thread_blocked, id=527176, stack(0x0000000017000000,0x0000000017100000)]
  0x0000000015b0b000 JavaThread "Attach Listener" daemon [_thread_blocked, id=526808, stack(0x0000000016f00000,0x0000000017000000)]
  0x0000000015abd000 JavaThread "Signal Dispatcher" daemon [_thread_blocked, id=1184, stack(0x0000000016e00000,0x0000000016f00000)]
  0x0000000015a99000 JavaThread "Finalizer" daemon [_thread_blocked, id=5264, stack(0x0000000016d00000,0x0000000016e00000)]
  0x00000000033d1000 JavaThread "Reference Handler" daemon [_thread_blocked, id=527260, stack(0x0000000016c00000,0x0000000016d00000)]

Other Threads:
  0x0000000015a77800 VMThread [stack: 0x0000000016b00000,0x0000000016c00000] [id=6860]
  0x00000000171c6000 WatcherThread [stack: 0x0000000017800000,0x0000000017900000] [id=525944]

VM state:not at safepoint (normal execution)

VM Mutex/Monitor currently owned by a thread: None

Heap:
 PSYoungGen      total 18944K, used 8577K [0x00000000eab00000, 0x00000000ec000000, 0x0000000100000000)
  eden space 16384K, 52% used [0x00000000eab00000,0x00000000eb360408,0x00000000ebb00000)
  from space 2560K, 0% used [0x00000000ebd80000,0x00000000ebd80000,0x00000000ec000000)
  to   space 2560K, 0% used [0x00000000ebb00000,0x00000000ebb00000,0x00000000ebd80000)
 ParOldGen       total 44032K, used 0K [0x00000000c0000000, 0x00000000c2b00000, 0x00000000eab00000)
  object space 44032K, 0% used [0x00000000c0000000,0x00000000c0000000,0x00000000c2b00000)
 Metaspace       used 9729K, capacity 9876K, committed 9984K, reserved 1058816K
  class space    used 1170K, capacity 1222K, committed 1280K, reserved 1048576K

Card table byte_map: [0x00000000127a0000,0x00000000129b0000] byte_map_base: 0x00000000121a0000

Marking Bits: (ParMarkBitMap*) 0x000000005559a6c0
 Begin Bits: [0x0000000012f10000, 0x0000000013f10000)
 End Bits:   [0x0000000013f10000, 0x0000000014f10000)

Polling page: 0x0000000001120000

CodeCache: size=245760Kb used=2506Kb max_used=2517Kb free=243253Kb
 bounds [0x00000000033e0000, 0x0000000003660000, 0x00000000123e0000]
 total_blobs=921 nmethods=549 adapters=287
 compilation: enabled

Compilation events (10 events):
Event: 0.777 Thread 0x0000000017104000  548       3       java.lang.Integer::parseInt (7 bytes)
Event: 0.777 Thread 0x0000000017104000 nmethod 548 0x000000000364f310 code [0x000000000364f480, 0x000000000364f5e8]
Event: 0.777 Thread 0x0000000017104000  545       3       javax.swing.plaf.synth.SynthParser::register (99 bytes)
Event: 0.778 Thread 0x0000000017104000 nmethod 545 0x000000000364f690 code [0x000000000364f8e0, 0x00000000036507e8]
Event: 0.778 Thread 0x0000000017104000  543   !   3       com.sun.beans.decoder.DocumentHandler::endElement (60 bytes)
Event: 0.779 Thread 0x0000000017104000 nmethod 543 0x0000000003650e10 code [0x0000000003651020, 0x0000000003651b28]
Event: 0.780 Thread 0x0000000017104000  549   !   3       javax.swing.plaf.synth.SynthParser::nextInt (34 bytes)
Event: 0.780 Thread 0x0000000017100800 nmethod 537 0x0000000003655310 code [0x0000000003655460, 0x00000000036558a8]
Event: 0.780 Thread 0x0000000017100800  538       4       com.sun.org.apache.xerces.internal.util.SymbolTable::hash (53 bytes)
Event: 0.781 Thread 0x0000000017104000 nmethod 549 0x0000000003654a10 code [0x0000000003654be0, 0x0000000003655068]

GC Heap History (0 events):
No events

Deoptimization events (3 events):
Event: 0.509 Thread 0x0000000017a3a000 Uncommon trap: reason=unstable_if action=reinterpret pc=0x0000000003580c70 method=java.lang.String.indexOf([CII[CIII)I @ 3
Event: 0.760 Thread 0x0000000017a3a000 Uncommon trap: reason=unstable_if action=reinterpret pc=0x0000000003620270 method=com.sun.org.apache.xerces.internal.impl.XMLEntityScanner.peekChar()I @ 14
Event: 0.774 Thread 0x0000000017a3a000 Uncommon trap: reason=unstable_if action=reinterpret pc=0x0000000003634934 method=com.sun.org.apache.xerces.internal.impl.XMLEntityScanner.skipChar(ILcom/sun/org/apache/xerces/internal/impl/XMLScanner$NameType;)Z @ 14

Internal exceptions (10 events):
Event: 0.069 Thread 0x00000000031dd800 Exception <a 'java/lang/NoSuchMethodError': Method sun.misc.Unsafe.defineClass(Ljava/lang/String;[BII)Ljava/lang/Class; name or signature does not match> (0x00000000eab07c78) thrown at [C:\re\workspace\8-2-build-windows-amd64-cygwin\jdk8u111\7883\hotspot\
Event: 0.070 Thread 0x00000000031dd800 Exception <a 'java/lang/NoSuchMethodError': Method sun.misc.Unsafe.prefetchRead(Ljava/lang/Object;J)V name or signature does not match> (0x00000000eab07f60) thrown at [C:\re\workspace\8-2-build-windows-amd64-cygwin\jdk8u111\7883\hotspot\src\share\vm\prims
Event: 0.247 Thread 0x00000000031dd800 Exception <a 'java/security/PrivilegedActionException'> (0x00000000eac4cec0) thrown at [C:\re\workspace\8-2-build-windows-amd64-cygwin\jdk8u111\7883\hotspot\src\share\vm\prims\jvm.cpp, line 1386]
Event: 0.247 Thread 0x00000000031dd800 Exception <a 'java/security/PrivilegedActionException'> (0x00000000eac4d0d0) thrown at [C:\re\workspace\8-2-build-windows-amd64-cygwin\jdk8u111\7883\hotspot\src\share\vm\prims\jvm.cpp, line 1386]
Event: 0.248 Thread 0x00000000031dd800 Exception <a 'java/security/PrivilegedActionException'> (0x00000000eac50fb8) thrown at [C:\re\workspace\8-2-build-windows-amd64-cygwin\jdk8u111\7883\hotspot\src\share\vm\prims\jvm.cpp, line 1386]
Event: 0.248 Thread 0x00000000031dd800 Exception <a 'java/security/PrivilegedActionException'> (0x00000000eac511c8) thrown at [C:\re\workspace\8-2-build-windows-amd64-cygwin\jdk8u111\7883\hotspot\src\share\vm\prims\jvm.cpp, line 1386]
Event: 0.255 Thread 0x00000000031dd800 Exception <a 'java/io/FileNotFoundException'> (0x00000000eac54068) thrown at [C:\re\workspace\8-2-build-windows-amd64-cygwin\jdk8u111\7883\hotspot\src\share\vm\prims\jni.cpp, line 709]
Event: 0.299 Thread 0x00000000031dd800 Exception <a 'java/lang/NoSuchFieldError': method resolution failed> (0x00000000ead223f8) thrown at [C:\re\workspace\8-2-build-windows-amd64-cygwin\jdk8u111\7883\hotspot\src\share\vm\prims\methodHandles.cpp, line 1146]
Event: 0.302 Thread 0x00000000031dd800 Exception <a 'java/lang/NoSuchFieldError': method resolution failed> (0x00000000ead2f7c8) thrown at [C:\re\workspace\8-2-build-windows-amd64-cygwin\jdk8u111\7883\hotspot\src\share\vm\prims\methodHandles.cpp, line 1146]
Event: 0.548 Thread 0x0000000017a3a000 Exception <a 'java/io/FileNotFoundException'> (0x00000000eb071278) thrown at [C:\re\workspace\8-2-build-windows-amd64-cygwin\jdk8u111\7883\hotspot\src\share\vm\prims\jni.cpp, line 709]

Events (10 events):
Event: 0.760 Thread 0x0000000017a3a000 Uncommon trap: trap_request=0xffffff65 fr.pc=0x0000000003620270
Event: 0.760 Thread 0x0000000017a3a000 DEOPT PACKING pc=0x0000000003620270 sp=0x000000001868d700
Event: 0.760 Thread 0x0000000017a3a000 DEOPT UNPACKING pc=0x000000000342556a sp=0x000000001868d690 mode 2
Event: 0.770 loading class java/awt/Point
Event: 0.770 loading class java/awt/geom/Point2D
Event: 0.771 loading class java/awt/geom/Point2D done
Event: 0.771 loading class java/awt/Point done
Event: 0.774 Thread 0x0000000017a3a000 Uncommon trap: trap_request=0xffffff65 fr.pc=0x0000000003634934
Event: 0.774 Thread 0x0000000017a3a000 DEOPT PACKING pc=0x0000000003634934 sp=0x000000001868d6f0
Event: 0.774 Thread 0x0000000017a3a000 DEOPT UNPACKING pc=0x000000000342556a sp=0x000000001868d678 mode 2


Dynamic libraries:
0x00007ff64a9e0000 - 0x00007ff64aa17000 	C:\Program Files\Java\jdk1.8.0_111\bin\java.exe
0x00007ff806f30000 - 0x00007ff807101000 	C:\Windows\SYSTEM32\ntdll.dll
0x00007ff8048d0000 - 0x00007ff80497b000 	C:\Windows\System32\KERNEL32.DLL
0x00007ff803420000 - 0x00007ff80363d000 	C:\Windows\System32\KERNELBASE.dll
0x00007ff806690000 - 0x00007ff806732000 	C:\Windows\System32\ADVAPI32.dll
0x00007ff806740000 - 0x00007ff8067de000 	C:\Windows\System32\msvcrt.dll
0x00007ff8067e0000 - 0x00007ff806839000 	C:\Windows\System32\sechost.dll
0x00007ff8047a0000 - 0x00007ff8048c1000 	C:\Windows\System32\RPCRT4.dll
0x00007ff804530000 - 0x00007ff804695000 	C:\Windows\System32\USER32.dll
0x00007ff804260000 - 0x00007ff80427e000 	C:\Windows\System32\win32u.dll
0x00007ff804980000 - 0x00007ff8049b4000 	C:\Windows\System32\GDI32.dll
0x00007ff804330000 - 0x00007ff8044b2000 	C:\Windows\System32\gdi32full.dll
0x00007ffffcbf0000 - 0x00007ffffce6a000 	C:\Windows\WinSxS\amd64_microsoft.windows.common-controls_6595b64144ccf1df_6.0.14393.953_none_42151e83c686086b\COMCTL32.dll
0x00007ff804a90000 - 0x00007ff804d58000 	C:\Windows\System32\combase.dll
0x00007ff8036f0000 - 0x00007ff8037e5000 	C:\Windows\System32\ucrtbase.dll
0x00007ff8041a0000 - 0x00007ff80420a000 	C:\Windows\System32\bcryptPrimitives.dll
0x00007ff804d90000 - 0x00007ff804dbe000 	C:\Windows\System32\IMM32.DLL
0x00000000558d0000 - 0x00000000559a2000 	C:\Program Files\Java\jdk1.8.0_111\jre\bin\msvcr100.dll
0x0000000054d80000 - 0x000000005561a000 	C:\Program Files\Java\jdk1.8.0_111\jre\bin\server\jvm.dll
0x00007ff806840000 - 0x00007ff806848000 	C:\Windows\System32\PSAPI.DLL
0x00007ff801810000 - 0x00007ff801833000 	C:\Windows\SYSTEM32\WINMM.dll
0x00007ff800040000 - 0x00007ff80004a000 	C:\Windows\SYSTEM32\VERSION.dll
0x00007ffff9050000 - 0x00007ffff9059000 	C:\Windows\SYSTEM32\WSOCK32.dll
0x00007ff8016a0000 - 0x00007ff8016cb000 	C:\Windows\SYSTEM32\winmmbase.dll
0x00007ff8044c0000 - 0x00007ff80452a000 	C:\Windows\System32\WS2_32.dll
0x00007ff804210000 - 0x00007ff804252000 	C:\Windows\System32\cfgmgr32.dll
0x0000000054d70000 - 0x0000000054d7f000 	C:\Program Files\Java\jdk1.8.0_111\jre\bin\verify.dll
0x0000000054d40000 - 0x0000000054d69000 	C:\Program Files\Java\jdk1.8.0_111\jre\bin\java.dll
0x0000000054d20000 - 0x0000000054d36000 	C:\Program Files\Java\jdk1.8.0_111\jre\bin\zip.dll
0x00007ff804e20000 - 0x00007ff806329000 	C:\Windows\System32\SHELL32.dll
0x00007ff8038f0000 - 0x00007ff803fca000 	C:\Windows\System32\windows.storage.dll
0x00007ff8033a0000 - 0x00007ff8033ec000 	C:\Windows\System32\powrprof.dll
0x00007ff804a30000 - 0x00007ff804a82000 	C:\Windows\System32\shlwapi.dll
0x00007ff803390000 - 0x00007ff80339f000 	C:\Windows\System32\kernel.appcore.dll
0x00007ff803640000 - 0x00007ff8036e9000 	C:\Windows\System32\shcore.dll
0x00007ff8033f0000 - 0x00007ff803404000 	C:\Windows\System32\profapi.dll
0x0000000054b20000 - 0x0000000054cb8000 	C:\Program Files\Java\jdk1.8.0_111\jre\bin\awt.dll
0x00007ff8065d0000 - 0x00007ff80668f000 	C:\Windows\System32\OLEAUT32.dll
0x00007ff803850000 - 0x00007ff8038ec000 	C:\Windows\System32\msvcp_win.dll
0x00007ff801940000 - 0x00007ff8019ba000 	C:\Windows\SYSTEM32\apphelp.dll
0x00007ff801b10000 - 0x00007ff801ba5000 	C:\Windows\system32\uxtheme.dll
0x00007ff806470000 - 0x00007ff8065ca000 	C:\Windows\System32\MSCTF.dll
0x00007ff8011e0000 - 0x00007ff801206000 	C:\Windows\system32\dwmapi.dll
0x00007ff806330000 - 0x00007ff806467000 	C:\Windows\System32\ole32.dll
0x00007ffff5f70000 - 0x00007ffff6102000 	C:\Windows\SYSTEM32\dbghelp.dll

VM Arguments:
jvm_args: -Dfile.encoding=x-windows-949 -Duser.country=KR -Duser.language=ko -Duser.variant 
java_command: kr.or.dgit.sw_project.MainApp
java_class_path (initial): C:\Users\LYJ\git\Swproject\build\classes\main;C:\Users\LYJ\git\Swproject\build\resources\main;C:\Users\LYJ\git\Swproject\src\main\resources\kr\or\dgit\sw_project\libraries\jxl.jar;C:\Users\LYJ\git\Swproject\src\main\resources\kr\or\dgit\sw_project\libraries\DatePanel.jar;C:\Users\LYJ\git\Swproject\src\main\resources\kr\or\dgit\sw_project\libraries\erp_myframework.jar;C:\Users\LYJ\git\Swproject\src\main\resources\kr\or\dgit\sw_project\lookandfeel\syntheticaAluOxide.jar;C:\Users\LYJ\git\Swproject\src\main\resources\kr\or\dgit\sw_project\lookandfeel\synthetica.jar;C:\Users\LYJ\git\Swproject\src\main\resources\kr\or\dgit\sw_project\libraries\swingx-1.6.5.jar;C:\Users\LYJ\git\Swproject\src\main\resources\kr\or\dgit\sw_project\libraries\syntheticaAddons.jar;C:\Users\LYJ\git\Swproject\src\main\resources\kr\or\dgit\sw_project\libraries\syntheticaAluOxideAddon.jar;C:\Users\LYJ\git\Swproject\src\main\resources\kr\or\dgit\sw_project\libraries\jfxrt.jar;C:\Users\LYJ\.gradle\caches\modules-2\files-2.1\mysql\mysql-connector-java\5.1.41\b0878056f15616989144d6114d36d3942321d0d1\mysql-connector-java-5.1.41.jar;C:\Users\LYJ\.gradle\caches\modules-2\files-2.1\org.mybatis\mybatis\3.4.2\2b9a5082fe0bdb3128bab8b4b19b23ca0f3d9b38\mybatis-3.4.2.jar;C:\Users\LYJ\.gradle\caches\modules-2\files-2.1\junit\junit\4.12\2973d150c0dc1fefe998f834810d68f278ea58ec\junit-4.12.jar;C:\Users\LYJ\.gradle\caches\modules-2\files-2.1\log4j\log4j\1.2.17\5af35056b4d257e4b64b9e8069c0746e8b08629f\log4j-1.2.17.jar;C:\Users\LYJ\.gradle\caches\modules-2\files-2.1\org.hamcrest\hamcrest-core\1.3\42a25dc3219429f0e5d060061f71acb49bf010a0\hamcrest-core-1.3.jar
Launcher Type: SUN_STANDARD

Environment Variables:
JAVA_HOME=C:\Program Files\Java\jdk1.8.0_111\
PATH=C:/Program Files/Java/jre1.8.0_111/bin/server;C:/Program Files/Java/jre1.8.0_111/bin;C:/Program Files/Java/jre1.8.0_111/lib/amd64;C:\ProgramData\Oracle\Java\javapath;C:\Program Files (x86)\NVIDIA Corporation\PhysX\Common;C:\Windows\system32;C:\Windows;C:\Windows\System32\Wbem;C:\Windows\System32\WindowsPowerShell\v1.0\;C:\Program Files\Git\cmd;D:\gradle-3.4.1\bin;C:\Program Files\Java\jdk1.8.0_111\\bin;C:\Program Files\Java\jdk1.8.0_111\\bin;C:\Users\LYJ\AppData\Local\Microsoft\WindowsApps;C:\Program Files\Bandizip\7z;C:\Program Files\MySQL\MySQL Server 5.6\\bin;D:\eclipse;
USERNAME=LYJ
OS=Windows_NT
PROCESSOR_IDENTIFIER=Intel64 Family 6 Model 23 Stepping 10, GenuineIntel



---------------  S Y S T E M  ---------------

OS: Windows 10.0 , 64 bit Build 14393 (10.0.14393.0)

CPU:total 4 (4 cores per cpu, 1 threads per core) family 6 model 23 stepping 10, cmov, cx8, fxsr, mmx, sse, sse2, sse3, ssse3, sse4.1, tsc

Memory: 4k page, physical 4192492k(733948k free), swap 7627988k(1314160k free)

vm_info: Java HotSpot(TM) 64-Bit Server VM (25.111-b14) for windows-amd64 JRE (1.8.0_111-b14), built on Sep 22 2016 19:24:05 by "java_re" with MS VC++ 10.0 (VS2010)

time: Wed Apr 12 19:02:14 2017
elapsed time: 0 seconds (0d 0h 0m 0s)

