#
# A fatal error has been detected by the Java Runtime Environment:
#
#  EXCEPTION_ACCESS_VIOLATION (0xc0000005) at pc=0xffffffffa43a5120, pid=12164, tid=0x00000000000026c4
#
# JRE version: Java(TM) SE Runtime Environment (8.0_111-b14) (build 1.8.0_111-b14)
# Java VM: Java HotSpot(TM) 64-Bit Server VM (25.111-b14 mixed mode windows-amd64 compressed oops)
# Problematic frame:
# C  0xffffffffa43a5120
#
# Failed to write core dump. Minidumps are not enabled by default on client versions of Windows
#
# If you would like to submit a bug report, please visit:
#   http://bugreport.java.com/bugreport/crash.jsp
#

---------------  T H R E A D  ---------------

Current thread (0x00000000174ef800):  JavaThread "AWT-EventQueue-0" [_thread_in_Java, id=9924, stack(0x0000000018590000,0x0000000018690000)]

siginfo: ExceptionCode=0xc0000005, ExceptionInformation=0x0000000000000008 0xffffffffa43a5120

Registers:
RAX=0x0000000000000001, RBX=0x000000001513f460, RCX=0x00000000eac36ac8, RDX=0x00000000eac36ac8
RSP=0x000000001868bce8, RBP=0x000000001868bda0, RSI=0x00000000eac36ac8, RDI=0x000000001e06e7a0
R8 =0x0000000000000000, R9 =0x00000000eaca9268, R10=0x000000007416c0c0, R11=0x00000000039d80e0
R12=0x0000000000000000, R13=0x000000001868bd50, R14=0x000000001868bde8, R15=0x00000000174ef800
RIP=0xffffffffa43a5120, EFLAGS=0x0000000000010202

Top of Stack: (sp=0x000000001868bce8)
0x000000001868bce8:   00000000039d821c 00000000eaca9250
0x000000001868bcf8:   00000000eac36ab0 000000001e06c1d8
0x000000001868bd08:   0000000019c34ec0 0000000000000001
0x000000001868bd18:   00000000eac36ac8 0000000000000001
0x000000001868bd28:   00000000eac36ac8 000000001868bda0
0x000000001868bd38:   00000000033a809d 000000001868bda0
0x000000001868bd48:   00000000033a809d 0000000000000000
0x000000001868bd58:   00000000eac36ac8 000000001868bd60
0x000000001868bd68:   000000001e06bf08 000000001868bde8
0x000000001868bd78:   000000001e06c1d8 000000001e070558
0x000000001868bd88:   000000001e06bfb8 000000001868bd50
0x000000001868bd98:   000000001868bde0 000000001868be30
0x000000001868bda8:   00000000033a809d 0000000000000008
0x000000001868bdb8:   0000000000000003 0000000000001ac2
0x000000001868bdc8:   000000000000d613 00000000ffffffff
0x000000001868bdd8:   0000000000000001 00000000eaca9298 

Instructions: (pc=0xffffffffa43a5120)
0xffffffffa43a5100:   
[error occurred during error reporting (printing registers, top of stack, instructions near pc), id 0xc0000005]

Register to memory mapping:

RAX=0x0000000000000001 is an unknown value
RBX={method} {0x000000001513f468} 'setLength' '(I)V' in 'java/lang/StringBuffer'
RCX=0x00000000eac36ac8 is an oop
java.lang.StringBuffer 
 - klass: 'java/lang/StringBuffer'
RDX=0x00000000eac36ac8 is an oop
java.lang.StringBuffer 
 - klass: 'java/lang/StringBuffer'
RSP=0x000000001868bce8 is pointing into the stack for thread: 0x00000000174ef800
RBP=0x000000001868bda0 is pointing into the stack for thread: 0x00000000174ef800
RSI=0x00000000eac36ac8 is an oop
java.lang.StringBuffer 
 - klass: 'java/lang/StringBuffer'
RDI=0x000000001e06e7a0 is pointing into metadata
R8 =0x0000000000000000 is an unknown value
R9 =0x00000000eaca9268 is an oop
[C 
 - klass: {type array char}
 - length: 1
R10=0x000000007416c0c0 is an unknown value
R11=0x00000000039d80e0 is at entry_point+32 in (nmethod*)0x00000000039d7f50
R12=0x0000000000000000 is an unknown value
R13=0x000000001868bd50 is pointing into the stack for thread: 0x00000000174ef800
R14=0x000000001868bde8 is pointing into the stack for thread: 0x00000000174ef800
R15=0x00000000174ef800 is a thread


Stack: [0x0000000018590000,0x0000000018690000],  sp=0x000000001868bce8,  free space=1007k
Native frames: (J=compiled Java code, j=interpreted, Vv=VM code, C=native code)
C  0xffffffffa43a5120


---------------  P R O C E S S  ---------------

Java Threads: ( => current thread )
  0x000000001c292000 JavaThread "SyntheticaAnimation 60" daemon [_thread_blocked, id=3664, stack(0x000000001dd30000,0x000000001de30000)]
  0x00000000180a0000 JavaThread "SyntheticaAnimation 50" daemon [_thread_blocked, id=13056, stack(0x000000001d180000,0x000000001d280000)]
  0x000000001c093800 JavaThread "D3D Screen Updater" daemon [_thread_blocked, id=6544, stack(0x000000001d070000,0x000000001d170000)]
  0x000000001807f800 JavaThread "TimerQueue" daemon [_thread_blocked, id=11804, stack(0x000000001c6a0000,0x000000001c7a0000)]
  0x00000000181bf800 JavaThread "Image Fetcher 0" daemon [_thread_blocked, id=4120, stack(0x000000001b3d0000,0x000000001b4d0000)]
  0x0000000017fd2800 JavaThread "SyntheticaCleanerThread" daemon [_thread_blocked, id=11720, stack(0x0000000019970000,0x0000000019a70000)]
  0x0000000017a7c000 JavaThread "Thread-2" daemon [_thread_blocked, id=11216, stack(0x0000000018690000,0x0000000018790000)]
  0x000000000329d800 JavaThread "DestroyJavaVM" [_thread_blocked, id=10208, stack(0x00000000030f0000,0x00000000031f0000)]
=>0x00000000174ef800 JavaThread "AWT-EventQueue-0" [_thread_in_Java, id=9924, stack(0x0000000018590000,0x0000000018690000)]
  0x00000000174ed800 JavaThread "AWT-Windows" daemon [_thread_in_native, id=11728, stack(0x00000000183d0000,0x00000000184d0000)]
  0x00000000174eb000 JavaThread "AWT-Shutdown" [_thread_blocked, id=2944, stack(0x00000000182d0000,0x00000000183d0000)]
  0x00000000174df000 JavaThread "Java2D Disposer" daemon [_thread_blocked, id=3092, stack(0x00000000181d0000,0x00000000182d0000)]
  0x0000000017198800 JavaThread "Service Thread" daemon [_thread_blocked, id=1020, stack(0x0000000017700000,0x0000000017800000)]
  0x0000000017103800 JavaThread "C1 CompilerThread2" daemon [_thread_blocked, id=4608, stack(0x0000000017600000,0x0000000017700000)]
  0x0000000017100800 JavaThread "C2 CompilerThread1" daemon [_thread_blocked, id=3236, stack(0x0000000017500000,0x0000000017600000)]
  0x0000000015acc800 JavaThread "C2 CompilerThread0" daemon [_thread_blocked, id=11308, stack(0x0000000017000000,0x0000000017100000)]
  0x0000000015acb800 JavaThread "Attach Listener" daemon [_thread_blocked, id=12152, stack(0x0000000016f00000,0x0000000017000000)]
  0x0000000015a7f000 JavaThread "Signal Dispatcher" daemon [_thread_blocked, id=4336, stack(0x0000000016e00000,0x0000000016f00000)]
  0x000000000339e800 JavaThread "Finalizer" daemon [_thread_blocked, id=3100, stack(0x0000000016d00000,0x0000000016e00000)]
  0x0000000003393000 JavaThread "Reference Handler" daemon [_thread_blocked, id=3800, stack(0x0000000016c00000,0x0000000016d00000)]

Other Threads:
  0x0000000015a37800 VMThread [stack: 0x0000000016b00000,0x0000000016c00000] [id=11292]
  0x00000000171d4000 WatcherThread [stack: 0x0000000017800000,0x0000000017900000] [id=4964]

VM state:not at safepoint (normal execution)

VM Mutex/Monitor currently owned by a thread: None

Heap:
 PSYoungGen      total 18944K, used 1963K [0x00000000eab00000, 0x00000000ed000000, 0x0000000100000000)
  eden space 16384K, 11% used [0x00000000eab00000,0x00000000eaceada0,0x00000000ebb00000)
  from space 2560K, 0% used [0x00000000ebb00000,0x00000000ebb00000,0x00000000ebd80000)
  to   space 2560K, 0% used [0x00000000ecd80000,0x00000000ecd80000,0x00000000ed000000)
 ParOldGen       total 33280K, used 6477K [0x00000000c0000000, 0x00000000c2080000, 0x00000000eab00000)
  object space 33280K, 19% used [0x00000000c0000000,0x00000000c06536d8,0x00000000c2080000)
 Metaspace       used 21215K, capacity 21490K, committed 21888K, reserved 1069056K
  class space    used 2775K, capacity 2846K, committed 2944K, reserved 1048576K

Card table byte_map: [0x0000000012760000,0x0000000012970000] byte_map_base: 0x0000000012160000

Marking Bits: (ParMarkBitMap*) 0x000000007418a6c0
 Begin Bits: [0x0000000012ed0000, 0x0000000013ed0000)
 End Bits:   [0x0000000013ed0000, 0x0000000014ed0000)

Polling page: 0x0000000002ce0000

CodeCache: size=245760Kb used=6446Kb max_used=6446Kb free=239313Kb
 bounds [0x00000000033a0000, 0x0000000003a00000, 0x00000000123a0000]
 total_blobs=2404 nmethods=1824 adapters=494
 compilation: enabled

Compilation events (10 events):
Event: 3.945 Thread 0x0000000017100800 1821       4       java.text.PatternEntry::equals (25 bytes)
Event: 3.945 Thread 0x0000000015acc800 nmethod 1811 0x00000000039d3090 code [0x00000000039d31e0, 0x00000000039d3498]
Event: 3.946 Thread 0x0000000015acc800 1822       4       java.util.ArrayList::lastIndexOf (69 bytes)
Event: 3.946 Thread 0x0000000017100800 nmethod 1821 0x00000000039d8850 code [0x00000000039d89a0, 0x00000000039d8ad8]
Event: 3.948 Thread 0x0000000015acc800 nmethod 1822 0x00000000039da090 code [0x00000000039da1e0, 0x00000000039da3b8]
Event: 3.949 Thread 0x0000000017100800 1823       4       java.lang.AbstractStringBuilder::setLength (45 bytes)
Event: 3.949 Thread 0x0000000015acc800 1824  s    4       java.lang.StringBuffer::setLength (11 bytes)
Event: 3.950 Thread 0x0000000017103800 nmethod 1817 0x00000000039dd310 code [0x00000000039dda80, 0x00000000039e47e8]
Event: 3.950 Thread 0x0000000017103800 1820       3       java.text.MergeCollation::findLastEntry (247 bytes)
Event: 3.953 Thread 0x0000000017100800 nmethod 1823 0x00000000039d99d0 code [0x00000000039d9b20, 0x00000000039d9e58]

GC Heap History (8 events):
Event: 1.546 GC heap before
{Heap before GC invocations=1 (full 0):
 PSYoungGen      total 18944K, used 16384K [0x00000000eab00000, 0x00000000ec000000, 0x0000000100000000)
  eden space 16384K, 100% used [0x00000000eab00000,0x00000000ebb00000,0x00000000ebb00000)
  from space 2560K, 0% used [0x00000000ebd80000,0x00000000ebd80000,0x00000000ec000000)
  to   space 2560K, 0% used [0x00000000ebb00000,0x00000000ebb00000,0x00000000ebd80000)
 ParOldGen       total 44032K, used 0K [0x00000000c0000000, 0x00000000c2b00000, 0x00000000eab00000)
  object space 44032K, 0% used [0x00000000c0000000,0x00000000c0000000,0x00000000c2b00000)
 Metaspace       used 15050K, capacity 15254K, committed 15488K, reserved 1062912K
  class space    used 1981K, capacity 2073K, committed 2176K, reserved 1048576K
Event: 1.564 GC heap after
Heap after GC invocations=1 (full 0):
 PSYoungGen      total 18944K, used 2537K [0x00000000eab00000, 0x00000000ed000000, 0x0000000100000000)
  eden space 16384K, 0% used [0x00000000eab00000,0x00000000eab00000,0x00000000ebb00000)
  from space 2560K, 99% used [0x00000000ebb00000,0x00000000ebd7a630,0x00000000ebd80000)
  to   space 2560K, 0% used [0x00000000ecd80000,0x00000000ecd80000,0x00000000ed000000)
 ParOldGen       total 44032K, used 1486K [0x00000000c0000000, 0x00000000c2b00000, 0x00000000eab00000)
  object space 44032K, 3% used [0x00000000c0000000,0x00000000c0173b10,0x00000000c2b00000)
 Metaspace       used 15050K, capacity 15254K, committed 15488K, reserved 1062912K
  class space    used 1981K, capacity 2073K, committed 2176K, reserved 1048576K
}
Event: 3.678 GC heap before
{Heap before GC invocations=2 (full 0):
 PSYoungGen      total 18944K, used 18921K [0x00000000eab00000, 0x00000000ed000000, 0x0000000100000000)
  eden space 16384K, 100% used [0x00000000eab00000,0x00000000ebb00000,0x00000000ebb00000)
  from space 2560K, 99% used [0x00000000ebb00000,0x00000000ebd7a630,0x00000000ebd80000)
  to   space 2560K, 0% used [0x00000000ecd80000,0x00000000ecd80000,0x00000000ed000000)
 ParOldGen       total 44032K, used 1486K [0x00000000c0000000, 0x00000000c2b00000, 0x00000000eab00000)
  object space 44032K, 3% used [0x00000000c0000000,0x00000000c0173b10,0x00000000c2b00000)
 Metaspace       used 19125K, capacity 19372K, committed 19584K, reserved 1067008K
  class space    used 2488K, capacity 2588K, committed 2688K, reserved 1048576K
Event: 3.692 GC heap after
Heap after GC invocations=2 (full 0):
 PSYoungGen      total 18944K, used 2541K [0x00000000eab00000, 0x00000000ed000000, 0x0000000100000000)
  eden space 16384K, 0% used [0x00000000eab00000,0x00000000eab00000,0x00000000ebb00000)
  from space 2560K, 99% used [0x00000000ecd80000,0x00000000ecffb6c0,0x00000000ed000000)
  to   space 2560K, 0% used [0x00000000ebb00000,0x00000000ebb00000,0x00000000ebd80000)
 ParOldGen       total 44032K, used 5372K [0x00000000c0000000, 0x00000000c2b00000, 0x00000000eab00000)
  object space 44032K, 12% used [0x00000000c0000000,0x00000000c053f080,0x00000000c2b00000)
 Metaspace       used 19125K, capacity 19372K, committed 19584K, reserved 1067008K
  class space    used 2488K, capacity 2588K, committed 2688K, reserved 1048576K
}
Event: 3.847 GC heap before
{Heap before GC invocations=3 (full 0):
 PSYoungGen      total 18944K, used 8422K [0x00000000eab00000, 0x00000000ed000000, 0x0000000100000000)
  eden space 16384K, 35% used [0x00000000eab00000,0x00000000eb0be4f8,0x00000000ebb00000)
  from space 2560K, 99% used [0x00000000ecd80000,0x00000000ecffb6c0,0x00000000ed000000)
  to   space 2560K, 0% used [0x00000000ebb00000,0x00000000ebb00000,0x00000000ebd80000)
 ParOldGen       total 44032K, used 5372K [0x00000000c0000000, 0x00000000c2b00000, 0x00000000eab00000)
  object space 44032K, 12% used [0x00000000c0000000,0x00000000c053f080,0x00000000c2b00000)
 Metaspace       used 20939K, capacity 21132K, committed 21248K, reserved 1067008K
  class space    used 2741K, capacity 2812K, committed 2816K, reserved 1048576K
Event: 3.857 GC heap after
Heap after GC invocations=3 (full 0):
 PSYoungGen      total 18944K, used 2361K [0x00000000eab00000, 0x00000000ed000000, 0x0000000100000000)
  eden space 16384K, 0% used [0x00000000eab00000,0x00000000eab00000,0x00000000ebb00000)
  from space 2560K, 92% used [0x00000000ebb00000,0x00000000ebd4e4f8,0x00000000ebd80000)
  to   space 2560K, 0% used [0x00000000ecd80000,0x00000000ecd80000,0x00000000ed000000)
 ParOldGen       total 44032K, used 8512K [0x00000000c0000000, 0x00000000c2b00000, 0x00000000eab00000)
  object space 44032K, 19% used [0x00000000c0000000,0x00000000c0850260,0x00000000c2b00000)
 Metaspace       used 20939K, capacity 21132K, committed 21248K, reserved 1067008K
  class space    used 2741K, capacity 2812K, committed 2816K, reserved 1048576K
}
Event: 3.857 GC heap before
{Heap before GC invocations=4 (full 1):
 PSYoungGen      total 18944K, used 2361K [0x00000000eab00000, 0x00000000ed000000, 0x0000000100000000)
  eden space 16384K, 0% used [0x00000000eab00000,0x00000000eab00000,0x00000000ebb00000)
  from space 2560K, 92% used [0x00000000ebb00000,0x00000000ebd4e4f8,0x00000000ebd80000)
  to   space 2560K, 0% used [0x00000000ecd80000,0x00000000ecd80000,0x00000000ed000000)
 ParOldGen       total 44032K, used 8512K [0x00000000c0000000, 0x00000000c2b00000, 0x00000000eab00000)
  object space 44032K, 19% used [0x00000000c0000000,0x00000000c0850260,0x00000000c2b00000)
 Metaspace       used 20939K, capacity 21132K, committed 21248K, reserved 1067008K
  class space    used 2741K, capacity 2812K, committed 2816K, reserved 1048576K
Event: 3.904 GC heap after
Heap after GC invocations=4 (full 1):
 PSYoungGen      total 18944K, used 0K [0x00000000eab00000, 0x00000000ed000000, 0x0000000100000000)
  eden space 16384K, 0% used [0x00000000eab00000,0x00000000eab00000,0x00000000ebb00000)
  from space 2560K, 0% used [0x00000000ebb00000,0x00000000ebb00000,0x00000000ebd80000)
  to   space 2560K, 0% used [0x00000000ecd80000,0x00000000ecd80000,0x00000000ed000000)
 ParOldGen       total 33280K, used 6477K [0x00000000c0000000, 0x00000000c2080000, 0x00000000eab00000)
  object space 33280K, 19% used [0x00000000c0000000,0x00000000c06536d8,0x00000000c2080000)
 Metaspace       used 20939K, capacity 21132K, committed 21248K, reserved 1067008K
  class space    used 2741K, capacity 2812K, committed 2816K, reserved 1048576K
}

Deoptimization events (10 events):
Event: 3.577 Thread 0x00000000174ef800 Uncommon trap: reason=unstable_if action=reinterpret pc=0x00000000035f3fb0 method=com.sun.org.apache.xerces.internal.impl.XMLEntityScanner.scanChar(Lcom/sun/org/apache/xerces/internal/impl/XMLScanner$NameType;)I @ 212
Event: 3.583 Thread 0x00000000174ef800 Uncommon trap: reason=unstable_if action=reinterpret pc=0x000000000364ce7c method=com.sun.org.apache.xerces.internal.impl.io.UTF8Reader.read([CII)I @ 131
Event: 3.589 Thread 0x00000000174ef800 Uncommon trap: reason=unstable_if action=reinterpret pc=0x000000000360472c method=com.sun.org.apache.xerces.internal.utils.XMLLimitAnalyzer.addValue(ILjava/lang/String;I)V @ 7
Event: 3.589 Thread 0x00000000174ef800 Uncommon trap: reason=unstable_if action=reinterpret pc=0x00000000035cc6e0 method=com.sun.org.apache.xerces.internal.utils.XMLSecurityManager.isOverLimit(ILcom/sun/org/apache/xerces/internal/utils/XMLLimitAnalyzer;)Z @ 28
Event: 3.591 Thread 0x00000000174ef800 Uncommon trap: reason=unstable_if action=reinterpret pc=0x000000000362098c method=com.sun.org.apache.xerces.internal.util.SymbolTable.addSymbol([CII)Ljava/lang/String; @ 64
Event: 3.594 Thread 0x00000000174ef800 Uncommon trap: reason=unstable_if action=reinterpret pc=0x0000000003601290 method=com.sun.org.apache.xerces.internal.util.SymbolTable.addSymbol([CII)Ljava/lang/String; @ 64
Event: 3.933 Thread 0x00000000174ef800 Uncommon trap: reason=class_check action=maybe_recompile pc=0x00000000039cf02c method=java.io.DataInputStream.readChar()C @ 4
Event: 3.933 Thread 0x00000000174ef800 Uncommon trap: reason=class_check action=maybe_recompile pc=0x00000000039cf02c method=java.io.DataInputStream.readChar()C @ 4
Event: 3.933 Thread 0x00000000174ef800 Uncommon trap: reason=class_check action=maybe_recompile pc=0x00000000039cf02c method=java.io.DataInputStream.readChar()C @ 4
Event: 3.933 Thread 0x00000000174ef800 Uncommon trap: reason=class_check action=maybe_recompile pc=0x00000000039cf02c method=java.io.DataInputStream.readChar()C @ 4

Internal exceptions (10 events):
Event: 3.830 Thread 0x00000000174ef800 Exception <a 'java/lang/ArrayIndexOutOfBoundsException'> (0x00000000eafb3768) thrown at [C:\re\workspace\8-2-build-windows-amd64-cygwin\jdk8u111\7883\hotspot\src\share\vm\runtime\sharedRuntime.cpp, line 605]
Event: 3.830 Thread 0x00000000174ef800 Exception <a 'java/lang/ArrayIndexOutOfBoundsException'> (0x00000000eafb4b40) thrown at [C:\re\workspace\8-2-build-windows-amd64-cygwin\jdk8u111\7883\hotspot\src\share\vm\runtime\sharedRuntime.cpp, line 605]
Event: 3.831 Thread 0x00000000174ef800 Exception <a 'java/lang/ArrayIndexOutOfBoundsException'> (0x00000000eafbc400) thrown at [C:\re\workspace\8-2-build-windows-amd64-cygwin\jdk8u111\7883\hotspot\src\share\vm\runtime\sharedRuntime.cpp, line 605]
Event: 3.831 Thread 0x00000000174ef800 Exception <a 'java/lang/ArrayIndexOutOfBoundsException'> (0x00000000eafbd890) thrown at [C:\re\workspace\8-2-build-windows-amd64-cygwin\jdk8u111\7883\hotspot\src\share\vm\runtime\sharedRuntime.cpp, line 605]
Event: 3.831 Thread 0x00000000174ef800 Exception <a 'java/lang/ArrayIndexOutOfBoundsException'> (0x00000000eafbf0f0) thrown at [C:\re\workspace\8-2-build-windows-amd64-cygwin\jdk8u111\7883\hotspot\src\share\vm\runtime\sharedRuntime.cpp, line 605]
Event: 3.831 Thread 0x00000000174ef800 Exception <a 'java/lang/ArrayIndexOutOfBoundsException'> (0x00000000eafc0518) thrown at [C:\re\workspace\8-2-build-windows-amd64-cygwin\jdk8u111\7883\hotspot\src\share\vm\runtime\sharedRuntime.cpp, line 605]
Event: 3.831 Thread 0x00000000174ef800 Exception <a 'java/lang/ArrayIndexOutOfBoundsException'> (0x00000000eafc1470) thrown at [C:\re\workspace\8-2-build-windows-amd64-cygwin\jdk8u111\7883\hotspot\src\share\vm\runtime\sharedRuntime.cpp, line 605]
Event: 3.831 Thread 0x00000000174ef800 Exception <a 'java/lang/ArrayIndexOutOfBoundsException'> (0x00000000eafc2850) thrown at [C:\re\workspace\8-2-build-windows-amd64-cygwin\jdk8u111\7883\hotspot\src\share\vm\runtime\sharedRuntime.cpp, line 605]
Event: 3.831 Thread 0x00000000174ef800 Exception <a 'java/lang/ArrayIndexOutOfBoundsException'> (0x00000000eafc3998) thrown at [C:\re\workspace\8-2-build-windows-amd64-cygwin\jdk8u111\7883\hotspot\src\share\vm\runtime\sharedRuntime.cpp, line 605]
Event: 3.831 Thread 0x00000000174ef800 Exception <a 'java/lang/ArrayIndexOutOfBoundsException'> (0x00000000eafc4c88) thrown at [C:\re\workspace\8-2-build-windows-amd64-cygwin\jdk8u111\7883\hotspot\src\share\vm\runtime\sharedRuntime.cpp, line 605]

Events (10 events):
Event: 3.938 loading class sun/text/normalizer/UnicodeMatcher done
Event: 3.938 loading class sun/text/normalizer/UnicodeSet done
Event: 3.938 loading class sun/text/normalizer/NormalizerImpl$DecomposeArgs
Event: 3.938 loading class sun/text/normalizer/NormalizerImpl$DecomposeArgs done
Event: 3.940 loading class java/text/MergeCollation
Event: 3.940 loading class java/text/MergeCollation done
Event: 3.940 loading class java/text/PatternEntry$Parser
Event: 3.941 loading class java/text/PatternEntry$Parser done
Event: 3.941 loading class java/text/PatternEntry
Event: 3.941 loading class java/text/PatternEntry done


Dynamic libraries:
0x00007ff66f820000 - 0x00007ff66f857000 	C:\Program Files\Java\jdk1.8.0_111\bin\java.exe
0x00007ffc125e0000 - 0x00007ffc127b1000 	C:\Windows\SYSTEM32\ntdll.dll
0x00007ffc11ce0000 - 0x00007ffc11d8b000 	C:\Windows\System32\KERNEL32.DLL
0x00007ffc0eed0000 - 0x00007ffc0f0ed000 	C:\Windows\System32\KERNELBASE.dll
0x00007ffc0fec0000 - 0x00007ffc0ff62000 	C:\Windows\System32\ADVAPI32.dll
0x00007ffc12270000 - 0x00007ffc1230e000 	C:\Windows\System32\msvcrt.dll
0x00007ffc11c80000 - 0x00007ffc11cd9000 	C:\Windows\System32\sechost.dll
0x00007ffc12310000 - 0x00007ffc12431000 	C:\Windows\System32\RPCRT4.dll
0x00007ffc11700000 - 0x00007ffc11865000 	C:\Windows\System32\USER32.dll
0x00007ffc0f1f0000 - 0x00007ffc0f20e000 	C:\Windows\System32\win32u.dll
0x00007ffc116c0000 - 0x00007ffc116f4000 	C:\Windows\System32\GDI32.dll
0x00007ffc0f940000 - 0x00007ffc0fac2000 	C:\Windows\System32\gdi32full.dll
0x00007ffc08cf0000 - 0x00007ffc08f6a000 	C:\Windows\WinSxS\amd64_microsoft.windows.common-controls_6595b64144ccf1df_6.0.14393.953_none_42151e83c686086b\COMCTL32.dll
0x00007ffc11870000 - 0x00007ffc11b38000 	C:\Windows\System32\combase.dll
0x00007ffc0f0f0000 - 0x00007ffc0f1e5000 	C:\Windows\System32\ucrtbase.dll
0x00007ffc0ed50000 - 0x00007ffc0edba000 	C:\Windows\System32\bcryptPrimitives.dll
0x00007ffc11d90000 - 0x00007ffc11dbe000 	C:\Windows\System32\IMM32.DLL
0x00000000752c0000 - 0x0000000075392000 	C:\Program Files\Java\jdk1.8.0_111\jre\bin\msvcr100.dll
0x0000000073970000 - 0x000000007420a000 	C:\Program Files\Java\jdk1.8.0_111\jre\bin\server\jvm.dll
0x00007ffc0ff70000 - 0x00007ffc0ff78000 	C:\Windows\System32\PSAPI.DLL
0x00007ffc0ce90000 - 0x00007ffc0ceb3000 	C:\Windows\SYSTEM32\WINMM.dll
0x00007ffc0a7e0000 - 0x00007ffc0a7ea000 	C:\Windows\SYSTEM32\VERSION.dll
0x00007ffc056e0000 - 0x00007ffc056e9000 	C:\Windows\SYSTEM32\WSOCK32.dll
0x00007ffc0fde0000 - 0x00007ffc0fe4a000 	C:\Windows\System32\WS2_32.dll
0x0000000002c90000 - 0x0000000002cbb000 	C:\Windows\SYSTEM32\WINMMBASE.dll
0x00007ffc0f210000 - 0x00007ffc0f252000 	C:\Windows\System32\cfgmgr32.dll
0x00000000753e0000 - 0x00000000753ef000 	C:\Program Files\Java\jdk1.8.0_111\jre\bin\verify.dll
0x0000000075290000 - 0x00000000752b9000 	C:\Program Files\Java\jdk1.8.0_111\jre\bin\java.dll
0x0000000075270000 - 0x0000000075286000 	C:\Program Files\Java\jdk1.8.0_111\jre\bin\zip.dll
0x00007ffc0ff80000 - 0x00007ffc11489000 	C:\Windows\System32\SHELL32.dll
0x00007ffc0f260000 - 0x00007ffc0f93a000 	C:\Windows\System32\windows.storage.dll
0x00007ffc0ea50000 - 0x00007ffc0ea9c000 	C:\Windows\System32\powrprof.dll
0x00007ffc11560000 - 0x00007ffc115b2000 	C:\Windows\System32\shlwapi.dll
0x00007ffc0eaa0000 - 0x00007ffc0eaaf000 	C:\Windows\System32\kernel.appcore.dll
0x00007ffc0ead0000 - 0x00007ffc0eb79000 	C:\Windows\System32\shcore.dll
0x00007ffc0eab0000 - 0x00007ffc0eac4000 	C:\Windows\System32\profapi.dll
0x0000000074e80000 - 0x0000000075018000 	C:\Program Files\Java\jdk1.8.0_111\jre\bin\awt.dll
0x00007ffc114a0000 - 0x00007ffc1155f000 	C:\Windows\System32\OLEAUT32.dll
0x00007ffc0fad0000 - 0x00007ffc0fb6c000 	C:\Windows\System32\msvcp_win.dll
0x00007ffc0cff0000 - 0x00007ffc0d06a000 	C:\Windows\SYSTEM32\apphelp.dll
0x00007ffc0d1c0000 - 0x00007ffc0d255000 	C:\Windows\system32\uxtheme.dll
0x00007ffc0fb70000 - 0x00007ffc0fcca000 	C:\Windows\System32\MSCTF.dll
0x00007ffc0c890000 - 0x00007ffc0c8b6000 	C:\Windows\system32\dwmapi.dll
0x00007ffc11b40000 - 0x00007ffc11c77000 	C:\Windows\System32\ole32.dll
0x0000000075180000 - 0x00000000751c7000 	C:\Program Files\Java\jdk1.8.0_111\jre\bin\fontmanager.dll
0x00007ffbf2ac0000 - 0x00007ffbf2c4d000 	C:\Windows\system32\d3d9.dll
0x00007ffbe0460000 - 0x00007ffbe1516000 	C:\Windows\SYSTEM32\nvd3dumx.dll
0x0000000075250000 - 0x000000007526a000 	C:\Program Files\Java\jdk1.8.0_111\jre\bin\net.dll
0x00007ffc0e310000 - 0x00007ffc0e36c000 	C:\Windows\system32\mswsock.dll
0x0000000075230000 - 0x0000000075241000 	C:\Program Files\Java\jdk1.8.0_111\jre\bin\nio.dll
0x0000000074e30000 - 0x0000000074e72000 	C:\Program Files\Java\jdk1.8.0_111\jre\bin\t2k.dll
0x00007ffc11620000 - 0x00007ffc116bf000 	C:\Windows\System32\clbcatq.dll
0x00007ffc0c620000 - 0x00007ffc0c7c8000 	C:\Windows\SYSTEM32\WindowsCodecs.dll
0x00007ffc01310000 - 0x00007ffc01359000 	C:\Windows\system32\dataexchange.dll
0x00007ffc0bac0000 - 0x00007ffc0bd76000 	C:\Windows\system32\d3d11.dll
0x00007ffc0c980000 - 0x00007ffc0cad1000 	C:\Windows\system32\dcomp.dll
0x00007ffc0d9c0000 - 0x00007ffc0da5f000 	C:\Windows\system32\dxgi.dll
0x00007ffc0d460000 - 0x00007ffc0d57c000 	C:\Windows\system32\twinapi.appcore.dll
0x00007ffc0e980000 - 0x00007ffc0e9ab000 	C:\Windows\system32\bcrypt.dll
0x00007ffc0e4b0000 - 0x00007ffc0e4c7000 	C:\Windows\SYSTEM32\CRYPTSP.dll
0x00007ffc0df10000 - 0x00007ffc0df43000 	C:\Windows\system32\rsaenh.dll
0x00007ffc0e190000 - 0x00007ffc0e1af000 	C:\Windows\SYSTEM32\USERENV.dll
0x00007ffc0e4d0000 - 0x00007ffc0e4db000 	C:\Windows\SYSTEM32\CRYPTBASE.dll
0x00007ffc0e090000 - 0x00007ffc0e0c8000 	C:\Windows\SYSTEM32\IPHLPAPI.DLL
0x00007ffc11490000 - 0x00007ffc11498000 	C:\Windows\System32\NSI.dll
0x00007ffc09610000 - 0x00007ffc09626000 	C:\Windows\SYSTEM32\dhcpcsvc6.DLL
0x00007ffc09500000 - 0x00007ffc0951a000 	C:\Windows\SYSTEM32\dhcpcsvc.DLL
0x00007ffc07760000 - 0x00007ffc07832000 	C:\Windows\System32\IME\IMEKR\imkrtip.dll
0x00007ffc0c480000 - 0x00007ffc0c605000 	C:\Windows\SYSTEM32\PROPSYS.dll
0x00007ffc06800000 - 0x00007ffc06956000 	C:\Windows\System32\IME\shared\imetip.dll
0x00007ffc0cf80000 - 0x00007ffc0cfe5000 	C:\Windows\SYSTEM32\OLEACC.dll
0x00007ffc06650000 - 0x00007ffc067f8000 	C:\Windows\SYSTEM32\DUI70.dll
0x00007ffc07e20000 - 0x00007ffc07e58000 	C:\Windows\System32\IME\IMEKR\imkrapi.dll
0x00007ffc07b10000 - 0x00007ffc07b45000 	C:\Windows\System32\IME\shared\imjkapi.dll
0x00007ffc0dde0000 - 0x00007ffc0de12000 	C:\Windows\SYSTEM32\ntmarta.dll
0x0000000075150000 - 0x000000007517a000 	C:\Program Files\Java\jdk1.8.0_111\jre\bin\dcpr.dll
0x00007ffc09890000 - 0x00007ffc09a22000 	C:\Windows\SYSTEM32\dbghelp.dll

VM Arguments:
jvm_args: -Dfile.encoding=x-windows-949 -Duser.country=KR -Duser.language=ko -Duser.variant 
java_command: kr.or.dgit.sw_project.MainApp
java_class_path (initial): D:\workspace_mybatis\sw_project\build\classes\main;D:\workspace_mybatis\sw_project\build\resources\main;D:\workspace_mybatis\sw_project\src\main\resources\kr\or\dgit\sw_project\libraries\DatePanel.jar;D:\workspace_mybatis\sw_project\src\main\resources\kr\or\dgit\sw_project\libraries\erp_myframework.jar;D:\workspace_mybatis\sw_project\src\main\resources\kr\or\dgit\sw_project\lookandfeel\syntheticaAluOxide.jar;D:\workspace_mybatis\sw_project\src\main\resources\kr\or\dgit\sw_project\lookandfeel\synthetica.jar;D:\workspace_mybatis\sw_project\src\main\resources\kr\or\dgit\sw_project\libraries\swingx-1.6.5.jar;D:\workspace_mybatis\sw_project\src\main\resources\kr\or\dgit\sw_project\libraries\syntheticaAddons.jar;D:\workspace_mybatis\sw_project\src\main\resources\kr\or\dgit\sw_project\libraries\syntheticaAluOxideAddon.jar;C:\Users\LSW\.gradle\caches\modules-2\files-2.1\mysql\mysql-connector-java\5.1.41\b0878056f15616989144d6114d36d3942321d0d1\mysql-connector-java-5.1.41.jar;C:\Users\LSW\.gradle\caches\modules-2\files-2.1\org.mybatis\mybatis\3.4.2\2b9a5082fe0bdb3128bab8b4b19b23ca0f3d9b38\mybatis-3.4.2.jar;C:\Users\LSW\.gradle\caches\modules-2\files-2.1\junit\junit\4.12\2973d150c0dc1fefe998f834810d68f278ea58ec\junit-4.12.jar;C:\Users\LSW\.gradle\caches\modules-2\files-2.1\log4j\log4j\1.2.17\5af35056b4d257e4b64b9e8069c0746e8b08629f\log4j-1.2.17.jar;C:\Users\LSW\.gradle\caches\modules-2\files-2.1\org.hamcrest\hamcrest-core\1.3\42a25dc3219429f0e5d060061f71acb49bf010a0\hamcrest-core-1.3.jar
Launcher Type: SUN_STANDARD

Environment Variables:
JAVA_HOME=C:\Program Files\Java\jdk1.8.0_111
PATH=C:/Program Files/Java/jdk1.8.0_111/BIN/../jre/bin/server;C:/Program Files/Java/jdk1.8.0_111/BIN/../jre/bin;C:/Program Files/Java/jdk1.8.0_111/BIN/../jre/lib/amd64;C:\Program Files\Java\jdk1.8.0_111\BIN;C:\ProgramData\Oracle\Java\javapath;C:\Program Files (x86)\NVIDIA Corporation\PhysX\Common;C:\Windows\system32;C:\Windows;C:\Windows\System32\Wbem;C:\Windows\System32\WindowsPowerShell\v1.0\;C:\Program Files\MySQL\MySQL Server 5.6\BIN;C:\Program Files\Git\cmd;D:\gradle-3.4.1\bin;C:\Users\LSW\AppData\Local\Microsoft\WindowsApps;;C:\eclipse_java;
USERNAME=LSW
OS=Windows_NT
PROCESSOR_IDENTIFIER=Intel64 Family 6 Model 23 Stepping 10, GenuineIntel



---------------  S Y S T E M  ---------------

OS: Windows 10.0 , 64 bit Build 14393 (10.0.14393.0)

CPU:total 4 (4 cores per cpu, 1 threads per core) family 6 model 23 stepping 10, cmov, cx8, fxsr, mmx, sse, sse2, sse3, ssse3, sse4.1, tsc

Memory: 4k page, physical 4192488k(1136196k free), swap 7993576k(2873308k free)

vm_info: Java HotSpot(TM) 64-Bit Server VM (25.111-b14) for windows-amd64 JRE (1.8.0_111-b14), built on Sep 22 2016 19:24:05 by "java_re" with MS VC++ 10.0 (VS2010)

time: Tue Apr 11 12:37:08 2017
elapsed time: 3 seconds (0d 0h 0m 3s)

