#
# A fatal error has been detected by the Java Runtime Environment:
#
#  EXCEPTION_ACCESS_VIOLATION (0xc0000005) at pc=0xffffffffa3f85120, pid=5632, tid=0x0000000000000c58
#
# JRE version: Java(TM) SE Runtime Environment (8.0_111-b14) (build 1.8.0_111-b14)
# Java VM: Java HotSpot(TM) 64-Bit Server VM (25.111-b14 mixed mode windows-amd64 compressed oops)
# Problematic frame:
# C  0xffffffffa3f85120
#
# Failed to write core dump. Minidumps are not enabled by default on client versions of Windows
#
# If you would like to submit a bug report, please visit:
#   http://bugreport.java.com/bugreport/crash.jsp
#

---------------  T H R E A D  ---------------

Current thread (0x00000000175ce800):  JavaThread "AWT-EventQueue-0" [_thread_in_Java, id=3160, stack(0x00000000181d0000,0x00000000182d0000)]

siginfo: ExceptionCode=0xc0000005, ExceptionInformation=0x0000000000000008 0xffffffffa3f85120

Registers:
RAX=0x000000010000e6d0, RBX=0x0000000014d30d58, RCX=0x00000000eafc2690, RDX=0x00000000eafc2528
RSP=0x00000000182cb7c8, RBP=0x00000000182cb888, RSI=0x00000000eafc2528, RDI=0x000000010000e6d0
R8 =0x0000000000000013, R9 =0x000000001709e7e0, R10=0x000000005557c0c0, R11=0x000000000381ca00
R12=0x0000000000000000, R13=0x00000000182cb830, R14=0x00000000182cb8b8, R15=0x00000000175ce800
RIP=0xffffffffa3f85120, EFLAGS=0x0000000000010202

Top of Stack: (sp=0x00000000182cb7c8)
0x00000000182cb7c8:   000000000381caec ffffffffffffffff
0x00000000182cb7d8:   00000000184a58e8 0000000011d40000
0x00000000182cb7e8:   00000000000000b6 00000000eafc2690
0x00000000182cb7f8:   0000000000000000 0000000000000300
0x00000000182cb808:   00000000000000b6 00000000182cb888
0x00000000182cb818:   0000000002f87940 0000000000000000
0x00000000182cb828:   0000000002f87940 00000000eafc2690
0x00000000182cb838:   0000000000000c00 00000000eafc27d8
0x00000000182cb848:   00000000182cb848 000000001e211222
0x00000000182cb858:   00000000182cb8b8 000000001e2115f8
0x00000000182cb868:   0000000000000000 000000001e211258
0x00000000182cb878:   00000000182cb830 00000000182cb8b0
0x00000000182cb888:   00000000182cb900 0000000002f8809d
0x00000000182cb898:   0000000000000c00 000000000000192c
0x00000000182cb8a8:   00000000eafc2690 00000000eafc2528
0x00000000182cb8b8:   00000000eafc24f8 00000000182cb8c0 

Instructions: (pc=0xffffffffa3f85120)
0xffffffffa3f85100:   
[error occurred during error reporting (printing registers, top of stack, instructions near pc), id 0xc0000005]

Register to memory mapping:

RAX=0x000000010000e6d0 is pointing into metadata
RBX={method} {0x0000000014d30d60} 'read' '()I' in 'java/io/ByteArrayInputStream'
RCX=0x00000000eafc2690 is an oop
java.io.DataInputStream 
 - klass: 'java/io/DataInputStream'
RDX=0x00000000eafc2528 is an oop
java.io.ByteArrayInputStream 
 - klass: 'java/io/ByteArrayInputStream'
RSP=0x00000000182cb7c8 is pointing into the stack for thread: 0x00000000175ce800
RBP=0x00000000182cb888 is pointing into the stack for thread: 0x00000000175ce800
RSI=0x00000000eafc2528 is an oop
java.io.ByteArrayInputStream 
 - klass: 'java/io/ByteArrayInputStream'
RDI=0x000000010000e6d0 is pointing into metadata
R8 =0x0000000000000013 is an unknown value
R9 =0x000000001709e7e0 is an unknown value
R10=0x000000005557c0c0 is an unknown value
R11=0x000000000381ca00 is at entry_point+32 in (nmethod*)0x000000000381c850
R12=0x0000000000000000 is an unknown value
R13=0x00000000182cb830 is pointing into the stack for thread: 0x00000000175ce800
R14=0x00000000182cb8b8 is pointing into the stack for thread: 0x00000000175ce800
R15=0x00000000175ce800 is a thread


Stack: [0x00000000181d0000,0x00000000182d0000],  sp=0x00000000182cb7c8,  free space=1005k
Native frames: (J=compiled Java code, j=interpreted, Vv=VM code, C=native code)
C  0xffffffffa3f85120


---------------  P R O C E S S  ---------------

Java Threads: ( => current thread )
  0x000000001a822000 JavaThread "SyntheticaAnimation 60" daemon [_thread_blocked, id=988, stack(0x000000001cbb0000,0x000000001ccb0000)]
  0x000000001a81e800 JavaThread "TimerQueue" daemon [_thread_blocked, id=1784, stack(0x000000001cab0000,0x000000001cbb0000)]
  0x0000000017a26000 JavaThread "SyntheticaAnimation 50" daemon [_thread_blocked, id=8600, stack(0x000000001c9b0000,0x000000001cab0000)]
  0x000000001ae85800 JavaThread "D3D Screen Updater" daemon [_thread_blocked, id=8056, stack(0x000000001c8b0000,0x000000001c9b0000)]
  0x000000001784a800 JavaThread "Image Fetcher 0" daemon [_thread_blocked, id=2312, stack(0x000000001a2b0000,0x000000001a3b0000)]
  0x00000000177ce800 JavaThread "SyntheticaCleanerThread" daemon [_thread_blocked, id=4104, stack(0x00000000182d0000,0x00000000183d0000)]
  0x0000000000c6d800 JavaThread "DestroyJavaVM" [_thread_blocked, id=6252, stack(0x0000000002d80000,0x0000000002e80000)]
=>0x00000000175ce800 JavaThread "AWT-EventQueue-0" [_thread_in_Java, id=3160, stack(0x00000000181d0000,0x00000000182d0000)]
  0x00000000175ca800 JavaThread "AWT-Windows" daemon [_thread_in_native, id=380, stack(0x0000000017f70000,0x0000000018070000)]
  0x00000000175c7000 JavaThread "AWT-Shutdown" [_thread_blocked, id=2056, stack(0x0000000017e70000,0x0000000017f70000)]
  0x00000000175c6000 JavaThread "Java2D Disposer" daemon [_thread_blocked, id=3452, stack(0x0000000017d70000,0x0000000017e70000)]
  0x0000000016d30000 JavaThread "Service Thread" daemon [_thread_blocked, id=6900, stack(0x00000000172a0000,0x00000000173a0000)]
  0x0000000016ca4800 JavaThread "C1 CompilerThread2" daemon [_thread_blocked, id=2620, stack(0x00000000171a0000,0x00000000172a0000)]
  0x0000000016ca1000 JavaThread "C2 CompilerThread1" daemon [_thread_blocked, id=8464, stack(0x00000000170a0000,0x00000000171a0000)]
  0x00000000156ac800 JavaThread "C2 CompilerThread0" daemon [_thread_blocked, id=1096, stack(0x0000000016ba0000,0x0000000016ca0000)]
  0x00000000156aa800 JavaThread "Attach Listener" daemon [_thread_blocked, id=828, stack(0x0000000016aa0000,0x0000000016ba0000)]
  0x000000001565d800 JavaThread "Signal Dispatcher" daemon [_thread_blocked, id=3500, stack(0x00000000169a0000,0x0000000016aa0000)]
  0x0000000015639800 JavaThread "Finalizer" daemon [_thread_blocked, id=7132, stack(0x00000000168a0000,0x00000000169a0000)]
  0x0000000002f72000 JavaThread "Reference Handler" daemon [_thread_blocked, id=3048, stack(0x00000000167a0000,0x00000000168a0000)]

Other Threads:
  0x0000000015618000 VMThread [stack: 0x00000000166a0000,0x00000000167a0000] [id=200]
  0x0000000016d68000 WatcherThread [stack: 0x00000000173a0000,0x00000000174a0000] [id=7628]

VM state:not at safepoint (normal execution)

VM Mutex/Monitor currently owned by a thread: None

Heap:
 PSYoungGen      total 18944K, used 5094K [0x00000000eab00000, 0x00000000ec000000, 0x0000000100000000)
  eden space 16384K, 31% used [0x00000000eab00000,0x00000000eaff9858,0x00000000ebb00000)
  from space 2560K, 0% used [0x00000000ebb00000,0x00000000ebb00000,0x00000000ebd80000)
  to   space 2560K, 0% used [0x00000000ebd80000,0x00000000ebd80000,0x00000000ec000000)
 ParOldGen       total 38400K, used 8455K [0x00000000c0000000, 0x00000000c2580000, 0x00000000eab00000)
  object space 38400K, 22% used [0x00000000c0000000,0x00000000c0841c28,0x00000000c2580000)
 Metaspace       used 22273K, capacity 22556K, committed 22784K, reserved 1069056K
  class space    used 2900K, capacity 3009K, committed 3072K, reserved 1048576K

Card table byte_map: [0x0000000012340000,0x0000000012550000] byte_map_base: 0x0000000011d40000

Marking Bits: (ParMarkBitMap*) 0x000000005559a6c0
 Begin Bits: [0x0000000012ab0000, 0x0000000013ab0000)
 End Bits:   [0x0000000013ab0000, 0x0000000014ab0000)

Polling page: 0x00000000011f0000

CodeCache: size=245760Kb used=8802Kb max_used=8816Kb free=236957Kb
 bounds [0x0000000002f80000, 0x0000000003830000, 0x0000000011f80000]
 total_blobs=3159 nmethods=2569 adapters=503
 compilation: enabled

Compilation events (10 events):
Event: 5.709 Thread 0x0000000016ca4800 2565       3       java.io.DataInputStream::readChar (40 bytes)
Event: 5.709 Thread 0x0000000016ca4800 nmethod 2565 0x000000000381c850 code [0x000000000381c9e0, 0x000000000381cdc8]
Event: 5.709 Thread 0x00000000156ac800 2566       4       java.io.DataInputStream::readChar (40 bytes)
Event: 5.711 Thread 0x0000000016ca4800 2567  s    3       java.io.ByteArrayInputStream::read (36 bytes)
Event: 5.712 Thread 0x0000000016ca4800 nmethod 2567 0x000000000381c290 code [0x000000000381c400, 0x000000000381c750]
Event: 5.712 Thread 0x0000000016ca1000 2568  s    4       java.io.ByteArrayInputStream::read (36 bytes)
Event: 5.712 Thread 0x0000000016ca4800 2569       3       java.io.DataInputStream::readInt (72 bytes)
Event: 5.712 Thread 0x0000000016ca4800 nmethod 2569 0x000000000381b910 code [0x000000000381bac0, 0x000000000381c068]
Event: 5.714 Thread 0x0000000016ca1000 nmethod 2568 0x000000000381b450 code [0x000000000381b5a0, 0x000000000381b818]
Event: 5.714 Thread 0x0000000016ca1000 2570       4       java.io.DataInputStream::readInt (72 bytes)

GC Heap History (8 events):
Event: 1.419 GC heap before
{Heap before GC invocations=1 (full 0):
 PSYoungGen      total 18944K, used 16384K [0x00000000eab00000, 0x00000000ec000000, 0x0000000100000000)
  eden space 16384K, 100% used [0x00000000eab00000,0x00000000ebb00000,0x00000000ebb00000)
  from space 2560K, 0% used [0x00000000ebd80000,0x00000000ebd80000,0x00000000ec000000)
  to   space 2560K, 0% used [0x00000000ebb00000,0x00000000ebb00000,0x00000000ebd80000)
 ParOldGen       total 44032K, used 0K [0x00000000c0000000, 0x00000000c2b00000, 0x00000000eab00000)
  object space 44032K, 0% used [0x00000000c0000000,0x00000000c0000000,0x00000000c2b00000)
 Metaspace       used 15079K, capacity 15310K, committed 15744K, reserved 1062912K
  class space    used 1982K, capacity 2073K, committed 2176K, reserved 1048576K
Event: 1.433 GC heap after
Heap after GC invocations=1 (full 0):
 PSYoungGen      total 18944K, used 2553K [0x00000000eab00000, 0x00000000ec000000, 0x0000000100000000)
  eden space 16384K, 0% used [0x00000000eab00000,0x00000000eab00000,0x00000000ebb00000)
  from space 2560K, 99% used [0x00000000ebb00000,0x00000000ebd7e640,0x00000000ebd80000)
  to   space 2560K, 0% used [0x00000000ebd80000,0x00000000ebd80000,0x00000000ec000000)
 ParOldGen       total 44032K, used 1351K [0x00000000c0000000, 0x00000000c2b00000, 0x00000000eab00000)
  object space 44032K, 3% used [0x00000000c0000000,0x00000000c0151e00,0x00000000c2b00000)
 Metaspace       used 15079K, capacity 15310K, committed 15744K, reserved 1062912K
  class space    used 1982K, capacity 2073K, committed 2176K, reserved 1048576K
}
Event: 3.832 GC heap before
{Heap before GC invocations=2 (full 0):
 PSYoungGen      total 18944K, used 18937K [0x00000000eab00000, 0x00000000ec000000, 0x0000000100000000)
  eden space 16384K, 100% used [0x00000000eab00000,0x00000000ebb00000,0x00000000ebb00000)
  from space 2560K, 99% used [0x00000000ebb00000,0x00000000ebd7e640,0x00000000ebd80000)
  to   space 2560K, 0% used [0x00000000ebd80000,0x00000000ebd80000,0x00000000ec000000)
 ParOldGen       total 44032K, used 1351K [0x00000000c0000000, 0x00000000c2b00000, 0x00000000eab00000)
  object space 44032K, 3% used [0x00000000c0000000,0x00000000c0151e00,0x00000000c2b00000)
 Metaspace       used 18516K, capacity 18736K, committed 18944K, reserved 1064960K
  class space    used 2434K, capacity 2526K, committed 2560K, reserved 1048576K
Event: 3.848 GC heap after
Heap after GC invocations=2 (full 0):
 PSYoungGen      total 18944K, used 2537K [0x00000000eab00000, 0x00000000ec000000, 0x0000000100000000)
  eden space 16384K, 0% used [0x00000000eab00000,0x00000000eab00000,0x00000000ebb00000)
  from space 2560K, 99% used [0x00000000ebd80000,0x00000000ebffa630,0x00000000ec000000)
  to   space 2560K, 0% used [0x00000000ebb00000,0x00000000ebb00000,0x00000000ebd80000)
 ParOldGen       total 44032K, used 5013K [0x00000000c0000000, 0x00000000c2b00000, 0x00000000eab00000)
  object space 44032K, 11% used [0x00000000c0000000,0x00000000c04e5668,0x00000000c2b00000)
 Metaspace       used 18516K, capacity 18736K, committed 18944K, reserved 1064960K
  class space    used 2434K, capacity 2526K, committed 2560K, reserved 1048576K
}
Event: 5.502 GC heap before
{Heap before GC invocations=3 (full 0):
 PSYoungGen      total 18944K, used 18921K [0x00000000eab00000, 0x00000000ec000000, 0x0000000100000000)
  eden space 16384K, 100% used [0x00000000eab00000,0x00000000ebb00000,0x00000000ebb00000)
  from space 2560K, 99% used [0x00000000ebd80000,0x00000000ebffa630,0x00000000ec000000)
  to   space 2560K, 0% used [0x00000000ebb00000,0x00000000ebb00000,0x00000000ebd80000)
 ParOldGen       total 44032K, used 5013K [0x00000000c0000000, 0x00000000c2b00000, 0x00000000eab00000)
  object space 44032K, 11% used [0x00000000c0000000,0x00000000c04e5668,0x00000000c2b00000)
 Metaspace       used 20836K, capacity 21046K, committed 21248K, reserved 1067008K
  class space    used 2698K, capacity 2783K, committed 2816K, reserved 1048576K
Event: 5.515 GC heap after
Heap after GC invocations=3 (full 0):
 PSYoungGen      total 18944K, used 2553K [0x00000000eab00000, 0x00000000ec000000, 0x0000000100000000)
  eden space 16384K, 0% used [0x00000000eab00000,0x00000000eab00000,0x00000000ebb00000)
  from space 2560K, 99% used [0x00000000ebb00000,0x00000000ebd7e640,0x00000000ebd80000)
  to   space 2560K, 0% used [0x00000000ebd80000,0x00000000ebd80000,0x00000000ec000000)
 ParOldGen       total 44032K, used 7203K [0x00000000c0000000, 0x00000000c2b00000, 0x00000000eab00000)
  object space 44032K, 16% used [0x00000000c0000000,0x00000000c0708d58,0x00000000c2b00000)
 Metaspace       used 20836K, capacity 21046K, committed 21248K, reserved 1067008K
  class space    used 2698K, capacity 2783K, committed 2816K, reserved 1048576K
}
Event: 5.515 GC heap before
{Heap before GC invocations=4 (full 1):
 PSYoungGen      total 18944K, used 2553K [0x00000000eab00000, 0x00000000ec000000, 0x0000000100000000)
  eden space 16384K, 0% used [0x00000000eab00000,0x00000000eab00000,0x00000000ebb00000)
  from space 2560K, 99% used [0x00000000ebb00000,0x00000000ebd7e640,0x00000000ebd80000)
  to   space 2560K, 0% used [0x00000000ebd80000,0x00000000ebd80000,0x00000000ec000000)
 ParOldGen       total 44032K, used 7203K [0x00000000c0000000, 0x00000000c2b00000, 0x00000000eab00000)
  object space 44032K, 16% used [0x00000000c0000000,0x00000000c0708d58,0x00000000c2b00000)
 Metaspace       used 20836K, capacity 21046K, committed 21248K, reserved 1067008K
  class space    used 2698K, capacity 2783K, committed 2816K, reserved 1048576K
Event: 5.575 GC heap after
Heap after GC invocations=4 (full 1):
 PSYoungGen      total 18944K, used 0K [0x00000000eab00000, 0x00000000ec000000, 0x0000000100000000)
  eden space 16384K, 0% used [0x00000000eab00000,0x00000000eab00000,0x00000000ebb00000)
  from space 2560K, 0% used [0x00000000ebb00000,0x00000000ebb00000,0x00000000ebd80000)
  to   space 2560K, 0% used [0x00000000ebd80000,0x00000000ebd80000,0x00000000ec000000)
 ParOldGen       total 38400K, used 8455K [0x00000000c0000000, 0x00000000c2580000, 0x00000000eab00000)
  object space 38400K, 22% used [0x00000000c0000000,0x00000000c0841c28,0x00000000c2580000)
 Metaspace       used 20836K, capacity 21046K, committed 21248K, reserved 1067008K
  class space    used 2698K, capacity 2783K, committed 2816K, reserved 1048576K
}

Deoptimization events (10 events):
Event: 5.339 Thread 0x00000000175ce800 Uncommon trap: reason=unstable_if action=reinterpret pc=0x00000000031ec030 method=com.sun.org.apache.xerces.internal.impl.XMLEntityScanner.scanChar(Lcom/sun/org/apache/xerces/internal/impl/XMLScanner$NameType;)I @ 212
Event: 5.344 Thread 0x00000000175ce800 Uncommon trap: reason=class_check action=maybe_recompile pc=0x00000000031fe1c4 method=com.sun.org.apache.xerces.internal.impl.XMLDocumentScannerImpl.next()I @ 4
Event: 5.345 Thread 0x00000000175ce800 Uncommon trap: reason=class_check action=maybe_recompile pc=0x00000000031fe1c4 method=com.sun.org.apache.xerces.internal.impl.XMLDocumentScannerImpl.next()I @ 4
Event: 5.345 Thread 0x00000000175ce800 Uncommon trap: reason=unstable_if action=reinterpret pc=0x00000000031b5f20 method=com.sun.org.apache.xerces.internal.impl.XMLEntityScanner.skipSpaces()Z @ 85
Event: 5.349 Thread 0x00000000175ce800 Uncommon trap: reason=unstable_if action=reinterpret pc=0x00000000031ebaec method=com.sun.org.apache.xerces.internal.utils.XMLLimitAnalyzer.addValue(ILjava/lang/String;I)V @ 7
Event: 5.349 Thread 0x00000000175ce800 Uncommon trap: reason=unstable_if action=reinterpret pc=0x00000000031a4c88 method=com.sun.org.apache.xerces.internal.utils.XMLSecurityManager.isOverLimit(ILcom/sun/org/apache/xerces/internal/utils/XMLLimitAnalyzer;)Z @ 28
Event: 5.350 Thread 0x00000000175ce800 Uncommon trap: reason=unstable_if action=reinterpret pc=0x000000000320d00c method=com.sun.org.apache.xerces.internal.util.SymbolTable.addSymbol([CII)Ljava/lang/String; @ 64
Event: 5.351 Thread 0x00000000175ce800 Uncommon trap: reason=unstable_if action=reinterpret pc=0x00000000031e6510 method=com.sun.org.apache.xerces.internal.util.SymbolTable.addSymbol([CII)Ljava/lang/String; @ 64
Event: 5.351 Thread 0x00000000175ce800 Uncommon trap: reason=class_check action=maybe_recompile pc=0x00000000031fe1c4 method=com.sun.org.apache.xerces.internal.impl.XMLDocumentScannerImpl.next()I @ 4
Event: 5.352 Thread 0x00000000175ce800 Uncommon trap: reason=unstable_if action=reinterpret pc=0x00000000032070ac method=com.sun.org.apache.xerces.internal.impl.XMLEntityScanner.peekChar()I @ 51

Internal exceptions (10 events):
Event: 5.676 Thread 0x00000000175ce800 Exception <a 'java/lang/ArrayIndexOutOfBoundsException'> (0x00000000eae2c448) thrown at [C:\re\workspace\8-2-build-windows-amd64-cygwin\jdk8u111\7883\hotspot\src\share\vm\runtime\sharedRuntime.cpp, line 605]
Event: 5.676 Thread 0x00000000175ce800 Exception <a 'java/lang/ArrayIndexOutOfBoundsException'> (0x00000000eae2d820) thrown at [C:\re\workspace\8-2-build-windows-amd64-cygwin\jdk8u111\7883\hotspot\src\share\vm\runtime\sharedRuntime.cpp, line 605]
Event: 5.677 Thread 0x00000000175ce800 Exception <a 'java/lang/ArrayIndexOutOfBoundsException'> (0x00000000eae347d8) thrown at [C:\re\workspace\8-2-build-windows-amd64-cygwin\jdk8u111\7883\hotspot\src\share\vm\runtime\sharedRuntime.cpp, line 605]
Event: 5.677 Thread 0x00000000175ce800 Exception <a 'java/lang/ArrayIndexOutOfBoundsException'> (0x00000000eae35c68) thrown at [C:\re\workspace\8-2-build-windows-amd64-cygwin\jdk8u111\7883\hotspot\src\share\vm\runtime\sharedRuntime.cpp, line 605]
Event: 5.677 Thread 0x00000000175ce800 Exception <a 'java/lang/ArrayIndexOutOfBoundsException'> (0x00000000eae374b8) thrown at [C:\re\workspace\8-2-build-windows-amd64-cygwin\jdk8u111\7883\hotspot\src\share\vm\runtime\sharedRuntime.cpp, line 605]
Event: 5.677 Thread 0x00000000175ce800 Exception <a 'java/lang/ArrayIndexOutOfBoundsException'> (0x00000000eae388e0) thrown at [C:\re\workspace\8-2-build-windows-amd64-cygwin\jdk8u111\7883\hotspot\src\share\vm\runtime\sharedRuntime.cpp, line 605]
Event: 5.677 Thread 0x00000000175ce800 Exception <a 'java/lang/ArrayIndexOutOfBoundsException'> (0x00000000eae39838) thrown at [C:\re\workspace\8-2-build-windows-amd64-cygwin\jdk8u111\7883\hotspot\src\share\vm\runtime\sharedRuntime.cpp, line 605]
Event: 5.678 Thread 0x00000000175ce800 Exception <a 'java/lang/ArrayIndexOutOfBoundsException'> (0x00000000eae3ac18) thrown at [C:\re\workspace\8-2-build-windows-amd64-cygwin\jdk8u111\7883\hotspot\src\share\vm\runtime\sharedRuntime.cpp, line 605]
Event: 5.678 Thread 0x00000000175ce800 Exception <a 'java/lang/ArrayIndexOutOfBoundsException'> (0x00000000eae3bd60) thrown at [C:\re\workspace\8-2-build-windows-amd64-cygwin\jdk8u111\7883\hotspot\src\share\vm\runtime\sharedRuntime.cpp, line 605]
Event: 5.678 Thread 0x00000000175ce800 Exception <a 'java/lang/ArrayIndexOutOfBoundsException'> (0x00000000eae66000) thrown at [C:\re\workspace\8-2-build-windows-amd64-cygwin\jdk8u111\7883\hotspot\src\share\vm\runtime\sharedRuntime.cpp, line 605]

Events (10 events):
Event: 5.708 loading class sun/text/normalizer/NormalizerImpl$NormTrieImpl
Event: 5.708 loading class sun/text/normalizer/NormalizerImpl$NormTrieImpl done
Event: 5.708 loading class sun/text/normalizer/NormalizerImpl$AuxTrieImpl
Event: 5.708 loading class sun/text/normalizer/NormalizerImpl$AuxTrieImpl done
Event: 5.710 loading class sun/text/normalizer/IntTrie
Event: 5.711 loading class sun/text/normalizer/Trie
Event: 5.711 loading class sun/text/normalizer/Trie done
Event: 5.711 loading class sun/text/normalizer/IntTrie done
Event: 5.713 loading class sun/text/normalizer/CharTrie
Event: 5.713 loading class sun/text/normalizer/CharTrie done


Dynamic libraries:
0x00007ff7fe050000 - 0x00007ff7fe087000 	C:\Program Files\Java\jdk1.8.0_111\bin\java.exe
0x00007ff806f30000 - 0x00007ff807101000 	C:\Windows\SYSTEM32\ntdll.dll
0x00007ff8048d0000 - 0x00007ff80497b000 	C:\Windows\System32\KERNEL32.DLL
0x00007ff803420000 - 0x00007ff80363d000 	C:\Windows\System32\KERNELBASE.dll
0x00007ff806690000 - 0x00007ff806732000 	C:\Windows\System32\ADVAPI32.dll
0x00007ff806740000 - 0x00007ff8067de000 	C:\Windows\System32\msvcrt.dll
0x00007ff8067e0000 - 0x00007ff806839000 	C:\Windows\System32\sechost.dll
0x00007ff8047a0000 - 0x00007ff8048c1000 	C:\Windows\System32\RPCRT4.dll
0x00007ff804530000 - 0x00007ff804695000 	C:\Windows\System32\USER32.dll
0x00007ff804260000 - 0x00007ff80427e000 	C:\Windows\System32\win32u.dll
0x00007ff804980000 - 0x00007ff8049b4000 	C:\Windows\System32\GDI32.dll
0x00007ff804330000 - 0x00007ff8044b2000 	C:\Windows\System32\gdi32full.dll
0x00007ffffcbf0000 - 0x00007ffffce6a000 	C:\Windows\WinSxS\amd64_microsoft.windows.common-controls_6595b64144ccf1df_6.0.14393.953_none_42151e83c686086b\COMCTL32.dll
0x00007ff804a90000 - 0x00007ff804d58000 	C:\Windows\System32\combase.dll
0x00007ff8036f0000 - 0x00007ff8037e5000 	C:\Windows\System32\ucrtbase.dll
0x00007ff8041a0000 - 0x00007ff80420a000 	C:\Windows\System32\bcryptPrimitives.dll
0x00007ff804d90000 - 0x00007ff804dbe000 	C:\Windows\System32\IMM32.DLL
0x0000000056510000 - 0x00000000565e2000 	C:\Program Files\Java\jdk1.8.0_111\jre\bin\msvcr100.dll
0x0000000054d80000 - 0x000000005561a000 	C:\Program Files\Java\jdk1.8.0_111\jre\bin\server\jvm.dll
0x00007ff806840000 - 0x00007ff806848000 	C:\Windows\System32\PSAPI.DLL
0x00007ffff9050000 - 0x00007ffff9059000 	C:\Windows\SYSTEM32\WSOCK32.dll
0x00007ff801810000 - 0x00007ff801833000 	C:\Windows\SYSTEM32\WINMM.dll
0x00007ff800040000 - 0x00007ff80004a000 	C:\Windows\SYSTEM32\VERSION.dll
0x00007ff8044c0000 - 0x00007ff80452a000 	C:\Windows\System32\WS2_32.dll
0x00000000011c0000 - 0x00000000011eb000 	C:\Windows\SYSTEM32\WINMMBASE.dll
0x00007ff804210000 - 0x00007ff804252000 	C:\Windows\System32\cfgmgr32.dll
0x0000000056500000 - 0x000000005650f000 	C:\Program Files\Java\jdk1.8.0_111\jre\bin\verify.dll
0x00000000564d0000 - 0x00000000564f9000 	C:\Program Files\Java\jdk1.8.0_111\jre\bin\java.dll
0x0000000055a90000 - 0x0000000055aa6000 	C:\Program Files\Java\jdk1.8.0_111\jre\bin\zip.dll
0x00007ff804e20000 - 0x00007ff806329000 	C:\Windows\System32\SHELL32.dll
0x00007ff8038f0000 - 0x00007ff803fca000 	C:\Windows\System32\windows.storage.dll
0x00007ff8033a0000 - 0x00007ff8033ec000 	C:\Windows\System32\powrprof.dll
0x00007ff804a30000 - 0x00007ff804a82000 	C:\Windows\System32\shlwapi.dll
0x00007ff803390000 - 0x00007ff80339f000 	C:\Windows\System32\kernel.appcore.dll
0x00007ff803640000 - 0x00007ff8036e9000 	C:\Windows\System32\shcore.dll
0x00007ff8033f0000 - 0x00007ff803404000 	C:\Windows\System32\profapi.dll
0x0000000054a40000 - 0x0000000054bd8000 	C:\Program Files\Java\jdk1.8.0_111\jre\bin\awt.dll
0x00007ff8065d0000 - 0x00007ff80668f000 	C:\Windows\System32\OLEAUT32.dll
0x00007ff803850000 - 0x00007ff8038ec000 	C:\Windows\System32\msvcp_win.dll
0x00007ff801940000 - 0x00007ff8019ba000 	C:\Windows\SYSTEM32\apphelp.dll
0x00007ff801b10000 - 0x00007ff801ba5000 	C:\Windows\system32\uxtheme.dll
0x00007ff806470000 - 0x00007ff8065ca000 	C:\Windows\System32\MSCTF.dll
0x00007ff8011e0000 - 0x00007ff801206000 	C:\Windows\system32\dwmapi.dll
0x00007ff806330000 - 0x00007ff806467000 	C:\Windows\System32\ole32.dll
0x00000000559a0000 - 0x00000000559e7000 	C:\Program Files\Java\jdk1.8.0_111\jre\bin\fontmanager.dll
0x00007fffe5a00000 - 0x00007fffe5b8d000 	C:\Windows\system32\d3d9.dll
0x00007fffd9fe0000 - 0x00007fffdb096000 	C:\Windows\SYSTEM32\nvd3dumx.dll
0x00007ffffe300000 - 0x00007ffffe46c000 	C:\Program Files (x86)\NVIDIA Corporation\3D Vision\nvSCPAPI64.dll
0x00007ff806b00000 - 0x00007ff806f29000 	C:\Windows\System32\SETUPAPI.dll
0x00007ffffdda0000 - 0x00007ffffe0d6000 	C:\Windows\system32\nvapi64.dll
0x00007ff801fa0000 - 0x00007ff801fc8000 	C:\Windows\SYSTEM32\DEVOBJ.dll
0x00007ff8037f0000 - 0x00007ff803845000 	C:\Windows\System32\WINTRUST.dll
0x00007ff803410000 - 0x00007ff803420000 	C:\Windows\System32\MSASN1.dll
0x00007ff803fd0000 - 0x00007ff804199000 	C:\Windows\System32\CRYPT32.dll
0x00007ff802310000 - 0x00007ff8023af000 	C:\Windows\system32\dxgi.dll
0x0000000055a70000 - 0x0000000055a8a000 	C:\Program Files\Java\jdk1.8.0_111\jre\bin\net.dll
0x00007ff802c60000 - 0x00007ff802cbc000 	C:\Windows\system32\mswsock.dll
0x0000000055a50000 - 0x0000000055a61000 	C:\Program Files\Java\jdk1.8.0_111\jre\bin\nio.dll
0x0000000055950000 - 0x0000000055992000 	C:\Program Files\Java\jdk1.8.0_111\jre\bin\t2k.dll
0x00007ff806a50000 - 0x00007ff806aef000 	C:\Windows\System32\clbcatq.dll
0x00007ff800f30000 - 0x00007ff8010d8000 	C:\Windows\SYSTEM32\WindowsCodecs.dll
0x00007ffff8980000 - 0x00007ffff89c9000 	C:\Windows\system32\dataexchange.dll
0x00007fffffd20000 - 0x00007ffffffd6000 	C:\Windows\system32\d3d11.dll
0x00007ff801300000 - 0x00007ff801451000 	C:\Windows\system32\dcomp.dll
0x00007ff801db0000 - 0x00007ff801ecc000 	C:\Windows\system32\twinapi.appcore.dll
0x00007ff8032d0000 - 0x00007ff8032fb000 	C:\Windows\system32\bcrypt.dll
0x00007ff802e00000 - 0x00007ff802e17000 	C:\Windows\SYSTEM32\CRYPTSP.dll
0x00007ff802860000 - 0x00007ff802893000 	C:\Windows\system32\rsaenh.dll
0x00007ff802ae0000 - 0x00007ff802aff000 	C:\Windows\SYSTEM32\USERENV.dll
0x00007ff802e20000 - 0x00007ff802e2b000 	C:\Windows\SYSTEM32\CRYPTBASE.dll
0x00007ff8029e0000 - 0x00007ff802a18000 	C:\Windows\SYSTEM32\IPHLPAPI.DLL
0x00007ff804d60000 - 0x00007ff804d68000 	C:\Windows\System32\NSI.dll
0x00007ffffe6b0000 - 0x00007ffffe6c6000 	C:\Windows\SYSTEM32\dhcpcsvc6.DLL
0x00007ffffe690000 - 0x00007ffffe6aa000 	C:\Windows\SYSTEM32\dhcpcsvc.DLL
0x00007ffffb3d0000 - 0x00007ffffb4a2000 	C:\Windows\System32\IME\IMEKR\imkrtip.dll
0x00007ff800da0000 - 0x00007ff800f25000 	C:\Windows\SYSTEM32\PROPSYS.dll
0x00007ffffb270000 - 0x00007ffffb3c6000 	C:\Windows\System32\IME\shared\imetip.dll
0x00007ffffd270000 - 0x00007ffffd2d5000 	C:\Windows\SYSTEM32\OLEACC.dll
0x00007ffffaa20000 - 0x00007ffffabc8000 	C:\Windows\SYSTEM32\DUI70.dll
0x00007ffffc5f0000 - 0x00007ffffc628000 	C:\Windows\System32\IME\IMEKR\imkrapi.dll
0x00007ffffb570000 - 0x00007ffffb5a5000 	C:\Windows\System32\IME\shared\imjkapi.dll
0x00007ff802730000 - 0x00007ff802762000 	C:\Windows\SYSTEM32\ntmarta.dll
0x0000000055920000 - 0x000000005594a000 	C:\Program Files\Java\jdk1.8.0_111\jre\bin\dcpr.dll
0x00007ffff5f70000 - 0x00007ffff6102000 	C:\Windows\SYSTEM32\dbghelp.dll

VM Arguments:
jvm_args: -Dfile.encoding=x-windows-949 -Duser.country=KR -Duser.language=ko -Duser.variant 
java_command: kr.or.dgit.sw_project.MainApp
java_class_path (initial): C:\Users\LYJ\git\Swproject\build\classes\main;C:\Users\LYJ\git\Swproject\build\resources\main;C:\Users\LYJ\git\Swproject\src\main\resources\libraries\erp_myframework.jar;C:\Users\LYJ\git\Swproject\src\main\resources\lookandfeel\syntheticaAluOxide.jar;C:\Users\LYJ\git\Swproject\src\main\resources\lookandfeel\synthetica.jar;C:\Users\LYJ\.gradle\caches\modules-2\files-2.1\mysql\mysql-connector-java\5.1.41\b0878056f15616989144d6114d36d3942321d0d1\mysql-connector-java-5.1.41.jar;C:\Users\LYJ\.gradle\caches\modules-2\files-2.1\org.mybatis\mybatis\3.4.2\2b9a5082fe0bdb3128bab8b4b19b23ca0f3d9b38\mybatis-3.4.2.jar;C:\Users\LYJ\.gradle\caches\modules-2\files-2.1\junit\junit\4.12\2973d150c0dc1fefe998f834810d68f278ea58ec\junit-4.12.jar;C:\Users\LYJ\.gradle\caches\modules-2\files-2.1\log4j\log4j\1.2.17\5af35056b4d257e4b64b9e8069c0746e8b08629f\log4j-1.2.17.jar;C:\Users\LYJ\.gradle\caches\modules-2\files-2.1\org.hamcrest\hamcrest-core\1.3\42a25dc3219429f0e5d060061f71acb49bf010a0\hamcrest-core-1.3.jar
Launcher Type: SUN_STANDARD

Environment Variables:
JAVA_HOME=C:\Program Files\Java\jdk1.8.0_111\
PATH=C:/Program Files/Java/jre1.8.0_111/bin/server;C:/Program Files/Java/jre1.8.0_111/bin;C:/Program Files/Java/jre1.8.0_111/lib/amd64;C:\ProgramData\Oracle\Java\javapath;C:\Program Files (x86)\NVIDIA Corporation\PhysX\Common;C:\Windows\system32;C:\Windows;C:\Windows\System32\Wbem;C:\Windows\System32\WindowsPowerShell\v1.0\;C:\Program Files\Git\cmd;D:\gradle-3.4.1\bin;C:\Program Files\Java\jdk1.8.0_111\\bin;C:\Program Files\Java\jdk1.8.0_111\\bin;C:\Users\LYJ\AppData\Local\Microsoft\WindowsApps;C:\Program Files\Bandizip\7z;C:\Program Files\MySQL\MySQL Server 5.6\\bin;D:\eclipse;
USERNAME=LYJ
OS=Windows_NT
PROCESSOR_IDENTIFIER=Intel64 Family 6 Model 23 Stepping 10, GenuineIntel



---------------  S Y S T E M  ---------------

OS: Windows 10.0 , 64 bit Build 14393 (10.0.14393.0)

CPU:total 4 (4 cores per cpu, 1 threads per core) family 6 model 23 stepping 10, cmov, cx8, fxsr, mmx, sse, sse2, sse3, ssse3, sse4.1, tsc

Memory: 4k page, physical 4192492k(882708k free), swap 6682860k(918972k free)

vm_info: Java HotSpot(TM) 64-Bit Server VM (25.111-b14) for windows-amd64 JRE (1.8.0_111-b14), built on Sep 22 2016 19:24:05 by "java_re" with MS VC++ 10.0 (VS2010)

time: Thu Apr 06 17:24:45 2017
elapsed time: 5 seconds (0d 0h 0m 5s)

