#
# A fatal error has been detected by the Java Runtime Environment:
#
#  EXCEPTION_ACCESS_VIOLATION (0xc0000005) at pc=0xffffffffa3e75120, pid=3016, tid=0x00000000000014c0
#
# JRE version: Java(TM) SE Runtime Environment (8.0_111-b14) (build 1.8.0_111-b14)
# Java VM: Java HotSpot(TM) 64-Bit Server VM (25.111-b14 mixed mode windows-amd64 compressed oops)
# Problematic frame:
# C  0xffffffffa3e75120
#
# Failed to write core dump. Minidumps are not enabled by default on client versions of Windows
#
# If you would like to submit a bug report, please visit:
#   http://bugreport.java.com/bugreport/crash.jsp
#

---------------  T H R E A D  ---------------

Current thread (0x00000000174a7800):  JavaThread "AWT-EventQueue-0" [_thread_in_Java, id=5312, stack(0x0000000018020000,0x0000000018120000)]

siginfo: ExceptionCode=0xc0000005, ExceptionInformation=0x0000000000000008 0xffffffffa3e75120

Registers:
RAX=0x0000000014c88ad0, RBX=0x0000000014c88ad0, RCX=0x00000000ebc5e2a0, RDX=0x00000000ebc5e2a0
RSP=0x000000001811bd98, RBP=0x000000001811be20, RSI=0x0000000000000000, RDI=0x00000000ebca1f20
R8 =0x0000000000000118, R9 =0x00000000ebca1f08, R10=0x0000000063a5c0c0, R11=0x0000000002ffdce0
R12=0x0000000000000000, R13=0x000000001811bda8, R14=0x000000001505a508, R15=0x00000000174a7800
RIP=0xffffffffa3e75120, EFLAGS=0x0000000000010206

Top of Stack: (sp=0x000000001811bd98)
0x000000001811bd98:   0000000002e77e20 0000000002e77e20
0x000000001811bda8:   0000000000000000 00000000ebca1f20
0x000000001811bdb8:   00000000ebca1f08 0000000000000118
0x000000001811bdc8:   00000000ebc5e2a0 0000000000000118
0x000000001811bdd8:   00000000ebc9cb70 000000001811bde0
0x000000001811bde8:   0000000014c86e20 000000001811be90
0x000000001811bdf8:   0000000014c89108 000000001505a508
0x000000001811be08:   0000000014c86f40 000000001811bda8
0x000000001811be18:   000000001811bea0 00000000ebca1f08
0x000000001811be28:   0000000003155780 0000000000000000
0x000000001811be38:   0000000000000000 0000000000000000
0x000000001811be48:   0000000000000118 0000000000000400
0x000000001811be58:   0000000000000000 00000000ebc9cb70
0x000000001811be68:   0000000000000001 0000000000000000
0x000000001811be78:   00000000ebca1f20 00000000ebca1f08
0x000000001811be88:   0000000000000118 00000000ebc5e2a0 

Instructions: (pc=0xffffffffa3e75120)
0xffffffffa3e75100:   
[error occurred during error reporting (printing registers, top of stack, instructions near pc), id 0xc0000005]

Register to memory mapping:

RAX={method} {0x0000000014c88ad8} 'newNode' '(ILjava/lang/Object;Ljava/lang/Object;Ljava/util/HashMap$Node;)Ljava/util/HashMap$Node;' in 'java/util/HashMap'
RBX={method} {0x0000000014c88ad8} 'newNode' '(ILjava/lang/Object;Ljava/lang/Object;Ljava/util/HashMap$Node;)Ljava/util/HashMap$Node;' in 'java/util/HashMap'
RCX=0x00000000ebc5e2a0 is an oop
java.util.HashMap 
 - klass: 'java/util/HashMap'
RDX=0x00000000ebc5e2a0 is an oop
java.util.HashMap 
 - klass: 'java/util/HashMap'
RSP=0x000000001811bd98 is pointing into the stack for thread: 0x00000000174a7800
RBP=0x000000001811be20 is pointing into the stack for thread: 0x00000000174a7800
RSI=0x0000000000000000 is an unknown value
RDI=0x00000000ebca1f20 is an oop
java.lang.Short 
 - klass: 'java/lang/Short'
R8 =0x0000000000000118 is an unknown value
R9 =0x00000000ebca1f08 is an oop
sun.misc.ProxyGenerator$ConstantPool$IndirectEntry 
 - klass: 'sun/misc/ProxyGenerator$ConstantPool$IndirectEntry'
R10=0x0000000063a5c0c0 is an unknown value
R11=0x0000000002ffdce0 is at entry_point+32 in (nmethod*)0x0000000002ffdb50
R12=0x0000000000000000 is an unknown value
R13=0x000000001811bda8 is pointing into the stack for thread: 0x00000000174a7800
R14=0x000000001505a508 is pointing into metadata
R15=0x00000000174a7800 is a thread


Stack: [0x0000000018020000,0x0000000018120000],  sp=0x000000001811bd98,  free space=1007k
Native frames: (J=compiled Java code, j=interpreted, Vv=VM code, C=native code)
C  0xffffffffa3e75120


---------------  P R O C E S S  ---------------

Java Threads: ( => current thread )
  0x0000000018225000 JavaThread "Abandoned connection cleanup thread" daemon [_thread_blocked, id=6304, stack(0x000000001da10000,0x000000001db10000)]
  0x0000000018239000 JavaThread "SyntheticaAnimation 60" daemon [_thread_blocked, id=6412, stack(0x000000001d910000,0x000000001da10000)]
  0x0000000018e44000 JavaThread "SyntheticaAnimation 50" daemon [_thread_blocked, id=7460, stack(0x000000001cd70000,0x000000001ce70000)]
  0x0000000018e43800 JavaThread "D3D Screen Updater" daemon [_thread_blocked, id=6780, stack(0x000000001ca60000,0x000000001cb60000)]
  0x0000000018e41800 JavaThread "TimerQueue" daemon [_thread_blocked, id=3048, stack(0x000000001b4d0000,0x000000001b5d0000)]
  0x00000000179ec000 JavaThread "Image Fetcher 0" daemon [_thread_blocked, id=7360, stack(0x000000001b1d0000,0x000000001b2d0000)]
  0x0000000017855000 JavaThread "SyntheticaCleanerThread" daemon [_thread_blocked, id=712, stack(0x0000000019400000,0x0000000019500000)]
  0x0000000017560800 JavaThread "Thread-2" daemon [_thread_blocked, id=7280, stack(0x0000000018120000,0x0000000018220000)]
  0x00000000010ed800 JavaThread "DestroyJavaVM" [_thread_blocked, id=7528, stack(0x0000000002c70000,0x0000000002d70000)]
=>0x00000000174a7800 JavaThread "AWT-EventQueue-0" [_thread_in_Java, id=5312, stack(0x0000000018020000,0x0000000018120000)]
  0x00000000174a6000 JavaThread "AWT-Windows" daemon [_thread_in_native, id=4892, stack(0x0000000017e60000,0x0000000017f60000)]
  0x00000000174b0000 JavaThread "AWT-Shutdown" [_thread_blocked, id=4952, stack(0x0000000017d60000,0x0000000017e60000)]
  0x00000000174ae800 JavaThread "Java2D Disposer" daemon [_thread_blocked, id=5628, stack(0x0000000017c60000,0x0000000017d60000)]
  0x0000000016c2b800 JavaThread "Service Thread" daemon [_thread_blocked, id=6560, stack(0x0000000017190000,0x0000000017290000)]
  0x0000000016b92800 JavaThread "C1 CompilerThread2" daemon [_thread_blocked, id=1752, stack(0x0000000017090000,0x0000000017190000)]
  0x000000001559e800 JavaThread "C2 CompilerThread1" daemon [_thread_blocked, id=880, stack(0x0000000016f90000,0x0000000017090000)]
  0x000000001559c000 JavaThread "C2 CompilerThread0" daemon [_thread_blocked, id=4708, stack(0x0000000016a90000,0x0000000016b90000)]
  0x000000001559a800 JavaThread "Attach Listener" daemon [_thread_blocked, id=7524, stack(0x0000000016990000,0x0000000016a90000)]
  0x000000001554d000 JavaThread "Signal Dispatcher" daemon [_thread_blocked, id=4360, stack(0x0000000016890000,0x0000000016990000)]
  0x000000001552a800 JavaThread "Finalizer" daemon [_thread_blocked, id=4940, stack(0x0000000016790000,0x0000000016890000)]
  0x0000000002e60000 JavaThread "Reference Handler" daemon [_thread_blocked, id=8556, stack(0x0000000016690000,0x0000000016790000)]

Other Threads:
  0x0000000015507800 VMThread [stack: 0x0000000016590000,0x0000000016690000] [id=5096]
  0x0000000016c60800 WatcherThread [stack: 0x0000000017290000,0x0000000017390000] [id=9176]

VM state:not at safepoint (normal execution)

VM Mutex/Monitor currently owned by a thread: None

Heap:
 PSYoungGen      total 34816K, used 20195K [0x00000000eab00000, 0x00000000ee780000, 0x0000000100000000)
  eden space 32256K, 57% used [0x00000000eab00000,0x00000000ebd21630,0x00000000eca80000)
  from space 2560K, 63% used [0x00000000eca80000,0x00000000ecc179b0,0x00000000ecd00000)
  to   space 7680K, 0% used [0x00000000ee000000,0x00000000ee000000,0x00000000ee780000)
 ParOldGen       total 32256K, used 6462K [0x00000000c0000000, 0x00000000c1f80000, 0x00000000eab00000)
  object space 32256K, 20% used [0x00000000c0000000,0x00000000c064f9c8,0x00000000c1f80000)
 Metaspace       used 25245K, capacity 25500K, committed 25856K, reserved 1071104K
  class space    used 3182K, capacity 3263K, committed 3328K, reserved 1048576K

Card table byte_map: [0x0000000012230000,0x0000000012440000] byte_map_base: 0x0000000011c30000

Marking Bits: (ParMarkBitMap*) 0x0000000063a7a6c0
 Begin Bits: [0x00000000129a0000, 0x00000000139a0000)
 End Bits:   [0x00000000139a0000, 0x00000000149a0000)

Polling page: 0x0000000001060000

CodeCache: size=245760Kb used=8256Kb max_used=8269Kb free=237503Kb
 bounds [0x0000000002e70000, 0x0000000003690000, 0x0000000011e70000]
 total_blobs=3083 nmethods=2433 adapters=563
 compilation: enabled

Compilation events (10 events):
Event: 5.128 Thread 0x0000000016b92800 nmethod 2424 0x0000000003680b10 code [0x0000000003680ce0, 0x0000000003681458]
Event: 5.128 Thread 0x0000000016b92800 2428       3       sun.misc.ProxyGenerator$ConstantPool$IndirectEntry::<init> (21 bytes)
Event: 5.128 Thread 0x0000000016b92800 nmethod 2428 0x0000000003684450 code [0x00000000036845c0, 0x0000000003684830]
Event: 5.128 Thread 0x000000001559c000 nmethod 2429 0x0000000003684950 code [0x0000000003684aa0, 0x0000000003684bb8]
Event: 5.128 Thread 0x0000000016b92800 2430       3       sun.misc.ProxyGenerator$ConstantPool$IndirectEntry::<init> (21 bytes)
Event: 5.128 Thread 0x000000001559c000 2431       4       sun.misc.ProxyGenerator$ConstantPool$IndirectEntry::hashCode (15 bytes)
Event: 5.129 Thread 0x0000000016b92800 nmethod 2430 0x0000000003682a10 code [0x0000000003682b80, 0x0000000003682df0]
Event: 5.129 Thread 0x0000000016b92800 2427       3       sun.misc.ProxyGenerator$ConstantPool::getClass (21 bytes)
Event: 5.129 Thread 0x000000001559c000 nmethod 2431 0x0000000003682810 code [0x0000000003682940, 0x00000000036829b8]
Event: 5.129 Thread 0x0000000016b92800 nmethod 2427 0x0000000003681e90 code [0x0000000003682040, 0x0000000003682548]

GC Heap History (10 events):
Event: 3.869 GC heap before
{Heap before GC invocations=2 (full 0):
 PSYoungGen      total 18944K, used 18921K [0x00000000eab00000, 0x00000000ed000000, 0x0000000100000000)
  eden space 16384K, 100% used [0x00000000eab00000,0x00000000ebb00000,0x00000000ebb00000)
  from space 2560K, 99% used [0x00000000ebb00000,0x00000000ebd7a630,0x00000000ebd80000)
  to   space 2560K, 0% used [0x00000000ecd80000,0x00000000ecd80000,0x00000000ed000000)
 ParOldGen       total 44032K, used 1474K [0x00000000c0000000, 0x00000000c2b00000, 0x00000000eab00000)
  object space 44032K, 3% used [0x00000000c0000000,0x00000000c0170b20,0x00000000c2b00000)
 Metaspace       used 19329K, capacity 19536K, committed 19840K, reserved 1067008K
  class space    used 2530K, capacity 2620K, committed 2688K, reserved 1048576K
Event: 3.882 GC heap after
Heap after GC invocations=2 (full 0):
 PSYoungGen      total 18944K, used 2541K [0x00000000eab00000, 0x00000000ed000000, 0x0000000100000000)
  eden space 16384K, 0% used [0x00000000eab00000,0x00000000eab00000,0x00000000ebb00000)
  from space 2560K, 99% used [0x00000000ecd80000,0x00000000ecffb6c0,0x00000000ed000000)
  to   space 2560K, 0% used [0x00000000ebb00000,0x00000000ebb00000,0x00000000ebd80000)
 ParOldGen       total 44032K, used 5397K [0x00000000c0000000, 0x00000000c2b00000, 0x00000000eab00000)
  object space 44032K, 12% used [0x00000000c0000000,0x00000000c0545730,0x00000000c2b00000)
 Metaspace       used 19329K, capacity 19536K, committed 19840K, reserved 1067008K
  class space    used 2530K, capacity 2620K, committed 2688K, reserved 1048576K
}
Event: 4.009 GC heap before
{Heap before GC invocations=3 (full 0):
 PSYoungGen      total 18944K, used 8406K [0x00000000eab00000, 0x00000000ed000000, 0x0000000100000000)
  eden space 16384K, 35% used [0x00000000eab00000,0x00000000eb0ba458,0x00000000ebb00000)
  from space 2560K, 99% used [0x00000000ecd80000,0x00000000ecffb6c0,0x00000000ed000000)
  to   space 2560K, 0% used [0x00000000ebb00000,0x00000000ebb00000,0x00000000ebd80000)
 ParOldGen       total 44032K, used 5397K [0x00000000c0000000, 0x00000000c2b00000, 0x00000000eab00000)
  object space 44032K, 12% used [0x00000000c0000000,0x00000000c0545730,0x00000000c2b00000)
 Metaspace       used 20936K, capacity 21136K, committed 21248K, reserved 1067008K
  class space    used 2745K, capacity 2812K, committed 2816K, reserved 1048576K
Event: 4.017 GC heap after
Heap after GC invocations=3 (full 0):
 PSYoungGen      total 18944K, used 2265K [0x00000000eab00000, 0x00000000ed000000, 0x0000000100000000)
  eden space 16384K, 0% used [0x00000000eab00000,0x00000000eab00000,0x00000000ebb00000)
  from space 2560K, 88% used [0x00000000ebb00000,0x00000000ebd364f8,0x00000000ebd80000)
  to   space 2560K, 0% used [0x00000000ecd80000,0x00000000ecd80000,0x00000000ed000000)
 ParOldGen       total 44032K, used 7494K [0x00000000c0000000, 0x00000000c2b00000, 0x00000000eab00000)
  object space 44032K, 17% used [0x00000000c0000000,0x00000000c0751870,0x00000000c2b00000)
 Metaspace       used 20936K, capacity 21136K, committed 21248K, reserved 1067008K
  class space    used 2745K, capacity 2812K, committed 2816K, reserved 1048576K
}
Event: 4.017 GC heap before
{Heap before GC invocations=4 (full 1):
 PSYoungGen      total 18944K, used 2265K [0x00000000eab00000, 0x00000000ed000000, 0x0000000100000000)
  eden space 16384K, 0% used [0x00000000eab00000,0x00000000eab00000,0x00000000ebb00000)
  from space 2560K, 88% used [0x00000000ebb00000,0x00000000ebd364f8,0x00000000ebd80000)
  to   space 2560K, 0% used [0x00000000ecd80000,0x00000000ecd80000,0x00000000ed000000)
 ParOldGen       total 44032K, used 7494K [0x00000000c0000000, 0x00000000c2b00000, 0x00000000eab00000)
  object space 44032K, 17% used [0x00000000c0000000,0x00000000c0751870,0x00000000c2b00000)
 Metaspace       used 20936K, capacity 21136K, committed 21248K, reserved 1067008K
  class space    used 2745K, capacity 2812K, committed 2816K, reserved 1048576K
Event: 4.060 GC heap after
Heap after GC invocations=4 (full 1):
 PSYoungGen      total 18944K, used 0K [0x00000000eab00000, 0x00000000ed000000, 0x0000000100000000)
  eden space 16384K, 0% used [0x00000000eab00000,0x00000000eab00000,0x00000000ebb00000)
  from space 2560K, 0% used [0x00000000ebb00000,0x00000000ebb00000,0x00000000ebd80000)
  to   space 2560K, 0% used [0x00000000ecd80000,0x00000000ecd80000,0x00000000ed000000)
 ParOldGen       total 32256K, used 6446K [0x00000000c0000000, 0x00000000c1f80000, 0x00000000eab00000)
  object space 32256K, 19% used [0x00000000c0000000,0x00000000c064b9c8,0x00000000c1f80000)
 Metaspace       used 20936K, capacity 21136K, committed 21248K, reserved 1067008K
  class space    used 2745K, capacity 2812K, committed 2816K, reserved 1048576K
}
Event: 4.396 GC heap before
{Heap before GC invocations=5 (full 1):
 PSYoungGen      total 18944K, used 16384K [0x00000000eab00000, 0x00000000ed000000, 0x0000000100000000)
  eden space 16384K, 100% used [0x00000000eab00000,0x00000000ebb00000,0x00000000ebb00000)
  from space 2560K, 0% used [0x00000000ebb00000,0x00000000ebb00000,0x00000000ebd80000)
  to   space 2560K, 0% used [0x00000000ecd80000,0x00000000ecd80000,0x00000000ed000000)
 ParOldGen       total 32256K, used 6446K [0x00000000c0000000, 0x00000000c1f80000, 0x00000000eab00000)
  object space 32256K, 19% used [0x00000000c0000000,0x00000000c064b9c8,0x00000000c1f80000)
 Metaspace       used 22271K, capacity 22518K, committed 22784K, reserved 1069056K
  class space    used 2903K, capacity 2974K, committed 3072K, reserved 1048576K
Event: 4.400 GC heap after
Heap after GC invocations=5 (full 1):
 PSYoungGen      total 29696K, used 1539K [0x00000000eab00000, 0x00000000ecf80000, 0x0000000100000000)
  eden space 27648K, 0% used [0x00000000eab00000,0x00000000eab00000,0x00000000ec600000)
  from space 2048K, 75% used [0x00000000ecd80000,0x00000000ecf00fb8,0x00000000ecf80000)
  to   space 2560K, 0% used [0x00000000eca80000,0x00000000eca80000,0x00000000ecd00000)
 ParOldGen       total 32256K, used 6454K [0x00000000c0000000, 0x00000000c1f80000, 0x00000000eab00000)
  object space 32256K, 20% used [0x00000000c0000000,0x00000000c064d9c8,0x00000000c1f80000)
 Metaspace       used 22271K, capacity 22518K, committed 22784K, reserved 1069056K
  class space    used 2903K, capacity 2974K, committed 3072K, reserved 1048576K
}
Event: 4.601 GC heap before
{Heap before GC invocations=6 (full 1):
 PSYoungGen      total 29696K, used 29187K [0x00000000eab00000, 0x00000000ecf80000, 0x0000000100000000)
  eden space 27648K, 100% used [0x00000000eab00000,0x00000000ec600000,0x00000000ec600000)
  from space 2048K, 75% used [0x00000000ecd80000,0x00000000ecf00fb8,0x00000000ecf80000)
  to   space 2560K, 0% used [0x00000000eca80000,0x00000000eca80000,0x00000000ecd00000)
 ParOldGen       total 32256K, used 6454K [0x00000000c0000000, 0x00000000c1f80000, 0x00000000eab00000)
  object space 32256K, 20% used [0x00000000c0000000,0x00000000c064d9c8,0x00000000c1f80000)
 Metaspace       used 22569K, capacity 22812K, committed 23040K, reserved 1069056K
  class space    used 2919K, capacity 3007K, committed 3072K, reserved 1048576K
Event: 4.606 GC heap after
Heap after GC invocations=6 (full 1):
 PSYoungGen      total 34816K, used 1630K [0x00000000eab00000, 0x00000000ee780000, 0x0000000100000000)
  eden space 32256K, 0% used [0x00000000eab00000,0x00000000eab00000,0x00000000eca80000)
  from space 2560K, 63% used [0x00000000eca80000,0x00000000ecc179b0,0x00000000ecd00000)
  to   space 7680K, 0% used [0x00000000ee000000,0x00000000ee000000,0x00000000ee780000)
 ParOldGen       total 32256K, used 6462K [0x00000000c0000000, 0x00000000c1f80000, 0x00000000eab00000)
  object space 32256K, 20% used [0x00000000c0000000,0x00000000c064f9c8,0x00000000c1f80000)
 Metaspace       used 22569K, capacity 22812K, committed 23040K, reserved 1069056K
  class space    used 2919K, capacity 3007K, committed 3072K, reserved 1048576K
}

Deoptimization events (10 events):
Event: 4.136 Thread 0x00000000174a7800 Uncommon trap: reason=unstable_if action=reinterpret pc=0x0000000003419598 method=sun.net.www.ParseUtil.encodePath(Ljava/lang/String;Z)Ljava/lang/String; @ 81
Event: 4.136 Thread 0x00000000174a7800 Uncommon trap: reason=unstable_if action=reinterpret pc=0x000000000315af90 method=sun.nio.cs.UTF_8$Encoder.encode([CII[B)I @ 33
Event: 4.139 Thread 0x00000000174a7800 Uncommon trap: reason=unstable_if action=reinterpret pc=0x0000000003126664 method=sun.nio.cs.UTF_8$Encoder.encode([CII[B)I @ 33
Event: 4.154 Thread 0x00000000174a7800 Uncommon trap: reason=unstable_if action=reinterpret pc=0x000000000332f868 method=sun.net.www.ParseUtil.encodePath(Ljava/lang/String;Z)Ljava/lang/String; @ 81
Event: 4.694 Thread 0x00000000174a7800 Uncommon trap: reason=unstable_if action=reinterpret pc=0x00000000036418b8 method=java.util.Properties.getProperty(Ljava/lang/String;)Ljava/lang/String; @ 30
Event: 4.969 Thread 0x00000000174a7800 Uncommon trap: reason=unstable_if action=reinterpret pc=0x00000000034eca70 method=sun.nio.cs.ext.DoubleByte$Decoder.decodeArrayLoop(Ljava/nio/ByteBuffer;Ljava/nio/CharBuffer;)Ljava/nio/charset/CoderResult; @ 66
Event: 5.123 Thread 0x00000000174a7800 Uncommon trap: reason=unstable_if action=reinterpret pc=0x00000000031650d0 method=java.util.HashMap.getNode(ILjava/lang/Object;)Ljava/util/HashMap$Node; @ 62
Event: 5.123 Thread 0x00000000174a7800 Uncommon trap: reason=bimorphic action=maybe_recompile pc=0x0000000003333128 method=java.util.HashMap.putVal(ILjava/lang/Object;Ljava/lang/Object;ZZ)Ljava/lang/Object; @ 91
Event: 5.123 Thread 0x00000000174a7800 Uncommon trap: reason=unstable_if action=reinterpret pc=0x000000000316b560 method=java.util.HashMap.getNode(ILjava/lang/Object;)Ljava/util/HashMap$Node; @ 62
Event: 5.123 Thread 0x00000000174a7800 Uncommon trap: reason=bimorphic action=maybe_recompile pc=0x0000000003333128 method=java.util.HashMap.putVal(ILjava/lang/Object;Ljava/lang/Object;ZZ)Ljava/lang/Object; @ 91

Internal exceptions (10 events):
Event: 3.992 Thread 0x00000000174a7800 Exception <a 'java/lang/ArrayIndexOutOfBoundsException'> (0x00000000eaf97460) thrown at [C:\re\workspace\8-2-build-windows-amd64-cygwin\jdk8u111\7883\hotspot\src\share\vm\runtime\sharedRuntime.cpp, line 605]
Event: 3.992 Thread 0x00000000174a7800 Exception <a 'java/lang/ArrayIndexOutOfBoundsException'> (0x00000000eaf98838) thrown at [C:\re\workspace\8-2-build-windows-amd64-cygwin\jdk8u111\7883\hotspot\src\share\vm\runtime\sharedRuntime.cpp, line 605]
Event: 3.992 Thread 0x00000000174a7800 Exception <a 'java/lang/ArrayIndexOutOfBoundsException'> (0x00000000eafa00f8) thrown at [C:\re\workspace\8-2-build-windows-amd64-cygwin\jdk8u111\7883\hotspot\src\share\vm\runtime\sharedRuntime.cpp, line 605]
Event: 3.993 Thread 0x00000000174a7800 Exception <a 'java/lang/ArrayIndexOutOfBoundsException'> (0x00000000eafa1588) thrown at [C:\re\workspace\8-2-build-windows-amd64-cygwin\jdk8u111\7883\hotspot\src\share\vm\runtime\sharedRuntime.cpp, line 605]
Event: 3.993 Thread 0x00000000174a7800 Exception <a 'java/lang/ArrayIndexOutOfBoundsException'> (0x00000000eafa2dd8) thrown at [C:\re\workspace\8-2-build-windows-amd64-cygwin\jdk8u111\7883\hotspot\src\share\vm\runtime\sharedRuntime.cpp, line 605]
Event: 3.993 Thread 0x00000000174a7800 Exception <a 'java/lang/ArrayIndexOutOfBoundsException'> (0x00000000eafa4200) thrown at [C:\re\workspace\8-2-build-windows-amd64-cygwin\jdk8u111\7883\hotspot\src\share\vm\runtime\sharedRuntime.cpp, line 605]
Event: 3.993 Thread 0x00000000174a7800 Exception <a 'java/lang/ArrayIndexOutOfBoundsException'> (0x00000000eafa5158) thrown at [C:\re\workspace\8-2-build-windows-amd64-cygwin\jdk8u111\7883\hotspot\src\share\vm\runtime\sharedRuntime.cpp, line 605]
Event: 3.993 Thread 0x00000000174a7800 Exception <a 'java/lang/ArrayIndexOutOfBoundsException'> (0x00000000eafa65c8) thrown at [C:\re\workspace\8-2-build-windows-amd64-cygwin\jdk8u111\7883\hotspot\src\share\vm\runtime\sharedRuntime.cpp, line 605]
Event: 3.993 Thread 0x00000000174a7800 Exception <a 'java/lang/ArrayIndexOutOfBoundsException'> (0x00000000eafa7710) thrown at [C:\re\workspace\8-2-build-windows-amd64-cygwin\jdk8u111\7883\hotspot\src\share\vm\runtime\sharedRuntime.cpp, line 605]
Event: 3.993 Thread 0x00000000174a7800 Exception <a 'java/lang/ArrayIndexOutOfBoundsException'> (0x00000000eafa8a00) thrown at [C:\re\workspace\8-2-build-windows-amd64-cygwin\jdk8u111\7883\hotspot\src\share\vm\runtime\sharedRuntime.cpp, line 605]

Events (10 events):
Event: 5.123 Thread 0x00000000174a7800 DEOPT PACKING pc=0x0000000003333128 sp=0x000000001811be40
Event: 5.123 Thread 0x00000000174a7800 DEOPT UNPACKING pc=0x0000000002eb556a sp=0x000000001811bdb8 mode 2
Event: 5.123 loading class sun/misc/ProxyGenerator$ExceptionTableEntry
Event: 5.123 loading class sun/misc/ProxyGenerator$ExceptionTableEntry done
Event: 5.123 Thread 0x00000000174a7800 Uncommon trap: trap_request=0xffffff65 fr.pc=0x000000000316b560
Event: 5.123 Thread 0x00000000174a7800 DEOPT PACKING pc=0x000000000316b560 sp=0x000000001811be90
Event: 5.123 Thread 0x00000000174a7800 DEOPT UNPACKING pc=0x0000000002eb556a sp=0x000000001811be20 mode 2
Event: 5.123 Thread 0x00000000174a7800 Uncommon trap: trap_request=0xffffffc6 fr.pc=0x0000000003333128
Event: 5.123 Thread 0x00000000174a7800 DEOPT PACKING pc=0x0000000003333128 sp=0x000000001811bea0
Event: 5.123 Thread 0x00000000174a7800 DEOPT UNPACKING pc=0x0000000002eb556a sp=0x000000001811be18 mode 2


Dynamic libraries:
0x00007ff628500000 - 0x00007ff628537000 	C:\Program Files\Java\jdk1.8.0_111\bin\java.exe
0x00007ffecf490000 - 0x00007ffecf661000 	C:\Windows\SYSTEM32\ntdll.dll
0x00007ffece2b0000 - 0x00007ffece35b000 	C:\Windows\System32\KERNEL32.DLL
0x00007ffecc180000 - 0x00007ffecc39d000 	C:\Windows\System32\KERNELBASE.dll
0x00007ffecee00000 - 0x00007ffeceea2000 	C:\Windows\System32\ADVAPI32.dll
0x00007ffecf1b0000 - 0x00007ffecf24e000 	C:\Windows\System32\msvcrt.dll
0x00007ffece8f0000 - 0x00007ffece949000 	C:\Windows\System32\sechost.dll
0x00007ffeccbd0000 - 0x00007ffecccf1000 	C:\Windows\System32\RPCRT4.dll
0x00007ffecea50000 - 0x00007ffecebb5000 	C:\Windows\System32\USER32.dll
0x00007ffecc830000 - 0x00007ffecc84e000 	C:\Windows\System32\win32u.dll
0x00007ffecf250000 - 0x00007ffecf284000 	C:\Windows\System32\GDI32.dll
0x00007ffecc3a0000 - 0x00007ffecc522000 	C:\Windows\System32\gdi32full.dll
0x00007ffec5bc0000 - 0x00007ffec5e3a000 	C:\Windows\WinSxS\amd64_microsoft.windows.common-controls_6595b64144ccf1df_6.0.14393.953_none_42151e83c686086b\COMCTL32.dll
0x00007ffeceee0000 - 0x00007ffecf1a8000 	C:\Windows\System32\combase.dll
0x00007ffecc530000 - 0x00007ffecc625000 	C:\Windows\System32\ucrtbase.dll
0x00007ffecb980000 - 0x00007ffecb9ea000 	C:\Windows\System32\bcryptPrimitives.dll
0x00007ffeceeb0000 - 0x00007ffeceede000 	C:\Windows\System32\IMM32.DLL
0x0000000063e70000 - 0x0000000063f42000 	C:\Program Files\Java\jdk1.8.0_111\jre\bin\msvcr100.dll
0x0000000063260000 - 0x0000000063afa000 	C:\Program Files\Java\jdk1.8.0_111\jre\bin\server\jvm.dll
0x00007ffeccbc0000 - 0x00007ffeccbc8000 	C:\Windows\System32\PSAPI.DLL
0x00007ffec9d40000 - 0x00007ffec9d63000 	C:\Windows\SYSTEM32\WINMM.dll
0x00007ffec75f0000 - 0x00007ffec75fa000 	C:\Windows\SYSTEM32\VERSION.dll
0x00007ffec91f0000 - 0x00007ffec91f9000 	C:\Windows\SYSTEM32\WSOCK32.dll
0x00007ffecebc0000 - 0x00007ffecec2a000 	C:\Windows\System32\WS2_32.dll
0x0000000001070000 - 0x000000000109b000 	C:\Windows\SYSTEM32\WINMMBASE.dll
0x00007ffecc740000 - 0x00007ffecc782000 	C:\Windows\System32\cfgmgr32.dll
0x0000000063e60000 - 0x0000000063e6f000 	C:\Program Files\Java\jdk1.8.0_111\jre\bin\verify.dll
0x0000000063e30000 - 0x0000000063e59000 	C:\Program Files\Java\jdk1.8.0_111\jre\bin\java.dll
0x0000000063e10000 - 0x0000000063e26000 	C:\Program Files\Java\jdk1.8.0_111\jre\bin\zip.dll
0x00007ffeccd00000 - 0x00007ffece209000 	C:\Windows\System32\SHELL32.dll
0x00007ffecb9f0000 - 0x00007ffecc0ca000 	C:\Windows\System32\windows.storage.dll
0x00007ffecb930000 - 0x00007ffecb97c000 	C:\Windows\System32\powrprof.dll
0x00007ffecec30000 - 0x00007ffecec82000 	C:\Windows\System32\shlwapi.dll
0x00007ffecb8f0000 - 0x00007ffecb8ff000 	C:\Windows\System32\kernel.appcore.dll
0x00007ffecc0d0000 - 0x00007ffecc179000 	C:\Windows\System32\shcore.dll
0x00007ffecb900000 - 0x00007ffecb914000 	C:\Windows\System32\profapi.dll
0x00000000646b0000 - 0x0000000064848000 	C:\Program Files\Java\jdk1.8.0_111\jre\bin\awt.dll
0x00007ffecf290000 - 0x00007ffecf34f000 	C:\Windows\System32\OLEAUT32.dll
0x00007ffecc790000 - 0x00007ffecc82c000 	C:\Windows\System32\msvcp_win.dll
0x00007ffec9ea0000 - 0x00007ffec9f1a000 	C:\Windows\SYSTEM32\apphelp.dll
0x00007ffeca070000 - 0x00007ffeca105000 	C:\Windows\system32\uxtheme.dll
0x00007ffececa0000 - 0x00007ffecedfa000 	C:\Windows\System32\MSCTF.dll
0x00007ffec9740000 - 0x00007ffec9766000 	C:\Windows\system32\dwmapi.dll
0x00007ffecf350000 - 0x00007ffecf487000 	C:\Windows\System32\ole32.dll
0x0000000064660000 - 0x00000000646a7000 	C:\Program Files\Java\jdk1.8.0_111\jre\bin\fontmanager.dll
0x00007ffeb9b60000 - 0x00007ffeb9ced000 	C:\Windows\system32\d3d9.dll
0x00007ffe9b5a0000 - 0x00007ffe9c656000 	C:\Windows\SYSTEM32\nvd3dumx.dll
0x00007ffec7110000 - 0x00007ffec727c000 	C:\Program Files (x86)\NVIDIA Corporation\3D Vision\nvSCPAPI64.dll
0x00007ffece460000 - 0x00007ffece889000 	C:\Windows\System32\SETUPAPI.dll
0x00007ffec6c50000 - 0x00007ffec6f86000 	C:\Windows\system32\nvapi64.dll
0x00007ffeca500000 - 0x00007ffeca528000 	C:\Windows\SYSTEM32\DEVOBJ.dll
0x00007ffecc6e0000 - 0x00007ffecc735000 	C:\Windows\System32\WINTRUST.dll
0x00007ffecb920000 - 0x00007ffecb930000 	C:\Windows\System32\MSASN1.dll
0x00007ffecc850000 - 0x00007ffecca19000 	C:\Windows\System32\CRYPT32.dll
0x00007ffeca870000 - 0x00007ffeca90f000 	C:\Windows\system32\dxgi.dll
0x0000000063df0000 - 0x0000000063e0a000 	C:\Program Files\Java\jdk1.8.0_111\jre\bin\net.dll
0x00007ffecb1c0000 - 0x00007ffecb21c000 	C:\Windows\system32\mswsock.dll
0x0000000063dd0000 - 0x0000000063de1000 	C:\Program Files\Java\jdk1.8.0_111\jre\bin\nio.dll
0x0000000064610000 - 0x0000000064652000 	C:\Program Files\Java\jdk1.8.0_111\jre\bin\t2k.dll
0x00007ffece210000 - 0x00007ffece2af000 	C:\Windows\System32\clbcatq.dll
0x00007ffec94c0000 - 0x00007ffec9668000 	C:\Windows\SYSTEM32\WindowsCodecs.dll
0x00007ffeba880000 - 0x00007ffeba8c9000 	C:\Windows\system32\dataexchange.dll
0x00007ffec8970000 - 0x00007ffec8c26000 	C:\Windows\system32\d3d11.dll
0x00007ffec9860000 - 0x00007ffec99b1000 	C:\Windows\system32\dcomp.dll
0x00007ffeca310000 - 0x00007ffeca42c000 	C:\Windows\system32\twinapi.appcore.dll
0x00007ffecb830000 - 0x00007ffecb85b000 	C:\Windows\system32\bcrypt.dll
0x00007ffecb370000 - 0x00007ffecb387000 	C:\Windows\SYSTEM32\CRYPTSP.dll
0x00007ffecadc0000 - 0x00007ffecadf3000 	C:\Windows\system32\rsaenh.dll
0x00007ffecb040000 - 0x00007ffecb05f000 	C:\Windows\SYSTEM32\USERENV.dll
0x00007ffecb360000 - 0x00007ffecb36b000 	C:\Windows\SYSTEM32\CRYPTBASE.dll
0x00007ffecaf40000 - 0x00007ffecaf78000 	C:\Windows\SYSTEM32\IPHLPAPI.DLL
0x00007ffecec90000 - 0x00007ffecec98000 	C:\Windows\System32\NSI.dll
0x00007ffec7090000 - 0x00007ffec70a6000 	C:\Windows\SYSTEM32\dhcpcsvc6.DLL
0x00007ffec6c30000 - 0x00007ffec6c4a000 	C:\Windows\SYSTEM32\dhcpcsvc.DLL
0x00007ffebc100000 - 0x00007ffebc1d2000 	C:\Windows\System32\IME\IMEKR\imkrtip.dll
0x00007ffec92d0000 - 0x00007ffec9455000 	C:\Windows\SYSTEM32\PROPSYS.dll
0x00007ffebad60000 - 0x00007ffebaeb6000 	C:\Windows\System32\IME\shared\imetip.dll
0x00007ffec5fb0000 - 0x00007ffec6015000 	C:\Windows\SYSTEM32\OLEACC.dll
0x00007ffeba1b0000 - 0x00007ffeba358000 	C:\Windows\SYSTEM32\DUI70.dll
0x00007ffec2030000 - 0x00007ffec2068000 	C:\Windows\System32\IME\IMEKR\imkrapi.dll
0x00007ffec1ff0000 - 0x00007ffec2025000 	C:\Windows\System32\IME\shared\imjkapi.dll
0x00007ffecac90000 - 0x00007ffecacc2000 	C:\Windows\SYSTEM32\ntmarta.dll
0x00000000645e0000 - 0x000000006460a000 	C:\Program Files\Java\jdk1.8.0_111\jre\bin\dcpr.dll
0x00007ffecaf80000 - 0x00007ffecb021000 	C:\Windows\SYSTEM32\DNSAPI.dll
0x00007ffec2990000 - 0x00007ffec299a000 	C:\Windows\System32\rasadhlp.dll
0x00007ffec53c0000 - 0x00007ffec542a000 	C:\Windows\System32\fwpuclnt.dll
0x00007ffec5a20000 - 0x00007ffec5bb2000 	C:\Windows\SYSTEM32\dbghelp.dll

VM Arguments:
jvm_args: -Dfile.encoding=x-windows-949 -Duser.country=KR -Duser.language=ko -Duser.variant 
java_command: kr.or.dgit.sw_project.MainApp
java_class_path (initial): D:\workspace_project\sw_project\build\classes\main;D:\workspace_project\sw_project\build\resources\main;D:\workspace_project\sw_project\src\main\resources\kr\or\dgit\sw_project\libraries\DatePanel.jar;D:\workspace_project\sw_project\src\main\resources\kr\or\dgit\sw_project\libraries\erp_myframework.jar;D:\workspace_project\sw_project\src\main\resources\kr\or\dgit\sw_project\lookandfeel\syntheticaAluOxide.jar;D:\workspace_project\sw_project\src\main\resources\kr\or\dgit\sw_project\lookandfeel\synthetica.jar;D:\workspace_project\sw_project\src\main\resources\kr\or\dgit\sw_project\libraries\swingx-1.6.5.jar;D:\workspace_project\sw_project\src\main\resources\kr\or\dgit\sw_project\libraries\syntheticaAddons.jar;D:\workspace_project\sw_project\src\main\resources\kr\or\dgit\sw_project\libraries\syntheticaAluOxideAddon.jar;C:\Users\HKM\.gradle\caches\modules-2\files-2.1\mysql\mysql-connector-java\5.1.41\b0878056f15616989144d6114d36d3942321d0d1\mysql-connector-java-5.1.41.jar;C:\Users\HKM\.gradle\caches\modules-2\files-2.1\org.mybatis\mybatis\3.4.2\2b9a5082fe0bdb3128bab8b4b19b23ca0f3d9b38\mybatis-3.4.2.jar;C:\Users\HKM\.gradle\caches\modules-2\files-2.1\junit\junit\4.12\2973d150c0dc1fefe998f834810d68f278ea58ec\junit-4.12.jar;C:\Users\HKM\.gradle\caches\modules-2\files-2.1\log4j\log4j\1.2.17\5af35056b4d257e4b64b9e8069c0746e8b08629f\log4j-1.2.17.jar;C:\Users\HKM\.gradle\caches\modules-2\files-2.1\org.hamcrest\hamcrest-core\1.3\42a25dc3219429f0e5d060061f71acb49bf010a0\hamcrest-core-1.3.jar
Launcher Type: SUN_STANDARD

Environment Variables:
JAVA_HOME=C:\Program Files\Java\jdk1.8.0_111
PATH=C:/Program Files/Java/jre1.8.0_111/bin/server;C:/Program Files/Java/jre1.8.0_111/bin;C:/Program Files/Java/jre1.8.0_111/lib/amd64;C:\Program Files\MySQL\MySQL Server 5.6\bin;C:\ProgramData\Oracle\Java\javapath;C:\Program Files (x86)\NVIDIA Corporation\PhysX\Common;C:\Windows\system32;C:\Windows;C:\Windows\System32\Wbem;C:\Windows\System32\WindowsPowerShell\v1.0\;C:\Program Files\Java\jdk1.8.0_111\bin;C:\Program Files\Git\cmd;D:\gradle-3.4.1\bin;C:\Users\HKM\AppData\Local\Microsoft\WindowsApps;C:\Program Files\Bandizip\7z;D:\program\eclipse_java;
USERNAME=HKM
OS=Windows_NT
PROCESSOR_IDENTIFIER=Intel64 Family 6 Model 23 Stepping 10, GenuineIntel



---------------  S Y S T E M  ---------------

OS: Windows 10.0 , 64 bit Build 14393 (10.0.14393.0)

CPU:total 4 (4 cores per cpu, 1 threads per core) family 6 model 23 stepping 10, cmov, cx8, fxsr, mmx, sse, sse2, sse3, ssse3, sse4.1, tsc

Memory: 4k page, physical 4192492k(1230960k free), swap 6682860k(1785620k free)

vm_info: Java HotSpot(TM) 64-Bit Server VM (25.111-b14) for windows-amd64 JRE (1.8.0_111-b14), built on Sep 22 2016 19:24:05 by "java_re" with MS VC++ 10.0 (VS2010)

time: Tue Apr 11 09:51:43 2017
elapsed time: 5 seconds (0d 0h 0m 5s)

