#
# A fatal error has been detected by the Java Runtime Environment:
#
#  EXCEPTION_ACCESS_VIOLATION (0xc0000005) at pc=0xffffffffa4535120, pid=412, tid=0x0000000000002390
#
# JRE version: Java(TM) SE Runtime Environment (8.0_111-b14) (build 1.8.0_111-b14)
# Java VM: Java HotSpot(TM) 64-Bit Server VM (25.111-b14 mixed mode windows-amd64 compressed oops)
# Problematic frame:
# C  0xffffffffa4535120
#
# Failed to write core dump. Minidumps are not enabled by default on client versions of Windows
#
# If you would like to submit a bug report, please visit:
#   http://bugreport.java.com/bugreport/crash.jsp
#

---------------  T H R E A D  ---------------

Current thread (0x0000000017bf3000):  JavaThread "AWT-EventQueue-0" [_thread_in_Java, id=9104, stack(0x0000000018800000,0x0000000018900000)]

siginfo: ExceptionCode=0xc0000005, ExceptionInformation=0x0000000000000008 0xffffffffa4535120

Registers:
RAX=0x000000001e778af0, RBX=0x000000001e778af0, RCX=0x00000000eb0c2d70, RDX=0x00000000eb0c2d70
RSP=0x00000000188fbf88, RBP=0x00000000188fbff0, RSI=0x00000000eb0c30c8, RDI=0x0000000000002338
R8 =0x0000000000000013, R9 =0x00000000eaf089c8, R10=0x000000007416c0c0, R11=0x0000000003d97560
R12=0x0000000000000000, R13=0x00000000188fbfa0, R14=0x00000000188fc010, R15=0x0000000017bf3000
RIP=0xffffffffa4535120, EFLAGS=0x0000000000010206

Top of Stack: (sp=0x00000000188fbf88)
0x00000000188fbf88:   000000000353809d 0000000003537a10
0x00000000188fbf98:   000000000353809d 0000000000000013
0x00000000188fbfa8:   00000000eb0c2d70 00000000188fbfb0
0x00000000188fbfb8:   000000001e73ee0c 00000000188fc010
0x00000000188fbfc8:   000000001e770270 000000001e78d280
0x00000000188fbfd8:   000000001e73ee28 00000000188fbfa0
0x00000000188fbfe8:   00000000188fc000 00000000188fc058
0x00000000188fbff8:   000000000353809d 00000000eb0c2d70
0x00000000188fc008:   0000000000000463 00000000eafb1358
0x00000000188fc018:   00000000188fc018 000000001e73efb5
0x00000000188fc028:   00000000188fc078 000000001e770270
0x00000000188fc038:   0000000000000000 000000001e73efe0
0x00000000188fc048:   00000000188fc000 00000000188fc068
0x00000000188fc058:   00000000188fc0c0 000000000353809d
0x00000000188fc068:   00000000eb0c2d70 00000000c040baf0
0x00000000188fc078:   00000000eafb1358 00000000188fc080 

Instructions: (pc=0xffffffffa4535120)
0xffffffffa4535100:   
[error occurred during error reporting (printing registers, top of stack, instructions near pc), id 0xc0000005]

Register to memory mapping:

RAX={method} {0x000000001e778af8} 'writeByte' '(I)V' in 'java/io/DataOutputStream'
RBX={method} {0x000000001e778af8} 'writeByte' '(I)V' in 'java/io/DataOutputStream'
RCX=0x00000000eb0c2d70 is an oop
java.io.DataOutputStream 
 - klass: 'java/io/DataOutputStream'
RDX=0x00000000eb0c2d70 is an oop
java.io.DataOutputStream 
 - klass: 'java/io/DataOutputStream'
RSP=0x00000000188fbf88 is pointing into the stack for thread: 0x0000000017bf3000
RBP=0x00000000188fbff0 is pointing into the stack for thread: 0x0000000017bf3000
RSI=0x00000000eb0c30c8 is an oop
java.lang.Short 
 - klass: 'java/lang/Short'
RDI=0x0000000000002338 is an unknown value
R8 =0x0000000000000013 is an unknown value
R9 =0x00000000eaf089c8 is an oop
java.lang.Class 
 - klass: 'java/lang/Class'
R10=0x000000007416c0c0 is an unknown value
R11=0x0000000003d97560 is at entry_point+32 in (nmethod*)0x0000000003d973d0
R12=0x0000000000000000 is an unknown value
R13=0x00000000188fbfa0 is pointing into the stack for thread: 0x0000000017bf3000
R14=0x00000000188fc010 is pointing into the stack for thread: 0x0000000017bf3000
R15=0x0000000017bf3000 is a thread


Stack: [0x0000000018800000,0x0000000018900000],  sp=0x00000000188fbf88,  free space=1007k
Native frames: (J=compiled Java code, j=interpreted, Vv=VM code, C=native code)
C  0xffffffffa4535120


---------------  P R O C E S S  ---------------

Java Threads: ( => current thread )
  0x000000001c4dd000 JavaThread "Abandoned connection cleanup thread" daemon [_thread_blocked, id=12192, stack(0x000000001e480000,0x000000001e580000)]
  0x000000001c4b9000 JavaThread "SyntheticaAnimation 60" daemon [_thread_blocked, id=1432, stack(0x000000001df80000,0x000000001e080000)]
  0x000000001c33d000 JavaThread "SyntheticaAnimation 50" daemon [_thread_blocked, id=11044, stack(0x000000001d3d0000,0x000000001d4d0000)]
  0x000000001c36a800 JavaThread "D3D Screen Updater" daemon [_thread_blocked, id=7984, stack(0x000000001d2c0000,0x000000001d3c0000)]
  0x000000001c197000 JavaThread "TimerQueue" daemon [_thread_blocked, id=8520, stack(0x000000001c8f0000,0x000000001c9f0000)]
  0x0000000017f71800 JavaThread "Image Fetcher 0" daemon [_thread_blocked, id=6464, stack(0x000000001b620000,0x000000001b720000)]
  0x00000000180a8800 JavaThread "SyntheticaCleanerThread" daemon [_thread_blocked, id=1084, stack(0x0000000019be0000,0x0000000019ce0000)]
  0x0000000017c98000 JavaThread "Thread-2" daemon [_thread_blocked, id=9700, stack(0x0000000018900000,0x0000000018a00000)]
  0x000000000141d800 JavaThread "DestroyJavaVM" [_thread_blocked, id=9484, stack(0x0000000003330000,0x0000000003430000)]
=>0x0000000017bf3000 JavaThread "AWT-EventQueue-0" [_thread_in_Java, id=9104, stack(0x0000000018800000,0x0000000018900000)]
  0x0000000017bf1000 JavaThread "AWT-Windows" daemon [_thread_in_native, id=5144, stack(0x00000000185a0000,0x00000000186a0000)]
  0x0000000017c0c800 JavaThread "AWT-Shutdown" [_thread_blocked, id=8232, stack(0x00000000184a0000,0x00000000185a0000)]
  0x0000000017c0b800 JavaThread "Java2D Disposer" daemon [_thread_blocked, id=5872, stack(0x00000000183a0000,0x00000000184a0000)]
  0x000000001736b000 JavaThread "Service Thread" daemon [_thread_blocked, id=9164, stack(0x00000000178d0000,0x00000000179d0000)]
  0x00000000172d2800 JavaThread "C1 CompilerThread2" daemon [_thread_blocked, id=6732, stack(0x00000000177d0000,0x00000000178d0000)]
  0x0000000015c5d000 JavaThread "C2 CompilerThread1" daemon [_thread_blocked, id=6508, stack(0x00000000176d0000,0x00000000177d0000)]
  0x0000000015c5a800 JavaThread "C2 CompilerThread0" daemon [_thread_blocked, id=11340, stack(0x00000000171d0000,0x00000000172d0000)]
  0x0000000015c58800 JavaThread "Attach Listener" daemon [_thread_blocked, id=11016, stack(0x00000000170d0000,0x00000000171d0000)]
  0x0000000015c0d000 JavaThread "Signal Dispatcher" daemon [_thread_blocked, id=3400, stack(0x0000000016fd0000,0x00000000170d0000)]
  0x000000000352b000 JavaThread "Finalizer" daemon [_thread_blocked, id=12884, stack(0x0000000016e50000,0x0000000016f50000)]
  0x0000000003520000 JavaThread "Reference Handler" daemon [_thread_blocked, id=7452, stack(0x0000000016d50000,0x0000000016e50000)]

Other Threads:
  0x0000000015bc7000 VMThread [stack: 0x0000000016c50000,0x0000000016d50000] [id=2092]
  0x00000000173b2000 WatcherThread [stack: 0x00000000179d0000,0x0000000017ad0000] [id=10652]

VM state:not at safepoint (normal execution)

VM Mutex/Monitor currently owned by a thread: None

Heap:
 PSYoungGen      total 48640K, used 9339K [0x00000000eab00000, 0x00000000eeb00000, 0x0000000100000000)
  eden space 41472K, 16% used [0x00000000eab00000,0x00000000eb1a2768,0x00000000ed380000)
  from space 7168K, 35% used [0x00000000eda80000,0x00000000edcfc7d0,0x00000000ee180000)
  to   space 7168K, 0% used [0x00000000ed380000,0x00000000ed380000,0x00000000eda80000)
 ParOldGen       total 34304K, used 6449K [0x00000000c0000000, 0x00000000c2180000, 0x00000000eab00000)
  object space 34304K, 18% used [0x00000000c0000000,0x00000000c064c648,0x00000000c2180000)
 Metaspace       used 25531K, capacity 25744K, committed 26112K, reserved 1073152K
  class space    used 3203K, capacity 3297K, committed 3328K, reserved 1048576K

Card table byte_map: [0x00000000128f0000,0x0000000012b00000] byte_map_base: 0x00000000122f0000

Marking Bits: (ParMarkBitMap*) 0x000000007418a6c0
 Begin Bits: [0x0000000013060000, 0x0000000014060000)
 End Bits:   [0x0000000014060000, 0x0000000015060000)

Polling page: 0x0000000001450000

CodeCache: size=245760Kb used=8775Kb max_used=8789Kb free=236984Kb
 bounds [0x0000000003530000, 0x0000000003dd0000, 0x0000000012530000]
 total_blobs=3234 nmethods=2583 adapters=564
 compilation: enabled

Compilation events (10 events):
Event: 6.368 Thread 0x00000000172d2800 nmethod 2582 0x0000000003dbb6d0 code [0x0000000003dbb960, 0x0000000003dbc6e8]
Event: 6.368 Thread 0x00000000172d2800 2584       3       sun.misc.ProxyGenerator$ConstantPool::getFieldRef (33 bytes)
Event: 6.369 Thread 0x00000000172d2800 nmethod 2584 0x0000000003dbd1d0 code [0x0000000003dbd460, 0x0000000003dbe1e8]
Event: 6.369 Thread 0x00000000172d2800 2587       3       sun.misc.ProxyGenerator::access$600 (5 bytes)
Event: 6.369 Thread 0x00000000172d2800 nmethod 2587 0x0000000003da5a90 code [0x0000000003da5c00, 0x0000000003da5e30]
Event: 6.369 Thread 0x00000000172d2800 2588       3       sun.misc.ProxyGenerator::getWordsPerType (18 bytes)
Event: 6.369 Thread 0x00000000172d2800 nmethod 2588 0x0000000003db67d0 code [0x0000000003db6920, 0x0000000003db6af0]
Event: 6.369 Thread 0x00000000172d2800 2589       3       sun.misc.ProxyGenerator$ProxyMethod::codeWrapArgument (171 bytes)
Event: 6.370 Thread 0x0000000015c5d000 nmethod 2581 0x0000000003db5c90 code [0x0000000003db5e00, 0x0000000003db64c8]
Event: 6.370 Thread 0x0000000015c5d000 2590       4       sun.misc.ProxyGenerator$ConstantPool::getIndirect (67 bytes)

GC Heap History (10 events):
Event: 4.563 GC heap before
{Heap before GC invocations=3 (full 0):
 PSYoungGen      total 18944K, used 8380K [0x00000000eab00000, 0x00000000ec000000, 0x0000000100000000)
  eden space 16384K, 35% used [0x00000000eab00000,0x00000000eb0b3c98,0x00000000ebb00000)
  from space 2560K, 99% used [0x00000000ebd80000,0x00000000ebffb6c0,0x00000000ec000000)
  to   space 2560K, 0% used [0x00000000ebb00000,0x00000000ebb00000,0x00000000ebd80000)
 ParOldGen       total 44032K, used 5196K [0x00000000c0000000, 0x00000000c2b00000, 0x00000000eab00000)
  object space 44032K, 11% used [0x00000000c0000000,0x00000000c05130e8,0x00000000c2b00000)
 Metaspace       used 20894K, capacity 21076K, committed 21248K, reserved 1067008K
  class space    used 2738K, capacity 2812K, committed 2816K, reserved 1048576K
Event: 4.572 GC heap after
Heap after GC invocations=3 (full 0):
 PSYoungGen      total 18944K, used 2557K [0x00000000eab00000, 0x00000000ed000000, 0x0000000100000000)
  eden space 16384K, 0% used [0x00000000eab00000,0x00000000eab00000,0x00000000ebb00000)
  from space 2560K, 99% used [0x00000000ebb00000,0x00000000ebd7f6d0,0x00000000ebd80000)
  to   space 2560K, 0% used [0x00000000ecd80000,0x00000000ecd80000,0x00000000ed000000)
 ParOldGen       total 44032K, used 5942K [0x00000000c0000000, 0x00000000c2b00000, 0x00000000eab00000)
  object space 44032K, 13% used [0x00000000c0000000,0x00000000c05cda00,0x00000000c2b00000)
 Metaspace       used 20894K, capacity 21076K, committed 21248K, reserved 1067008K
  class space    used 2738K, capacity 2812K, committed 2816K, reserved 1048576K
}
Event: 4.572 GC heap before
{Heap before GC invocations=4 (full 1):
 PSYoungGen      total 18944K, used 2557K [0x00000000eab00000, 0x00000000ed000000, 0x0000000100000000)
  eden space 16384K, 0% used [0x00000000eab00000,0x00000000eab00000,0x00000000ebb00000)
  from space 2560K, 99% used [0x00000000ebb00000,0x00000000ebd7f6d0,0x00000000ebd80000)
  to   space 2560K, 0% used [0x00000000ecd80000,0x00000000ecd80000,0x00000000ed000000)
 ParOldGen       total 44032K, used 5942K [0x00000000c0000000, 0x00000000c2b00000, 0x00000000eab00000)
  object space 44032K, 13% used [0x00000000c0000000,0x00000000c05cda00,0x00000000c2b00000)
 Metaspace       used 20894K, capacity 21076K, committed 21248K, reserved 1067008K
  class space    used 2738K, capacity 2812K, committed 2816K, reserved 1048576K
Event: 4.629 GC heap after
Heap after GC invocations=4 (full 1):
 PSYoungGen      total 18944K, used 0K [0x00000000eab00000, 0x00000000ed000000, 0x0000000100000000)
  eden space 16384K, 0% used [0x00000000eab00000,0x00000000eab00000,0x00000000ebb00000)
  from space 2560K, 0% used [0x00000000ebb00000,0x00000000ebb00000,0x00000000ebd80000)
  to   space 2560K, 0% used [0x00000000ecd80000,0x00000000ecd80000,0x00000000ed000000)
 ParOldGen       total 34304K, used 6425K [0x00000000c0000000, 0x00000000c2180000, 0x00000000eab00000)
  object space 34304K, 18% used [0x00000000c0000000,0x00000000c0646648,0x00000000c2180000)
 Metaspace       used 20894K, capacity 21076K, committed 21248K, reserved 1067008K
  class space    used 2738K, capacity 2812K, committed 2816K, reserved 1048576K
}
Event: 5.149 GC heap before
{Heap before GC invocations=5 (full 1):
 PSYoungGen      total 18944K, used 16384K [0x00000000eab00000, 0x00000000ed000000, 0x0000000100000000)
  eden space 16384K, 100% used [0x00000000eab00000,0x00000000ebb00000,0x00000000ebb00000)
  from space 2560K, 0% used [0x00000000ebb00000,0x00000000ebb00000,0x00000000ebd80000)
  to   space 2560K, 0% used [0x00000000ecd80000,0x00000000ecd80000,0x00000000ed000000)
 ParOldGen       total 34304K, used 6425K [0x00000000c0000000, 0x00000000c2180000, 0x00000000eab00000)
  object space 34304K, 18% used [0x00000000c0000000,0x00000000c0646648,0x00000000c2180000)
 Metaspace       used 21925K, capacity 22170K, committed 22400K, reserved 1069056K
  class space    used 2861K, capacity 2942K, committed 2944K, reserved 1048576K
Event: 5.152 GC heap after
Heap after GC invocations=5 (full 1):
 PSYoungGen      total 27136K, used 1258K [0x00000000eab00000, 0x00000000ecf00000, 0x0000000100000000)
  eden space 25600K, 0% used [0x00000000eab00000,0x00000000eab00000,0x00000000ec400000)
  from space 1536K, 81% used [0x00000000ecd80000,0x00000000ecebab10,0x00000000ecf00000)
  to   space 2560K, 0% used [0x00000000eca00000,0x00000000eca00000,0x00000000ecc80000)
 ParOldGen       total 34304K, used 6433K [0x00000000c0000000, 0x00000000c2180000, 0x00000000eab00000)
  object space 34304K, 18% used [0x00000000c0000000,0x00000000c0648648,0x00000000c2180000)
 Metaspace       used 21925K, capacity 22170K, committed 22400K, reserved 1069056K
  class space    used 2861K, capacity 2942K, committed 2944K, reserved 1048576K
}
Event: 5.520 GC heap before
{Heap before GC invocations=6 (full 1):
 PSYoungGen      total 27136K, used 26858K [0x00000000eab00000, 0x00000000ecf00000, 0x0000000100000000)
  eden space 25600K, 100% used [0x00000000eab00000,0x00000000ec400000,0x00000000ec400000)
  from space 1536K, 81% used [0x00000000ecd80000,0x00000000ecebab10,0x00000000ecf00000)
  to   space 2560K, 0% used [0x00000000eca00000,0x00000000eca00000,0x00000000ecc80000)
 ParOldGen       total 34304K, used 6433K [0x00000000c0000000, 0x00000000c2180000, 0x00000000eab00000)
  object space 34304K, 18% used [0x00000000c0000000,0x00000000c0648648,0x00000000c2180000)
 Metaspace       used 22599K, capacity 22916K, committed 23296K, reserved 1069056K
  class space    used 2926K, capacity 3039K, committed 3072K, reserved 1048576K
Event: 5.532 GC heap after
Heap after GC invocations=6 (full 1):
 PSYoungGen      total 34304K, used 1705K [0x00000000eab00000, 0x00000000ee180000, 0x0000000100000000)
  eden space 31744K, 0% used [0x00000000eab00000,0x00000000eab00000,0x00000000eca00000)
  from space 2560K, 66% used [0x00000000eca00000,0x00000000ecbaa718,0x00000000ecc80000)
  to   space 7168K, 0% used [0x00000000eda80000,0x00000000eda80000,0x00000000ee180000)
 ParOldGen       total 34304K, used 6441K [0x00000000c0000000, 0x00000000c2180000, 0x00000000eab00000)
  object space 34304K, 18% used [0x00000000c0000000,0x00000000c064a648,0x00000000c2180000)
 Metaspace       used 22599K, capacity 22916K, committed 23296K, reserved 1069056K
  class space    used 2926K, capacity 3039K, committed 3072K, reserved 1048576K
}
Event: 5.923 GC heap before
{Heap before GC invocations=7 (full 1):
 PSYoungGen      total 34304K, used 33449K [0x00000000eab00000, 0x00000000ee180000, 0x0000000100000000)
  eden space 31744K, 100% used [0x00000000eab00000,0x00000000eca00000,0x00000000eca00000)
  from space 2560K, 66% used [0x00000000eca00000,0x00000000ecbaa718,0x00000000ecc80000)
  to   space 7168K, 0% used [0x00000000eda80000,0x00000000eda80000,0x00000000ee180000)
 ParOldGen       total 34304K, used 6441K [0x00000000c0000000, 0x00000000c2180000, 0x00000000eab00000)
  object space 34304K, 18% used [0x00000000c0000000,0x00000000c064a648,0x00000000c2180000)
 Metaspace       used 23976K, capacity 24272K, committed 24704K, reserved 1071104K
  class space    used 3026K, capacity 3105K, committed 3200K, reserved 1048576K
Event: 5.930 GC heap after
Heap after GC invocations=7 (full 1):
 PSYoungGen      total 48640K, used 2545K [0x00000000eab00000, 0x00000000eeb00000, 0x0000000100000000)
  eden space 41472K, 0% used [0x00000000eab00000,0x00000000eab00000,0x00000000ed380000)
  from space 7168K, 35% used [0x00000000eda80000,0x00000000edcfc7d0,0x00000000ee180000)
  to   space 7168K, 0% used [0x00000000ed380000,0x00000000ed380000,0x00000000eda80000)
 ParOldGen       total 34304K, used 6449K [0x00000000c0000000, 0x00000000c2180000, 0x00000000eab00000)
  object space 34304K, 18% used [0x00000000c0000000,0x00000000c064c648,0x00000000c2180000)
 Metaspace       used 23976K, capacity 24272K, committed 24704K, reserved 1071104K
  class space    used 3026K, capacity 3105K, committed 3200K, reserved 1048576K
}

Deoptimization events (10 events):
Event: 4.742 Thread 0x0000000017bf3000 Uncommon trap: reason=unstable_if action=reinterpret pc=0x0000000003823c50 method=sun.nio.cs.UTF_8$Encoder.encode([CII[B)I @ 33
Event: 4.747 Thread 0x0000000017bf3000 Uncommon trap: reason=unstable_if action=reinterpret pc=0x000000000380b7a4 method=sun.nio.cs.UTF_8$Encoder.encode([CII[B)I @ 33
Event: 4.770 Thread 0x0000000017bf3000 Uncommon trap: reason=unstable_if action=reinterpret pc=0x0000000003a021e8 method=sun.net.www.ParseUtil.encodePath(Ljava/lang/String;Z)Ljava/lang/String; @ 81
Event: 5.816 Thread 0x0000000017bf3000 Uncommon trap: reason=unstable_if action=reinterpret pc=0x0000000003cee0b8 method=java.util.Properties.getProperty(Ljava/lang/String;)Ljava/lang/String; @ 30
Event: 6.077 Thread 0x0000000017bf3000 Uncommon trap: reason=predicate action=maybe_recompile pc=0x0000000003c37498 method=sun.net.www.ParseUtil.encodePath(Ljava/lang/String;Z)Ljava/lang/String; @ 36
Event: 6.102 Thread 0x0000000017bf3000 Uncommon trap: reason=unstable_if action=reinterpret pc=0x0000000003ba5c70 method=sun.nio.cs.ext.DoubleByte$Decoder.decodeArrayLoop(Ljava/nio/ByteBuffer;Ljava/nio/CharBuffer;)Ljava/nio/charset/CoderResult; @ 66
Event: 6.303 Thread 0x0000000017bf3000 Uncommon trap: reason=unstable_if action=reinterpret pc=0x000000000388a430 method=java.util.HashMap.getNode(ILjava/lang/Object;)Ljava/util/HashMap$Node; @ 62
Event: 6.303 Thread 0x0000000017bf3000 Uncommon trap: reason=bimorphic action=maybe_recompile pc=0x00000000039f4768 method=java.util.HashMap.putVal(ILjava/lang/Object;Ljava/lang/Object;ZZ)Ljava/lang/Object; @ 91
Event: 6.303 Thread 0x0000000017bf3000 Uncommon trap: reason=unstable_if action=reinterpret pc=0x0000000003886cd0 method=java.util.HashMap.getNode(ILjava/lang/Object;)Ljava/util/HashMap$Node; @ 62
Event: 6.303 Thread 0x0000000017bf3000 Uncommon trap: reason=bimorphic action=maybe_recompile pc=0x00000000039f4768 method=java.util.HashMap.putVal(ILjava/lang/Object;Ljava/lang/Object;ZZ)Ljava/lang/Object; @ 91

Internal exceptions (10 events):
Event: 4.553 Thread 0x0000000017bf3000 Exception <a 'java/lang/ArrayIndexOutOfBoundsException'> (0x00000000eafc5eb0) thrown at [C:\re\workspace\8-2-build-windows-amd64-cygwin\jdk8u111\7883\hotspot\src\share\vm\runtime\sharedRuntime.cpp, line 605]
Event: 4.553 Thread 0x0000000017bf3000 Exception <a 'java/lang/ArrayIndexOutOfBoundsException'> (0x00000000eafc7288) thrown at [C:\re\workspace\8-2-build-windows-amd64-cygwin\jdk8u111\7883\hotspot\src\share\vm\runtime\sharedRuntime.cpp, line 605]
Event: 4.554 Thread 0x0000000017bf3000 Exception <a 'java/lang/ArrayIndexOutOfBoundsException'> (0x00000000eafceb48) thrown at [C:\re\workspace\8-2-build-windows-amd64-cygwin\jdk8u111\7883\hotspot\src\share\vm\runtime\sharedRuntime.cpp, line 605]
Event: 4.554 Thread 0x0000000017bf3000 Exception <a 'java/lang/ArrayIndexOutOfBoundsException'> (0x00000000eafcffd8) thrown at [C:\re\workspace\8-2-build-windows-amd64-cygwin\jdk8u111\7883\hotspot\src\share\vm\runtime\sharedRuntime.cpp, line 605]
Event: 4.554 Thread 0x0000000017bf3000 Exception <a 'java/lang/ArrayIndexOutOfBoundsException'> (0x00000000eafd1828) thrown at [C:\re\workspace\8-2-build-windows-amd64-cygwin\jdk8u111\7883\hotspot\src\share\vm\runtime\sharedRuntime.cpp, line 605]
Event: 4.554 Thread 0x0000000017bf3000 Exception <a 'java/lang/ArrayIndexOutOfBoundsException'> (0x00000000eafd2c80) thrown at [C:\re\workspace\8-2-build-windows-amd64-cygwin\jdk8u111\7883\hotspot\src\share\vm\runtime\sharedRuntime.cpp, line 605]
Event: 4.554 Thread 0x0000000017bf3000 Exception <a 'java/lang/ArrayIndexOutOfBoundsException'> (0x00000000eafd3bd8) thrown at [C:\re\workspace\8-2-build-windows-amd64-cygwin\jdk8u111\7883\hotspot\src\share\vm\runtime\sharedRuntime.cpp, line 605]
Event: 4.554 Thread 0x0000000017bf3000 Exception <a 'java/lang/ArrayIndexOutOfBoundsException'> (0x00000000eafd4fb8) thrown at [C:\re\workspace\8-2-build-windows-amd64-cygwin\jdk8u111\7883\hotspot\src\share\vm\runtime\sharedRuntime.cpp, line 605]
Event: 4.554 Thread 0x0000000017bf3000 Exception <a 'java/lang/ArrayIndexOutOfBoundsException'> (0x00000000eafd6100) thrown at [C:\re\workspace\8-2-build-windows-amd64-cygwin\jdk8u111\7883\hotspot\src\share\vm\runtime\sharedRuntime.cpp, line 605]
Event: 4.554 Thread 0x0000000017bf3000 Exception <a 'java/lang/ArrayIndexOutOfBoundsException'> (0x00000000eafd73f0) thrown at [C:\re\workspace\8-2-build-windows-amd64-cygwin\jdk8u111\7883\hotspot\src\share\vm\runtime\sharedRuntime.cpp, line 605]

Events (10 events):
Event: 6.349 loading class java/lang/StringIndexOutOfBoundsException
Event: 6.349 loading class java/lang/StringIndexOutOfBoundsException done
Event: 6.350 loading class org/apache/ibatis/logging/jdbc/PreparedStatementLogger
Event: 6.350 loading class org/apache/ibatis/logging/jdbc/PreparedStatementLogger done
Event: 6.351 loading class java/lang/reflect/Proxy$Key2
Event: 6.351 loading class java/lang/reflect/Proxy$Key2 done
Event: 6.352 loading class java/sql/Ref
Event: 6.352 loading class java/sql/Ref done
Event: 6.352 loading class java/sql/RowId
Event: 6.352 loading class java/sql/RowId done


Dynamic libraries:
0x00007ff66f820000 - 0x00007ff66f857000 	C:\Program Files\Java\jdk1.8.0_111\bin\java.exe
0x00007ffc125e0000 - 0x00007ffc127b1000 	C:\Windows\SYSTEM32\ntdll.dll
0x00007ffc11ce0000 - 0x00007ffc11d8b000 	C:\Windows\System32\KERNEL32.DLL
0x00007ffc0eed0000 - 0x00007ffc0f0ed000 	C:\Windows\System32\KERNELBASE.dll
0x00007ffc0fec0000 - 0x00007ffc0ff62000 	C:\Windows\System32\ADVAPI32.dll
0x00007ffc12270000 - 0x00007ffc1230e000 	C:\Windows\System32\msvcrt.dll
0x00007ffc11c80000 - 0x00007ffc11cd9000 	C:\Windows\System32\sechost.dll
0x00007ffc12310000 - 0x00007ffc12431000 	C:\Windows\System32\RPCRT4.dll
0x00007ffc11700000 - 0x00007ffc11865000 	C:\Windows\System32\USER32.dll
0x00007ffc0f1f0000 - 0x00007ffc0f20e000 	C:\Windows\System32\win32u.dll
0x00007ffc116c0000 - 0x00007ffc116f4000 	C:\Windows\System32\GDI32.dll
0x00007ffc0f940000 - 0x00007ffc0fac2000 	C:\Windows\System32\gdi32full.dll
0x00007ffc08cf0000 - 0x00007ffc08f6a000 	C:\Windows\WinSxS\amd64_microsoft.windows.common-controls_6595b64144ccf1df_6.0.14393.953_none_42151e83c686086b\COMCTL32.dll
0x00007ffc11870000 - 0x00007ffc11b38000 	C:\Windows\System32\combase.dll
0x00007ffc0f0f0000 - 0x00007ffc0f1e5000 	C:\Windows\System32\ucrtbase.dll
0x00007ffc0ed50000 - 0x00007ffc0edba000 	C:\Windows\System32\bcryptPrimitives.dll
0x00007ffc11d90000 - 0x00007ffc11dbe000 	C:\Windows\System32\IMM32.DLL
0x00000000752c0000 - 0x0000000075392000 	C:\Program Files\Java\jdk1.8.0_111\jre\bin\msvcr100.dll
0x0000000073970000 - 0x000000007420a000 	C:\Program Files\Java\jdk1.8.0_111\jre\bin\server\jvm.dll
0x00007ffc0ff70000 - 0x00007ffc0ff78000 	C:\Windows\System32\PSAPI.DLL
0x00007ffc056e0000 - 0x00007ffc056e9000 	C:\Windows\SYSTEM32\WSOCK32.dll
0x00007ffc0fde0000 - 0x00007ffc0fe4a000 	C:\Windows\System32\WS2_32.dll
0x00007ffc0ce90000 - 0x00007ffc0ceb3000 	C:\Windows\SYSTEM32\WINMM.dll
0x00007ffc0a7e0000 - 0x00007ffc0a7ea000 	C:\Windows\SYSTEM32\VERSION.dll
0x0000000001420000 - 0x000000000144b000 	C:\Windows\SYSTEM32\WINMMBASE.dll
0x00007ffc0f210000 - 0x00007ffc0f252000 	C:\Windows\System32\cfgmgr32.dll
0x00000000753e0000 - 0x00000000753ef000 	C:\Program Files\Java\jdk1.8.0_111\jre\bin\verify.dll
0x0000000075290000 - 0x00000000752b9000 	C:\Program Files\Java\jdk1.8.0_111\jre\bin\java.dll
0x0000000075270000 - 0x0000000075286000 	C:\Program Files\Java\jdk1.8.0_111\jre\bin\zip.dll
0x00007ffc0ff80000 - 0x00007ffc11489000 	C:\Windows\System32\SHELL32.dll
0x00007ffc0f260000 - 0x00007ffc0f93a000 	C:\Windows\System32\windows.storage.dll
0x00007ffc0ea50000 - 0x00007ffc0ea9c000 	C:\Windows\System32\powrprof.dll
0x00007ffc11560000 - 0x00007ffc115b2000 	C:\Windows\System32\shlwapi.dll
0x00007ffc0eaa0000 - 0x00007ffc0eaaf000 	C:\Windows\System32\kernel.appcore.dll
0x00007ffc0ead0000 - 0x00007ffc0eb79000 	C:\Windows\System32\shcore.dll
0x00007ffc0eab0000 - 0x00007ffc0eac4000 	C:\Windows\System32\profapi.dll
0x0000000074e80000 - 0x0000000075018000 	C:\Program Files\Java\jdk1.8.0_111\jre\bin\awt.dll
0x00007ffc114a0000 - 0x00007ffc1155f000 	C:\Windows\System32\OLEAUT32.dll
0x00007ffc0fad0000 - 0x00007ffc0fb6c000 	C:\Windows\System32\msvcp_win.dll
0x00007ffc0cff0000 - 0x00007ffc0d06a000 	C:\Windows\SYSTEM32\apphelp.dll
0x00007ffc0d1c0000 - 0x00007ffc0d255000 	C:\Windows\system32\uxtheme.dll
0x00007ffc0fb70000 - 0x00007ffc0fcca000 	C:\Windows\System32\MSCTF.dll
0x00007ffc0c890000 - 0x00007ffc0c8b6000 	C:\Windows\system32\dwmapi.dll
0x00007ffc11b40000 - 0x00007ffc11c77000 	C:\Windows\System32\ole32.dll
0x0000000075180000 - 0x00000000751c7000 	C:\Program Files\Java\jdk1.8.0_111\jre\bin\fontmanager.dll
0x00007ffbf2ac0000 - 0x00007ffbf2c4d000 	C:\Windows\system32\d3d9.dll
0x00007ffbe0460000 - 0x00007ffbe1516000 	C:\Windows\SYSTEM32\nvd3dumx.dll
0x0000000075250000 - 0x000000007526a000 	C:\Program Files\Java\jdk1.8.0_111\jre\bin\net.dll
0x00007ffc0e310000 - 0x00007ffc0e36c000 	C:\Windows\system32\mswsock.dll
0x0000000075230000 - 0x0000000075241000 	C:\Program Files\Java\jdk1.8.0_111\jre\bin\nio.dll
0x0000000074e30000 - 0x0000000074e72000 	C:\Program Files\Java\jdk1.8.0_111\jre\bin\t2k.dll
0x00007ffc11620000 - 0x00007ffc116bf000 	C:\Windows\System32\clbcatq.dll
0x00007ffc0c620000 - 0x00007ffc0c7c8000 	C:\Windows\SYSTEM32\WindowsCodecs.dll
0x00007ffc01310000 - 0x00007ffc01359000 	C:\Windows\system32\dataexchange.dll
0x00007ffc0bac0000 - 0x00007ffc0bd76000 	C:\Windows\system32\d3d11.dll
0x00007ffc0c980000 - 0x00007ffc0cad1000 	C:\Windows\system32\dcomp.dll
0x00007ffc0d9c0000 - 0x00007ffc0da5f000 	C:\Windows\system32\dxgi.dll
0x00007ffc0d460000 - 0x00007ffc0d57c000 	C:\Windows\system32\twinapi.appcore.dll
0x00007ffc0e980000 - 0x00007ffc0e9ab000 	C:\Windows\system32\bcrypt.dll
0x00007ffc0e4b0000 - 0x00007ffc0e4c7000 	C:\Windows\SYSTEM32\CRYPTSP.dll
0x00007ffc0df10000 - 0x00007ffc0df43000 	C:\Windows\system32\rsaenh.dll
0x00007ffc0e190000 - 0x00007ffc0e1af000 	C:\Windows\SYSTEM32\USERENV.dll
0x00007ffc0e4d0000 - 0x00007ffc0e4db000 	C:\Windows\SYSTEM32\CRYPTBASE.dll
0x00007ffc0e090000 - 0x00007ffc0e0c8000 	C:\Windows\SYSTEM32\IPHLPAPI.DLL
0x00007ffc11490000 - 0x00007ffc11498000 	C:\Windows\System32\NSI.dll
0x00007ffc09610000 - 0x00007ffc09626000 	C:\Windows\SYSTEM32\dhcpcsvc6.DLL
0x00007ffc09500000 - 0x00007ffc0951a000 	C:\Windows\SYSTEM32\dhcpcsvc.DLL
0x00007ffc07760000 - 0x00007ffc07832000 	C:\Windows\System32\IME\IMEKR\imkrtip.dll
0x00007ffc0c480000 - 0x00007ffc0c605000 	C:\Windows\SYSTEM32\PROPSYS.dll
0x00007ffc06800000 - 0x00007ffc06956000 	C:\Windows\System32\IME\shared\imetip.dll
0x00007ffc0cf80000 - 0x00007ffc0cfe5000 	C:\Windows\SYSTEM32\OLEACC.dll
0x00007ffc06650000 - 0x00007ffc067f8000 	C:\Windows\SYSTEM32\DUI70.dll
0x00007ffc07e20000 - 0x00007ffc07e58000 	C:\Windows\System32\IME\IMEKR\imkrapi.dll
0x00007ffc07b10000 - 0x00007ffc07b45000 	C:\Windows\System32\IME\shared\imjkapi.dll
0x00007ffc0dde0000 - 0x00007ffc0de12000 	C:\Windows\SYSTEM32\ntmarta.dll
0x0000000075150000 - 0x000000007517a000 	C:\Program Files\Java\jdk1.8.0_111\jre\bin\dcpr.dll
0x00007ffc0e0d0000 - 0x00007ffc0e171000 	C:\Windows\SYSTEM32\DNSAPI.dll
0x00007ffc05360000 - 0x00007ffc0536a000 	C:\Windows\System32\rasadhlp.dll
0x00007ffc07840000 - 0x00007ffc078aa000 	C:\Windows\System32\fwpuclnt.dll
0x00007ffc09890000 - 0x00007ffc09a22000 	C:\Windows\SYSTEM32\dbghelp.dll

VM Arguments:
jvm_args: -Dfile.encoding=x-windows-949 -Duser.country=KR -Duser.language=ko -Duser.variant 
java_command: kr.or.dgit.sw_project.MainApp
java_class_path (initial): D:\workspace_mybatis\sw_project\build\classes\main;D:\workspace_mybatis\sw_project\build\resources\main;D:\workspace_mybatis\sw_project\src\main\resources\kr\or\dgit\sw_project\libraries\DatePanel.jar;D:\workspace_mybatis\sw_project\src\main\resources\kr\or\dgit\sw_project\libraries\erp_myframework.jar;D:\workspace_mybatis\sw_project\src\main\resources\kr\or\dgit\sw_project\lookandfeel\syntheticaAluOxide.jar;D:\workspace_mybatis\sw_project\src\main\resources\kr\or\dgit\sw_project\lookandfeel\synthetica.jar;D:\workspace_mybatis\sw_project\src\main\resources\kr\or\dgit\sw_project\libraries\swingx-1.6.5.jar;D:\workspace_mybatis\sw_project\src\main\resources\kr\or\dgit\sw_project\libraries\syntheticaAddons.jar;D:\workspace_mybatis\sw_project\src\main\resources\kr\or\dgit\sw_project\libraries\syntheticaAluOxideAddon.jar;C:\Users\LSW\.gradle\caches\modules-2\files-2.1\mysql\mysql-connector-java\5.1.41\b0878056f15616989144d6114d36d3942321d0d1\mysql-connector-java-5.1.41.jar;C:\Users\LSW\.gradle\caches\modules-2\files-2.1\org.mybatis\mybatis\3.4.2\2b9a5082fe0bdb3128bab8b4b19b23ca0f3d9b38\mybatis-3.4.2.jar;C:\Users\LSW\.gradle\caches\modules-2\files-2.1\junit\junit\4.12\2973d150c0dc1fefe998f834810d68f278ea58ec\junit-4.12.jar;C:\Users\LSW\.gradle\caches\modules-2\files-2.1\log4j\log4j\1.2.17\5af35056b4d257e4b64b9e8069c0746e8b08629f\log4j-1.2.17.jar;C:\Users\LSW\.gradle\caches\modules-2\files-2.1\org.hamcrest\hamcrest-core\1.3\42a25dc3219429f0e5d060061f71acb49bf010a0\hamcrest-core-1.3.jar
Launcher Type: SUN_STANDARD

Environment Variables:
JAVA_HOME=C:\Program Files\Java\jdk1.8.0_111
PATH=C:/Program Files/Java/jdk1.8.0_111/BIN/../jre/bin/server;C:/Program Files/Java/jdk1.8.0_111/BIN/../jre/bin;C:/Program Files/Java/jdk1.8.0_111/BIN/../jre/lib/amd64;C:\Program Files\Java\jdk1.8.0_111\BIN;C:\ProgramData\Oracle\Java\javapath;C:\Program Files (x86)\NVIDIA Corporation\PhysX\Common;C:\Windows\system32;C:\Windows;C:\Windows\System32\Wbem;C:\Windows\System32\WindowsPowerShell\v1.0\;C:\Program Files\MySQL\MySQL Server 5.6\BIN;C:\Program Files\Git\cmd;D:\gradle-3.4.1\bin;C:\Users\LSW\AppData\Local\Microsoft\WindowsApps;;C:\eclipse_java;
USERNAME=LSW
OS=Windows_NT
PROCESSOR_IDENTIFIER=Intel64 Family 6 Model 23 Stepping 10, GenuineIntel



---------------  S Y S T E M  ---------------

OS: Windows 10.0 , 64 bit Build 14393 (10.0.14393.0)

CPU:total 4 (4 cores per cpu, 1 threads per core) family 6 model 23 stepping 10, cmov, cx8, fxsr, mmx, sse, sse2, sse3, ssse3, sse4.1, tsc

Memory: 4k page, physical 4192488k(918844k free), swap 7993576k(1746320k free)

vm_info: Java HotSpot(TM) 64-Bit Server VM (25.111-b14) for windows-amd64 JRE (1.8.0_111-b14), built on Sep 22 2016 19:24:05 by "java_re" with MS VC++ 10.0 (VS2010)

time: Tue Apr 11 10:46:39 2017
elapsed time: 6 seconds (0d 0h 0m 6s)

