#
# A fatal error has been detected by the Java Runtime Environment:
#
#  EXCEPTION_ACCESS_VIOLATION (0xc0000005) at pc=0xffffffffa4515120, pid=4192, tid=0x0000000000001b7c
#
# JRE version: Java(TM) SE Runtime Environment (8.0_111-b14) (build 1.8.0_111-b14)
# Java VM: Java HotSpot(TM) 64-Bit Server VM (25.111-b14 mixed mode windows-amd64 compressed oops)
# Problematic frame:
# C  0xffffffffa4515120
#
# Failed to write core dump. Minidumps are not enabled by default on client versions of Windows
#
# If you would like to submit a bug report, please visit:
#   http://bugreport.java.com/bugreport/crash.jsp
#

---------------  T H R E A D  ---------------

Current thread (0x0000000017b6c000):  JavaThread "AWT-EventQueue-0" [_thread_in_Java, id=7036, stack(0x00000000186c0000,0x00000000187c0000)]

siginfo: ExceptionCode=0xc0000005, ExceptionInformation=0x0000000000000008 0xffffffffa4515120

Registers:
RAX=0x00000000155a5b88, RBX=0x00000000155a5b88, RCX=0x00000000ebd25720, RDX=0x00000000ebd25720
RSP=0x00000000187bc288, RBP=0x00000000187bc2e8, RSI=0x00000000ebd25720, RDI=0x00000000122d0000
R8 =0x00000000eec26af8, R9 =0x0000000000000000, R10=0x000000006297c070, R11=0x0000000003d56360
R12=0x0000000000000000, R13=0x00000000187bc2a0, R14=0x00000000187bc378, R15=0x0000000017b6c000
RIP=0xffffffffa4515120, EFLAGS=0x0000000000010206

Top of Stack: (sp=0x00000000187bc288)
0x00000000187bc288:   0000000003517ef4 00000000187bc350
0x00000000187bc298:   0000000003517ef4 00000000ebd25720
0x00000000187bc2a8:   00000000187bc2a8 000000001e33baa2
0x00000000187bc2b8:   00000000187bc378 000000001e33d510
0x00000000187bc2c8:   0000000000000000 000000001e33bcb8
0x00000000187bc2d8:   00000000187bc2a0 00000000187bc348
0x00000000187bc2e8:   00000000187bc3c0 0000000003517870
0x00000000187bc2f8:   0000000000000000 0000000000000000
0x00000000187bc308:   0000000000000000 0000000000000000
0x00000000187bc318:   0000000000000000 0000000000000000
0x00000000187bc328:   0000000000000000 0000000000000000
0x00000000187bc338:   00000000ebd25720 0000000000000000
0x00000000187bc348:   0000000000000001 00000000eeca0ef8
0x00000000187bc358:   0000000000000000 00000000ebd24ba8
0x00000000187bc368:   00000000eec26198 00000000ebb22450
0x00000000187bc378:   00000000ebb119a8 00000000187bc380 

Instructions: (pc=0xffffffffa4515120)
0xffffffffa4515100:   
[error occurred during error reporting (printing registers, top of stack, instructions near pc), id 0xc0000005]

Register to memory mapping:

RAX={method} {0x00000000155a5b90} 'next' '()Ljava/lang/Object;' in 'java/util/Collections$UnmodifiableCollection$1'
RBX={method} {0x00000000155a5b90} 'next' '()Ljava/lang/Object;' in 'java/util/Collections$UnmodifiableCollection$1'
RCX=0x00000000ebd25720 is an oop
java.util.Collections$UnmodifiableCollection$1 
 - klass: 'java/util/Collections$UnmodifiableCollection$1'
RDX=0x00000000ebd25720 is an oop
java.util.Collections$UnmodifiableCollection$1 
 - klass: 'java/util/Collections$UnmodifiableCollection$1'
RSP=0x00000000187bc288 is pointing into the stack for thread: 0x0000000017b6c000
RBP=0x00000000187bc2e8 is pointing into the stack for thread: 0x0000000017b6c000
RSI=0x00000000ebd25720 is an oop
java.util.Collections$UnmodifiableCollection$1 
 - klass: 'java/util/Collections$UnmodifiableCollection$1'
RDI=0x00000000122d0000 is an unknown value
R8 =0x00000000eec26af8 is an oop
java.util.ArrayList 
 - klass: 'java/util/ArrayList'
R9 =0x0000000000000000 is an unknown value
R10=0x000000006297c070 is an unknown value
R11=0x0000000003d56360 is at entry_point+32 in (nmethod*)0x0000000003d561d0
R12=0x0000000000000000 is an unknown value
R13=0x00000000187bc2a0 is pointing into the stack for thread: 0x0000000017b6c000
R14=0x00000000187bc378 is pointing into the stack for thread: 0x0000000017b6c000
R15=0x0000000017b6c000 is a thread


Stack: [0x00000000186c0000,0x00000000187c0000],  sp=0x00000000187bc288,  free space=1008k
Native frames: (J=compiled Java code, j=interpreted, Vv=VM code, C=native code)
C  0xffffffffa4515120


---------------  P R O C E S S  ---------------

Java Threads: ( => current thread )
  0x000000001a680000 JavaThread "Thread-11" daemon [_thread_in_native, id=10536, stack(0x0000000020e80000,0x0000000020f80000)]
  0x000000001a67c800 JavaThread "JavaFX Application Thread" [_thread_in_native, id=9280, stack(0x000000001fd40000,0x000000001fe40000)]
  0x000000001a67f800 JavaThread "Thread-10" daemon [_thread_blocked, id=9624, stack(0x000000001fc40000,0x000000001fd40000)]
  0x000000001a67e800 JavaThread "QuantumRenderer-0" daemon [_thread_blocked, id=9816, stack(0x000000001fb40000,0x000000001fc40000)]
  0x000000001a67b000 JavaThread "Thread-8" daemon [_thread_blocked, id=11224, stack(0x000000001f840000,0x000000001f940000)]
  0x000000001a67a000 JavaThread "Abandoned connection cleanup thread" daemon [_thread_blocked, id=7732, stack(0x000000001e370000,0x000000001e470000)]
  0x0000000019dc8000 JavaThread "SyntheticaAnimation 60" daemon [_thread_blocked, id=8144, stack(0x000000001de70000,0x000000001df70000)]
  0x0000000019b12000 JavaThread "SyntheticaAnimation 50" daemon [_thread_blocked, id=10532, stack(0x000000001d2c0000,0x000000001d3c0000)]
  0x0000000019b0f000 JavaThread "D3D Screen Updater" daemon [_thread_blocked, id=4172, stack(0x000000001d1b0000,0x000000001d2b0000)]
  0x000000001a1d6800 JavaThread "TimerQueue" daemon [_thread_blocked, id=8016, stack(0x000000001c7e0000,0x000000001c8e0000)]
  0x0000000017fed000 JavaThread "Image Fetcher 0" daemon [_thread_blocked, id=8132, stack(0x000000001c4e0000,0x000000001c5e0000)]
  0x0000000018037000 JavaThread "SyntheticaCleanerThread" daemon [_thread_blocked, id=6308, stack(0x000000001aa70000,0x000000001ab70000)]
  0x0000000017c27000 JavaThread "Thread-2" daemon [_thread_blocked, id=4220, stack(0x00000000187c0000,0x00000000188c0000)]
  0x000000000340d800 JavaThread "DestroyJavaVM" [_thread_blocked, id=10816, stack(0x0000000003230000,0x0000000003330000)]
=>0x0000000017b6c000 JavaThread "AWT-EventQueue-0" [_thread_in_Java, id=7036, stack(0x00000000186c0000,0x00000000187c0000)]
  0x0000000017b6a800 JavaThread "AWT-Windows" daemon [_thread_in_native, id=10604, stack(0x0000000018500000,0x0000000018600000)]
  0x0000000017b67800 JavaThread "AWT-Shutdown" [_thread_blocked, id=8300, stack(0x0000000018400000,0x0000000018500000)]
  0x0000000017628800 JavaThread "Java2D Disposer" daemon [_thread_blocked, id=1012, stack(0x0000000018300000,0x0000000018400000)]
  0x00000000172c4000 JavaThread "Service Thread" daemon [_thread_blocked, id=5948, stack(0x0000000017830000,0x0000000017930000)]
  0x0000000017233800 JavaThread "C1 CompilerThread2" daemon [_thread_blocked, id=6536, stack(0x0000000017730000,0x0000000017830000)]
  0x0000000017230800 JavaThread "C2 CompilerThread1" daemon [_thread_blocked, id=10384, stack(0x0000000017630000,0x0000000017730000)]
  0x0000000015c3c800 JavaThread "C2 CompilerThread0" daemon [_thread_blocked, id=4176, stack(0x0000000017130000,0x0000000017230000)]
  0x0000000015c3a800 JavaThread "Attach Listener" daemon [_thread_blocked, id=6088, stack(0x0000000017030000,0x0000000017130000)]
  0x0000000015bee000 JavaThread "Signal Dispatcher" daemon [_thread_blocked, id=11180, stack(0x0000000016f30000,0x0000000017030000)]
  0x0000000015bc9000 JavaThread "Finalizer" daemon [_thread_blocked, id=7060, stack(0x0000000016e30000,0x0000000016f30000)]
  0x0000000003501000 JavaThread "Reference Handler" daemon [_thread_blocked, id=9688, stack(0x0000000016d30000,0x0000000016e30000)]

Other Threads:
  0x0000000015ba7800 VMThread [stack: 0x0000000016c30000,0x0000000016d30000] [id=7188]
  0x0000000017307000 WatcherThread [stack: 0x0000000017930000,0x0000000017a30000] [id=2112]

VM state:not at safepoint (normal execution)

VM Mutex/Monitor currently owned by a thread: None

Heap:
 PSYoungGen      total 68096K, used 22588K [0x00000000eab00000, 0x00000000f0980000, 0x0000000100000000)
  eden space 65536K, 30% used [0x00000000eab00000,0x00000000ebe90978,0x00000000eeb00000)
  from space 2560K, 99% used [0x00000000eeb00000,0x00000000eed7ea30,0x00000000eed80000)
  to   space 7168K, 0% used [0x00000000f0280000,0x00000000f0280000,0x00000000f0980000)
 ParOldGen       total 33792K, used 8832K [0x00000000c0000000, 0x00000000c2100000, 0x00000000eab00000)
  object space 33792K, 26% used [0x00000000c0000000,0x00000000c08a0210,0x00000000c2100000)
 Metaspace       used 31995K, capacity 32574K, committed 32768K, reserved 1077248K
  class space    used 4152K, capacity 4331K, committed 4352K, reserved 1048576K

Card table byte_map: [0x00000000128d0000,0x0000000012ae0000] byte_map_base: 0x00000000122d0000

Marking Bits: (ParMarkBitMap*) 0x000000006299a6c0
 Begin Bits: [0x0000000013040000, 0x0000000014040000)
 End Bits:   [0x0000000014040000, 0x0000000015040000)

Polling page: 0x0000000001260000

CodeCache: size=245760Kb used=9471Kb max_used=10254Kb free=236288Kb
 bounds [0x0000000003510000, 0x0000000003f30000, 0x0000000012510000]
 total_blobs=3616 nmethods=2864 adapters=665
 compilation: enabled

Compilation events (10 events):
Event: 7.558 Thread 0x0000000015c3c800 3207       4       java.lang.Character::isWhitespace (5 bytes)
Event: 7.559 Thread 0x0000000017233800 3206       3       com.mysql.jdbc.StringUtils::getInt (271 bytes)
Event: 7.561 Thread 0x0000000015c3c800 nmethod 3207 0x00000000037ebb90 code [0x00000000037ebda0, 0x00000000037ebed8]
Event: 7.561 Thread 0x0000000015c3c800 3210       4       sun.nio.cs.UTF_8$Decoder::decodeArrayLoop (691 bytes)
Event: 7.564 Thread 0x0000000017233800 nmethod 3206 0x000000000393ef50 code [0x000000000393f540, 0x0000000003943888]
Event: 7.565 Thread 0x0000000017230800 nmethod 3205 0x0000000003621310 code [0x0000000003621480, 0x0000000003621838]
Event: 7.565 Thread 0x0000000017230800 3211       4       java.util.Collections$UnmodifiableCollection$1::next (10 bytes)
Event: 7.565 Thread 0x0000000017233800 3199       3       com.mysql.jdbc.ResultSetImpl::getInt (10 bytes)
Event: 7.565 Thread 0x0000000017233800 nmethod 3199 0x00000000036c5ad0 code [0x00000000036c5c40, 0x00000000036c5ef8]
Event: 7.566 Thread 0x0000000017233800 3200   !   3       com.mysql.jdbc.ResultSetImpl::getInt (393 bytes)

GC Heap History (10 events):
Event: 3.566 GC heap before
{Heap before GC invocations=2 (full 0):
 PSYoungGen      total 18944K, used 18921K [0x00000000eab00000, 0x00000000ed000000, 0x0000000100000000)
  eden space 16384K, 100% used [0x00000000eab00000,0x00000000ebb00000,0x00000000ebb00000)
  from space 2560K, 99% used [0x00000000ebb00000,0x00000000ebd7a610,0x00000000ebd80000)
  to   space 2560K, 0% used [0x00000000ecd80000,0x00000000ecd80000,0x00000000ed000000)
 ParOldGen       total 44032K, used 1506K [0x00000000c0000000, 0x00000000c2b00000, 0x00000000eab00000)
  object space 44032K, 3% used [0x00000000c0000000,0x00000000c0178b20,0x00000000c2b00000)
 Metaspace       used 19081K, capacity 19320K, committed 19584K, reserved 1067008K
  class space    used 2493K, capacity 2588K, committed 2688K, reserved 1048576K
Event: 3.583 GC heap after
Heap after GC invocations=2 (full 0):
 PSYoungGen      total 35328K, used 2557K [0x00000000eab00000, 0x00000000ed000000, 0x0000000100000000)
  eden space 32768K, 0% used [0x00000000eab00000,0x00000000eab00000,0x00000000ecb00000)
  from space 2560K, 99% used [0x00000000ecd80000,0x00000000ecfff6d0,0x00000000ed000000)
  to   space 2560K, 0% used [0x00000000ecb00000,0x00000000ecb00000,0x00000000ecd80000)
 ParOldGen       total 44032K, used 5161K [0x00000000c0000000, 0x00000000c2b00000, 0x00000000eab00000)
  object space 44032K, 11% used [0x00000000c0000000,0x00000000c050a500,0x00000000c2b00000)
 Metaspace       used 19081K, capacity 19320K, committed 19584K, reserved 1067008K
  class space    used 2493K, capacity 2588K, committed 2688K, reserved 1048576K
}
Event: 3.738 GC heap before
{Heap before GC invocations=3 (full 0):
 PSYoungGen      total 35328K, used 7875K [0x00000000eab00000, 0x00000000ed000000, 0x0000000100000000)
  eden space 32768K, 16% used [0x00000000eab00000,0x00000000eb031850,0x00000000ecb00000)
  from space 2560K, 99% used [0x00000000ecd80000,0x00000000ecfff6d0,0x00000000ed000000)
  to   space 2560K, 0% used [0x00000000ecb00000,0x00000000ecb00000,0x00000000ecd80000)
 ParOldGen       total 44032K, used 5161K [0x00000000c0000000, 0x00000000c2b00000, 0x00000000eab00000)
  object space 44032K, 11% used [0x00000000c0000000,0x00000000c050a500,0x00000000c2b00000)
 Metaspace       used 20867K, capacity 21080K, committed 21248K, reserved 1067008K
  class space    used 2741K, capacity 2812K, committed 2816K, reserved 1048576K
Event: 3.747 GC heap after
Heap after GC invocations=3 (full 0):
 PSYoungGen      total 35328K, used 2557K [0x00000000eab00000, 0x00000000ef000000, 0x0000000100000000)
  eden space 32768K, 0% used [0x00000000eab00000,0x00000000eab00000,0x00000000ecb00000)
  from space 2560K, 99% used [0x00000000ecb00000,0x00000000ecd7f6d0,0x00000000ecd80000)
  to   space 2560K, 0% used [0x00000000eed80000,0x00000000eed80000,0x00000000ef000000)
 ParOldGen       total 44032K, used 6828K [0x00000000c0000000, 0x00000000c2b00000, 0x00000000eab00000)
  object space 44032K, 15% used [0x00000000c0000000,0x00000000c06ab2a0,0x00000000c2b00000)
 Metaspace       used 20867K, capacity 21080K, committed 21248K, reserved 1067008K
  class space    used 2741K, capacity 2812K, committed 2816K, reserved 1048576K
}
Event: 3.747 GC heap before
{Heap before GC invocations=4 (full 1):
 PSYoungGen      total 35328K, used 2557K [0x00000000eab00000, 0x00000000ef000000, 0x0000000100000000)
  eden space 32768K, 0% used [0x00000000eab00000,0x00000000eab00000,0x00000000ecb00000)
  from space 2560K, 99% used [0x00000000ecb00000,0x00000000ecd7f6d0,0x00000000ecd80000)
  to   space 2560K, 0% used [0x00000000eed80000,0x00000000eed80000,0x00000000ef000000)
 ParOldGen       total 44032K, used 6828K [0x00000000c0000000, 0x00000000c2b00000, 0x00000000eab00000)
  object space 44032K, 15% used [0x00000000c0000000,0x00000000c06ab2a0,0x00000000c2b00000)
 Metaspace       used 20867K, capacity 21080K, committed 21248K, reserved 1067008K
  class space    used 2741K, capacity 2812K, committed 2816K, reserved 1048576K
Event: 3.802 GC heap after
Heap after GC invocations=4 (full 1):
 PSYoungGen      total 35328K, used 0K [0x00000000eab00000, 0x00000000ef000000, 0x0000000100000000)
  eden space 32768K, 0% used [0x00000000eab00000,0x00000000eab00000,0x00000000ecb00000)
  from space 2560K, 0% used [0x00000000ecb00000,0x00000000ecb00000,0x00000000ecd80000)
  to   space 2560K, 0% used [0x00000000eed80000,0x00000000eed80000,0x00000000ef000000)
 ParOldGen       total 33792K, used 6334K [0x00000000c0000000, 0x00000000c2100000, 0x00000000eab00000)
  object space 33792K, 18% used [0x00000000c0000000,0x00000000c062f8b0,0x00000000c2100000)
 Metaspace       used 20867K, capacity 21080K, committed 21248K, reserved 1067008K
  class space    used 2741K, capacity 2812K, committed 2816K, reserved 1048576K
}
Event: 4.481 GC heap before
{Heap before GC invocations=5 (full 1):
 PSYoungGen      total 35328K, used 32768K [0x00000000eab00000, 0x00000000ef000000, 0x0000000100000000)
  eden space 32768K, 100% used [0x00000000eab00000,0x00000000ecb00000,0x00000000ecb00000)
  from space 2560K, 0% used [0x00000000ecb00000,0x00000000ecb00000,0x00000000ecd80000)
  to   space 2560K, 0% used [0x00000000eed80000,0x00000000eed80000,0x00000000ef000000)
 ParOldGen       total 33792K, used 6334K [0x00000000c0000000, 0x00000000c2100000, 0x00000000eab00000)
  object space 33792K, 18% used [0x00000000c0000000,0x00000000c062f8b0,0x00000000c2100000)
 Metaspace       used 22590K, capacity 22852K, committed 23296K, reserved 1069056K
  class space    used 2942K, capacity 3039K, committed 3072K, reserved 1048576K
Event: 4.492 GC heap after
Heap after GC invocations=5 (full 1):
 PSYoungGen      total 54784K, used 2168K [0x00000000eab00000, 0x00000000ef000000, 0x0000000100000000)
  eden space 52224K, 0% used [0x00000000eab00000,0x00000000eab00000,0x00000000ede00000)
  from space 2560K, 84% used [0x00000000eed80000,0x00000000eef9e0b8,0x00000000ef000000)
  to   space 2560K, 0% used [0x00000000eeb00000,0x00000000eeb00000,0x00000000eed80000)
 ParOldGen       total 33792K, used 6342K [0x00000000c0000000, 0x00000000c2100000, 0x00000000eab00000)
  object space 33792K, 18% used [0x00000000c0000000,0x00000000c06318b0,0x00000000c2100000)
 Metaspace       used 22590K, capacity 22852K, committed 23296K, reserved 1069056K
  class space    used 2942K, capacity 3039K, committed 3072K, reserved 1048576K
}
Event: 5.999 GC heap before
{Heap before GC invocations=6 (full 1):
 PSYoungGen      total 54784K, used 54392K [0x00000000eab00000, 0x00000000ef000000, 0x0000000100000000)
  eden space 52224K, 100% used [0x00000000eab00000,0x00000000ede00000,0x00000000ede00000)
  from space 2560K, 84% used [0x00000000eed80000,0x00000000eef9e0b8,0x00000000ef000000)
  to   space 2560K, 0% used [0x00000000eeb00000,0x00000000eeb00000,0x00000000eed80000)
 ParOldGen       total 33792K, used 6342K [0x00000000c0000000, 0x00000000c2100000, 0x00000000eab00000)
  object space 33792K, 18% used [0x00000000c0000000,0x00000000c06318b0,0x00000000c2100000)
 Metaspace       used 26289K, capacity 26606K, committed 27008K, reserved 1073152K
  class space    used 3321K, capacity 3431K, committed 3456K, reserved 1048576K
Event: 6.025 GC heap after
Heap after GC invocations=6 (full 1):
 PSYoungGen      total 68096K, used 2554K [0x00000000eab00000, 0x00000000f0980000, 0x0000000100000000)
  eden space 65536K, 0% used [0x00000000eab00000,0x00000000eab00000,0x00000000eeb00000)
  from space 2560K, 99% used [0x00000000eeb00000,0x00000000eed7ea30,0x00000000eed80000)
  to   space 7168K, 0% used [0x00000000f0280000,0x00000000f0280000,0x00000000f0980000)
 ParOldGen       total 33792K, used 8832K [0x00000000c0000000, 0x00000000c2100000, 0x00000000eab00000)
  object space 33792K, 26% used [0x00000000c0000000,0x00000000c08a0210,0x00000000c2100000)
 Metaspace       used 26289K, capacity 26606K, committed 27008K, reserved 1073152K
  class space    used 3321K, capacity 3431K, committed 3456K, reserved 1048576K
}

Deoptimization events (10 events):
Event: 5.926 Thread 0x0000000017b6c000 Uncommon trap: reason=unstable_if action=reinterpret pc=0x00000000037fc040 method=java.util.regex.Matcher.reset()Ljava/util/regex/Matcher; @ 47
Event: 5.926 Thread 0x0000000017b6c000 Uncommon trap: reason=class_check action=maybe_recompile pc=0x00000000038f95b8 method=java.util.regex.Pattern$CharProperty.match(Ljava/util/regex/Matcher;ILjava/lang/CharSequence;)Z @ 18
Event: 5.928 Thread 0x0000000017b6c000 Uncommon trap: reason=class_check action=maybe_recompile pc=0x00000000038f95b8 method=java.util.regex.Pattern$CharProperty.match(Ljava/util/regex/Matcher;ILjava/lang/CharSequence;)Z @ 18
Event: 5.928 Thread 0x0000000017b6c000 Uncommon trap: reason=class_check action=maybe_recompile pc=0x00000000038f95b8 method=java.util.regex.Pattern$CharProperty.match(Ljava/util/regex/Matcher;ILjava/lang/CharSequence;)Z @ 18
Event: 5.928 Thread 0x0000000017b6c000 Uncommon trap: reason=class_check action=maybe_recompile pc=0x00000000038f95b8 method=java.util.regex.Pattern$CharProperty.match(Ljava/util/regex/Matcher;ILjava/lang/CharSequence;)Z @ 18
Event: 6.520 Thread 0x0000000017b6c000 Uncommon trap: reason=bimorphic action=maybe_recompile pc=0x00000000039af278 method=java.util.Hashtable.put(Ljava/lang/Object;Ljava/lang/Object;)Ljava/lang/Object; @ 60
Event: 6.524 Thread 0x0000000017b6c000 Uncommon trap: reason=bimorphic action=maybe_recompile pc=0x00000000039af278 method=java.util.Hashtable.put(Ljava/lang/Object;Ljava/lang/Object;)Ljava/lang/Object; @ 60
Event: 6.607 Thread 0x0000000017b6c000 Uncommon trap: reason=bimorphic action=maybe_recompile pc=0x00000000039af278 method=java.util.Hashtable.put(Ljava/lang/Object;Ljava/lang/Object;)Ljava/lang/Object; @ 60
Event: 6.607 Thread 0x0000000017b6c000 Uncommon trap: reason=bimorphic action=maybe_recompile pc=0x00000000039af278 method=java.util.Hashtable.put(Ljava/lang/Object;Ljava/lang/Object;)Ljava/lang/Object; @ 60
Event: 7.282 Thread 0x000000001a67c800 Uncommon trap: reason=unstable_if action=reinterpret pc=0x000000000373f3c4 method=com.sun.org.apache.xerces.internal.impl.XMLEntityScanner.scanLiteral(ILcom/sun/org/apache/xerces/internal/xni/XMLString;Z)I @ 660

Internal exceptions (10 events):
Event: 3.818 Thread 0x0000000017b6c000 Exception <a 'java/lang/ArrayIndexOutOfBoundsException'> (0x00000000eacab018) thrown at [C:\re\workspace\8-2-build-windows-amd64-cygwin\jdk8u111\7883\hotspot\src\share\vm\runtime\sharedRuntime.cpp, line 605]
Event: 3.818 Thread 0x0000000017b6c000 Exception <a 'java/lang/ArrayIndexOutOfBoundsException'> (0x00000000eacac868) thrown at [C:\re\workspace\8-2-build-windows-amd64-cygwin\jdk8u111\7883\hotspot\src\share\vm\runtime\sharedRuntime.cpp, line 605]
Event: 3.818 Thread 0x0000000017b6c000 Exception <a 'java/lang/ArrayIndexOutOfBoundsException'> (0x00000000eacadc90) thrown at [C:\re\workspace\8-2-build-windows-amd64-cygwin\jdk8u111\7883\hotspot\src\share\vm\runtime\sharedRuntime.cpp, line 605]
Event: 3.818 Thread 0x0000000017b6c000 Exception <a 'java/lang/ArrayIndexOutOfBoundsException'> (0x00000000eacaebe8) thrown at [C:\re\workspace\8-2-build-windows-amd64-cygwin\jdk8u111\7883\hotspot\src\share\vm\runtime\sharedRuntime.cpp, line 605]
Event: 3.818 Thread 0x0000000017b6c000 Exception <a 'java/lang/ArrayIndexOutOfBoundsException'> (0x00000000eacaffc8) thrown at [C:\re\workspace\8-2-build-windows-amd64-cygwin\jdk8u111\7883\hotspot\src\share\vm\runtime\sharedRuntime.cpp, line 605]
Event: 3.818 Thread 0x0000000017b6c000 Exception <a 'java/lang/ArrayIndexOutOfBoundsException'> (0x00000000eacb1110) thrown at [C:\re\workspace\8-2-build-windows-amd64-cygwin\jdk8u111\7883\hotspot\src\share\vm\runtime\sharedRuntime.cpp, line 605]
Event: 3.819 Thread 0x0000000017b6c000 Exception <a 'java/lang/ArrayIndexOutOfBoundsException'> (0x00000000eacb2400) thrown at [C:\re\workspace\8-2-build-windows-amd64-cygwin\jdk8u111\7883\hotspot\src\share\vm\runtime\sharedRuntime.cpp, line 605]
Event: 7.161 Thread 0x0000000017b6c000 Exception <a 'java/lang/NullPointerException'> (0x00000000eb422b68) thrown at [C:\re\workspace\8-2-build-windows-amd64-cygwin\jdk8u111\7883\hotspot\src\share\vm\interpreter\linkResolver.cpp, line 1178]
Event: 7.373 Thread 0x000000001a67c800 Exception <a 'java/lang/NullPointerException'> (0x00000000eb9ba5f0) thrown at [C:\re\workspace\8-2-build-windows-amd64-cygwin\jdk8u111\7883\hotspot\src\share\vm\interpreter\linkResolver.cpp, line 1178]
Event: 7.373 Thread 0x000000001a67c800 Exception <a 'java/lang/NullPointerException'> (0x00000000eb9ba5f0) thrown at [C:\re\workspace\8-2-build-windows-amd64-cygwin\jdk8u111\7883\hotspot\src\share\vm\prims\jvm.cpp, line 1390]

Events (10 events):
Event: 7.564 Thread 0x0000000017233800 flushing nmethod 0x0000000003a2e510
Event: 7.564 Thread 0x0000000017233800 flushing nmethod 0x0000000003a33a50
Event: 7.566 Thread 0x0000000017233800 flushing nmethod 0x0000000003a8ded0
Event: 7.566 Thread 0x0000000017233800 flushing nmethod 0x0000000003ab2010
Event: 7.566 Thread 0x0000000017233800 flushing nmethod 0x0000000003acf2d0
Event: 7.566 Thread 0x0000000017233800 flushing nmethod 0x0000000003ad6210
Event: 7.566 Thread 0x0000000017233800 flushing nmethod 0x0000000003ad7810
Event: 7.566 Thread 0x0000000017233800 flushing nmethod 0x0000000003ae05d0
Event: 7.566 Thread 0x0000000017233800 flushing nmethod 0x0000000003af6c90
Event: 7.566 Thread 0x0000000017233800 flushing nmethod 0x0000000003af91d0


Dynamic libraries:
0x00007ff7751a0000 - 0x00007ff7751d7000 	C:\Program Files\Java\jdk1.8.0_111\bin\java.exe
0x00007fff24da0000 - 0x00007fff24f71000 	C:\Windows\SYSTEM32\ntdll.dll
0x00007fff22c30000 - 0x00007fff22cdb000 	C:\Windows\System32\KERNEL32.DLL
0x00007fff21f10000 - 0x00007fff2212d000 	C:\Windows\System32\KERNELBASE.dll
0x00007fff23610000 - 0x00007fff236b2000 	C:\Windows\System32\ADVAPI32.dll
0x00007fff22330000 - 0x00007fff223ce000 	C:\Windows\System32\msvcrt.dll
0x00007fff24d40000 - 0x00007fff24d99000 	C:\Windows\System32\sechost.dll
0x00007fff22dd0000 - 0x00007fff22ef1000 	C:\Windows\System32\RPCRT4.dll
0x00007fff23150000 - 0x00007fff232b5000 	C:\Windows\System32\USER32.dll
0x00007fff21290000 - 0x00007fff212ae000 	C:\Windows\System32\win32u.dll
0x00007fff22bf0000 - 0x00007fff22c24000 	C:\Windows\System32\GDI32.dll
0x00007fff221a0000 - 0x00007fff22322000 	C:\Windows\System32\gdi32full.dll
0x00007fff1b910000 - 0x00007fff1bb8a000 	C:\Windows\WinSxS\amd64_microsoft.windows.common-controls_6595b64144ccf1df_6.0.14393.953_none_42151e83c686086b\COMCTL32.dll
0x00007fff23330000 - 0x00007fff235f8000 	C:\Windows\System32\combase.dll
0x00007fff21e10000 - 0x00007fff21f05000 	C:\Windows\System32\ucrtbase.dll
0x00007fff22130000 - 0x00007fff2219a000 	C:\Windows\System32\bcryptPrimitives.dll
0x00007fff22da0000 - 0x00007fff22dce000 	C:\Windows\System32\IMM32.DLL
0x00000000620a0000 - 0x0000000062172000 	C:\Program Files\Java\jdk1.8.0_111\jre\bin\msvcr100.dll
0x0000000062180000 - 0x0000000062a1a000 	C:\Program Files\Java\jdk1.8.0_111\jre\bin\server\jvm.dll
0x00007fff22fa0000 - 0x00007fff22fa8000 	C:\Windows\System32\PSAPI.DLL
0x00007fff16670000 - 0x00007fff16679000 	C:\Windows\SYSTEM32\WSOCK32.dll
0x00007fff1f5a0000 - 0x00007fff1f5c3000 	C:\Windows\SYSTEM32\WINMM.dll
0x00007fff232c0000 - 0x00007fff2332a000 	C:\Windows\System32\WS2_32.dll
0x00007fff1cb60000 - 0x00007fff1cb6a000 	C:\Windows\SYSTEM32\VERSION.dll
0x00007fff1f300000 - 0x00007fff1f32b000 	C:\Windows\SYSTEM32\WINMMBASE.dll
0x00007fff21a40000 - 0x00007fff21a82000 	C:\Windows\System32\cfgmgr32.dll
0x0000000062090000 - 0x000000006209f000 	C:\Program Files\Java\jdk1.8.0_111\jre\bin\verify.dll
0x0000000062060000 - 0x0000000062089000 	C:\Program Files\Java\jdk1.8.0_111\jre\bin\java.dll
0x0000000062040000 - 0x0000000062056000 	C:\Program Files\Java\jdk1.8.0_111\jre\bin\zip.dll
0x00007fff236d0000 - 0x00007fff24bd8000 	C:\Windows\System32\SHELL32.dll
0x00007fff21360000 - 0x00007fff21a3a000 	C:\Windows\System32\windows.storage.dll
0x00007fff21200000 - 0x00007fff2124c000 	C:\Windows\System32\powrprof.dll
0x00007fff22b90000 - 0x00007fff22be2000 	C:\Windows\System32\shlwapi.dll
0x00007fff21250000 - 0x00007fff2125f000 	C:\Windows\System32\kernel.appcore.dll
0x00007fff21d00000 - 0x00007fff21da9000 	C:\Windows\System32\shcore.dll
0x00007fff21270000 - 0x00007fff21284000 	C:\Windows\System32\profapi.dll
0x0000000061df0000 - 0x0000000061f88000 	C:\Program Files\Java\jdk1.8.0_111\jre\bin\awt.dll
0x00007fff22800000 - 0x00007fff228bf000 	C:\Windows\System32\OLEAUT32.dll
0x00007fff21a90000 - 0x00007fff21b2c000 	C:\Windows\System32\msvcp_win.dll
0x00007fff1f7a0000 - 0x00007fff1f81a000 	C:\Windows\SYSTEM32\apphelp.dll
0x00007fff1f980000 - 0x00007fff1fa15000 	C:\Windows\system32\uxtheme.dll
0x00007fff24be0000 - 0x00007fff24d3a000 	C:\Windows\System32\MSCTF.dll
0x00007fff1f050000 - 0x00007fff1f076000 	C:\Windows\system32\dwmapi.dll
0x00007fff229e0000 - 0x00007fff22b17000 	C:\Windows\System32\ole32.dll
0x0000000061da0000 - 0x0000000061de7000 	C:\Program Files\Java\jdk1.8.0_111\jre\bin\fontmanager.dll
0x00007fff0fec0000 - 0x00007fff1004d000 	C:\Windows\system32\d3d9.dll
0x00007ffef9fc0000 - 0x00007ffefb076000 	C:\Windows\SYSTEM32\nvd3dumx.dll
0x0000000062020000 - 0x000000006203a000 	C:\Program Files\Java\jdk1.8.0_111\jre\bin\net.dll
0x00007fff20ad0000 - 0x00007fff20b2c000 	C:\Windows\system32\mswsock.dll
0x0000000062000000 - 0x0000000062011000 	C:\Program Files\Java\jdk1.8.0_111\jre\bin\nio.dll
0x0000000061d50000 - 0x0000000061d92000 	C:\Program Files\Java\jdk1.8.0_111\jre\bin\t2k.dll
0x00007fff22f00000 - 0x00007fff22f9f000 	C:\Windows\System32\clbcatq.dll
0x00007fff1e950000 - 0x00007fff1eaf8000 	C:\Windows\SYSTEM32\WindowsCodecs.dll
0x00007fff0f440000 - 0x00007fff0f489000 	C:\Windows\system32\dataexchange.dll
0x00007fff1f1a0000 - 0x00007fff1f2f1000 	C:\Windows\system32\dcomp.dll
0x00007fff1de70000 - 0x00007fff1e126000 	C:\Windows\system32\d3d11.dll
0x00007fff20180000 - 0x00007fff2021f000 	C:\Windows\system32\dxgi.dll
0x00007fff1fc50000 - 0x00007fff1fd6c000 	C:\Windows\system32\twinapi.appcore.dll
0x00007fff21140000 - 0x00007fff2116b000 	C:\Windows\system32\bcrypt.dll
0x00007fff20c70000 - 0x00007fff20c87000 	C:\Windows\SYSTEM32\CRYPTSP.dll
0x00007fff206d0000 - 0x00007fff20703000 	C:\Windows\system32\rsaenh.dll
0x00007fff20960000 - 0x00007fff2097f000 	C:\Windows\SYSTEM32\USERENV.dll
0x00007fff20c90000 - 0x00007fff20c9b000 	C:\Windows\SYSTEM32\CRYPTBASE.dll
0x00007fff20850000 - 0x00007fff20888000 	C:\Windows\SYSTEM32\IPHLPAPI.DLL
0x00007fff236c0000 - 0x00007fff236c8000 	C:\Windows\System32\NSI.dll
0x00007fff1de40000 - 0x00007fff1de56000 	C:\Windows\SYSTEM32\dhcpcsvc6.DLL
0x00007fff1de10000 - 0x00007fff1de2a000 	C:\Windows\SYSTEM32\dhcpcsvc.DLL
0x00007fff17d90000 - 0x00007fff17e62000 	C:\Windows\System32\IME\IMEKR\imkrtip.dll
0x00007fff1ed70000 - 0x00007fff1eef5000 	C:\Windows\SYSTEM32\PROPSYS.dll
0x00007fff17c30000 - 0x00007fff17d86000 	C:\Windows\System32\IME\shared\imetip.dll
0x00007fff1f700000 - 0x00007fff1f765000 	C:\Windows\SYSTEM32\OLEACC.dll
0x00007fff17a80000 - 0x00007fff17c28000 	C:\Windows\SYSTEM32\DUI70.dll
0x00007fff1c1e0000 - 0x00007fff1c218000 	C:\Windows\System32\IME\IMEKR\imkrapi.dll
0x00007fff1c1a0000 - 0x00007fff1c1d5000 	C:\Windows\System32\IME\shared\imjkapi.dll
0x00007fff205a0000 - 0x00007fff205d2000 	C:\Windows\SYSTEM32\ntmarta.dll
0x0000000061d20000 - 0x0000000061d4a000 	C:\Program Files\Java\jdk1.8.0_111\jre\bin\dcpr.dll
0x00007fff20890000 - 0x00007fff20931000 	C:\Windows\SYSTEM32\DNSAPI.dll
0x00007fff1c850000 - 0x00007fff1c85a000 	C:\Windows\System32\rasadhlp.dll
0x00007fff1caa0000 - 0x00007fff1cb0a000 	C:\Windows\System32\fwpuclnt.dll
0x00007fff10930000 - 0x00007fff10a1f000 	C:\Program Files\Java\jdk1.8.0_111\jre\bin\msvcr120.dll
0x00007fff10880000 - 0x00007fff10926000 	C:\Program Files\Java\jdk1.8.0_111\jre\bin\msvcp120.dll
0x0000000061cf0000 - 0x0000000061d12000 	C:\Program Files\Java\jdk1.8.0_111\jre\bin\prism_d3d.dll
0x0000000061ca0000 - 0x0000000061ce3000 	C:\Program Files\Java\jdk1.8.0_111\jre\bin\glass.dll
0x00007fff228e0000 - 0x00007fff229da000 	C:\Windows\System32\COMDLG32.dll
0x00007fff1b180000 - 0x00007fff1b312000 	C:\Windows\SYSTEM32\dbghelp.dll

VM Arguments:
jvm_args: -Dfile.encoding=x-windows-949 -Duser.country=KR -Duser.language=ko -Duser.variant 
java_command: kr.or.dgit.sw_project.MainApp
java_class_path (initial): D:\workspace_mybatis\sw_project\build\classes\main;D:\workspace_mybatis\sw_project\build\resources\main;D:\workspace_mybatis\sw_project\src\main\resources\kr\or\dgit\sw_project\libraries\jxl.jar;D:\workspace_mybatis\sw_project\src\main\resources\kr\or\dgit\sw_project\libraries\DatePanel.jar;D:\workspace_mybatis\sw_project\src\main\resources\kr\or\dgit\sw_project\libraries\erp_myframework.jar;D:\workspace_mybatis\sw_project\src\main\resources\kr\or\dgit\sw_project\lookandfeel\syntheticaAluOxide.jar;D:\workspace_mybatis\sw_project\src\main\resources\kr\or\dgit\sw_project\lookandfeel\synthetica.jar;D:\workspace_mybatis\sw_project\src\main\resources\kr\or\dgit\sw_project\libraries\swingx-1.6.5.jar;D:\workspace_mybatis\sw_project\src\main\resources\kr\or\dgit\sw_project\libraries\syntheticaAddons.jar;D:\workspace_mybatis\sw_project\src\main\resources\kr\or\dgit\sw_project\libraries\syntheticaAluOxideAddon.jar;D:\workspace_mybatis\sw_project\src\main\resources\kr\or\dgit\sw_project\libraries\jfxrt.jar;C:\Users\LSW\.gradle\caches\modules-2\files-2.1\mysql\mysql-connector-java\5.1.41\b0878056f15616989144d6114d36d3942321d0d1\mysql-connector-java-5.1.41.jar;C:\Users\LSW\.gradle\caches\modules-2\files-2.1\org.mybatis\mybatis\3.4.2\2b9a5082fe0bdb3128bab8b4b19b23ca0f3d9b38\mybatis-3.4.2.jar;C:\Users\LSW\.gradle\caches\modules-2\files-2.1\junit\junit\4.12\2973d150c0dc1fefe998f834810d68f278ea58ec\junit-4.12.jar;C:\Users\LSW\.gradle\caches\modules-2\files-2.1\log4j\log4j\1.2.17\5af35056b4d257e4b64b9e8069c0746e8b08629f\log4j-1.2.17.jar;C:\Users\LSW\.gradle\caches\modules-2\files-2.1\org.hamcrest\hamcrest-core\1.3\42a25dc3219429f0e5d060061f71acb49bf010a0\hamcrest-core-1.3.jar
Launcher Type: SUN_STANDARD

Environment Variables:
JAVA_HOME=C:\Program Files\Java\jdk1.8.0_111
PATH=C:/Program Files/Java/jdk1.8.0_111/BIN/../jre/bin/server;C:/Program Files/Java/jdk1.8.0_111/BIN/../jre/bin;C:/Program Files/Java/jdk1.8.0_111/BIN/../jre/lib/amd64;C:\Program Files\Java\jdk1.8.0_111\BIN;C:\ProgramData\Oracle\Java\javapath;C:\Program Files (x86)\NVIDIA Corporation\PhysX\Common;C:\Windows\system32;C:\Windows;C:\Windows\System32\Wbem;C:\Windows\System32\WindowsPowerShell\v1.0\;C:\Program Files\MySQL\MySQL Server 5.6\BIN;C:\Program Files\Git\cmd;D:\gradle-3.4.1\bin;C:\Users\LSW\AppData\Local\Microsoft\WindowsApps;;C:\eclipse_java;
USERNAME=LSW
OS=Windows_NT
PROCESSOR_IDENTIFIER=Intel64 Family 6 Model 23 Stepping 10, GenuineIntel



---------------  S Y S T E M  ---------------

OS: Windows 10.0 , 64 bit Build 14393 (10.0.14393.0)

CPU:total 4 (4 cores per cpu, 1 threads per core) family 6 model 23 stepping 10, cmov, cx8, fxsr, mmx, sse, sse2, sse3, ssse3, sse4.1, tsc

Memory: 4k page, physical 4192488k(1160836k free), swap 7862504k(2556192k free)

vm_info: Java HotSpot(TM) 64-Bit Server VM (25.111-b14) for windows-amd64 JRE (1.8.0_111-b14), built on Sep 22 2016 19:24:05 by "java_re" with MS VC++ 10.0 (VS2010)

time: Thu Apr 13 09:08:01 2017
elapsed time: 7 seconds (0d 0h 0m 7s)

