#
# A fatal error has been detected by the Java Runtime Environment:
#
#  EXCEPTION_ACCESS_VIOLATION (0xc0000005) at pc=0xffffffffa3715120, pid=526732, tid=0x00000000000796fc
#
# JRE version: Java(TM) SE Runtime Environment (8.0_111-b14) (build 1.8.0_111-b14)
# Java VM: Java HotSpot(TM) 64-Bit Server VM (25.111-b14 mixed mode windows-amd64 compressed oops)
# Problematic frame:
# C  0xffffffffa3715120
#
# Failed to write core dump. Minidumps are not enabled by default on client versions of Windows
#
# If you would like to submit a bug report, please visit:
#   http://bugreport.java.com/bugreport/crash.jsp
#

---------------  T H R E A D  ---------------

Current thread (0x00000000168a8800):  JavaThread "AWT-EventQueue-0" [_thread_in_Java, id=497404, stack(0x00000000179e0000,0x0000000017ae0000)]

siginfo: ExceptionCode=0xc0000005, ExceptionInformation=0x0000000000000008 0xffffffffa3715120

Registers:
RAX=0x000000010001bd10, RBX=0x000000001ef747d0, RCX=0x00000000c0035060, RDX=0x00000000ebc9dbb0
RSP=0x0000000017adbac8, RBP=0x0000000017adbd58, RSI=0x00000000ebc9dbb0, RDI=0x000000010001bd10
R8 =0x00000000eaf3aa90, R9 =0x00000000eaf3aaa8, R10=0x000000010001bd10, R11=0x00000000200002da
R12=0x0000000000000000, R13=0x0000000000000350, R14=0x0000000000000987, R15=0x00000000168a8800
RIP=0xffffffffa3715120, EFLAGS=0x0000000000010246

Top of Stack: (sp=0x0000000017adbac8)
0x0000000017adbac8:   0000000002e618c4 000000001bee2170
0x0000000017adbad8:   0000000000000000 0000000017adbb10
0x0000000017adbae8:   0000000017adbe08 00000000030d3480
0x0000000017adbaf8:   00000000ebcc74c0 00000000ebcc5760
0x0000000017adbb08:   00000000eb89b560 000000001d5be6f3
0x0000000017adbb18:   00000000ebcc5760 00000000ebcc74c0
0x0000000017adbb28:   00000000eb1bb368 00000000ebc9db80
0x0000000017adbb38:   00000000ebcc7958 0000000017adbe08
0x0000000017adbb48:   0000000002e838bc 00000000edfdc380
0x0000000017adbb58:   00000038ee046608 0000000017adbd58
0x0000000017adbb68:   00000000030c17a4 0000000017adbe08
0x0000000017adbb78:   000000000317a124 0000000017adbd58
0x0000000017adbb88:   0000000002b041a0 00000000ee03d588
0x0000000017adbb98:   00000000ee02cba0 00000000ebcc77e0
0x0000000017adbba8:   00000000028fad52 0000000017adbde0
0x0000000017adbbb8:   0000000002ed2abc 000000000b4b0cec 

Instructions: (pc=0xffffffffa3715120)
0xffffffffa3715100:   
[error occurred during error reporting (printing registers, top of stack, instructions near pc), id 0xc0000005]

Register to memory mapping:

RAX=0x000000010001bd10 is pointing into metadata
RBX=0x000000001ef747d0 is pointing into metadata
RCX=0x00000000c0035060 is an oop
[C 
 - klass: {type array char}
 - length: 4
RDX=0x00000000ebc9dbb0 is an oop
java.util.HashMap 
 - klass: 'java/util/HashMap'
RSP=0x0000000017adbac8 is pointing into the stack for thread: 0x00000000168a8800
RBP=0x0000000017adbd58 is pointing into the stack for thread: 0x00000000168a8800
RSI=0x00000000ebc9dbb0 is an oop
java.util.HashMap 
 - klass: 'java/util/HashMap'
RDI=0x000000010001bd10 is pointing into metadata
R8 =0x00000000eaf3aa90 is an oop
java.lang.String 
 - klass: 'java/lang/String'
R9 =0x00000000eaf3aaa8 is an oop
[C 
 - klass: {type array char}
 - length: 9
R10=0x000000010001bd10 is pointing into metadata
R11=0x00000000200002da is an unknown value
R12=0x0000000000000000 is an unknown value
R13=0x0000000000000350 is an unknown value
R14=0x0000000000000987 is an unknown value
R15=0x00000000168a8800 is a thread


Stack: [0x00000000179e0000,0x0000000017ae0000],  sp=0x0000000017adbac8,  free space=1006k
Native frames: (J=compiled Java code, j=interpreted, Vv=VM code, C=native code)
C  0xffffffffa3715120


---------------  P R O C E S S  ---------------

Java Threads: ( => current thread )
  0x0000000019a2b800 JavaThread "Image Fetcher 0" daemon [_thread_blocked, id=526564, stack(0x000000001ee60000,0x000000001ef60000)]
  0x0000000019a26000 JavaThread "Thread-8" daemon [_thread_blocked, id=525712, stack(0x000000001dd90000,0x000000001de90000)]
  0x0000000019a2a800 JavaThread "Abandoned connection cleanup thread" daemon [_thread_blocked, id=526700, stack(0x000000001d890000,0x000000001d990000)]
  0x0000000019a2d000 JavaThread "SyntheticaAnimation 60" daemon [_thread_blocked, id=4756, stack(0x000000001d390000,0x000000001d490000)]
  0x0000000019a42800 JavaThread "SyntheticaAnimation 50" daemon [_thread_blocked, id=518832, stack(0x000000001c800000,0x000000001c900000)]
  0x0000000019a3f800 JavaThread "D3D Screen Updater" daemon [_thread_blocked, id=525652, stack(0x000000001c6f0000,0x000000001c7f0000)]
  0x0000000019a47800 JavaThread "TimerQueue" daemon [_thread_blocked, id=6940, stack(0x000000001bff0000,0x000000001c0f0000)]
  0x0000000017233000 JavaThread "SyntheticaCleanerThread" daemon [_thread_blocked, id=6784, stack(0x0000000018dc0000,0x0000000018ec0000)]
  0x0000000016dfe000 JavaThread "Thread-2" daemon [_thread_blocked, id=525560, stack(0x0000000017ae0000,0x0000000017be0000)]
  0x000000000214d800 JavaThread "DestroyJavaVM" [_thread_blocked, id=526460, stack(0x0000000002150000,0x0000000002250000)]
=>0x00000000168a8800 JavaThread "AWT-EventQueue-0" [_thread_in_Java, id=497404, stack(0x00000000179e0000,0x0000000017ae0000)]
  0x00000000168a4000 JavaThread "AWT-Windows" daemon [_thread_in_native, id=526860, stack(0x0000000017790000,0x0000000017890000)]
  0x00000000168a1800 JavaThread "AWT-Shutdown" [_thread_blocked, id=4348, stack(0x0000000017690000,0x0000000017790000)]
  0x00000000168b6800 JavaThread "Java2D Disposer" daemon [_thread_blocked, id=3756, stack(0x0000000017590000,0x0000000017690000)]
  0x000000001654c800 JavaThread "Service Thread" daemon [_thread_blocked, id=525524, stack(0x0000000016ac0000,0x0000000016bc0000)]
  0x00000000164c9000 JavaThread "C1 CompilerThread2" daemon [_thread_blocked, id=8944, stack(0x00000000169c0000,0x0000000016ac0000)]
  0x00000000164c2800 JavaThread "C2 CompilerThread1" daemon [_thread_blocked, id=2324, stack(0x00000000168c0000,0x00000000169c0000)]
  0x0000000014e3c800 JavaThread "C2 CompilerThread0" daemon [_thread_blocked, id=4684, stack(0x00000000163c0000,0x00000000164c0000)]
  0x0000000014e3b000 JavaThread "Attach Listener" daemon [_thread_blocked, id=3116, stack(0x00000000162c0000,0x00000000163c0000)]
  0x0000000014ded000 JavaThread "Signal Dispatcher" daemon [_thread_blocked, id=210072, stack(0x00000000161c0000,0x00000000162c0000)]
  0x0000000014dc9000 JavaThread "Finalizer" daemon [_thread_blocked, id=525544, stack(0x0000000016040000,0x0000000016140000)]
  0x0000000002701000 JavaThread "Reference Handler" daemon [_thread_blocked, id=289704, stack(0x0000000015f40000,0x0000000016040000)]

Other Threads:
  0x0000000014da7800 VMThread [stack: 0x0000000015e40000,0x0000000015f40000] [id=519124]
  0x000000001658a800 WatcherThread [stack: 0x0000000016bc0000,0x0000000016cc0000] [id=525536]

VM state:not at safepoint (normal execution)

VM Mutex/Monitor currently owned by a thread: None

Heap:
 PSYoungGen      total 53760K, used 21918K [0x00000000eab00000, 0x00000000eec80000, 0x0000000100000000)
  eden space 46592K, 39% used [0x00000000eab00000,0x00000000ebd25f50,0x00000000ed880000)
  from space 7168K, 46% used [0x00000000edf00000,0x00000000ee241c30,0x00000000ee600000)
  to   space 6656K, 0% used [0x00000000ed880000,0x00000000ed880000,0x00000000edf00000)
 ParOldGen       total 32768K, used 6526K [0x00000000c0000000, 0x00000000c2000000, 0x00000000eab00000)
  object space 32768K, 19% used [0x00000000c0000000,0x00000000c065f8f0,0x00000000c2000000)
 Metaspace       used 28408K, capacity 28906K, committed 29184K, reserved 1075200K
  class space    used 3617K, capacity 3761K, committed 3840K, reserved 1048576K

Card table byte_map: [0x0000000011ad0000,0x0000000011ce0000] byte_map_base: 0x00000000114d0000

Marking Bits: (ParMarkBitMap*) 0x000000005559a6c0
 Begin Bits: [0x0000000012240000, 0x0000000013240000)
 End Bits:   [0x0000000013240000, 0x0000000014240000)

Polling page: 0x0000000002250000

CodeCache: size=245760Kb used=10667Kb max_used=10742Kb free=235092Kb
 bounds [0x0000000002710000, 0x00000000031a0000, 0x0000000011710000]
 total_blobs=3778 nmethods=3119 adapters=571
 compilation: enabled

Compilation events (10 events):
Event: 8.961 Thread 0x00000000164c9000 nmethod 3427 0x0000000002be08d0 code [0x0000000002be0a40, 0x0000000002be0ff0]
Event: 8.961 Thread 0x00000000164c9000 3428   !   3       com.mysql.jdbc.MysqlIO::nextRowFast (1012 bytes)
Event: 8.961 Thread 0x0000000014e3c800 3431       4       java.lang.ThreadLocal::get (38 bytes)
Event: 8.964 Thread 0x0000000014e3c800 nmethod 3431 0x00000000028c8110 code [0x00000000028c8260, 0x00000000028c83b8]
Event: 8.965 Thread 0x00000000164c2800 3434       4       java.util.HashMap::clear (50 bytes)
Event: 8.966 Thread 0x00000000164c9000 nmethod 3428 0x0000000002e971d0 code [0x0000000002e97780, 0x0000000002e9b178]
Event: 8.967 Thread 0x00000000164c9000 3435   !   3       sun.reflect.GeneratedMethodAccessor13::invoke (74 bytes)
Event: 8.968 Thread 0x00000000164c9000 nmethod 3435 0x0000000002deb010 code [0x0000000002deb220, 0x0000000002debb78]
Event: 8.968 Thread 0x00000000164c9000 3429       3       com.mysql.jdbc.Field::isBinary (17 bytes)
Event: 8.968 Thread 0x00000000164c2800 nmethod 3434 0x0000000002f35690 code [0x0000000002f357c0, 0x0000000002f358b8]

GC Heap History (10 events):
Event: 6.287 GC heap before
{Heap before GC invocations=3 (full 0):
 PSYoungGen      total 18944K, used 7594K [0x00000000eab00000, 0x00000000ed000000, 0x0000000100000000)
  eden space 16384K, 30% used [0x00000000eab00000,0x00000000eafeb210,0x00000000ebb00000)
  from space 2560K, 99% used [0x00000000ecd80000,0x00000000ecfff6d0,0x00000000ed000000)
  to   space 2560K, 0% used [0x00000000ebb00000,0x00000000ebb00000,0x00000000ebd80000)
 ParOldGen       total 44032K, used 5076K [0x00000000c0000000, 0x00000000c2b00000, 0x00000000eab00000)
  object space 44032K, 11% used [0x00000000c0000000,0x00000000c04f53b0,0x00000000c2b00000)
 Metaspace       used 20838K, capacity 21048K, committed 21248K, reserved 1067008K
  class space    used 2709K, capacity 2780K, committed 2816K, reserved 1048576K
Event: 6.294 GC heap after
Heap after GC invocations=3 (full 0):
 PSYoungGen      total 18944K, used 2541K [0x00000000eab00000, 0x00000000ed000000, 0x0000000100000000)
  eden space 16384K, 0% used [0x00000000eab00000,0x00000000eab00000,0x00000000ebb00000)
  from space 2560K, 99% used [0x00000000ebb00000,0x00000000ebd7b6c0,0x00000000ebd80000)
  to   space 2560K, 0% used [0x00000000ecd80000,0x00000000ecd80000,0x00000000ed000000)
 ParOldGen       total 44032K, used 5894K [0x00000000c0000000, 0x00000000c2b00000, 0x00000000eab00000)
  object space 44032K, 13% used [0x00000000c0000000,0x00000000c05c1988,0x00000000c2b00000)
 Metaspace       used 20838K, capacity 21048K, committed 21248K, reserved 1067008K
  class space    used 2709K, capacity 2780K, committed 2816K, reserved 1048576K
}
Event: 6.294 GC heap before
{Heap before GC invocations=4 (full 1):
 PSYoungGen      total 18944K, used 2541K [0x00000000eab00000, 0x00000000ed000000, 0x0000000100000000)
  eden space 16384K, 0% used [0x00000000eab00000,0x00000000eab00000,0x00000000ebb00000)
  from space 2560K, 99% used [0x00000000ebb00000,0x00000000ebd7b6c0,0x00000000ebd80000)
  to   space 2560K, 0% used [0x00000000ecd80000,0x00000000ecd80000,0x00000000ed000000)
 ParOldGen       total 44032K, used 5894K [0x00000000c0000000, 0x00000000c2b00000, 0x00000000eab00000)
  object space 44032K, 13% used [0x00000000c0000000,0x00000000c05c1988,0x00000000c2b00000)
 Metaspace       used 20838K, capacity 21048K, committed 21248K, reserved 1067008K
  class space    used 2709K, capacity 2780K, committed 2816K, reserved 1048576K
Event: 6.346 GC heap after
Heap after GC invocations=4 (full 1):
 PSYoungGen      total 18944K, used 0K [0x00000000eab00000, 0x00000000ed000000, 0x0000000100000000)
  eden space 16384K, 0% used [0x00000000eab00000,0x00000000eab00000,0x00000000ebb00000)
  from space 2560K, 0% used [0x00000000ebb00000,0x00000000ebb00000,0x00000000ebd80000)
  to   space 2560K, 0% used [0x00000000ecd80000,0x00000000ecd80000,0x00000000ed000000)
 ParOldGen       total 32768K, used 6502K [0x00000000c0000000, 0x00000000c2000000, 0x00000000eab00000)
  object space 32768K, 19% used [0x00000000c0000000,0x00000000c06598f0,0x00000000c2000000)
 Metaspace       used 20838K, capacity 21048K, committed 21248K, reserved 1067008K
  class space    used 2709K, capacity 2780K, committed 2816K, reserved 1048576K
}
Event: 6.761 GC heap before
{Heap before GC invocations=5 (full 1):
 PSYoungGen      total 18944K, used 16384K [0x00000000eab00000, 0x00000000ed000000, 0x0000000100000000)
  eden space 16384K, 100% used [0x00000000eab00000,0x00000000ebb00000,0x00000000ebb00000)
  from space 2560K, 0% used [0x00000000ebb00000,0x00000000ebb00000,0x00000000ebd80000)
  to   space 2560K, 0% used [0x00000000ecd80000,0x00000000ecd80000,0x00000000ed000000)
 ParOldGen       total 32768K, used 6502K [0x00000000c0000000, 0x00000000c2000000, 0x00000000eab00000)
  object space 32768K, 19% used [0x00000000c0000000,0x00000000c06598f0,0x00000000c2000000)
 Metaspace       used 22254K, capacity 22462K, committed 22784K, reserved 1069056K
  class space    used 2882K, capacity 2974K, committed 3072K, reserved 1048576K
Event: 6.765 GC heap after
Heap after GC invocations=5 (full 1):
 PSYoungGen      total 28672K, used 1489K [0x00000000eab00000, 0x00000000ecf00000, 0x0000000100000000)
  eden space 27136K, 0% used [0x00000000eab00000,0x00000000eab00000,0x00000000ec580000)
  from space 1536K, 96% used [0x00000000ecd80000,0x00000000ecef46b0,0x00000000ecf00000)
  to   space 2560K, 0% used [0x00000000eca00000,0x00000000eca00000,0x00000000ecc80000)
 ParOldGen       total 32768K, used 6510K [0x00000000c0000000, 0x00000000c2000000, 0x00000000eab00000)
  object space 32768K, 19% used [0x00000000c0000000,0x00000000c065b8f0,0x00000000c2000000)
 Metaspace       used 22254K, capacity 22462K, committed 22784K, reserved 1069056K
  class space    used 2882K, capacity 2974K, committed 3072K, reserved 1048576K
}
Event: 7.041 GC heap before
{Heap before GC invocations=6 (full 1):
 PSYoungGen      total 28672K, used 28625K [0x00000000eab00000, 0x00000000ecf00000, 0x0000000100000000)
  eden space 27136K, 100% used [0x00000000eab00000,0x00000000ec580000,0x00000000ec580000)
  from space 1536K, 96% used [0x00000000ecd80000,0x00000000ecef46b0,0x00000000ecf00000)
  to   space 2560K, 0% used [0x00000000eca00000,0x00000000eca00000,0x00000000ecc80000)
 ParOldGen       total 32768K, used 6510K [0x00000000c0000000, 0x00000000c2000000, 0x00000000eab00000)
  object space 32768K, 19% used [0x00000000c0000000,0x00000000c065b8f0,0x00000000c2000000)
 Metaspace       used 23009K, capacity 23236K, committed 23552K, reserved 1069056K
  class space    used 2962K, capacity 3039K, committed 3072K, reserved 1048576K
Event: 7.050 GC heap after
Heap after GC invocations=6 (full 1):
 PSYoungGen      total 34304K, used 2028K [0x00000000eab00000, 0x00000000ee600000, 0x0000000100000000)
  eden space 31744K, 0% used [0x00000000eab00000,0x00000000eab00000,0x00000000eca00000)
  from space 2560K, 79% used [0x00000000eca00000,0x00000000ecbfb238,0x00000000ecc80000)
  to   space 7168K, 0% used [0x00000000edf00000,0x00000000edf00000,0x00000000ee600000)
 ParOldGen       total 32768K, used 6518K [0x00000000c0000000, 0x00000000c2000000, 0x00000000eab00000)
  object space 32768K, 19% used [0x00000000c0000000,0x00000000c065d8f0,0x00000000c2000000)
 Metaspace       used 23009K, capacity 23236K, committed 23552K, reserved 1069056K
  class space    used 2962K, capacity 3039K, committed 3072K, reserved 1048576K
}
Event: 7.405 GC heap before
{Heap before GC invocations=7 (full 1):
 PSYoungGen      total 34304K, used 33730K [0x00000000eab00000, 0x00000000ee600000, 0x0000000100000000)
  eden space 31744K, 99% used [0x00000000eab00000,0x00000000ec9f59b0,0x00000000eca00000)
  from space 2560K, 79% used [0x00000000eca00000,0x00000000ecbfb238,0x00000000ecc80000)
  to   space 7168K, 0% used [0x00000000edf00000,0x00000000edf00000,0x00000000ee600000)
 ParOldGen       total 32768K, used 6518K [0x00000000c0000000, 0x00000000c2000000, 0x00000000eab00000)
  object space 32768K, 19% used [0x00000000c0000000,0x00000000c065d8f0,0x00000000c2000000)
 Metaspace       used 24456K, capacity 24720K, committed 24960K, reserved 1071104K
  class space    used 3073K, capacity 3169K, committed 3200K, reserved 1048576K
Event: 7.412 GC heap after
Heap after GC invocations=7 (full 1):
 PSYoungGen      total 53760K, used 3335K [0x00000000eab00000, 0x00000000eec80000, 0x0000000100000000)
  eden space 46592K, 0% used [0x00000000eab00000,0x00000000eab00000,0x00000000ed880000)
  from space 7168K, 46% used [0x00000000edf00000,0x00000000ee241c30,0x00000000ee600000)
  to   space 6656K, 0% used [0x00000000ed880000,0x00000000ed880000,0x00000000edf00000)
 ParOldGen       total 32768K, used 6526K [0x00000000c0000000, 0x00000000c2000000, 0x00000000eab00000)
  object space 32768K, 19% used [0x00000000c0000000,0x00000000c065f8f0,0x00000000c2000000)
 Metaspace       used 24456K, capacity 24720K, committed 24960K, reserved 1071104K
  class space    used 3073K, capacity 3169K, committed 3200K, reserved 1048576K
}

Deoptimization events (10 events):
Event: 8.284 Thread 0x00000000168a8800 Uncommon trap: reason=unstable_if action=reinterpret pc=0x0000000003041458 method=java.util.Properties$LineReader.readLine()I @ 252
Event: 8.366 Thread 0x00000000168a8800 Uncommon trap: reason=bimorphic action=maybe_recompile pc=0x0000000002e40a38 method=java.util.Hashtable.put(Ljava/lang/Object;Ljava/lang/Object;)Ljava/lang/Object; @ 60
Event: 8.370 Thread 0x00000000168a8800 Uncommon trap: reason=bimorphic action=maybe_recompile pc=0x0000000002e40a38 method=java.util.Hashtable.put(Ljava/lang/Object;Ljava/lang/Object;)Ljava/lang/Object; @ 60
Event: 8.429 Thread 0x00000000168a8800 Uncommon trap: reason=unstable_if action=reinterpret pc=0x0000000002a0b580 method=java.util.regex.Matcher.reset()Ljava/util/regex/Matcher; @ 47
Event: 8.429 Thread 0x00000000168a8800 Uncommon trap: reason=class_check action=maybe_recompile pc=0x0000000002b06cec method=java.util.regex.Pattern$CharProperty.match(Ljava/util/regex/Matcher;ILjava/lang/CharSequence;)Z @ 18
Event: 8.431 Thread 0x00000000168a8800 Uncommon trap: reason=class_check action=maybe_recompile pc=0x0000000002b06cec method=java.util.regex.Pattern$CharProperty.match(Ljava/util/regex/Matcher;ILjava/lang/CharSequence;)Z @ 18
Event: 8.431 Thread 0x00000000168a8800 Uncommon trap: reason=class_check action=maybe_recompile pc=0x0000000002b06cec method=java.util.regex.Pattern$CharProperty.match(Ljava/util/regex/Matcher;ILjava/lang/CharSequence;)Z @ 18
Event: 8.431 Thread 0x00000000168a8800 Uncommon trap: reason=class_check action=maybe_recompile pc=0x0000000002b06cec method=java.util.regex.Pattern$CharProperty.match(Ljava/util/regex/Matcher;ILjava/lang/CharSequence;)Z @ 18
Event: 8.747 Thread 0x00000000168a8800 Uncommon trap: reason=bimorphic action=maybe_recompile pc=0x0000000002e40a38 method=java.util.Hashtable.put(Ljava/lang/Object;Ljava/lang/Object;)Ljava/lang/Object; @ 60
Event: 8.750 Thread 0x00000000168a8800 Uncommon trap: reason=bimorphic action=maybe_recompile pc=0x0000000002e40a38 method=java.util.Hashtable.put(Ljava/lang/Object;Ljava/lang/Object;)Ljava/lang/Object; @ 60

Internal exceptions (10 events):
Event: 6.390 Thread 0x00000000168a8800 Exception <a 'java/lang/ArrayIndexOutOfBoundsException'> (0x00000000eacac820) thrown at [C:\re\workspace\8-2-build-windows-amd64-cygwin\jdk8u111\7883\hotspot\src\share\vm\runtime\sharedRuntime.cpp, line 605]
Event: 6.390 Thread 0x00000000168a8800 Exception <a 'java/lang/ArrayIndexOutOfBoundsException'> (0x00000000eacadbf8) thrown at [C:\re\workspace\8-2-build-windows-amd64-cygwin\jdk8u111\7883\hotspot\src\share\vm\runtime\sharedRuntime.cpp, line 605]
Event: 6.391 Thread 0x00000000168a8800 Exception <a 'java/lang/ArrayIndexOutOfBoundsException'> (0x00000000eacb58b0) thrown at [C:\re\workspace\8-2-build-windows-amd64-cygwin\jdk8u111\7883\hotspot\src\share\vm\runtime\sharedRuntime.cpp, line 605]
Event: 6.391 Thread 0x00000000168a8800 Exception <a 'java/lang/ArrayIndexOutOfBoundsException'> (0x00000000eacb6d98) thrown at [C:\re\workspace\8-2-build-windows-amd64-cygwin\jdk8u111\7883\hotspot\src\share\vm\runtime\sharedRuntime.cpp, line 605]
Event: 6.392 Thread 0x00000000168a8800 Exception <a 'java/lang/ArrayIndexOutOfBoundsException'> (0x00000000eacb85e8) thrown at [C:\re\workspace\8-2-build-windows-amd64-cygwin\jdk8u111\7883\hotspot\src\share\vm\runtime\sharedRuntime.cpp, line 605]
Event: 6.392 Thread 0x00000000168a8800 Exception <a 'java/lang/ArrayIndexOutOfBoundsException'> (0x00000000eacb9a10) thrown at [C:\re\workspace\8-2-build-windows-amd64-cygwin\jdk8u111\7883\hotspot\src\share\vm\runtime\sharedRuntime.cpp, line 605]
Event: 6.392 Thread 0x00000000168a8800 Exception <a 'java/lang/ArrayIndexOutOfBoundsException'> (0x00000000eacba968) thrown at [C:\re\workspace\8-2-build-windows-amd64-cygwin\jdk8u111\7883\hotspot\src\share\vm\runtime\sharedRuntime.cpp, line 605]
Event: 6.392 Thread 0x00000000168a8800 Exception <a 'java/lang/ArrayIndexOutOfBoundsException'> (0x00000000eacbbd48) thrown at [C:\re\workspace\8-2-build-windows-amd64-cygwin\jdk8u111\7883\hotspot\src\share\vm\runtime\sharedRuntime.cpp, line 605]
Event: 6.393 Thread 0x00000000168a8800 Exception <a 'java/lang/ArrayIndexOutOfBoundsException'> (0x00000000eacbce90) thrown at [C:\re\workspace\8-2-build-windows-amd64-cygwin\jdk8u111\7883\hotspot\src\share\vm\runtime\sharedRuntime.cpp, line 605]
Event: 6.393 Thread 0x00000000168a8800 Exception <a 'java/lang/ArrayIndexOutOfBoundsException'> (0x00000000eacbe180) thrown at [C:\re\workspace\8-2-build-windows-amd64-cygwin\jdk8u111\7883\hotspot\src\share\vm\runtime\sharedRuntime.cpp, line 605]

Events (10 events):
Event: 8.950 Thread 0x00000000164c9000 flushing nmethod 0x0000000002ed7750
Event: 8.950 Thread 0x00000000164c9000 flushing nmethod 0x0000000002f35690
Event: 8.950 Thread 0x00000000164c9000 flushing nmethod 0x0000000002f36d90
Event: 8.950 Thread 0x00000000164c9000 flushing nmethod 0x0000000002f37910
Event: 8.950 Thread 0x00000000164c9000 flushing nmethod 0x0000000002f38e50
Event: 8.951 loading class kr/or/dgit/sw_project/application/software/ViewSoftware$1
Event: 8.951 loading class kr/or/dgit/sw_project/application/software/ViewSoftware$1 done
Event: 8.951 Thread 0x00000000164c9000 flushing nmethod 0x0000000002fe3350
Event: 8.953 loading class kr/or/dgit/sw_project/service/JoinFromSoftwareService
Event: 8.953 loading class kr/or/dgit/sw_project/service/JoinFromSoftwareService done


Dynamic libraries:
0x00007ff64a9e0000 - 0x00007ff64aa17000 	C:\Program Files\Java\jdk1.8.0_111\bin\java.exe
0x00007ff806f30000 - 0x00007ff807101000 	C:\Windows\SYSTEM32\ntdll.dll
0x00007ff8048d0000 - 0x00007ff80497b000 	C:\Windows\System32\KERNEL32.DLL
0x00007ff803420000 - 0x00007ff80363d000 	C:\Windows\System32\KERNELBASE.dll
0x00007ff806690000 - 0x00007ff806732000 	C:\Windows\System32\ADVAPI32.dll
0x00007ff806740000 - 0x00007ff8067de000 	C:\Windows\System32\msvcrt.dll
0x00007ff8067e0000 - 0x00007ff806839000 	C:\Windows\System32\sechost.dll
0x00007ff8047a0000 - 0x00007ff8048c1000 	C:\Windows\System32\RPCRT4.dll
0x00007ff804530000 - 0x00007ff804695000 	C:\Windows\System32\USER32.dll
0x00007ff804260000 - 0x00007ff80427e000 	C:\Windows\System32\win32u.dll
0x00007ff804980000 - 0x00007ff8049b4000 	C:\Windows\System32\GDI32.dll
0x00007ff804330000 - 0x00007ff8044b2000 	C:\Windows\System32\gdi32full.dll
0x00007ffffcbf0000 - 0x00007ffffce6a000 	C:\Windows\WinSxS\amd64_microsoft.windows.common-controls_6595b64144ccf1df_6.0.14393.953_none_42151e83c686086b\COMCTL32.dll
0x00007ff804a90000 - 0x00007ff804d58000 	C:\Windows\System32\combase.dll
0x00007ff8036f0000 - 0x00007ff8037e5000 	C:\Windows\System32\ucrtbase.dll
0x00007ff8041a0000 - 0x00007ff80420a000 	C:\Windows\System32\bcryptPrimitives.dll
0x00007ff804d90000 - 0x00007ff804dbe000 	C:\Windows\System32\IMM32.DLL
0x00000000558d0000 - 0x00000000559a2000 	C:\Program Files\Java\jdk1.8.0_111\jre\bin\msvcr100.dll
0x0000000054d80000 - 0x000000005561a000 	C:\Program Files\Java\jdk1.8.0_111\jre\bin\server\jvm.dll
0x00007ff806840000 - 0x00007ff806848000 	C:\Windows\System32\PSAPI.DLL
0x00007ff801810000 - 0x00007ff801833000 	C:\Windows\SYSTEM32\WINMM.dll
0x00007ffff9050000 - 0x00007ffff9059000 	C:\Windows\SYSTEM32\WSOCK32.dll
0x00007ff800040000 - 0x00007ff80004a000 	C:\Windows\SYSTEM32\VERSION.dll
0x00007ff8016a0000 - 0x00007ff8016cb000 	C:\Windows\SYSTEM32\WINMMBASE.dll
0x00007ff8044c0000 - 0x00007ff80452a000 	C:\Windows\System32\WS2_32.dll
0x00007ff804210000 - 0x00007ff804252000 	C:\Windows\System32\cfgmgr32.dll
0x0000000054d70000 - 0x0000000054d7f000 	C:\Program Files\Java\jdk1.8.0_111\jre\bin\verify.dll
0x0000000054d40000 - 0x0000000054d69000 	C:\Program Files\Java\jdk1.8.0_111\jre\bin\java.dll
0x0000000054d20000 - 0x0000000054d36000 	C:\Program Files\Java\jdk1.8.0_111\jre\bin\zip.dll
0x00007ff804e20000 - 0x00007ff806329000 	C:\Windows\System32\SHELL32.dll
0x00007ff8038f0000 - 0x00007ff803fca000 	C:\Windows\System32\windows.storage.dll
0x00007ff8033a0000 - 0x00007ff8033ec000 	C:\Windows\System32\powrprof.dll
0x00007ff804a30000 - 0x00007ff804a82000 	C:\Windows\System32\shlwapi.dll
0x00007ff803390000 - 0x00007ff80339f000 	C:\Windows\System32\kernel.appcore.dll
0x00007ff803640000 - 0x00007ff8036e9000 	C:\Windows\System32\shcore.dll
0x00007ff8033f0000 - 0x00007ff803404000 	C:\Windows\System32\profapi.dll
0x0000000054b20000 - 0x0000000054cb8000 	C:\Program Files\Java\jdk1.8.0_111\jre\bin\awt.dll
0x00007ff8065d0000 - 0x00007ff80668f000 	C:\Windows\System32\OLEAUT32.dll
0x00007ff803850000 - 0x00007ff8038ec000 	C:\Windows\System32\msvcp_win.dll
0x00007ff801940000 - 0x00007ff8019ba000 	C:\Windows\SYSTEM32\apphelp.dll
0x00007ff801b10000 - 0x00007ff801ba5000 	C:\Windows\system32\uxtheme.dll
0x00007ff806470000 - 0x00007ff8065ca000 	C:\Windows\System32\MSCTF.dll
0x00007ff8011e0000 - 0x00007ff801206000 	C:\Windows\system32\dwmapi.dll
0x00007ff806330000 - 0x00007ff806467000 	C:\Windows\System32\ole32.dll
0x0000000054ad0000 - 0x0000000054b17000 	C:\Program Files\Java\jdk1.8.0_111\jre\bin\fontmanager.dll
0x00007ffffbf40000 - 0x00007ffffc0cd000 	C:\Windows\system32\d3d9.dll
0x00007fffd67b0000 - 0x00007fffd7866000 	C:\Windows\SYSTEM32\nvd3dumx.dll
0x00007ffffe300000 - 0x00007ffffe46c000 	C:\Program Files (x86)\NVIDIA Corporation\3D Vision\nvSCPAPI64.dll
0x00007ff806b00000 - 0x00007ff806f29000 	C:\Windows\System32\SETUPAPI.dll
0x00007ffffdda0000 - 0x00007ffffe0d6000 	C:\Windows\system32\nvapi64.dll
0x00007ff801fa0000 - 0x00007ff801fc8000 	C:\Windows\SYSTEM32\DEVOBJ.dll
0x00007ff8037f0000 - 0x00007ff803845000 	C:\Windows\System32\WINTRUST.dll
0x00007ff803410000 - 0x00007ff803420000 	C:\Windows\System32\MSASN1.dll
0x00007ff803fd0000 - 0x00007ff804199000 	C:\Windows\System32\CRYPT32.dll
0x00007ff802310000 - 0x00007ff8023af000 	C:\Windows\system32\dxgi.dll
0x0000000054d00000 - 0x0000000054d1a000 	C:\Program Files\Java\jdk1.8.0_111\jre\bin\net.dll
0x00007ff802c60000 - 0x00007ff802cbc000 	C:\Windows\system32\mswsock.dll
0x0000000054ce0000 - 0x0000000054cf1000 	C:\Program Files\Java\jdk1.8.0_111\jre\bin\nio.dll
0x0000000054a80000 - 0x0000000054ac2000 	C:\Program Files\Java\jdk1.8.0_111\jre\bin\t2k.dll
0x00007ff806a50000 - 0x00007ff806aef000 	C:\Windows\System32\clbcatq.dll
0x00007ff800f30000 - 0x00007ff8010d8000 	C:\Windows\SYSTEM32\WindowsCodecs.dll
0x00007ffff8980000 - 0x00007ffff89c9000 	C:\Windows\system32\dataexchange.dll
0x00007fffffd20000 - 0x00007ffffffd6000 	C:\Windows\system32\d3d11.dll
0x00007ff801300000 - 0x00007ff801451000 	C:\Windows\system32\dcomp.dll
0x00007ff801db0000 - 0x00007ff801ecc000 	C:\Windows\system32\twinapi.appcore.dll
0x00007ff8032d0000 - 0x00007ff8032fb000 	C:\Windows\system32\bcrypt.dll
0x00007ff802e00000 - 0x00007ff802e17000 	C:\Windows\SYSTEM32\CRYPTSP.dll
0x00007ff802860000 - 0x00007ff802893000 	C:\Windows\system32\rsaenh.dll
0x00007ff802ae0000 - 0x00007ff802aff000 	C:\Windows\SYSTEM32\USERENV.dll
0x00007ff802e20000 - 0x00007ff802e2b000 	C:\Windows\SYSTEM32\CRYPTBASE.dll
0x00007ff8029e0000 - 0x00007ff802a18000 	C:\Windows\SYSTEM32\IPHLPAPI.DLL
0x00007ff804d60000 - 0x00007ff804d68000 	C:\Windows\System32\NSI.dll
0x00007ffffe6b0000 - 0x00007ffffe6c6000 	C:\Windows\SYSTEM32\dhcpcsvc6.DLL
0x00007ffffe690000 - 0x00007ffffe6aa000 	C:\Windows\SYSTEM32\dhcpcsvc.DLL
0x00007ffffb3c0000 - 0x00007ffffb492000 	C:\Windows\System32\IME\IMEKR\imkrtip.dll
0x00007ff800da0000 - 0x00007ff800f25000 	C:\Windows\SYSTEM32\PROPSYS.dll
0x00007ffffb260000 - 0x00007ffffb3b6000 	C:\Windows\System32\IME\shared\imetip.dll
0x00007ffffaa20000 - 0x00007ffffabc8000 	C:\Windows\SYSTEM32\DUI70.dll
0x00007ffffc910000 - 0x00007ffffc975000 	C:\Windows\SYSTEM32\OLEACC.dll
0x00007ffffbcf0000 - 0x00007ffffbd28000 	C:\Windows\System32\IME\IMEKR\imkrapi.dll
0x00007ffffbcb0000 - 0x00007ffffbce5000 	C:\Windows\System32\IME\shared\imjkapi.dll
0x00007ff802730000 - 0x00007ff802762000 	C:\Windows\SYSTEM32\ntmarta.dll
0x0000000054a50000 - 0x0000000054a7a000 	C:\Program Files\Java\jdk1.8.0_111\jre\bin\dcpr.dll
0x00007ff802a20000 - 0x00007ff802ac1000 	C:\Windows\SYSTEM32\DNSAPI.dll
0x00007ffffaed0000 - 0x00007ffffaeda000 	C:\Windows\System32\rasadhlp.dll
0x00007ffffd7a0000 - 0x00007ffffd80a000 	C:\Windows\System32\fwpuclnt.dll
0x00007ffff5f70000 - 0x00007ffff6102000 	C:\Windows\SYSTEM32\dbghelp.dll

VM Arguments:
jvm_args: -Dfile.encoding=x-windows-949 -Duser.country=KR -Duser.language=ko -Duser.variant 
java_command: kr.or.dgit.sw_project.MainApp
java_class_path (initial): C:\Users\LYJ\git\Swproject\build\classes\main;C:\Users\LYJ\git\Swproject\build\resources\main;C:\Users\LYJ\git\Swproject\src\main\resources\kr\or\dgit\sw_project\libraries\jxl.jar;C:\Users\LYJ\git\Swproject\src\main\resources\kr\or\dgit\sw_project\libraries\DatePanel.jar;C:\Users\LYJ\git\Swproject\src\main\resources\kr\or\dgit\sw_project\libraries\erp_myframework.jar;C:\Users\LYJ\git\Swproject\src\main\resources\kr\or\dgit\sw_project\lookandfeel\syntheticaAluOxide.jar;C:\Users\LYJ\git\Swproject\src\main\resources\kr\or\dgit\sw_project\lookandfeel\synthetica.jar;C:\Users\LYJ\git\Swproject\src\main\resources\kr\or\dgit\sw_project\libraries\swingx-1.6.5.jar;C:\Users\LYJ\git\Swproject\src\main\resources\kr\or\dgit\sw_project\libraries\syntheticaAddons.jar;C:\Users\LYJ\git\Swproject\src\main\resources\kr\or\dgit\sw_project\libraries\syntheticaAluOxideAddon.jar;C:\Users\LYJ\git\Swproject\src\main\resources\kr\or\dgit\sw_project\libraries\jfxrt.jar;C:\Users\LYJ\.gradle\caches\modules-2\files-2.1\mysql\mysql-connector-java\5.1.41\b0878056f15616989144d6114d36d3942321d0d1\mysql-connector-java-5.1.41.jar;C:\Users\LYJ\.gradle\caches\modules-2\files-2.1\org.mybatis\mybatis\3.4.2\2b9a5082fe0bdb3128bab8b4b19b23ca0f3d9b38\mybatis-3.4.2.jar;C:\Users\LYJ\.gradle\caches\modules-2\files-2.1\junit\junit\4.12\2973d150c0dc1fefe998f834810d68f278ea58ec\junit-4.12.jar;C:\Users\LYJ\.gradle\caches\modules-2\files-2.1\log4j\log4j\1.2.17\5af35056b4d257e4b64b9e8069c0746e8b08629f\log4j-1.2.17.jar;C:\Users\LYJ\.gradle\caches\modules-2\files-2.1\org.hamcrest\hamcrest-core\1.3\42a25dc3219429f0e5d060061f71acb49bf010a0\hamcrest-core-1.3.jar
Launcher Type: SUN_STANDARD

Environment Variables:
JAVA_HOME=C:\Program Files\Java\jdk1.8.0_111\
PATH=C:/Program Files/Java/jre1.8.0_111/bin/server;C:/Program Files/Java/jre1.8.0_111/bin;C:/Program Files/Java/jre1.8.0_111/lib/amd64;C:\ProgramData\Oracle\Java\javapath;C:\Program Files (x86)\NVIDIA Corporation\PhysX\Common;C:\Windows\system32;C:\Windows;C:\Windows\System32\Wbem;C:\Windows\System32\WindowsPowerShell\v1.0\;C:\Program Files\Git\cmd;D:\gradle-3.4.1\bin;C:\Program Files\Java\jdk1.8.0_111\\bin;C:\Program Files\Java\jdk1.8.0_111\\bin;C:\Users\LYJ\AppData\Local\Microsoft\WindowsApps;C:\Program Files\Bandizip\7z;C:\Program Files\MySQL\MySQL Server 5.6\\bin;D:\eclipse;
USERNAME=LYJ
OS=Windows_NT
PROCESSOR_IDENTIFIER=Intel64 Family 6 Model 23 Stepping 10, GenuineIntel



---------------  S Y S T E M  ---------------

OS: Windows 10.0 , 64 bit Build 14393 (10.0.14393.0)

CPU:total 4 (4 cores per cpu, 1 threads per core) family 6 model 23 stepping 10, cmov, cx8, fxsr, mmx, sse, sse2, sse3, ssse3, sse4.1, tsc

Memory: 4k page, physical 4192492k(624164k free), swap 7627988k(1202200k free)

vm_info: Java HotSpot(TM) 64-Bit Server VM (25.111-b14) for windows-amd64 JRE (1.8.0_111-b14), built on Sep 22 2016 19:24:05 by "java_re" with MS VC++ 10.0 (VS2010)

time: Wed Apr 12 19:05:26 2017
elapsed time: 9 seconds (0d 0h 0m 9s)

