#
# A fatal error has been detected by the Java Runtime Environment:
#
#  EXCEPTION_ACCESS_VIOLATION (0xc0000005) at pc=0xffffffffa3d55120, pid=7268, tid=0x00000000000027dc
#
# JRE version: Java(TM) SE Runtime Environment (8.0_111-b14) (build 1.8.0_111-b14)
# Java VM: Java HotSpot(TM) 64-Bit Server VM (25.111-b14 mixed mode windows-amd64 compressed oops)
# Problematic frame:
# C  0xffffffffa3d55120
#
# Failed to write core dump. Minidumps are not enabled by default on client versions of Windows
#
# If you would like to submit a bug report, please visit:
#   http://bugreport.java.com/bugreport/crash.jsp
#

---------------  T H R E A D  ---------------

Current thread (0x000000001bdb9000):  JavaThread "JavaFX Application Thread" [_thread_in_Java, id=10204, stack(0x000000001e5b0000,0x000000001e6b0000)]

siginfo: ExceptionCode=0xc0000005, ExceptionInformation=0x0000000000000008 0xffffffffa3d55120

Registers:
RAX=0x0000000014b4d3f8, RBX=0x0000000014b4d3f8, RCX=0x00000000edd2e3c8, RDX=0x00000000edd2e3c8
RSP=0x000000001e6ad1d8, RBP=0x000000001e6ad230, RSI=0x0000000100075408, RDI=0x0000000011b10000
R8 =0x0000000000759b9b, R9 =0x0000000000000268, R10=0x00000000553ec070, R11=0x00000000033a7540
R12=0x0000000000000000, R13=0x000000001e6ad1e8, R14=0x000000001e6ad2d0, R15=0x000000001bdb9000
RIP=0xffffffffa3d55120, EFLAGS=0x0000000000010202

Top of Stack: (sp=0x000000001e6ad1d8)
0x000000001e6ad1d8:   0000000002d578b5 0000000002d578b5
0x000000001e6ad1e8:   00000000edd2e3c8 000000001e6ad1f0
0x000000001e6ad1f8:   000000001f1ba1d7 000000001e6ad2d0
0x000000001e6ad208:   000000001f1ba648 0000000000000000
0x000000001e6ad218:   000000001f1ba298 000000001e6ad1e8
0x000000001e6ad228:   000000001e6ad2b8 000000001e6ad328
0x000000001e6ad238:   0000000002d57e20 00000000edbb4828
0x000000001e6ad248:   00000000edd2e380 00000000eb3737f0
0x000000001e6ad258:   00000000eb373708 00000000eddc8d30
0x000000001e6ad268:   00000000eb373788 0000000000000000
0x000000001e6ad278:   00000000edd18690 0000000000000003
0x000000001e6ad288:   00000000eb373778 0000000000000001
0x000000001e6ad298:   00000000eb373768 0000000000000001
0x000000001e6ad2a8:   0000000000000000 0000000000000000
0x000000001e6ad2b8:   00000000eb373708 00000000eb3736c0
0x000000001e6ad2c8:   0000000000000000 00000000edd184e0 

Instructions: (pc=0xffffffffa3d55120)
0xffffffffa3d55100:   
[error occurred during error reporting (printing registers, top of stack, instructions near pc), id 0xc0000005]

Register to memory mapping:

RAX={method} {0x0000000014b4d400} 'isEmpty' '()Z' in 'java/util/ArrayList'
RBX={method} {0x0000000014b4d400} 'isEmpty' '()Z' in 'java/util/ArrayList'
RCX=0x00000000edd2e3c8 is an oop
java.util.ArrayList 
 - klass: 'java/util/ArrayList'
RDX=0x00000000edd2e3c8 is an oop
java.util.ArrayList 
 - klass: 'java/util/ArrayList'
RSP=0x000000001e6ad1d8 is pointing into the stack for thread: 0x000000001bdb9000
RBP=0x000000001e6ad230 is pointing into the stack for thread: 0x000000001bdb9000
RSI=0x0000000100075408 is pointing into metadata
RDI=0x0000000011b10000 is an unknown value
R8 =0x0000000000759b9b is an unknown value
R9 =0x0000000000000268 is an unknown value
R10=0x00000000553ec070 is an unknown value
R11=0x00000000033a7540 is at entry_point+32 in (nmethod*)0x00000000033a73d0
R12=0x0000000000000000 is an unknown value
R13=0x000000001e6ad1e8 is pointing into the stack for thread: 0x000000001bdb9000
R14=0x000000001e6ad2d0 is pointing into the stack for thread: 0x000000001bdb9000
R15=0x000000001bdb9000 is a thread


Stack: [0x000000001e5b0000,0x000000001e6b0000],  sp=0x000000001e6ad1d8,  free space=1012k
Native frames: (J=compiled Java code, j=interpreted, Vv=VM code, C=native code)
C  0xffffffffa3d55120


---------------  P R O C E S S  ---------------

Java Threads: ( => current thread )
  0x000000001bdb6000 JavaThread "Abandoned connection cleanup thread" daemon [_thread_blocked, id=3824, stack(0x00000000205c0000,0x00000000206c0000)]
  0x000000001bdb3800 JavaThread "Thread-11" daemon [_thread_in_native, id=8736, stack(0x000000001eef0000,0x000000001eff0000)]
=>0x000000001bdb9000 JavaThread "JavaFX Application Thread" [_thread_in_Java, id=10204, stack(0x000000001e5b0000,0x000000001e6b0000)]
  0x000000001bdb3000 JavaThread "Thread-10" daemon [_thread_blocked, id=1664, stack(0x000000001e4b0000,0x000000001e5b0000)]
  0x000000001bdb4800 JavaThread "QuantumRenderer-0" daemon [_thread_blocked, id=592, stack(0x000000001dbb0000,0x000000001dcb0000)]
  0x000000001bdb8000 JavaThread "JavaFX-Launcher" [_thread_blocked, id=5296, stack(0x000000001d8b0000,0x000000001d9b0000)]
  0x000000001bdb7800 JavaThread "SyntheticaAnimation 60" daemon [_thread_blocked, id=220, stack(0x000000001d7b0000,0x000000001d8b0000)]
  0x000000001bdb9800 JavaThread "SyntheticaAnimation 50" daemon [_thread_blocked, id=980, stack(0x000000001cc30000,0x000000001cd30000)]
  0x000000001bdb5000 JavaThread "D3D Screen Updater" daemon [_thread_blocked, id=6156, stack(0x000000001cb30000,0x000000001cc30000)]
  0x000000001bdb6800 JavaThread "TimerQueue" daemon [_thread_blocked, id=8424, stack(0x000000001c430000,0x000000001c530000)]
  0x0000000017820000 JavaThread "Image Fetcher 0" daemon [_thread_blocked, id=7020, stack(0x000000001b160000,0x000000001b260000)]
  0x00000000177ac000 JavaThread "SyntheticaCleanerThread" daemon [_thread_blocked, id=3908, stack(0x00000000193a0000,0x00000000194a0000)]
  0x0000000017417800 JavaThread "Thread-2" daemon [_thread_blocked, id=6940, stack(0x00000000180c0000,0x00000000181c0000)]
  0x0000000002d4d800 JavaThread "DestroyJavaVM" [_thread_blocked, id=252, stack(0x0000000002710000,0x0000000002810000)]
  0x00000000173a8000 JavaThread "AWT-EventQueue-0" [_thread_blocked, id=768, stack(0x0000000017fc0000,0x00000000180c0000)]
  0x00000000173a6000 JavaThread "AWT-Windows" daemon [_thread_in_native, id=7072, stack(0x0000000017d60000,0x0000000017e60000)]
  0x0000000016e85000 JavaThread "AWT-Shutdown" [_thread_blocked, id=8464, stack(0x0000000017c60000,0x0000000017d60000)]
  0x0000000016e83800 JavaThread "Java2D Disposer" daemon [_thread_blocked, id=8348, stack(0x0000000017b60000,0x0000000017c60000)]
  0x0000000016b18800 JavaThread "Service Thread" daemon [_thread_blocked, id=1972, stack(0x0000000017090000,0x0000000017190000)]
  0x0000000016a93000 JavaThread "C1 CompilerThread2" daemon [_thread_blocked, id=4708, stack(0x0000000016f90000,0x0000000017090000)]
  0x000000001547e000 JavaThread "C2 CompilerThread1" daemon [_thread_blocked, id=8292, stack(0x0000000016e90000,0x0000000016f90000)]
  0x000000001547c000 JavaThread "C2 CompilerThread0" daemon [_thread_blocked, id=4816, stack(0x0000000016990000,0x0000000016a90000)]
  0x0000000015479800 JavaThread "Attach Listener" daemon [_thread_blocked, id=5428, stack(0x0000000016890000,0x0000000016990000)]
  0x000000001542d000 JavaThread "Signal Dispatcher" daemon [_thread_blocked, id=10096, stack(0x0000000016790000,0x0000000016890000)]
  0x0000000015409000 JavaThread "Finalizer" daemon [_thread_blocked, id=988, stack(0x0000000016690000,0x0000000016790000)]
  0x0000000002c81000 JavaThread "Reference Handler" daemon [_thread_blocked, id=7120, stack(0x0000000016590000,0x0000000016690000)]

Other Threads:
  0x00000000153e7800 VMThread [stack: 0x0000000016490000,0x0000000016590000] [id=8308]
  0x0000000016b5e000 WatcherThread [stack: 0x0000000017190000,0x0000000017290000] [id=3964]

VM state:not at safepoint (normal execution)

VM Mutex/Monitor currently owned by a thread: None

Heap:
 PSYoungGen      total 49152K, used 13827K [0x00000000eab00000, 0x00000000eeb00000, 0x0000000100000000)
  eden space 43008K, 20% used [0x00000000eab00000,0x00000000eb3916c0,0x00000000ed500000)
  from space 6144K, 82% used [0x00000000edb00000,0x00000000edfef920,0x00000000ee100000)
  to   space 6144K, 0% used [0x00000000ed500000,0x00000000ed500000,0x00000000edb00000)
 ParOldGen       total 32768K, used 8345K [0x00000000c0000000, 0x00000000c2000000, 0x00000000eab00000)
  object space 32768K, 25% used [0x00000000c0000000,0x00000000c0826600,0x00000000c2000000)
 Metaspace       used 32264K, capacity 32916K, committed 33200K, reserved 1077248K
  class space    used 4276K, capacity 4436K, committed 4528K, reserved 1048576K

Card table byte_map: [0x0000000012110000,0x0000000012320000] byte_map_base: 0x0000000011b10000

Marking Bits: (ParMarkBitMap*) 0x000000005540a6c0
 Begin Bits: [0x0000000012880000, 0x0000000013880000)
 End Bits:   [0x0000000013880000, 0x0000000014880000)

Polling page: 0x0000000000a50000

CodeCache: size=245760Kb used=9854Kb max_used=9865Kb free=235905Kb
 bounds [0x0000000002d50000, 0x0000000003700000, 0x0000000011d50000]
 total_blobs=3709 nmethods=2918 adapters=704
 compilation: enabled

Compilation events (10 events):
Event: 5.118 Thread 0x0000000016a93000 nmethod 2913 0x00000000036f49d0 code [0x00000000036f4b40, 0x00000000036f4cc8]
Event: 5.121 Thread 0x0000000016a93000 2915       1       com.sun.javafx.css.Selector::getOrdinal (5 bytes)
Event: 5.121 Thread 0x0000000016a93000 nmethod 2915 0x00000000036f4d50 code [0x00000000036f4ea0, 0x00000000036f4fb0]
Event: 5.127 Thread 0x0000000016a93000 2916       1       javafx.css.CssMetaData::getProperty (5 bytes)
Event: 5.127 Thread 0x0000000016a93000 nmethod 2916 0x00000000036f5010 code [0x00000000036f5160, 0x00000000036f5270]
Event: 5.127 Thread 0x0000000016a93000 2917       3       javafx.scene.Node::getScene (11 bytes)
Event: 5.127 Thread 0x0000000016a93000 nmethod 2917 0x00000000036f52d0 code [0x00000000036f5460, 0x00000000036f58a8]
Event: 5.130 Thread 0x000000001547e000 2918       4       java.util.HashMap$ValueIterator::next (8 bytes)
Event: 5.131 Thread 0x000000001547c000 2919       4       java.util.ArrayList::isEmpty (13 bytes)
Event: 5.131 Thread 0x000000001547c000 nmethod 2919 0x00000000036f8650 code [0x00000000036f8780, 0x00000000036f87f8]

GC Heap History (10 events):
Event: 3.056 GC heap before
{Heap before GC invocations=3 (full 0):
 PSYoungGen      total 18944K, used 6701K [0x00000000eab00000, 0x00000000ec000000, 0x0000000100000000)
  eden space 16384K, 25% used [0x00000000eab00000,0x00000000eaf10e20,0x00000000ebb00000)
  from space 2560K, 99% used [0x00000000ebd80000,0x00000000ebffa630,0x00000000ec000000)
  to   space 2560K, 0% used [0x00000000ebb00000,0x00000000ebb00000,0x00000000ebd80000)
 ParOldGen       total 44032K, used 4545K [0x00000000c0000000, 0x00000000c2b00000, 0x00000000eab00000)
  object space 44032K, 10% used [0x00000000c0000000,0x00000000c04705c0,0x00000000c2b00000)
 Metaspace       used 20765K, capacity 21072K, committed 21296K, reserved 1067008K
  class space    used 2725K, capacity 2826K, committed 2864K, reserved 1048576K
Event: 3.064 GC heap after
Heap after GC invocations=3 (full 0):
 PSYoungGen      total 18944K, used 2553K [0x00000000eab00000, 0x00000000ed000000, 0x0000000100000000)
  eden space 16384K, 0% used [0x00000000eab00000,0x00000000eab00000,0x00000000ebb00000)
  from space 2560K, 99% used [0x00000000ebb00000,0x00000000ebd7e640,0x00000000ebd80000)
  to   space 2560K, 0% used [0x00000000ecd80000,0x00000000ecd80000,0x00000000ed000000)
 ParOldGen       total 44032K, used 5172K [0x00000000c0000000, 0x00000000c2b00000, 0x00000000eab00000)
  object space 44032K, 11% used [0x00000000c0000000,0x00000000c050d1b0,0x00000000c2b00000)
 Metaspace       used 20765K, capacity 21072K, committed 21296K, reserved 1067008K
  class space    used 2725K, capacity 2826K, committed 2864K, reserved 1048576K
}
Event: 3.064 GC heap before
{Heap before GC invocations=4 (full 1):
 PSYoungGen      total 18944K, used 2553K [0x00000000eab00000, 0x00000000ed000000, 0x0000000100000000)
  eden space 16384K, 0% used [0x00000000eab00000,0x00000000eab00000,0x00000000ebb00000)
  from space 2560K, 99% used [0x00000000ebb00000,0x00000000ebd7e640,0x00000000ebd80000)
  to   space 2560K, 0% used [0x00000000ecd80000,0x00000000ecd80000,0x00000000ed000000)
 ParOldGen       total 44032K, used 5172K [0x00000000c0000000, 0x00000000c2b00000, 0x00000000eab00000)
  object space 44032K, 11% used [0x00000000c0000000,0x00000000c050d1b0,0x00000000c2b00000)
 Metaspace       used 20765K, capacity 21072K, committed 21296K, reserved 1067008K
  class space    used 2725K, capacity 2826K, committed 2864K, reserved 1048576K
Event: 3.106 GC heap after
Heap after GC invocations=4 (full 1):
 PSYoungGen      total 18944K, used 0K [0x00000000eab00000, 0x00000000ed000000, 0x0000000100000000)
  eden space 16384K, 0% used [0x00000000eab00000,0x00000000eab00000,0x00000000ebb00000)
  from space 2560K, 0% used [0x00000000ebb00000,0x00000000ebb00000,0x00000000ebd80000)
  to   space 2560K, 0% used [0x00000000ecd80000,0x00000000ecd80000,0x00000000ed000000)
 ParOldGen       total 32768K, used 6431K [0x00000000c0000000, 0x00000000c2000000, 0x00000000eab00000)
  object space 32768K, 19% used [0x00000000c0000000,0x00000000c0647d60,0x00000000c2000000)
 Metaspace       used 20765K, capacity 21072K, committed 21296K, reserved 1067008K
  class space    used 2725K, capacity 2826K, committed 2864K, reserved 1048576K
}
Event: 3.660 GC heap before
{Heap before GC invocations=5 (full 1):
 PSYoungGen      total 18944K, used 16369K [0x00000000eab00000, 0x00000000ed000000, 0x0000000100000000)
  eden space 16384K, 99% used [0x00000000eab00000,0x00000000ebafc540,0x00000000ebb00000)
  from space 2560K, 0% used [0x00000000ebb00000,0x00000000ebb00000,0x00000000ebd80000)
  to   space 2560K, 0% used [0x00000000ecd80000,0x00000000ecd80000,0x00000000ed000000)
 ParOldGen       total 32768K, used 6431K [0x00000000c0000000, 0x00000000c2000000, 0x00000000eab00000)
  object space 32768K, 19% used [0x00000000c0000000,0x00000000c0647d60,0x00000000c2000000)
 Metaspace       used 26764K, capacity 27198K, committed 27696K, reserved 1073152K
  class space    used 3650K, capacity 3785K, committed 3888K, reserved 1048576K
Event: 3.668 GC heap after
Heap after GC invocations=5 (full 1):
 PSYoungGen      total 29184K, used 2544K [0x00000000eab00000, 0x00000000ed000000, 0x0000000100000000)
  eden space 26624K, 0% used [0x00000000eab00000,0x00000000eab00000,0x00000000ec500000)
  from space 2560K, 99% used [0x00000000ecd80000,0x00000000ecffc040,0x00000000ed000000)
  to   space 2560K, 0% used [0x00000000ecb00000,0x00000000ecb00000,0x00000000ecd80000)
 ParOldGen       total 32768K, used 7020K [0x00000000c0000000, 0x00000000c2000000, 0x00000000eab00000)
  object space 32768K, 21% used [0x00000000c0000000,0x00000000c06db2c8,0x00000000c2000000)
 Metaspace       used 26764K, capacity 27198K, committed 27696K, reserved 1073152K
  class space    used 3650K, capacity 3785K, committed 3888K, reserved 1048576K
}
Event: 4.169 GC heap before
{Heap before GC invocations=6 (full 1):
 PSYoungGen      total 29184K, used 29168K [0x00000000eab00000, 0x00000000ed000000, 0x0000000100000000)
  eden space 26624K, 100% used [0x00000000eab00000,0x00000000ec500000,0x00000000ec500000)
  from space 2560K, 99% used [0x00000000ecd80000,0x00000000ecffc040,0x00000000ed000000)
  to   space 2560K, 0% used [0x00000000ecb00000,0x00000000ecb00000,0x00000000ecd80000)
 ParOldGen       total 32768K, used 7020K [0x00000000c0000000, 0x00000000c2000000, 0x00000000eab00000)
  object space 32768K, 21% used [0x00000000c0000000,0x00000000c06db2c8,0x00000000c2000000)
 Metaspace       used 28137K, capacity 28580K, committed 28848K, reserved 1075200K
  class space    used 3803K, capacity 3946K, committed 4016K, reserved 1048576K
Event: 4.178 GC heap after
Heap after GC invocations=6 (full 1):
 PSYoungGen      total 35328K, used 2554K [0x00000000eab00000, 0x00000000ee100000, 0x0000000100000000)
  eden space 32768K, 0% used [0x00000000eab00000,0x00000000eab00000,0x00000000ecb00000)
  from space 2560K, 99% used [0x00000000ecb00000,0x00000000ecd7ea10,0x00000000ecd80000)
  to   space 6144K, 0% used [0x00000000edb00000,0x00000000edb00000,0x00000000ee100000)
 ParOldGen       total 32768K, used 8337K [0x00000000c0000000, 0x00000000c2000000, 0x00000000eab00000)
  object space 32768K, 25% used [0x00000000c0000000,0x00000000c0824600,0x00000000c2000000)
 Metaspace       used 28137K, capacity 28580K, committed 28848K, reserved 1075200K
  class space    used 3803K, capacity 3946K, committed 4016K, reserved 1048576K
}
Event: 4.587 GC heap before
{Heap before GC invocations=7 (full 1):
 PSYoungGen      total 35328K, used 35322K [0x00000000eab00000, 0x00000000ee100000, 0x0000000100000000)
  eden space 32768K, 100% used [0x00000000eab00000,0x00000000ecb00000,0x00000000ecb00000)
  from space 2560K, 99% used [0x00000000ecb00000,0x00000000ecd7ea10,0x00000000ecd80000)
  to   space 6144K, 0% used [0x00000000edb00000,0x00000000edb00000,0x00000000ee100000)
 ParOldGen       total 32768K, used 8337K [0x00000000c0000000, 0x00000000c2000000, 0x00000000eab00000)
  object space 32768K, 25% used [0x00000000c0000000,0x00000000c0824600,0x00000000c2000000)
 Metaspace       used 30005K, capacity 30436K, committed 30768K, reserved 1075200K
  class space    used 3952K, capacity 4074K, committed 4144K, reserved 1048576K
Event: 4.600 GC heap after
Heap after GC invocations=7 (full 1):
 PSYoungGen      total 49152K, used 5054K [0x00000000eab00000, 0x00000000eeb00000, 0x0000000100000000)
  eden space 43008K, 0% used [0x00000000eab00000,0x00000000eab00000,0x00000000ed500000)
  from space 6144K, 82% used [0x00000000edb00000,0x00000000edfef920,0x00000000ee100000)
  to   space 6144K, 0% used [0x00000000ed500000,0x00000000ed500000,0x00000000edb00000)
 ParOldGen       total 32768K, used 8345K [0x00000000c0000000, 0x00000000c2000000, 0x00000000eab00000)
  object space 32768K, 25% used [0x00000000c0000000,0x00000000c0826600,0x00000000c2000000)
 Metaspace       used 30005K, capacity 30436K, committed 30768K, reserved 1075200K
  class space    used 3952K, capacity 4074K, committed 4144K, reserved 1048576K
}

Deoptimization events (10 events):
Event: 3.697 Thread 0x000000001bdb9000 Uncommon trap: reason=class_check action=maybe_recompile pc=0x000000000343e724 method=java.io.DataInputStream.readChar()C @ 4
Event: 3.743 Thread 0x000000001bdb9000 Uncommon trap: reason=unstable_if action=reinterpret pc=0x0000000003458ef0 method=java.lang.Character.isHighSurrogate(C)Z @ 3
Event: 3.743 Thread 0x000000001bdb9000 Uncommon trap: reason=unstable_if action=reinterpret pc=0x0000000003465fd0 method=sun.text.UCompactIntArray.elementAt(I)I @ 14
Event: 3.763 Thread 0x000000001bdb9000 Uncommon trap: reason=unstable_if action=reinterpret pc=0x0000000003321798 method=sun.net.www.ParseUtil.encodePath(Ljava/lang/String;Z)Ljava/lang/String; @ 81
Event: 3.763 Thread 0x000000001bdb9000 Uncommon trap: reason=unstable_if action=reinterpret pc=0x0000000003208150 method=sun.nio.cs.UTF_8$Encoder.encode([CII[B)I @ 33
Event: 3.764 Thread 0x000000001bdb9000 Uncommon trap: reason=unstable_if action=reinterpret pc=0x0000000003073464 method=sun.nio.cs.UTF_8$Encoder.encode([CII[B)I @ 33
Event: 3.797 Thread 0x000000001bdb9000 Uncommon trap: reason=unstable_if action=reinterpret pc=0x0000000003233c28 method=sun.net.www.ParseUtil.encodePath(Ljava/lang/String;Z)Ljava/lang/String; @ 81
Event: 4.281 Thread 0x000000001bdb9000 Uncommon trap: reason=unstable_if action=reinterpret pc=0x00000000034239a4 method=java.lang.reflect.Method.isDefault()Z @ 19
Event: 4.281 Thread 0x000000001bdb9000 Uncommon trap: reason=unstable_if action=reinterpret pc=0x000000000338558c method=java.lang.reflect.Method.isDefault()Z @ 19
Event: 4.693 Thread 0x000000001bdb9000 Uncommon trap: reason=unstable_if action=reinterpret pc=0x000000000348ce70 method=sun.nio.cs.ext.DoubleByte$Decoder.decodeArrayLoop(Ljava/nio/ByteBuffer;Ljava/nio/CharBuffer;)Ljava/nio/charset/CoderResult; @ 66

Internal exceptions (10 events):
Event: 3.564 Thread 0x000000001bdb9000 Exception <a 'java/lang/ArrayIndexOutOfBoundsException'> (0x00000000eb771a40) thrown at [C:\re\workspace\8-2-build-windows-amd64-cygwin\jdk8u111\7883\hotspot\src\share\vm\runtime\sharedRuntime.cpp, line 605]
Event: 3.565 Thread 0x000000001bdb9000 Exception <a 'java/lang/ArrayIndexOutOfBoundsException'> (0x00000000eb7782e0) thrown at [C:\re\workspace\8-2-build-windows-amd64-cygwin\jdk8u111\7883\hotspot\src\share\vm\runtime\sharedRuntime.cpp, line 605]
Event: 3.566 Thread 0x000000001bdb9000 Exception <a 'java/lang/ArrayIndexOutOfBoundsException'> (0x00000000eb77eeb0) thrown at [C:\re\workspace\8-2-build-windows-amd64-cygwin\jdk8u111\7883\hotspot\src\share\vm\runtime\sharedRuntime.cpp, line 605]
Event: 3.567 Thread 0x000000001bdb9000 Exception <a 'java/lang/ArrayIndexOutOfBoundsException'> (0x00000000eb785a78) thrown at [C:\re\workspace\8-2-build-windows-amd64-cygwin\jdk8u111\7883\hotspot\src\share\vm\runtime\sharedRuntime.cpp, line 605]
Event: 3.568 Thread 0x000000001bdb9000 Exception <a 'java/lang/ArrayIndexOutOfBoundsException'> (0x00000000eb78cc18) thrown at [C:\re\workspace\8-2-build-windows-amd64-cygwin\jdk8u111\7883\hotspot\src\share\vm\runtime\sharedRuntime.cpp, line 605]
Event: 3.569 Thread 0x000000001bdb9000 Exception <a 'java/lang/ArrayIndexOutOfBoundsException'> (0x00000000eb792f20) thrown at [C:\re\workspace\8-2-build-windows-amd64-cygwin\jdk8u111\7883\hotspot\src\share\vm\runtime\sharedRuntime.cpp, line 605]
Event: 3.571 Thread 0x000000001bdb9000 Exception <a 'java/lang/ArrayIndexOutOfBoundsException'> (0x00000000eb79f5f0) thrown at [C:\re\workspace\8-2-build-windows-amd64-cygwin\jdk8u111\7883\hotspot\src\share\vm\runtime\sharedRuntime.cpp, line 605]
Event: 3.572 Thread 0x000000001bdb9000 Exception <a 'java/lang/ArrayIndexOutOfBoundsException'> (0x00000000eb7a6338) thrown at [C:\re\workspace\8-2-build-windows-amd64-cygwin\jdk8u111\7883\hotspot\src\share\vm\runtime\sharedRuntime.cpp, line 605]
Event: 3.573 Thread 0x000000001bdb9000 Exception <a 'java/lang/ArrayIndexOutOfBoundsException': 58> (0x00000000eb7aca00) thrown at [C:\re\workspace\8-2-build-windows-amd64-cygwin\jdk8u111\7883\hotspot\src\share\vm\interpreter\interpreterRuntime.cpp, line 366]
Event: 3.574 Thread 0x000000001bdb9000 Exception <a 'java/lang/ArrayIndexOutOfBoundsException': 58> (0x00000000eb7b3000) thrown at [C:\re\workspace\8-2-build-windows-amd64-cygwin\jdk8u111\7883\hotspot\src\share\vm\interpreter\interpreterRuntime.cpp, line 366]

Events (10 events):
Event: 5.129 loading class javafx/scene/shape/Shape$StyleableProperties$6
Event: 5.129 loading class javafx/scene/shape/Shape$StyleableProperties$6 done
Event: 5.129 loading class javafx/scene/shape/Shape$StyleableProperties$7
Event: 5.129 loading class javafx/scene/shape/Shape$StyleableProperties$7 done
Event: 5.129 loading class javafx/scene/shape/Shape$StyleableProperties$8
Event: 5.129 loading class javafx/scene/shape/Shape$StyleableProperties$8 done
Event: 5.129 loading class javafx/scene/shape/Shape$StyleableProperties$9
Event: 5.129 loading class javafx/scene/shape/Shape$StyleableProperties$9 done
Event: 5.129 loading class javafx/scene/shape/Shape$StyleableProperties$10
Event: 5.129 loading class javafx/scene/shape/Shape$StyleableProperties$10 done


Dynamic libraries:
0x00007ff674eb0000 - 0x00007ff674ee7000 	C:\Program Files\Java\jdk1.8.0_111\bin\java.exe
0x00007ff806f30000 - 0x00007ff807101000 	C:\Windows\SYSTEM32\ntdll.dll
0x00007ff8048d0000 - 0x00007ff80497b000 	C:\Windows\System32\KERNEL32.DLL
0x00007ff803420000 - 0x00007ff80363d000 	C:\Windows\System32\KERNELBASE.dll
0x00007ff806690000 - 0x00007ff806732000 	C:\Windows\System32\ADVAPI32.dll
0x00007ff806740000 - 0x00007ff8067de000 	C:\Windows\System32\msvcrt.dll
0x00007ff8067e0000 - 0x00007ff806839000 	C:\Windows\System32\sechost.dll
0x00007ff8047a0000 - 0x00007ff8048c1000 	C:\Windows\System32\RPCRT4.dll
0x00007ff804530000 - 0x00007ff804695000 	C:\Windows\System32\USER32.dll
0x00007ff804260000 - 0x00007ff80427e000 	C:\Windows\System32\win32u.dll
0x00007ff804980000 - 0x00007ff8049b4000 	C:\Windows\System32\GDI32.dll
0x00007ff804330000 - 0x00007ff8044b2000 	C:\Windows\System32\gdi32full.dll
0x00007ffffcbf0000 - 0x00007ffffce6a000 	C:\Windows\WinSxS\amd64_microsoft.windows.common-controls_6595b64144ccf1df_6.0.14393.953_none_42151e83c686086b\COMCTL32.dll
0x00007ff804a90000 - 0x00007ff804d58000 	C:\Windows\System32\combase.dll
0x00007ff8036f0000 - 0x00007ff8037e5000 	C:\Windows\System32\ucrtbase.dll
0x00007ff8041a0000 - 0x00007ff80420a000 	C:\Windows\System32\bcryptPrimitives.dll
0x00007ff804d90000 - 0x00007ff804dbe000 	C:\Windows\System32\IMM32.DLL
0x0000000055490000 - 0x0000000055562000 	C:\Program Files\Java\jdk1.8.0_111\jre\bin\msvcr100.dll
0x0000000054bf0000 - 0x000000005548a000 	C:\Program Files\Java\jdk1.8.0_111\jre\bin\server\jvm.dll
0x00007ff806840000 - 0x00007ff806848000 	C:\Windows\System32\PSAPI.DLL
0x00007ff800040000 - 0x00007ff80004a000 	C:\Windows\SYSTEM32\VERSION.dll
0x00007ff801810000 - 0x00007ff801833000 	C:\Windows\SYSTEM32\WINMM.dll
0x00007ffff8ce0000 - 0x00007ffff8ce9000 	C:\Windows\SYSTEM32\WSOCK32.dll
0x00007ff8016a0000 - 0x00007ff8016cb000 	C:\Windows\SYSTEM32\WINMMBASE.dll
0x00007ff8044c0000 - 0x00007ff80452a000 	C:\Windows\System32\WS2_32.dll
0x00007ff804210000 - 0x00007ff804252000 	C:\Windows\System32\cfgmgr32.dll
0x0000000054be0000 - 0x0000000054bef000 	C:\Program Files\Java\jdk1.8.0_111\jre\bin\verify.dll
0x0000000054bb0000 - 0x0000000054bd9000 	C:\Program Files\Java\jdk1.8.0_111\jre\bin\java.dll
0x0000000054b90000 - 0x0000000054ba6000 	C:\Program Files\Java\jdk1.8.0_111\jre\bin\zip.dll
0x00007ff804e20000 - 0x00007ff806329000 	C:\Windows\System32\SHELL32.dll
0x00007ff8038f0000 - 0x00007ff803fca000 	C:\Windows\System32\windows.storage.dll
0x00007ff8033a0000 - 0x00007ff8033ec000 	C:\Windows\System32\powrprof.dll
0x00007ff804a30000 - 0x00007ff804a82000 	C:\Windows\System32\shlwapi.dll
0x00007ff803390000 - 0x00007ff80339f000 	C:\Windows\System32\kernel.appcore.dll
0x00007ff803640000 - 0x00007ff8036e9000 	C:\Windows\System32\shcore.dll
0x00007ff8033f0000 - 0x00007ff803404000 	C:\Windows\System32\profapi.dll
0x0000000054990000 - 0x0000000054b28000 	C:\Program Files\Java\jdk1.8.0_111\jre\bin\awt.dll
0x00007ff8065d0000 - 0x00007ff80668f000 	C:\Windows\System32\OLEAUT32.dll
0x00007ff803850000 - 0x00007ff8038ec000 	C:\Windows\System32\msvcp_win.dll
0x00007ff801940000 - 0x00007ff8019ba000 	C:\Windows\SYSTEM32\apphelp.dll
0x00007ff801b10000 - 0x00007ff801ba5000 	C:\Windows\system32\uxtheme.dll
0x00007ff806470000 - 0x00007ff8065ca000 	C:\Windows\System32\MSCTF.dll
0x00007ff8011e0000 - 0x00007ff801206000 	C:\Windows\system32\dwmapi.dll
0x00007ff806330000 - 0x00007ff806467000 	C:\Windows\System32\ole32.dll
0x00000000563c0000 - 0x0000000056407000 	C:\Program Files\Java\jdk1.8.0_111\jre\bin\fontmanager.dll
0x00007ffffbf40000 - 0x00007ffffc0cd000 	C:\Windows\system32\d3d9.dll
0x00007fffdd920000 - 0x00007fffde9d6000 	C:\Windows\SYSTEM32\nvd3dumx.dll
0x00007ffffe300000 - 0x00007ffffe46c000 	C:\Program Files (x86)\NVIDIA Corporation\3D Vision\nvSCPAPI64.dll
0x00007ff806b00000 - 0x00007ff806f29000 	C:\Windows\System32\SETUPAPI.dll
0x00007ffffdda0000 - 0x00007ffffe0d6000 	C:\Windows\system32\nvapi64.dll
0x00007ff801fa0000 - 0x00007ff801fc8000 	C:\Windows\SYSTEM32\DEVOBJ.dll
0x00007ff8037f0000 - 0x00007ff803845000 	C:\Windows\System32\WINTRUST.dll
0x00007ff803410000 - 0x00007ff803420000 	C:\Windows\System32\MSASN1.dll
0x00007ff803fd0000 - 0x00007ff804199000 	C:\Windows\System32\CRYPT32.dll
0x00007ff802310000 - 0x00007ff8023af000 	C:\Windows\system32\dxgi.dll
0x0000000054b70000 - 0x0000000054b8a000 	C:\Program Files\Java\jdk1.8.0_111\jre\bin\net.dll
0x00007ff802c60000 - 0x00007ff802cbc000 	C:\Windows\system32\mswsock.dll
0x0000000054b50000 - 0x0000000054b61000 	C:\Program Files\Java\jdk1.8.0_111\jre\bin\nio.dll
0x0000000056370000 - 0x00000000563b2000 	C:\Program Files\Java\jdk1.8.0_111\jre\bin\t2k.dll
0x00007ff806a50000 - 0x00007ff806aef000 	C:\Windows\System32\clbcatq.dll
0x00007ff800f30000 - 0x00007ff8010d8000 	C:\Windows\SYSTEM32\WindowsCodecs.dll
0x00007ffff8980000 - 0x00007ffff89c9000 	C:\Windows\system32\dataexchange.dll
0x00007fffffd20000 - 0x00007ffffffd6000 	C:\Windows\system32\d3d11.dll
0x00007ff801300000 - 0x00007ff801451000 	C:\Windows\system32\dcomp.dll
0x00007ff801db0000 - 0x00007ff801ecc000 	C:\Windows\system32\twinapi.appcore.dll
0x00007ff8032d0000 - 0x00007ff8032fb000 	C:\Windows\system32\bcrypt.dll
0x00007ff802e00000 - 0x00007ff802e17000 	C:\Windows\SYSTEM32\CRYPTSP.dll
0x00007ff802860000 - 0x00007ff802893000 	C:\Windows\system32\rsaenh.dll
0x00007ff802ae0000 - 0x00007ff802aff000 	C:\Windows\SYSTEM32\USERENV.dll
0x00007ff802e20000 - 0x00007ff802e2b000 	C:\Windows\SYSTEM32\CRYPTBASE.dll
0x00007ff8029e0000 - 0x00007ff802a18000 	C:\Windows\SYSTEM32\IPHLPAPI.DLL
0x00007ff804d60000 - 0x00007ff804d68000 	C:\Windows\System32\NSI.dll
0x00007ffffe6b0000 - 0x00007ffffe6c6000 	C:\Windows\SYSTEM32\dhcpcsvc6.DLL
0x00007ffffe690000 - 0x00007ffffe6aa000 	C:\Windows\SYSTEM32\dhcpcsvc.DLL
0x00007ffffb240000 - 0x00007ffffb312000 	C:\Windows\System32\IME\IMEKR\imkrtip.dll
0x00007ff800da0000 - 0x00007ff800f25000 	C:\Windows\SYSTEM32\PROPSYS.dll
0x00007ffffaa70000 - 0x00007ffffabc6000 	C:\Windows\System32\IME\shared\imetip.dll
0x00007ffffa6b0000 - 0x00007ffffa858000 	C:\Windows\SYSTEM32\DUI70.dll
0x00007ffffd330000 - 0x00007ffffd395000 	C:\Windows\SYSTEM32\OLEACC.dll
0x00007ffffc5f0000 - 0x00007ffffc628000 	C:\Windows\System32\IME\IMEKR\imkrapi.dll
0x00007ffffc190000 - 0x00007ffffc1c5000 	C:\Windows\System32\IME\shared\imjkapi.dll
0x00007ff802730000 - 0x00007ff802762000 	C:\Windows\SYSTEM32\ntmarta.dll
0x0000000056340000 - 0x000000005636a000 	C:\Program Files\Java\jdk1.8.0_111\jre\bin\dcpr.dll
0x00007fffec160000 - 0x00007fffec24f000 	C:\Program Files\Java\jdk1.8.0_111\jre\bin\msvcr120.dll
0x00007ffff0940000 - 0x00007ffff09e6000 	C:\Program Files\Java\jdk1.8.0_111\jre\bin\msvcp120.dll
0x0000000056310000 - 0x0000000056332000 	C:\Program Files\Java\jdk1.8.0_111\jre\bin\prism_d3d.dll
0x00000000562c0000 - 0x0000000056303000 	C:\Program Files\Java\jdk1.8.0_111\jre\bin\glass.dll
0x00007ff8046a0000 - 0x00007ff80479a000 	C:\Windows\System32\COMDLG32.dll
0x0000000054970000 - 0x0000000054984000 	C:\Program Files\Java\jdk1.8.0_111\jre\bin\javafx_font.dll
0x00007ffffb320000 - 0x00007ffffb589000 	C:\Windows\SYSTEM32\dwrite.dll
0x00007ff802a20000 - 0x00007ff802ac1000 	C:\Windows\SYSTEM32\DNSAPI.dll
0x00007ffffaed0000 - 0x00007ffffaeda000 	C:\Windows\System32\rasadhlp.dll
0x00007ffffd7a0000 - 0x00007ffffd80a000 	C:\Windows\System32\fwpuclnt.dll
0x00007ffff5f70000 - 0x00007ffff6102000 	C:\Windows\SYSTEM32\dbghelp.dll

VM Arguments:
jvm_args: -Dfile.encoding=x-windows-949 -Duser.country=KR -Duser.language=ko -Duser.variant 
java_command: kr.or.dgit.sw_project.MainApp
java_class_path (initial): C:\Users\LYJ\git\Swproject\build\classes\main;C:\Users\LYJ\git\Swproject\build\resources\main;C:\Users\LYJ\git\Swproject\src\main\resources\kr\or\dgit\sw_project\libraries\erp_myframework.jar;C:\Users\LYJ\git\Swproject\src\main\resources\kr\or\dgit\sw_project\lookandfeel\syntheticaAluOxide.jar;C:\Users\LYJ\git\Swproject\src\main\resources\kr\or\dgit\sw_project\lookandfeel\synthetica.jar;C:\Users\LYJ\git\Swproject\src\main\resources\kr\or\dgit\sw_project\libraries\swingx-1.6.5.jar;C:\Users\LYJ\git\Swproject\src\main\resources\kr\or\dgit\sw_project\libraries\syntheticaAddons.jar;C:\Users\LYJ\git\Swproject\src\main\resources\kr\or\dgit\sw_project\libraries\syntheticaAluOxideAddon.jar;C:\Users\LYJ\.gradle\caches\modules-2\files-2.1\mysql\mysql-connector-java\5.1.41\b0878056f15616989144d6114d36d3942321d0d1\mysql-connector-java-5.1.41.jar;C:\Users\LYJ\.gradle\caches\modules-2\files-2.1\org.mybatis\mybatis\3.4.2\2b9a5082fe0bdb3128bab8b4b19b23ca0f3d9b38\mybatis-3.4.2.jar;C:\Users\LYJ\.gradle\caches\modules-2\files-2.1\junit\junit\4.12\2973d150c0dc1fefe998f834810d68f278ea58ec\junit-4.12.jar;C:\Users\LYJ\.gradle\caches\modules-2\files-2.1\log4j\log4j\1.2.17\5af35056b4d257e4b64b9e8069c0746e8b08629f\log4j-1.2.17.jar;C:\Users\LYJ\.gradle\caches\modules-2\files-2.1\org.hamcrest\hamcrest-core\1.3\42a25dc3219429f0e5d060061f71acb49bf010a0\hamcrest-core-1.3.jar
Launcher Type: SUN_STANDARD

Environment Variables:
JAVA_HOME=C:\Program Files\Java\jdk1.8.0_111\
PATH=C:/Program Files/Java/jre1.8.0_111/bin/server;C:/Program Files/Java/jre1.8.0_111/bin;C:/Program Files/Java/jre1.8.0_111/lib/amd64;C:\ProgramData\Oracle\Java\javapath;C:\Program Files (x86)\NVIDIA Corporation\PhysX\Common;C:\Windows\system32;C:\Windows;C:\Windows\System32\Wbem;C:\Windows\System32\WindowsPowerShell\v1.0\;C:\Program Files\Git\cmd;D:\gradle-3.4.1\bin;C:\Program Files\Java\jdk1.8.0_111\\bin;C:\Program Files\Java\jdk1.8.0_111\\bin;C:\Users\LYJ\AppData\Local\Microsoft\WindowsApps;C:\Program Files\Bandizip\7z;C:\Program Files\MySQL\MySQL Server 5.6\\bin;D:\eclipse;
USERNAME=LYJ
OS=Windows_NT
PROCESSOR_IDENTIFIER=Intel64 Family 6 Model 23 Stepping 10, GenuineIntel



---------------  S Y S T E M  ---------------

OS: Windows 10.0 , 64 bit Build 14393 (10.0.14393.0)

CPU:total 4 (4 cores per cpu, 1 threads per core) family 6 model 23 stepping 10, cmov, cx8, fxsr, mmx, sse, sse2, sse3, ssse3, sse4.1, tsc

Memory: 4k page, physical 4192492k(648712k free), swap 6899712k(791436k free)

vm_info: Java HotSpot(TM) 64-Bit Server VM (25.111-b14) for windows-amd64 JRE (1.8.0_111-b14), built on Sep 22 2016 19:24:05 by "java_re" with MS VC++ 10.0 (VS2010)

time: Mon Apr 10 15:08:12 2017
elapsed time: 5 seconds (0d 0h 0m 5s)

