#
# A fatal error has been detected by the Java Runtime Environment:
#
#  EXCEPTION_ACCESS_VIOLATION (0xc0000005) at pc=0xffffffffa4015120, pid=9124, tid=0x00000000000011ec
#
# JRE version: Java(TM) SE Runtime Environment (8.0_111-b14) (build 1.8.0_111-b14)
# Java VM: Java HotSpot(TM) 64-Bit Server VM (25.111-b14 mixed mode windows-amd64 compressed oops)
# Problematic frame:
# C  0xffffffffa4015120
#
# Failed to write core dump. Minidumps are not enabled by default on client versions of Windows
#
# If you would like to submit a bug report, please visit:
#   http://bugreport.java.com/bugreport/crash.jsp
#

---------------  T H R E A D  ---------------

Current thread (0x00000000171b7000):  JavaThread "AWT-EventQueue-0" [_thread_in_Java, id=4588, stack(0x0000000018310000,0x0000000018410000)]

siginfo: ExceptionCode=0xc0000005, ExceptionInformation=0x0000000000000008 0xffffffffa4015120

Registers:
RAX=0x0000000000000d90, RBX=0x00000000195ac120, RCX=0x0000000019606fd0, RDX=0x00000000eae4ac60
RSP=0x000000001840cea8, RBP=0x000000001840d4d0, RSI=0x00000000196577c8, RDI=0x0000000000000cc0
R8 =0x00000000eae4ac60, R9 =0x0000000000000f38, R10=0x000000010013d270, R11=0x0000000000000400
R12=0x0000000000000000, R13=0x00000000eae50958, R14=0x0000000000000053, R15=0x00000000171b7000
RIP=0xffffffffa4015120, EFLAGS=0x0000000000010216

Top of Stack: (sp=0x000000001840cea8)
0x000000001840cea8:   0000000003323de4 000000001840cf30
0x000000001840ceb8:   000000001840cf10 0000000000000007
0x000000001840cec8:   00000000c00058f0 0000000000000000
0x000000001840ced8:   0000000000000024 0000000016ea4258
0x000000001840cee8:   00000000ebbebdb8 00000000c0006a40
0x000000001840cef8:   ebccdd580331d1ec 00000000c00058f0
0x000000001840cf08:   00000000eae4ac60 00000000c0005c70
0x000000001840cf18:   00000000ebc32fb0 0000000000000000
0x000000001840cf28:   00000000ebd46990 00000000eae50868
0x000000001840cf38:   00000000c0005c88 00000000ebbebda0
0x000000001840cf48:   0000000000000009 00000000ebb007b8
0x000000001840cf58:   00000000ebccdd30 000000001840d4d0
0x000000001840cf68:   00000000033aec2c 00000000ebce6f80
0x000000001840cf78:   0000000003460fe4 00000000195f0a38
0x000000001840cf88:   0000000073b8d2e2 0000000000000000
0x000000001840cf98:   000000001840cfc8 000000001840d028 

Instructions: (pc=0xffffffffa4015120)
0xffffffffa4015100:   
[error occurred during error reporting (printing registers, top of stack, instructions near pc), id 0xc0000005]

Register to memory mapping:

RAX=0x0000000000000d90 is an unknown value
RBX={method} {0x00000000195ac128} 'equals' '(Ljava/lang/Object;)Z' in 'de/javasoft/plaf/synthetica/StyleFactory$ComponentProperty'
RCX=0x0000000019606fd0 is pointing into metadata
RDX=0x00000000eae4ac60 is an oop
javax.swing.plaf.basic.BasicInternalFrameTitlePane$NoFocusButton 
 - klass: 'javax/swing/plaf/basic/BasicInternalFrameTitlePane$NoFocusButton'
RSP=0x000000001840cea8 is pointing into the stack for thread: 0x00000000171b7000
RBP=0x000000001840d4d0 is pointing into the stack for thread: 0x00000000171b7000
RSI=0x00000000196577c8 is pointing into metadata
RDI=0x0000000000000cc0 is an unknown value
R8 =0x00000000eae4ac60 is an oop
javax.swing.plaf.basic.BasicInternalFrameTitlePane$NoFocusButton 
 - klass: 'javax/swing/plaf/basic/BasicInternalFrameTitlePane$NoFocusButton'
R9 =0x0000000000000f38 is an unknown value
R10=0x000000010013d270 is pointing into metadata
R11=0x0000000000000400 is an unknown value
R12=0x0000000000000000 is an unknown value
R13=0x00000000eae50958 is an oop

[error occurred during error reporting (printing register info), id 0xc0000005]

Stack: [0x0000000018310000,0x0000000018410000],  sp=0x000000001840cea8,  free space=1011k
Native frames: (J=compiled Java code, j=interpreted, Vv=VM code, C=native code)
C  0xffffffffa4015120


---------------  P R O C E S S  ---------------

Java Threads: ( => current thread )
  0x0000000016ddb800 JavaThread "Image Fetcher 0" daemon [_thread_blocked, id=5152, stack(0x000000001b0f0000,0x000000001b1f0000)]
  0x0000000017b93800 JavaThread "SyntheticaCleanerThread" daemon [_thread_blocked, id=13256, stack(0x00000000196f0000,0x00000000197f0000)]
  0x0000000017728000 JavaThread "Thread-2" daemon [_thread_blocked, id=11152, stack(0x0000000018410000,0x0000000018510000)]
  0x000000000300d800 JavaThread "DestroyJavaVM" [_thread_blocked, id=1868, stack(0x0000000002a70000,0x0000000002b70000)]
=>0x00000000171b7000 JavaThread "AWT-EventQueue-0" [_thread_in_Java, id=4588, stack(0x0000000018310000,0x0000000018410000)]
  0x00000000171b5000 JavaThread "AWT-Windows" daemon [_thread_in_native, id=5048, stack(0x00000000180a0000,0x00000000181a0000)]
  0x00000000171b2800 JavaThread "AWT-Shutdown" [_thread_blocked, id=12040, stack(0x0000000017fa0000,0x00000000180a0000)]
  0x00000000176f0000 JavaThread "Java2D Disposer" daemon [_thread_blocked, id=11996, stack(0x0000000017ea0000,0x0000000017fa0000)]
  0x0000000016e71800 JavaThread "Service Thread" daemon [_thread_blocked, id=11468, stack(0x00000000173d0000,0x00000000174d0000)]
  0x0000000016ddb000 JavaThread "C1 CompilerThread2" daemon [_thread_blocked, id=9956, stack(0x00000000172d0000,0x00000000173d0000)]
  0x0000000016dd3000 JavaThread "C2 CompilerThread1" daemon [_thread_blocked, id=11652, stack(0x00000000171d0000,0x00000000172d0000)]
  0x000000001573d000 JavaThread "C2 CompilerThread0" daemon [_thread_blocked, id=13048, stack(0x0000000016cd0000,0x0000000016dd0000)]
  0x000000001573b800 JavaThread "Attach Listener" daemon [_thread_blocked, id=912, stack(0x0000000016bd0000,0x0000000016cd0000)]
  0x00000000156ef800 JavaThread "Signal Dispatcher" daemon [_thread_blocked, id=12528, stack(0x0000000016ad0000,0x0000000016bd0000)]
  0x00000000156c9000 JavaThread "Finalizer" daemon [_thread_blocked, id=9940, stack(0x0000000016950000,0x0000000016a50000)]
  0x0000000002fd1000 JavaThread "Reference Handler" daemon [_thread_blocked, id=5792, stack(0x0000000016850000,0x0000000016950000)]

Other Threads:
  0x00000000156a7800 VMThread [stack: 0x0000000016750000,0x0000000016850000] [id=6188]
  0x0000000016ea1000 WatcherThread [stack: 0x00000000174d0000,0x00000000175d0000] [id=9172]

VM state:not at safepoint (normal execution)

VM Mutex/Monitor currently owned by a thread: None

Heap:
 PSYoungGen      total 18944K, used 5949K [0x00000000eab00000, 0x00000000ec000000, 0x0000000100000000)
  eden space 16384K, 20% used [0x00000000eab00000,0x00000000eae54f98,0x00000000ebb00000)
  from space 2560K, 99% used [0x00000000ebb00000,0x00000000ebd7a630,0x00000000ebd80000)
  to   space 2560K, 0% used [0x00000000ebd80000,0x00000000ebd80000,0x00000000ec000000)
 ParOldGen       total 44032K, used 1468K [0x00000000c0000000, 0x00000000c2b00000, 0x00000000eab00000)
  object space 44032K, 3% used [0x00000000c0000000,0x00000000c016f258,0x00000000c2b00000)
 Metaspace       used 15234K, capacity 15450K, committed 15744K, reserved 1062912K
  class space    used 1988K, capacity 2073K, committed 2176K, reserved 1048576K

Card table byte_map: [0x00000000123d0000,0x00000000125e0000] byte_map_base: 0x0000000011dd0000

Marking Bits: (ParMarkBitMap*) 0x000000007418a6c0
 Begin Bits: [0x0000000012b40000, 0x0000000013b40000)
 End Bits:   [0x0000000013b40000, 0x0000000014b40000)

Polling page: 0x00000000012c0000

CodeCache: size=245760Kb used=4819Kb max_used=4834Kb free=240941Kb
 bounds [0x0000000003010000, 0x00000000034d0000, 0x0000000012010000]
 total_blobs=1737 nmethods=1258 adapters=393
 compilation: enabled

Compilation events (10 events):
Event: 2.350 Thread 0x0000000016ddb000 nmethod 1254 0x00000000034bb850 code [0x00000000034bb9c0, 0x00000000034bbc90]
Event: 2.350 Thread 0x0000000016ddb000 1255       3       java.awt.Component::setBackground (44 bytes)
Event: 2.351 Thread 0x0000000016ddb000 nmethod 1255 0x00000000034bad90 code [0x00000000034baf40, 0x00000000034bb608]
Event: 2.351 Thread 0x0000000016ddb000 1256       3       de.javasoft.plaf.synthetica.styles.StyleWrapper::get (10 bytes)
Event: 2.351 Thread 0x0000000016ddb000 nmethod 1256 0x00000000034ba910 code [0x00000000034baa80, 0x00000000034baca8]
Event: 2.352 Thread 0x0000000016ddb000 1258       3       javax.swing.InputMap::setParent (6 bytes)
Event: 2.353 Thread 0x0000000016ddb000 nmethod 1258 0x00000000034ba5d0 code [0x00000000034ba720, 0x00000000034ba890]
Event: 2.354 Thread 0x0000000016dd3000 nmethod 1251 0x00000000034b9fd0 code [0x00000000034ba140, 0x00000000034ba3e8]
Event: 2.354 Thread 0x0000000016dd3000 1257   !   4       java.awt.Component::firePropertyChange (59 bytes)
Event: 2.355 Thread 0x000000001573d000 nmethod 1250 0x00000000034bdfd0 code [0x00000000034be180, 0x00000000034bea88]

GC Heap History (2 events):
Event: 1.991 GC heap before
{Heap before GC invocations=1 (full 0):
 PSYoungGen      total 18944K, used 16384K [0x00000000eab00000, 0x00000000ec000000, 0x0000000100000000)
  eden space 16384K, 100% used [0x00000000eab00000,0x00000000ebb00000,0x00000000ebb00000)
  from space 2560K, 0% used [0x00000000ebd80000,0x00000000ebd80000,0x00000000ec000000)
  to   space 2560K, 0% used [0x00000000ebb00000,0x00000000ebb00000,0x00000000ebd80000)
 ParOldGen       total 44032K, used 0K [0x00000000c0000000, 0x00000000c2b00000, 0x00000000eab00000)
  object space 44032K, 0% used [0x00000000c0000000,0x00000000c0000000,0x00000000c2b00000)
 Metaspace       used 15041K, capacity 15226K, committed 15360K, reserved 1062912K
  class space    used 1979K, capacity 2041K, committed 2048K, reserved 1048576K
Event: 2.005 GC heap after
Heap after GC invocations=1 (full 0):
 PSYoungGen      total 18944K, used 2537K [0x00000000eab00000, 0x00000000ec000000, 0x0000000100000000)
  eden space 16384K, 0% used [0x00000000eab00000,0x00000000eab00000,0x00000000ebb00000)
  from space 2560K, 99% used [0x00000000ebb00000,0x00000000ebd7a630,0x00000000ebd80000)
  to   space 2560K, 0% used [0x00000000ebd80000,0x00000000ebd80000,0x00000000ec000000)
 ParOldGen       total 44032K, used 1468K [0x00000000c0000000, 0x00000000c2b00000, 0x00000000eab00000)
  object space 44032K, 3% used [0x00000000c0000000,0x00000000c016f258,0x00000000c2b00000)
 Metaspace       used 15041K, capacity 15226K, committed 15360K, reserved 1062912K
  class space    used 1979K, capacity 2041K, committed 2048K, reserved 1048576K
}

Deoptimization events (10 events):
Event: 1.565 Thread 0x00000000171b7000 Uncommon trap: reason=unstable_if action=reinterpret pc=0x0000000003296344 method=java.lang.AbstractStringBuilder.append(Ljava/lang/String;)Ljava/lang/AbstractStringBuilder; @ 1
Event: 1.707 Thread 0x00000000171b7000 Uncommon trap: reason=class_check action=maybe_recompile pc=0x0000000003329528 method=java.util.HashMap.putVal(ILjava/lang/Object;Ljava/lang/Object;ZZ)Ljava/lang/Object; @ 253
Event: 1.707 Thread 0x00000000171b7000 Uncommon trap: reason=class_check action=maybe_recompile pc=0x0000000003329528 method=java.util.HashMap.putVal(ILjava/lang/Object;Ljava/lang/Object;ZZ)Ljava/lang/Object; @ 253
Event: 1.707 Thread 0x00000000171b7000 Uncommon trap: reason=class_check action=maybe_recompile pc=0x0000000003329528 method=java.util.HashMap.putVal(ILjava/lang/Object;Ljava/lang/Object;ZZ)Ljava/lang/Object; @ 253
Event: 1.707 Thread 0x00000000171b7000 Uncommon trap: reason=class_check action=maybe_recompile pc=0x0000000003329528 method=java.util.HashMap.putVal(ILjava/lang/Object;Ljava/lang/Object;ZZ)Ljava/lang/Object; @ 253
Event: 1.975 Thread 0x00000000171b7000 Uncommon trap: reason=unstable_if action=reinterpret pc=0x00000000031d2e40 method=java.lang.CharacterData.of(I)Ljava/lang/CharacterData; @ 4
Event: 2.098 Thread 0x00000000171b7000 Uncommon trap: reason=unstable_if action=reinterpret pc=0x00000000033fa8c4 method=java.lang.ref.SoftReference.get()Ljava/lang/Object; @ 17
Event: 2.098 Thread 0x00000000171b7000 Uncommon trap: reason=unstable_if action=reinterpret pc=0x00000000033a1630 method=java.lang.ref.SoftReference.get()Ljava/lang/Object; @ 17
Event: 2.353 Thread 0x00000000171b7000 Uncommon trap: reason=class_check action=maybe_recompile pc=0x00000000034c6958 method=java.util.regex.Pattern$Slice.match(Ljava/util/regex/Matcher;ILjava/lang/CharSequence;)Z @ 75
Event: 2.354 Thread 0x00000000171b7000 Uncommon trap: reason=class_check action=maybe_recompile pc=0x00000000034c6958 method=java.util.regex.Pattern$Slice.match(Ljava/util/regex/Matcher;ILjava/lang/CharSequence;)Z @ 75

Internal exceptions (10 events):
Event: 0.264 Thread 0x000000000300d800 Exception <a 'java/security/PrivilegedActionException'> (0x00000000eac49770) thrown at [C:\re\workspace\8-2-build-windows-amd64-cygwin\jdk8u111\7883\hotspot\src\share\vm\prims\jvm.cpp, line 1386]
Event: 0.264 Thread 0x000000000300d800 Exception <a 'java/security/PrivilegedActionException'> (0x00000000eac49980) thrown at [C:\re\workspace\8-2-build-windows-amd64-cygwin\jdk8u111\7883\hotspot\src\share\vm\prims\jvm.cpp, line 1386]
Event: 0.276 Thread 0x000000000300d800 Exception <a 'java/io/FileNotFoundException'> (0x00000000eac4c820) thrown at [C:\re\workspace\8-2-build-windows-amd64-cygwin\jdk8u111\7883\hotspot\src\share\vm\prims\jni.cpp, line 709]
Event: 0.338 Thread 0x000000000300d800 Exception <a 'java/lang/NoSuchFieldError': method resolution failed> (0x00000000ead1aab8) thrown at [C:\re\workspace\8-2-build-windows-amd64-cygwin\jdk8u111\7883\hotspot\src\share\vm\prims\methodHandles.cpp, line 1146]
Event: 0.342 Thread 0x000000000300d800 Exception <a 'java/lang/NoSuchFieldError': method resolution failed> (0x00000000ead27e88) thrown at [C:\re\workspace\8-2-build-windows-amd64-cygwin\jdk8u111\7883\hotspot\src\share\vm\prims\methodHandles.cpp, line 1146]
Event: 0.605 Thread 0x00000000171b7000 Exception <a 'java/io/FileNotFoundException'> (0x00000000eb072420) thrown at [C:\re\workspace\8-2-build-windows-amd64-cygwin\jdk8u111\7883\hotspot\src\share\vm\prims\jni.cpp, line 709]
Event: 1.349 Thread 0x00000000171b7000 Exception <a 'java/io/FileNotFoundException'> (0x00000000eb7ab028) thrown at [C:\re\workspace\8-2-build-windows-amd64-cygwin\jdk8u111\7883\hotspot\src\share\vm\prims\jni.cpp, line 709]
Event: 1.349 Thread 0x00000000171b7000 Exception <a 'java/lang/NullPointerException'> (0x00000000eb7ab8b8) thrown at [C:\re\workspace\8-2-build-windows-amd64-cygwin\jdk8u111\7883\hotspot\src\share\vm\interpreter\linkResolver.cpp, line 1178]
Event: 1.564 Thread 0x00000000171b7000 Implicit null exception at 0x0000000003344a56 to 0x0000000003344de1
Event: 1.565 Thread 0x00000000171b7000 Implicit null exception at 0x0000000003295f96 to 0x000000000329632d

Events (10 events):
Event: 2.304 loading class de/javasoft/plaf/synthetica/SyntheticaTitlePane$LayoutStyle
Event: 2.304 loading class de/javasoft/plaf/synthetica/SyntheticaTitlePane$LayoutStyle done
Event: 2.341 Thread 0x00000000171b7000 DEOPT PACKING pc=0x000000000335298b sp=0x000000001840d170
Event: 2.341 Thread 0x00000000171b7000 DEOPT UNPACKING pc=0x00000000030571bf sp=0x000000001840ce88 mode 0
Event: 2.352 Thread 0x00000000171b7000 Uncommon trap: trap_request=0xffffffde fr.pc=0x00000000034c6958
Event: 2.353 Thread 0x00000000171b7000 DEOPT PACKING pc=0x00000000034c6958 sp=0x000000001840d110
Event: 2.353 Thread 0x00000000171b7000 DEOPT UNPACKING pc=0x000000000305556a sp=0x000000001840cf10 mode 2
Event: 2.354 Thread 0x00000000171b7000 Uncommon trap: trap_request=0xffffffde fr.pc=0x00000000034c6958
Event: 2.354 Thread 0x00000000171b7000 DEOPT PACKING pc=0x00000000034c6958 sp=0x000000001840d110
Event: 2.354 Thread 0x00000000171b7000 DEOPT UNPACKING pc=0x000000000305556a sp=0x000000001840cf10 mode 2


Dynamic libraries:
0x00007ff66f820000 - 0x00007ff66f857000 	C:\Program Files\Java\jdk1.8.0_111\bin\java.exe
0x00007ffc125e0000 - 0x00007ffc127b1000 	C:\Windows\SYSTEM32\ntdll.dll
0x00007ffc11ce0000 - 0x00007ffc11d8b000 	C:\Windows\System32\KERNEL32.DLL
0x00007ffc0eed0000 - 0x00007ffc0f0ed000 	C:\Windows\System32\KERNELBASE.dll
0x00007ffc0fec0000 - 0x00007ffc0ff62000 	C:\Windows\System32\ADVAPI32.dll
0x00007ffc12270000 - 0x00007ffc1230e000 	C:\Windows\System32\msvcrt.dll
0x00007ffc11c80000 - 0x00007ffc11cd9000 	C:\Windows\System32\sechost.dll
0x00007ffc12310000 - 0x00007ffc12431000 	C:\Windows\System32\RPCRT4.dll
0x00007ffc11700000 - 0x00007ffc11865000 	C:\Windows\System32\USER32.dll
0x00007ffc0f1f0000 - 0x00007ffc0f20e000 	C:\Windows\System32\win32u.dll
0x00007ffc116c0000 - 0x00007ffc116f4000 	C:\Windows\System32\GDI32.dll
0x00007ffc0f940000 - 0x00007ffc0fac2000 	C:\Windows\System32\gdi32full.dll
0x00007ffc08cf0000 - 0x00007ffc08f6a000 	C:\Windows\WinSxS\amd64_microsoft.windows.common-controls_6595b64144ccf1df_6.0.14393.953_none_42151e83c686086b\COMCTL32.dll
0x00007ffc11870000 - 0x00007ffc11b38000 	C:\Windows\System32\combase.dll
0x00007ffc0f0f0000 - 0x00007ffc0f1e5000 	C:\Windows\System32\ucrtbase.dll
0x00007ffc0ed50000 - 0x00007ffc0edba000 	C:\Windows\System32\bcryptPrimitives.dll
0x00007ffc11d90000 - 0x00007ffc11dbe000 	C:\Windows\System32\IMM32.DLL
0x00000000752c0000 - 0x0000000075392000 	C:\Program Files\Java\jdk1.8.0_111\jre\bin\msvcr100.dll
0x0000000073970000 - 0x000000007420a000 	C:\Program Files\Java\jdk1.8.0_111\jre\bin\server\jvm.dll
0x00007ffc0ff70000 - 0x00007ffc0ff78000 	C:\Windows\System32\PSAPI.DLL
0x00007ffc0ce90000 - 0x00007ffc0ceb3000 	C:\Windows\SYSTEM32\WINMM.dll
0x00007ffc056e0000 - 0x00007ffc056e9000 	C:\Windows\SYSTEM32\WSOCK32.dll
0x00007ffc0a7e0000 - 0x00007ffc0a7ea000 	C:\Windows\SYSTEM32\VERSION.dll
0x00007ffc0ce30000 - 0x00007ffc0ce5b000 	C:\Windows\SYSTEM32\WINMMBASE.dll
0x00007ffc0fde0000 - 0x00007ffc0fe4a000 	C:\Windows\System32\WS2_32.dll
0x00007ffc0f210000 - 0x00007ffc0f252000 	C:\Windows\System32\cfgmgr32.dll
0x00000000753e0000 - 0x00000000753ef000 	C:\Program Files\Java\jdk1.8.0_111\jre\bin\verify.dll
0x0000000075290000 - 0x00000000752b9000 	C:\Program Files\Java\jdk1.8.0_111\jre\bin\java.dll
0x0000000075270000 - 0x0000000075286000 	C:\Program Files\Java\jdk1.8.0_111\jre\bin\zip.dll
0x00007ffc0ff80000 - 0x00007ffc11489000 	C:\Windows\System32\SHELL32.dll
0x00007ffc0f260000 - 0x00007ffc0f93a000 	C:\Windows\System32\windows.storage.dll
0x00007ffc0ea50000 - 0x00007ffc0ea9c000 	C:\Windows\System32\powrprof.dll
0x00007ffc11560000 - 0x00007ffc115b2000 	C:\Windows\System32\shlwapi.dll
0x00007ffc0eaa0000 - 0x00007ffc0eaaf000 	C:\Windows\System32\kernel.appcore.dll
0x00007ffc0ead0000 - 0x00007ffc0eb79000 	C:\Windows\System32\shcore.dll
0x00007ffc0eab0000 - 0x00007ffc0eac4000 	C:\Windows\System32\profapi.dll
0x0000000074e80000 - 0x0000000075018000 	C:\Program Files\Java\jdk1.8.0_111\jre\bin\awt.dll
0x00007ffc114a0000 - 0x00007ffc1155f000 	C:\Windows\System32\OLEAUT32.dll
0x00007ffc0fad0000 - 0x00007ffc0fb6c000 	C:\Windows\System32\msvcp_win.dll
0x00007ffc0cff0000 - 0x00007ffc0d06a000 	C:\Windows\SYSTEM32\apphelp.dll
0x00007ffc0d1c0000 - 0x00007ffc0d255000 	C:\Windows\system32\uxtheme.dll
0x00007ffc0fb70000 - 0x00007ffc0fcca000 	C:\Windows\System32\MSCTF.dll
0x00007ffc0c890000 - 0x00007ffc0c8b6000 	C:\Windows\system32\dwmapi.dll
0x00007ffc11b40000 - 0x00007ffc11c77000 	C:\Windows\System32\ole32.dll
0x0000000075180000 - 0x00000000751c7000 	C:\Program Files\Java\jdk1.8.0_111\jre\bin\fontmanager.dll
0x00007ffbf2ac0000 - 0x00007ffbf2c4d000 	C:\Windows\system32\d3d9.dll
0x00007ffbe0110000 - 0x00007ffbe11c6000 	C:\Windows\SYSTEM32\nvd3dumx.dll
0x0000000075250000 - 0x000000007526a000 	C:\Program Files\Java\jdk1.8.0_111\jre\bin\net.dll
0x00007ffc0e310000 - 0x00007ffc0e36c000 	C:\Windows\system32\mswsock.dll
0x0000000075230000 - 0x0000000075241000 	C:\Program Files\Java\jdk1.8.0_111\jre\bin\nio.dll
0x0000000074e30000 - 0x0000000074e72000 	C:\Program Files\Java\jdk1.8.0_111\jre\bin\t2k.dll
0x00007ffc09890000 - 0x00007ffc09a22000 	C:\Windows\SYSTEM32\dbghelp.dll

VM Arguments:
jvm_args: -Dfile.encoding=x-windows-949 -Duser.country=KR -Duser.language=ko -Duser.variant 
java_command: kr.or.dgit.sw_project.MainApp
java_class_path (initial): D:\workspace_mybatis\sw_project\build\classes\main;D:\workspace_mybatis\sw_project\build\resources\main;D:\workspace_mybatis\sw_project\src\main\resources\kr\or\dgit\sw_project\libraries\DatePanel.jar;D:\workspace_mybatis\sw_project\src\main\resources\kr\or\dgit\sw_project\libraries\erp_myframework.jar;D:\workspace_mybatis\sw_project\src\main\resources\kr\or\dgit\sw_project\lookandfeel\syntheticaAluOxide.jar;D:\workspace_mybatis\sw_project\src\main\resources\kr\or\dgit\sw_project\lookandfeel\synthetica.jar;D:\workspace_mybatis\sw_project\src\main\resources\kr\or\dgit\sw_project\libraries\swingx-1.6.5.jar;D:\workspace_mybatis\sw_project\src\main\resources\kr\or\dgit\sw_project\libraries\syntheticaAddons.jar;D:\workspace_mybatis\sw_project\src\main\resources\kr\or\dgit\sw_project\libraries\syntheticaAluOxideAddon.jar;C:\Users\LSW\.gradle\caches\modules-2\files-2.1\mysql\mysql-connector-java\5.1.41\b0878056f15616989144d6114d36d3942321d0d1\mysql-connector-java-5.1.41.jar;C:\Users\LSW\.gradle\caches\modules-2\files-2.1\org.mybatis\mybatis\3.4.2\2b9a5082fe0bdb3128bab8b4b19b23ca0f3d9b38\mybatis-3.4.2.jar;C:\Users\LSW\.gradle\caches\modules-2\files-2.1\junit\junit\4.12\2973d150c0dc1fefe998f834810d68f278ea58ec\junit-4.12.jar;C:\Users\LSW\.gradle\caches\modules-2\files-2.1\log4j\log4j\1.2.17\5af35056b4d257e4b64b9e8069c0746e8b08629f\log4j-1.2.17.jar;C:\Users\LSW\.gradle\caches\modules-2\files-2.1\org.hamcrest\hamcrest-core\1.3\42a25dc3219429f0e5d060061f71acb49bf010a0\hamcrest-core-1.3.jar
Launcher Type: SUN_STANDARD

Environment Variables:
JAVA_HOME=C:\Program Files\Java\jdk1.8.0_111
PATH=C:/Program Files/Java/jdk1.8.0_111/BIN/../jre/bin/server;C:/Program Files/Java/jdk1.8.0_111/BIN/../jre/bin;C:/Program Files/Java/jdk1.8.0_111/BIN/../jre/lib/amd64;C:\Program Files\Java\jdk1.8.0_111\BIN;C:\ProgramData\Oracle\Java\javapath;C:\Program Files (x86)\NVIDIA Corporation\PhysX\Common;C:\Windows\system32;C:\Windows;C:\Windows\System32\Wbem;C:\Windows\System32\WindowsPowerShell\v1.0\;C:\Program Files\MySQL\MySQL Server 5.6\BIN;C:\Program Files\Git\cmd;D:\gradle-3.4.1\bin;C:\Users\LSW\AppData\Local\Microsoft\WindowsApps;;C:\eclipse_java;
USERNAME=LSW
OS=Windows_NT
PROCESSOR_IDENTIFIER=Intel64 Family 6 Model 23 Stepping 10, GenuineIntel



---------------  S Y S T E M  ---------------

OS: Windows 10.0 , 64 bit Build 14393 (10.0.14393.0)

CPU:total 4 (4 cores per cpu, 1 threads per core) family 6 model 23 stepping 10, cmov, cx8, fxsr, mmx, sse, sse2, sse3, ssse3, sse4.1, tsc

Memory: 4k page, physical 4192488k(1347292k free), swap 7993576k(2850868k free)

vm_info: Java HotSpot(TM) 64-Bit Server VM (25.111-b14) for windows-amd64 JRE (1.8.0_111-b14), built on Sep 22 2016 19:24:05 by "java_re" with MS VC++ 10.0 (VS2010)

time: Tue Apr 11 13:49:46 2017
elapsed time: 2 seconds (0d 0h 0m 2s)

