#
# A fatal error has been detected by the Java Runtime Environment:
#
#  EXCEPTION_ACCESS_VIOLATION (0xc0000005) at pc=0xffffffffa3815120, pid=6260, tid=0x000000000007eaa0
#
# JRE version: Java(TM) SE Runtime Environment (8.0_111-b14) (build 1.8.0_111-b14)
# Java VM: Java HotSpot(TM) 64-Bit Server VM (25.111-b14 mixed mode windows-amd64 compressed oops)
# Problematic frame:
# C  0xffffffffa3815120
#
# Failed to write core dump. Minidumps are not enabled by default on client versions of Windows
#
# If you would like to submit a bug report, please visit:
#   http://bugreport.java.com/bugreport/crash.jsp
#

---------------  T H R E A D  ---------------

Current thread (0x0000000019b88000):  JavaThread "JavaFX Application Thread" [_thread_in_Java, id=518816, stack(0x0000000020df0000,0x0000000020ef0000)]

siginfo: ExceptionCode=0xc0000005, ExceptionInformation=0x0000000000000008 0xffffffffa3815120

Registers:
RAX=0x0000000021ab6e58, RBX=0x0000000021ab6e58, RCX=0x00000000eafb83d8, RDX=0x00000000eafb83d8
RSP=0x0000000020eecfb8, RBP=0x0000000020eed058, RSI=0x00000000eafb83d8, RDI=0x0000000021c0ab78
R8 =0x00000000c0d70e48, R9 =0x00000000000001ff, R10=0x000000005557c070, R11=0x00000000035963a0
R12=0x0000000000000000, R13=0x0000000020eed008, R14=0x0000000020eed0f8, R15=0x0000000019b88000
RIP=0xffffffffa3815120, EFLAGS=0x0000000000010206

Top of Stack: (sp=0x0000000020eecfb8)
0x0000000020eecfb8:   00000000035963fc 000000001460f378
0x0000000020eecfc8:   000000001bde7f18 000000001460e020
0x0000000020eecfd8:   0000000000000000 0000000020eed008
0x0000000020eecfe8:   0000000020eed058 0000000020eed058
0x0000000020eecff8:   00000000028178b5 00000000028178b5
0x0000000020eed008:   00000000c0d70e48 00000000eafb83d8
0x0000000020eed018:   0000000020eed018 0000000021ac5ade
0x0000000020eed028:   0000000020eed0f8 0000000021ac5f30
0x0000000020eed038:   0000000000000000 0000000021ac5b80
0x0000000020eed048:   0000000020eed008 0000000020eed0e0
0x0000000020eed058:   0000000020eed150 0000000002817e20
0x0000000020eed068:   00000000c0d70e48 00000000c0e063c0
0x0000000020eed078:   00000000eafb8538 00000000eafb83d8
0x0000000020eed088:   00000000c0c19278 00000000eafb8490
0x0000000020eed098:   0000000000000000 00000000c0dfa288
0x0000000020eed0a8:   0000000000000003 00000000eafb8480 

Instructions: (pc=0xffffffffa3815120)
0xffffffffa3815100:   
[error occurred during error reporting (printing registers, top of stack, instructions near pc), id 0xc0000005]

Register to memory mapping:

RAX={method} {0x0000000021ab6e60} 'containsAll' '(Ljava/util/Collection;)Z' in 'com/sun/javafx/css/StyleClassSet'
RBX={method} {0x0000000021ab6e60} 'containsAll' '(Ljava/util/Collection;)Z' in 'com/sun/javafx/css/StyleClassSet'
RCX=0x00000000eafb83d8 is an oop
com.sun.javafx.css.StyleClassSet 
 - klass: 'com/sun/javafx/css/StyleClassSet'
RDX=0x00000000eafb83d8 is an oop
com.sun.javafx.css.StyleClassSet 
 - klass: 'com/sun/javafx/css/StyleClassSet'
RSP=0x0000000020eecfb8 is pointing into the stack for thread: 0x0000000019b88000
RBP=0x0000000020eed058 is pointing into the stack for thread: 0x0000000019b88000
RSI=0x00000000eafb83d8 is an oop
com.sun.javafx.css.StyleClassSet 
 - klass: 'com/sun/javafx/css/StyleClassSet'
RDI=0x0000000021c0ab78 is pointing into metadata
R8 =0x00000000c0d70e48 is an oop
com.sun.javafx.css.StyleClassSet 
 - klass: 'com/sun/javafx/css/StyleClassSet'
R9 =0x00000000000001ff is an unknown value
R10=0x000000005557c070 is an unknown value
R11=0x00000000035963a0 is at entry_point+32 in (nmethod*)0x0000000003596210
R12=0x0000000000000000 is an unknown value
R13=0x0000000020eed008 is pointing into the stack for thread: 0x0000000019b88000
R14=0x0000000020eed0f8 is pointing into the stack for thread: 0x0000000019b88000
R15=0x0000000019b88000 is a thread


Stack: [0x0000000020df0000,0x0000000020ef0000],  sp=0x0000000020eecfb8,  free space=1011k
Native frames: (J=compiled Java code, j=interpreted, Vv=VM code, C=native code)
C  0xffffffffa3815120


---------------  P R O C E S S  ---------------

Java Threads: ( => current thread )
  0x0000000019b88800 JavaThread "Thread-11" daemon [_thread_in_native, id=6468, stack(0x0000000021700000,0x0000000021800000)]
=>0x0000000019b88000 JavaThread "JavaFX Application Thread" [_thread_in_Java, id=518816, stack(0x0000000020df0000,0x0000000020ef0000)]
  0x0000000019b89800 JavaThread "Thread-10" daemon [_thread_blocked, id=7312, stack(0x0000000020cf0000,0x0000000020df0000)]
  0x0000000019b83800 JavaThread "QuantumRenderer-0" daemon [_thread_blocked, id=396, stack(0x0000000020bf0000,0x0000000020cf0000)]
  0x0000000019b86800 JavaThread "Thread-8" daemon [_thread_blocked, id=527216, stack(0x000000001de90000,0x000000001df90000)]
  0x0000000019b8a000 JavaThread "Abandoned connection cleanup thread" daemon [_thread_blocked, id=526732, stack(0x000000001d990000,0x000000001da90000)]
  0x0000000019b85800 JavaThread "SyntheticaAnimation 60" daemon [_thread_blocked, id=5264, stack(0x000000001d490000,0x000000001d590000)]
  0x0000000019c40800 JavaThread "SyntheticaAnimation 50" daemon [_thread_blocked, id=7536, stack(0x000000001c8f0000,0x000000001c9f0000)]
  0x000000001998d000 JavaThread "D3D Screen Updater" daemon [_thread_blocked, id=2712, stack(0x000000001c7e0000,0x000000001c8e0000)]
  0x0000000019358800 JavaThread "TimerQueue" daemon [_thread_blocked, id=526472, stack(0x000000001c070000,0x000000001c170000)]
  0x0000000017161000 JavaThread "SyntheticaCleanerThread" daemon [_thread_blocked, id=525244, stack(0x0000000018ef0000,0x0000000018ff0000)]
  0x0000000016f8a800 JavaThread "Thread-2" daemon [_thread_blocked, id=518864, stack(0x0000000017c10000,0x0000000017d10000)]
  0x0000000000b1d800 JavaThread "DestroyJavaVM" [_thread_blocked, id=157964, stack(0x0000000002610000,0x0000000002710000)]
  0x0000000016ee9800 JavaThread "AWT-EventQueue-0" [_thread_blocked, id=158672, stack(0x0000000017b10000,0x0000000017c10000)]
  0x0000000016ee7000 JavaThread "AWT-Windows" daemon [_thread_in_native, id=322028, stack(0x00000000178a0000,0x00000000179a0000)]
  0x0000000016ee4800 JavaThread "AWT-Shutdown" [_thread_blocked, id=7924, stack(0x00000000177a0000,0x00000000178a0000)]
  0x0000000016ee4000 JavaThread "Java2D Disposer" daemon [_thread_blocked, id=526144, stack(0x00000000176a0000,0x00000000177a0000)]
  0x000000001666b800 JavaThread "Service Thread" daemon [_thread_blocked, id=158536, stack(0x0000000016bd0000,0x0000000016cd0000)]
  0x00000000165de000 JavaThread "C1 CompilerThread2" daemon [_thread_blocked, id=518684, stack(0x0000000016ad0000,0x0000000016bd0000)]
  0x00000000165d0800 JavaThread "C2 CompilerThread1" daemon [_thread_blocked, id=526520, stack(0x00000000169d0000,0x0000000016ad0000)]
  0x0000000014f3c800 JavaThread "C2 CompilerThread0" daemon [_thread_blocked, id=525260, stack(0x00000000164d0000,0x00000000165d0000)]
  0x0000000014f3b000 JavaThread "Attach Listener" daemon [_thread_blocked, id=526656, stack(0x00000000163d0000,0x00000000164d0000)]
  0x0000000014eed000 JavaThread "Signal Dispatcher" daemon [_thread_blocked, id=526008, stack(0x00000000162d0000,0x00000000163d0000)]
  0x0000000014ec9000 JavaThread "Finalizer" daemon [_thread_blocked, id=5308, stack(0x0000000016150000,0x0000000016250000)]
  0x0000000002801000 JavaThread "Reference Handler" daemon [_thread_blocked, id=158152, stack(0x0000000016050000,0x0000000016150000)]

Other Threads:
  0x0000000014ea7800 VMThread [stack: 0x0000000015f50000,0x0000000016050000] [id=158472]
  0x00000000166a4000 WatcherThread [stack: 0x0000000016cd0000,0x0000000016dd0000] [id=7148]

VM state:not at safepoint (normal execution)

VM Mutex/Monitor currently owned by a thread: None

Heap:
 PSYoungGen      total 73216K, used 4839K [0x00000000eab00000, 0x00000000f0100000, 0x0000000100000000)
  eden space 64000K, 7% used [0x00000000eab00000,0x00000000eafb9e98,0x00000000ee980000)
  from space 9216K, 0% used [0x00000000ef480000,0x00000000ef480000,0x00000000efd80000)
  to   space 11264K, 0% used [0x00000000ee980000,0x00000000ee980000,0x00000000ef480000)
 ParOldGen       total 53248K, used 16496K [0x00000000c0000000, 0x00000000c3400000, 0x00000000eab00000)
  object space 53248K, 30% used [0x00000000c0000000,0x00000000c101c1a8,0x00000000c3400000)
 Metaspace       used 35651K, capacity 36454K, committed 36776K, reserved 1081344K
  class space    used 4716K, capacity 4923K, committed 5032K, reserved 1048576K

Card table byte_map: [0x0000000011bd0000,0x0000000011de0000] byte_map_base: 0x00000000115d0000

Marking Bits: (ParMarkBitMap*) 0x000000005559a6c0
 Begin Bits: [0x0000000012340000, 0x0000000013340000)
 End Bits:   [0x0000000013340000, 0x0000000014340000)

Polling page: 0x0000000000b00000

CodeCache: size=245760Kb used=13862Kb max_used=13862Kb free=231897Kb
 bounds [0x0000000002810000, 0x00000000035b0000, 0x0000000011810000]
 total_blobs=4992 nmethods=4189 adapters=715
 compilation: enabled

Compilation events (10 events):
Event: 24.392 Thread 0x00000000165de000 4684       3       javafx.scene.Node::getStyleableParent (5 bytes)
Event: 24.392 Thread 0x00000000165de000 nmethod 4684 0x00000000035a4dd0 code [0x00000000035a4f60, 0x00000000035a54e8]
Event: 24.392 Thread 0x00000000165de000 4685       3       java.util.Collections::emptyList (4 bytes)
Event: 24.392 Thread 0x00000000165de000 nmethod 4685 0x00000000035a4ad0 code [0x00000000035a4c20, 0x00000000035a4d50]
Event: 24.393 Thread 0x00000000165d0800 4686       4       com.sun.javafx.css.BitSet::containsAll (103 bytes)
Event: 24.393 Thread 0x00000000165de000 4688       3       com.sun.javafx.css.SimpleSelector::applies (221 bytes)
Event: 24.393 Thread 0x0000000014f3c800 4689       4       com.sun.javafx.css.StyleClassSet::containsAll (6 bytes)
Event: 24.395 Thread 0x00000000165de000 nmethod 4688 0x00000000035a2450 code [0x00000000035a2740, 0x00000000035a4198]
Event: 24.395 Thread 0x00000000165de000 4690       3       com.sun.javafx.css.CompoundSelector::applies (144 bytes)
Event: 24.396 Thread 0x00000000165d0800 nmethod 4686 0x00000000035a1fd0 code [0x00000000035a2120, 0x00000000035a2298]

GC Heap History (10 events):
Event: 5.536 GC heap before
{Heap before GC invocations=6 (full 1):
 PSYoungGen      total 27648K, used 27306K [0x00000000eab00000, 0x00000000ecf00000, 0x0000000100000000)
  eden space 26112K, 100% used [0x00000000eab00000,0x00000000ec480000,0x00000000ec480000)
  from space 1536K, 77% used [0x00000000ecd80000,0x00000000eceaab10,0x00000000ecf00000)
  to   space 2560K, 0% used [0x00000000eca00000,0x00000000eca00000,0x00000000ecc80000)
 ParOldGen       total 34816K, used 7090K [0x00000000c0000000, 0x00000000c2200000, 0x00000000eab00000)
  object space 34816K, 20% used [0x00000000c0000000,0x00000000c06ec840,0x00000000c2200000)
 Metaspace       used 22706K, capacity 22976K, committed 23344K, reserved 1069056K
  class space    used 2943K, capacity 3039K, committed 3120K, reserved 1048576K
Event: 5.541 GC heap after
Heap after GC invocations=6 (full 1):
 PSYoungGen      total 34304K, used 1756K [0x00000000eab00000, 0x00000000ee300000, 0x0000000100000000)
  eden space 31744K, 0% used [0x00000000eab00000,0x00000000eab00000,0x00000000eca00000)
  from space 2560K, 68% used [0x00000000eca00000,0x00000000ecbb71f8,0x00000000ecc80000)
  to   space 7680K, 0% used [0x00000000edb80000,0x00000000edb80000,0x00000000ee300000)
 ParOldGen       total 34816K, used 7098K [0x00000000c0000000, 0x00000000c2200000, 0x00000000eab00000)
  object space 34816K, 20% used [0x00000000c0000000,0x00000000c06ee840,0x00000000c2200000)
 Metaspace       used 22706K, capacity 22976K, committed 23344K, reserved 1069056K
  class space    used 2943K, capacity 3039K, committed 3120K, reserved 1048576K
}
Event: 5.954 GC heap before
{Heap before GC invocations=7 (full 1):
 PSYoungGen      total 34304K, used 33500K [0x00000000eab00000, 0x00000000ee300000, 0x0000000100000000)
  eden space 31744K, 100% used [0x00000000eab00000,0x00000000eca00000,0x00000000eca00000)
  from space 2560K, 68% used [0x00000000eca00000,0x00000000ecbb71f8,0x00000000ecc80000)
  to   space 7680K, 0% used [0x00000000edb80000,0x00000000edb80000,0x00000000ee300000)
 ParOldGen       total 34816K, used 7098K [0x00000000c0000000, 0x00000000c2200000, 0x00000000eab00000)
  object space 34816K, 20% used [0x00000000c0000000,0x00000000c06ee840,0x00000000c2200000)
 Metaspace       used 24371K, capacity 24620K, committed 25008K, reserved 1071104K
  class space    used 3086K, capacity 3201K, committed 3248K, reserved 1048576K
Event: 5.962 GC heap after
Heap after GC invocations=7 (full 1):
 PSYoungGen      total 50176K, used 3823K [0x00000000eab00000, 0x00000000eeb00000, 0x0000000100000000)
  eden space 42496K, 0% used [0x00000000eab00000,0x00000000eab00000,0x00000000ed480000)
  from space 7680K, 49% used [0x00000000edb80000,0x00000000edf3bc50,0x00000000ee300000)
  to   space 7168K, 0% used [0x00000000ed480000,0x00000000ed480000,0x00000000edb80000)
 ParOldGen       total 34816K, used 7106K [0x00000000c0000000, 0x00000000c2200000, 0x00000000eab00000)
  object space 34816K, 20% used [0x00000000c0000000,0x00000000c06f0840,0x00000000c2200000)
 Metaspace       used 24371K, capacity 24620K, committed 25008K, reserved 1071104K
  class space    used 3086K, capacity 3201K, committed 3248K, reserved 1048576K
}
Event: 21.190 GC heap before
{Heap before GC invocations=8 (full 1):
 PSYoungGen      total 50176K, used 46319K [0x00000000eab00000, 0x00000000eeb00000, 0x0000000100000000)
  eden space 42496K, 100% used [0x00000000eab00000,0x00000000ed480000,0x00000000ed480000)
  from space 7680K, 49% used [0x00000000edb80000,0x00000000edf3bc50,0x00000000ee300000)
  to   space 7168K, 0% used [0x00000000ed480000,0x00000000ed480000,0x00000000edb80000)
 ParOldGen       total 34816K, used 7106K [0x00000000c0000000, 0x00000000c2200000, 0x00000000eab00000)
  object space 34816K, 20% used [0x00000000c0000000,0x00000000c06f0840,0x00000000c2200000)
 Metaspace       used 29530K, capacity 30142K, committed 30256K, reserved 1075200K
  class space    used 3715K, capacity 3861K, committed 3888K, reserved 1048576K
Event: 21.211 GC heap after
Heap after GC invocations=8 (full 1):
 PSYoungGen      total 49664K, used 7138K [0x00000000eab00000, 0x00000000efd80000, 0x0000000100000000)
  eden space 42496K, 0% used [0x00000000eab00000,0x00000000eab00000,0x00000000ed480000)
  from space 7168K, 99% used [0x00000000ed480000,0x00000000edb78bc0,0x00000000edb80000)
  to   space 9216K, 0% used [0x00000000ef480000,0x00000000ef480000,0x00000000efd80000)
 ParOldGen       total 34816K, used 8177K [0x00000000c0000000, 0x00000000c2200000, 0x00000000eab00000)
  object space 34816K, 23% used [0x00000000c0000000,0x00000000c07fc638,0x00000000c2200000)
 Metaspace       used 29530K, capacity 30142K, committed 30256K, reserved 1075200K
  class space    used 3715K, capacity 3861K, committed 3888K, reserved 1048576K
}
Event: 24.017 GC heap before
{Heap before GC invocations=9 (full 1):
 PSYoungGen      total 49664K, used 23504K [0x00000000eab00000, 0x00000000efd80000, 0x0000000100000000)
  eden space 42496K, 38% used [0x00000000eab00000,0x00000000ebafb768,0x00000000ed480000)
  from space 7168K, 99% used [0x00000000ed480000,0x00000000edb78bc0,0x00000000edb80000)
  to   space 9216K, 0% used [0x00000000ef480000,0x00000000ef480000,0x00000000efd80000)
 ParOldGen       total 34816K, used 8177K [0x00000000c0000000, 0x00000000c2200000, 0x00000000eab00000)
  object space 34816K, 23% used [0x00000000c0000000,0x00000000c07fc638,0x00000000c2200000)
 Metaspace       used 34592K, capacity 35328K, committed 35496K, reserved 1079296K
  class space    used 4469K, capacity 4658K, committed 4776K, reserved 1048576K
Event: 24.046 GC heap after
Heap after GC invocations=9 (full 1):
 PSYoungGen      total 73216K, used 9212K [0x00000000eab00000, 0x00000000f0100000, 0x0000000100000000)
  eden space 64000K, 0% used [0x00000000eab00000,0x00000000eab00000,0x00000000ee980000)
  from space 9216K, 99% used [0x00000000ef480000,0x00000000efd7f0c0,0x00000000efd80000)
  to   space 11264K, 0% used [0x00000000ee980000,0x00000000ee980000,0x00000000ef480000)
 ParOldGen       total 34816K, used 9747K [0x00000000c0000000, 0x00000000c2200000, 0x00000000eab00000)
  object space 34816K, 27% used [0x00000000c0000000,0x00000000c0984fa0,0x00000000c2200000)
 Metaspace       used 34592K, capacity 35328K, committed 35496K, reserved 1079296K
  class space    used 4469K, capacity 4658K, committed 4776K, reserved 1048576K
}
Event: 24.046 GC heap before
{Heap before GC invocations=10 (full 2):
 PSYoungGen      total 73216K, used 9212K [0x00000000eab00000, 0x00000000f0100000, 0x0000000100000000)
  eden space 64000K, 0% used [0x00000000eab00000,0x00000000eab00000,0x00000000ee980000)
  from space 9216K, 99% used [0x00000000ef480000,0x00000000efd7f0c0,0x00000000efd80000)
  to   space 11264K, 0% used [0x00000000ee980000,0x00000000ee980000,0x00000000ef480000)
 ParOldGen       total 34816K, used 9747K [0x00000000c0000000, 0x00000000c2200000, 0x00000000eab00000)
  object space 34816K, 27% used [0x00000000c0000000,0x00000000c0984fa0,0x00000000c2200000)
 Metaspace       used 34592K, capacity 35328K, committed 35496K, reserved 1079296K
  class space    used 4469K, capacity 4658K, committed 4776K, reserved 1048576K
Event: 24.175 GC heap after
Heap after GC invocations=10 (full 2):
 PSYoungGen      total 73216K, used 0K [0x00000000eab00000, 0x00000000f0100000, 0x0000000100000000)
  eden space 64000K, 0% used [0x00000000eab00000,0x00000000eab00000,0x00000000ee980000)
  from space 9216K, 0% used [0x00000000ef480000,0x00000000ef480000,0x00000000efd80000)
  to   space 11264K, 0% used [0x00000000ee980000,0x00000000ee980000,0x00000000ef480000)
 ParOldGen       total 53248K, used 16496K [0x00000000c0000000, 0x00000000c3400000, 0x00000000eab00000)
  object space 53248K, 30% used [0x00000000c0000000,0x00000000c101c1a8,0x00000000c3400000)
 Metaspace       used 34592K, capacity 35328K, committed 35496K, reserved 1079296K
  class space    used 4469K, capacity 4658K, committed 4776K, reserved 1048576K
}

Deoptimization events (10 events):
Event: 23.318 Thread 0x0000000019b88800 Uncommon trap: reason=unstable_if action=reinterpret pc=0x000000000346e3e8 method=java.security.AccessControlContext.optimize()Ljava/security/AccessControlContext; @ 49
Event: 23.320 Thread 0x0000000016ee9800 Uncommon trap: reason=class_check action=maybe_recompile pc=0x00000000034974b8 method=java.awt.EventQueue.cacheEQItem(Lsun/awt/EventQueueItem;)V @ 20
Event: 23.359 Thread 0x0000000019b88000 Uncommon trap: reason=unstable_if action=reinterpret pc=0x0000000002e670b8 method=sun.nio.cs.UTF_8$Decoder.decodeArrayLoop(Ljava/nio/ByteBuffer;Ljava/nio/CharBuffer;)Ljava/nio/charset/CoderResult; @ 128
Event: 23.376 Thread 0x0000000019b88000 Uncommon trap: reason=unstable_if action=reinterpret pc=0x0000000002af7418 method=com.sun.org.apache.xerces.internal.impl.XMLDocumentFragmentScannerImpl$FragmentContentDriver.next()I @ 128
Event: 23.377 Thread 0x0000000019b88000 Uncommon trap: reason=unstable_if action=reinterpret pc=0x0000000002a41604 method=com.sun.org.apache.xerces.internal.impl.XMLEntityScanner.scanLiteral(ILcom/sun/org/apache/xerces/internal/xni/XMLString;Z)I @ 660
Event: 23.839 Thread 0x0000000019b88000 Uncommon trap: reason=unstable_if action=reinterpret pc=0x0000000002e63520 method=java.lang.String.regionMatches(ZILjava/lang/String;II)Z @ 58
Event: 23.865 Thread 0x0000000019b88000 Uncommon trap: reason=unstable_if action=reinterpret pc=0x0000000002913968 method=java.util.HashMap.putVal(ILjava/lang/Object;Ljava/lang/Object;ZZ)Ljava/lang/Object; @ 162
Event: 23.866 Thread 0x0000000019b88000 Uncommon trap: reason=unstable_if action=reinterpret pc=0x0000000002a0db00 method=java.util.HashMap.getNode(ILjava/lang/Object;)Ljava/util/HashMap$Node; @ 84
Event: 23.866 Thread 0x0000000019b88000 Uncommon trap: reason=unstable_if action=reinterpret pc=0x0000000002af65d0 method=java.util.HashMap.getNode(ILjava/lang/Object;)Ljava/util/HashMap$Node; @ 84
Event: 23.868 Thread 0x0000000019b88000 Uncommon trap: reason=unstable_if action=reinterpret pc=0x0000000002c91348 method=java.util.HashMap.resize()[Ljava/util/HashMap$Node; @ 206

Internal exceptions (10 events):
Event: 4.869 Thread 0x0000000016ee9800 Exception <a 'java/lang/ArrayIndexOutOfBoundsException'> (0x00000000eb03bd20) thrown at [C:\re\workspace\8-2-build-windows-amd64-cygwin\jdk8u111\7883\hotspot\src\share\vm\runtime\sharedRuntime.cpp, line 605]
Event: 4.869 Thread 0x0000000016ee9800 Exception <a 'java/lang/ArrayIndexOutOfBoundsException'> (0x00000000eb03ce68) thrown at [C:\re\workspace\8-2-build-windows-amd64-cygwin\jdk8u111\7883\hotspot\src\share\vm\runtime\sharedRuntime.cpp, line 605]
Event: 4.869 Thread 0x0000000016ee9800 Exception <a 'java/lang/ArrayIndexOutOfBoundsException'> (0x00000000eb03e158) thrown at [C:\re\workspace\8-2-build-windows-amd64-cygwin\jdk8u111\7883\hotspot\src\share\vm\runtime\sharedRuntime.cpp, line 605]
Event: 15.394 Thread 0x0000000016f8a800 Implicit null exception at 0x0000000002e512c7 to 0x0000000002e5283d
Event: 15.394 Thread 0x0000000016f8a800 Exception <a 'java/lang/NullPointerException'> (0x00000000ed2e4fe8) thrown at [C:\re\workspace\8-2-build-windows-amd64-cygwin\jdk8u111\7883\hotspot\src\share\vm\runtime\sharedRuntime.cpp, line 605]
Event: 15.394 Thread 0x0000000016f8a800 Exception <a 'java/lang/NullPointerException'> (0x00000000ed2e51f0) thrown at [C:\re\workspace\8-2-build-windows-amd64-cygwin\jdk8u111\7883\hotspot\src\share\vm\interpreter\linkResolver.cpp, line 1178]
Event: 23.301 Thread 0x0000000016ee9800 Exception <a 'java/lang/NullPointerException'> (0x00000000eaf17198) thrown at [C:\re\workspace\8-2-build-windows-amd64-cygwin\jdk8u111\7883\hotspot\src\share\vm\interpreter\linkResolver.cpp, line 1178]
Event: 23.318 Thread 0x0000000019b88800 Implicit null exception at 0x000000000346d7e7 to 0x000000000346e3d1
Event: 23.653 Thread 0x0000000019b88000 Exception <a 'java/lang/NullPointerException'> (0x00000000eb567f48) thrown at [C:\re\workspace\8-2-build-windows-amd64-cygwin\jdk8u111\7883\hotspot\src\share\vm\interpreter\linkResolver.cpp, line 1178]
Event: 23.653 Thread 0x0000000019b88000 Exception <a 'java/lang/NullPointerException'> (0x00000000eb567f48) thrown at [C:\re\workspace\8-2-build-windows-amd64-cygwin\jdk8u111\7883\hotspot\src\share\vm\prims\jvm.cpp, line 1390]

Events (10 events):
Event: 24.388 loading class javafx/scene/shape/Shape$StyleableProperties$8
Event: 24.388 loading class javafx/scene/shape/Shape$StyleableProperties$8 done
Event: 24.388 loading class javafx/scene/shape/Shape$StyleableProperties$9
Event: 24.388 loading class javafx/scene/shape/Shape$StyleableProperties$9 done
Event: 24.389 loading class javafx/scene/shape/Shape$StyleableProperties$10
Event: 24.389 loading class javafx/scene/shape/Shape$StyleableProperties$10 done
Event: 24.391 loading class javafx/scene/layout/StackPane$StyleableProperties
Event: 24.391 loading class javafx/scene/layout/StackPane$StyleableProperties done
Event: 24.391 loading class javafx/scene/layout/StackPane$StyleableProperties$1
Event: 24.391 loading class javafx/scene/layout/StackPane$StyleableProperties$1 done


Dynamic libraries:
0x00007ff64a9e0000 - 0x00007ff64aa17000 	C:\Program Files\Java\jdk1.8.0_111\bin\java.exe
0x00007ff806f30000 - 0x00007ff807101000 	C:\Windows\SYSTEM32\ntdll.dll
0x00007ff8048d0000 - 0x00007ff80497b000 	C:\Windows\System32\KERNEL32.DLL
0x00007ff803420000 - 0x00007ff80363d000 	C:\Windows\System32\KERNELBASE.dll
0x00007ff806690000 - 0x00007ff806732000 	C:\Windows\System32\ADVAPI32.dll
0x00007ff806740000 - 0x00007ff8067de000 	C:\Windows\System32\msvcrt.dll
0x00007ff8067e0000 - 0x00007ff806839000 	C:\Windows\System32\sechost.dll
0x00007ff8047a0000 - 0x00007ff8048c1000 	C:\Windows\System32\RPCRT4.dll
0x00007ff804530000 - 0x00007ff804695000 	C:\Windows\System32\USER32.dll
0x00007ff804260000 - 0x00007ff80427e000 	C:\Windows\System32\win32u.dll
0x00007ff804980000 - 0x00007ff8049b4000 	C:\Windows\System32\GDI32.dll
0x00007ff804330000 - 0x00007ff8044b2000 	C:\Windows\System32\gdi32full.dll
0x00007ffffcbf0000 - 0x00007ffffce6a000 	C:\Windows\WinSxS\amd64_microsoft.windows.common-controls_6595b64144ccf1df_6.0.14393.953_none_42151e83c686086b\COMCTL32.dll
0x00007ff804a90000 - 0x00007ff804d58000 	C:\Windows\System32\combase.dll
0x00007ff8036f0000 - 0x00007ff8037e5000 	C:\Windows\System32\ucrtbase.dll
0x00007ff8041a0000 - 0x00007ff80420a000 	C:\Windows\System32\bcryptPrimitives.dll
0x00007ff804d90000 - 0x00007ff804dbe000 	C:\Windows\System32\IMM32.DLL
0x00000000558d0000 - 0x00000000559a2000 	C:\Program Files\Java\jdk1.8.0_111\jre\bin\msvcr100.dll
0x0000000054d80000 - 0x000000005561a000 	C:\Program Files\Java\jdk1.8.0_111\jre\bin\server\jvm.dll
0x00007ff806840000 - 0x00007ff806848000 	C:\Windows\System32\PSAPI.DLL
0x00007ffff9050000 - 0x00007ffff9059000 	C:\Windows\SYSTEM32\WSOCK32.dll
0x00007ff800040000 - 0x00007ff80004a000 	C:\Windows\SYSTEM32\VERSION.dll
0x00007ff801810000 - 0x00007ff801833000 	C:\Windows\SYSTEM32\WINMM.dll
0x00007ff8044c0000 - 0x00007ff80452a000 	C:\Windows\System32\WS2_32.dll
0x0000000000ad0000 - 0x0000000000afb000 	C:\Windows\SYSTEM32\WINMMBASE.dll
0x00007ff804210000 - 0x00007ff804252000 	C:\Windows\System32\cfgmgr32.dll
0x0000000054d70000 - 0x0000000054d7f000 	C:\Program Files\Java\jdk1.8.0_111\jre\bin\verify.dll
0x0000000054d40000 - 0x0000000054d69000 	C:\Program Files\Java\jdk1.8.0_111\jre\bin\java.dll
0x0000000054d20000 - 0x0000000054d36000 	C:\Program Files\Java\jdk1.8.0_111\jre\bin\zip.dll
0x00007ff804e20000 - 0x00007ff806329000 	C:\Windows\System32\SHELL32.dll
0x00007ff8038f0000 - 0x00007ff803fca000 	C:\Windows\System32\windows.storage.dll
0x00007ff8033a0000 - 0x00007ff8033ec000 	C:\Windows\System32\powrprof.dll
0x00007ff804a30000 - 0x00007ff804a82000 	C:\Windows\System32\shlwapi.dll
0x00007ff803390000 - 0x00007ff80339f000 	C:\Windows\System32\kernel.appcore.dll
0x00007ff803640000 - 0x00007ff8036e9000 	C:\Windows\System32\shcore.dll
0x00007ff8033f0000 - 0x00007ff803404000 	C:\Windows\System32\profapi.dll
0x0000000054b20000 - 0x0000000054cb8000 	C:\Program Files\Java\jdk1.8.0_111\jre\bin\awt.dll
0x00007ff8065d0000 - 0x00007ff80668f000 	C:\Windows\System32\OLEAUT32.dll
0x00007ff803850000 - 0x00007ff8038ec000 	C:\Windows\System32\msvcp_win.dll
0x00007ff801940000 - 0x00007ff8019ba000 	C:\Windows\SYSTEM32\apphelp.dll
0x00007ff801b10000 - 0x00007ff801ba5000 	C:\Windows\system32\uxtheme.dll
0x00007ff806470000 - 0x00007ff8065ca000 	C:\Windows\System32\MSCTF.dll
0x00007ff8011e0000 - 0x00007ff801206000 	C:\Windows\system32\dwmapi.dll
0x00007ff806330000 - 0x00007ff806467000 	C:\Windows\System32\ole32.dll
0x0000000054ad0000 - 0x0000000054b17000 	C:\Program Files\Java\jdk1.8.0_111\jre\bin\fontmanager.dll
0x00007ffffbf40000 - 0x00007ffffc0cd000 	C:\Windows\system32\d3d9.dll
0x00007fffd67b0000 - 0x00007fffd7866000 	C:\Windows\SYSTEM32\nvd3dumx.dll
0x00007ffffe300000 - 0x00007ffffe46c000 	C:\Program Files (x86)\NVIDIA Corporation\3D Vision\nvSCPAPI64.dll
0x00007ff806b00000 - 0x00007ff806f29000 	C:\Windows\System32\SETUPAPI.dll
0x00007ffffdda0000 - 0x00007ffffe0d6000 	C:\Windows\system32\nvapi64.dll
0x00007ff801fa0000 - 0x00007ff801fc8000 	C:\Windows\SYSTEM32\DEVOBJ.dll
0x00007ff8037f0000 - 0x00007ff803845000 	C:\Windows\System32\WINTRUST.dll
0x00007ff803410000 - 0x00007ff803420000 	C:\Windows\System32\MSASN1.dll
0x00007ff803fd0000 - 0x00007ff804199000 	C:\Windows\System32\CRYPT32.dll
0x00007ff802310000 - 0x00007ff8023af000 	C:\Windows\system32\dxgi.dll
0x0000000054d00000 - 0x0000000054d1a000 	C:\Program Files\Java\jdk1.8.0_111\jre\bin\net.dll
0x00007ff802c60000 - 0x00007ff802cbc000 	C:\Windows\system32\mswsock.dll
0x0000000054ce0000 - 0x0000000054cf1000 	C:\Program Files\Java\jdk1.8.0_111\jre\bin\nio.dll
0x0000000054a80000 - 0x0000000054ac2000 	C:\Program Files\Java\jdk1.8.0_111\jre\bin\t2k.dll
0x00007ff806a50000 - 0x00007ff806aef000 	C:\Windows\System32\clbcatq.dll
0x00007ff800f30000 - 0x00007ff8010d8000 	C:\Windows\SYSTEM32\WindowsCodecs.dll
0x00007ffff8980000 - 0x00007ffff89c9000 	C:\Windows\system32\dataexchange.dll
0x00007fffffd20000 - 0x00007ffffffd6000 	C:\Windows\system32\d3d11.dll
0x00007ff801300000 - 0x00007ff801451000 	C:\Windows\system32\dcomp.dll
0x00007ff801db0000 - 0x00007ff801ecc000 	C:\Windows\system32\twinapi.appcore.dll
0x00007ff8032d0000 - 0x00007ff8032fb000 	C:\Windows\system32\bcrypt.dll
0x00007ff802e00000 - 0x00007ff802e17000 	C:\Windows\SYSTEM32\CRYPTSP.dll
0x00007ff802860000 - 0x00007ff802893000 	C:\Windows\system32\rsaenh.dll
0x00007ff802ae0000 - 0x00007ff802aff000 	C:\Windows\SYSTEM32\USERENV.dll
0x00007ff802e20000 - 0x00007ff802e2b000 	C:\Windows\SYSTEM32\CRYPTBASE.dll
0x00007ff8029e0000 - 0x00007ff802a18000 	C:\Windows\SYSTEM32\IPHLPAPI.DLL
0x00007ff804d60000 - 0x00007ff804d68000 	C:\Windows\System32\NSI.dll
0x00007ffffe6b0000 - 0x00007ffffe6c6000 	C:\Windows\SYSTEM32\dhcpcsvc6.DLL
0x00007ffffe690000 - 0x00007ffffe6aa000 	C:\Windows\SYSTEM32\dhcpcsvc.DLL
0x00007ffffb3c0000 - 0x00007ffffb492000 	C:\Windows\System32\IME\IMEKR\imkrtip.dll
0x00007ff800da0000 - 0x00007ff800f25000 	C:\Windows\SYSTEM32\PROPSYS.dll
0x00007ffffb260000 - 0x00007ffffb3b6000 	C:\Windows\System32\IME\shared\imetip.dll
0x00007ffffc910000 - 0x00007ffffc975000 	C:\Windows\SYSTEM32\OLEACC.dll
0x00007ffffaa20000 - 0x00007ffffabc8000 	C:\Windows\SYSTEM32\DUI70.dll
0x00007ffffbcf0000 - 0x00007ffffbd28000 	C:\Windows\System32\IME\IMEKR\imkrapi.dll
0x00007ffffbcb0000 - 0x00007ffffbce5000 	C:\Windows\System32\IME\shared\imjkapi.dll
0x00007ff802730000 - 0x00007ff802762000 	C:\Windows\SYSTEM32\ntmarta.dll
0x0000000054a50000 - 0x0000000054a7a000 	C:\Program Files\Java\jdk1.8.0_111\jre\bin\dcpr.dll
0x00007ff802a20000 - 0x00007ff802ac1000 	C:\Windows\SYSTEM32\DNSAPI.dll
0x00007ffffaed0000 - 0x00007ffffaeda000 	C:\Windows\System32\rasadhlp.dll
0x00007ffffd7a0000 - 0x00007ffffd80a000 	C:\Windows\System32\fwpuclnt.dll
0x00007fffe7740000 - 0x00007fffe782f000 	C:\Program Files\Java\jdk1.8.0_111\jre\bin\msvcr120.dll
0x00007fffe5430000 - 0x00007fffe54d6000 	C:\Program Files\Java\jdk1.8.0_111\jre\bin\msvcp120.dll
0x0000000054a20000 - 0x0000000054a42000 	C:\Program Files\Java\jdk1.8.0_111\jre\bin\prism_d3d.dll
0x00000000549d0000 - 0x0000000054a13000 	C:\Program Files\Java\jdk1.8.0_111\jre\bin\glass.dll
0x00007ff8046a0000 - 0x00007ff80479a000 	C:\Windows\System32\COMDLG32.dll
0x00000000549b0000 - 0x00000000549c4000 	C:\Program Files\Java\jdk1.8.0_111\jre\bin\javafx_font.dll
0x00007ffffb540000 - 0x00007ffffb7a9000 	C:\Windows\SYSTEM32\dwrite.dll
0x00007ffff5f70000 - 0x00007ffff6102000 	C:\Windows\SYSTEM32\dbghelp.dll

VM Arguments:
jvm_args: -Dfile.encoding=x-windows-949 -Duser.country=KR -Duser.language=ko -Duser.variant 
java_command: kr.or.dgit.sw_project.MainApp
java_class_path (initial): C:\Users\LYJ\git\Swproject\build\classes\main;C:\Users\LYJ\git\Swproject\build\resources\main;C:\Users\LYJ\git\Swproject\src\main\resources\kr\or\dgit\sw_project\libraries\jxl.jar;C:\Users\LYJ\git\Swproject\src\main\resources\kr\or\dgit\sw_project\libraries\DatePanel.jar;C:\Users\LYJ\git\Swproject\src\main\resources\kr\or\dgit\sw_project\libraries\erp_myframework.jar;C:\Users\LYJ\git\Swproject\src\main\resources\kr\or\dgit\sw_project\lookandfeel\syntheticaAluOxide.jar;C:\Users\LYJ\git\Swproject\src\main\resources\kr\or\dgit\sw_project\lookandfeel\synthetica.jar;C:\Users\LYJ\git\Swproject\src\main\resources\kr\or\dgit\sw_project\libraries\swingx-1.6.5.jar;C:\Users\LYJ\git\Swproject\src\main\resources\kr\or\dgit\sw_project\libraries\syntheticaAddons.jar;C:\Users\LYJ\git\Swproject\src\main\resources\kr\or\dgit\sw_project\libraries\syntheticaAluOxideAddon.jar;C:\Users\LYJ\git\Swproject\src\main\resources\kr\or\dgit\sw_project\libraries\jfxrt.jar;C:\Users\LYJ\.gradle\caches\modules-2\files-2.1\mysql\mysql-connector-java\5.1.41\b0878056f15616989144d6114d36d3942321d0d1\mysql-connector-java-5.1.41.jar;C:\Users\LYJ\.gradle\caches\modules-2\files-2.1\org.mybatis\mybatis\3.4.2\2b9a5082fe0bdb3128bab8b4b19b23ca0f3d9b38\mybatis-3.4.2.jar;C:\Users\LYJ\.gradle\caches\modules-2\files-2.1\junit\junit\4.12\2973d150c0dc1fefe998f834810d68f278ea58ec\junit-4.12.jar;C:\Users\LYJ\.gradle\caches\modules-2\files-2.1\log4j\log4j\1.2.17\5af35056b4d257e4b64b9e8069c0746e8b08629f\log4j-1.2.17.jar;C:\Users\LYJ\.gradle\caches\modules-2\files-2.1\org.hamcrest\hamcrest-core\1.3\42a25dc3219429f0e5d060061f71acb49bf010a0\hamcrest-core-1.3.jar
Launcher Type: SUN_STANDARD

Environment Variables:
JAVA_HOME=C:\Program Files\Java\jdk1.8.0_111\
PATH=C:/Program Files/Java/jre1.8.0_111/bin/server;C:/Program Files/Java/jre1.8.0_111/bin;C:/Program Files/Java/jre1.8.0_111/lib/amd64;C:\ProgramData\Oracle\Java\javapath;C:\Program Files (x86)\NVIDIA Corporation\PhysX\Common;C:\Windows\system32;C:\Windows;C:\Windows\System32\Wbem;C:\Windows\System32\WindowsPowerShell\v1.0\;C:\Program Files\Git\cmd;D:\gradle-3.4.1\bin;C:\Program Files\Java\jdk1.8.0_111\\bin;C:\Program Files\Java\jdk1.8.0_111\\bin;C:\Users\LYJ\AppData\Local\Microsoft\WindowsApps;C:\Program Files\Bandizip\7z;C:\Program Files\MySQL\MySQL Server 5.6\\bin;D:\eclipse;
USERNAME=LYJ
OS=Windows_NT
PROCESSOR_IDENTIFIER=Intel64 Family 6 Model 23 Stepping 10, GenuineIntel



---------------  S Y S T E M  ---------------

OS: Windows 10.0 , 64 bit Build 14393 (10.0.14393.0)

CPU:total 4 (4 cores per cpu, 1 threads per core) family 6 model 23 stepping 10, cmov, cx8, fxsr, mmx, sse, sse2, sse3, ssse3, sse4.1, tsc

Memory: 4k page, physical 4192492k(614796k free), swap 7627988k(1121144k free)

vm_info: Java HotSpot(TM) 64-Bit Server VM (25.111-b14) for windows-amd64 JRE (1.8.0_111-b14), built on Sep 22 2016 19:24:05 by "java_re" with MS VC++ 10.0 (VS2010)

time: Wed Apr 12 19:17:52 2017
elapsed time: 24 seconds (0d 0h 0m 24s)

