#
# A fatal error has been detected by the Java Runtime Environment:
#
#  EXCEPTION_ACCESS_VIOLATION (0xc0000005) at pc=0xffffffffa3ba5120, pid=7840, tid=0x0000000000000fbc
#
# JRE version: Java(TM) SE Runtime Environment (8.0_111-b14) (build 1.8.0_111-b14)
# Java VM: Java HotSpot(TM) 64-Bit Server VM (25.111-b14 mixed mode windows-amd64 compressed oops)
# Problematic frame:
# C  0xffffffffa3ba5120
#
# Failed to write core dump. Minidumps are not enabled by default on client versions of Windows
#
# If you would like to submit a bug report, please visit:
#   http://bugreport.java.com/bugreport/crash.jsp
#

---------------  T H R E A D  ---------------

Current thread (0x00000000174b0800):  JavaThread "AWT-EventQueue-0" [_thread_in_Java, id=4028, stack(0x00000000180f0000,0x00000000181f0000)]

siginfo: ExceptionCode=0xc0000005, ExceptionInformation=0x0000000000000008 0xffffffffa3ba5120

Registers:
RAX=0x00000001000016d0, RBX=0x00000001000016d0, RCX=0x00000000eb9ad268, RDX=0x00000000c01e63b0
RSP=0x00000000181eac58, RBP=0x00000000181ead90, RSI=0x00000001000016d0, RDI=0x000000001500ccc0
R8 =0x00000000c01e63b0, R9 =0x00000000eb8a7578, R10=0x00000001000016d0, R11=0x000000000338de60
R12=0x0000000000000000, R13=0x00000000181ead40, R14=0x00000000181eae00, R15=0x00000000174b0800
RIP=0xffffffffa3ba5120, EFLAGS=0x0000000000010206

Top of Stack: (sp=0x00000000181eac58)
0x00000000181eac58:   0000000002d4dc54 0000000000000002
0x00000000181eac68:   000000000000006c 0000000000000008
0x00000000181eac78:   000000000338a701 00000000eb8a7500
0x00000000181eac88:   00000001003049e0 00000000181ead90
0x00000000181eac98:   000000000338a78c 000000001e649b10
0x00000000181eaca8:   00000000174b0800 0000000200000019
0x00000000181eacb8:   000000001e649b10 00000000eb9ad468
0x00000000181eacc8:   00000000c01e63b0 0000000002ba7e20
0x00000000181eacd8:   00000000174b0800 00000000181ead90
0x00000000181eace8:   000000000338df34 0000000000000000
0x00000000181eacf8:   0000000000000006 0000000000000007
0x00000000181ead08:   00000000181ead90 00000000000000b2
0x00000000181ead18:   0000000002bc0b5a 00000000181ead90
0x00000000181ead28:   0000000002ba78b5 0000000000000008
0x00000000181ead38:   0000000002ba78b5 00000000c01e63b0
0x00000000181ead48:   00000000eb9ad268 00000000181ead50 

Instructions: (pc=0xffffffffa3ba5120)
0xffffffffa3ba5100:   
[error occurred during error reporting (printing registers, top of stack, instructions near pc), id 0xc0000005]

Register to memory mapping:

RAX=0x00000001000016d0 is pointing into metadata
RBX=0x00000001000016d0 is pointing into metadata
RCX=0x00000000eb9ad268 is an oop
java.util.TreeMap 
 - klass: 'java/util/TreeMap'
RDX=0x00000000c01e63b0 is an oop
java.lang.String 
 - klass: 'java/lang/String'
RSP=0x00000000181eac58 is pointing into the stack for thread: 0x00000000174b0800
RBP=0x00000000181ead90 is pointing into the stack for thread: 0x00000000174b0800
RSI=0x00000001000016d0 is pointing into metadata
RDI=0x000000001500ccc0 is pointing into metadata
R8 =0x00000000c01e63b0 is an oop
java.lang.String 
 - klass: 'java/lang/String'
R9 =0x00000000eb8a7578 is an oop
java.lang.Class 
 - klass: 'java/lang/Class'
R10=0x00000001000016d0 is pointing into metadata
R11=0x000000000338de60 is at entry_point+32 in (nmethod*)0x000000000338dcd0
R12=0x0000000000000000 is an unknown value
R13=0x00000000181ead40 is pointing into the stack for thread: 0x00000000174b0800
R14=0x00000000181eae00 is pointing into the stack for thread: 0x00000000174b0800
R15=0x00000000174b0800 is a thread


Stack: [0x00000000180f0000,0x00000000181f0000],  sp=0x00000000181eac58,  free space=1003k
Native frames: (J=compiled Java code, j=interpreted, Vv=VM code, C=native code)
C  0xffffffffa3ba5120


---------------  P R O C E S S  ---------------

Java Threads: ( => current thread )
  0x0000000016b25000 JavaThread "Abandoned connection cleanup thread" daemon [_thread_blocked, id=8116, stack(0x000000001d4e0000,0x000000001d5e0000)]
  0x000000001a85a800 JavaThread "SyntheticaAnimation 60" daemon [_thread_blocked, id=1076, stack(0x000000001cf90000,0x000000001d090000)]
  0x000000001afcd800 JavaThread "SyntheticaAnimation 50" daemon [_thread_blocked, id=7516, stack(0x000000001c410000,0x000000001c510000)]
  0x00000000175d3000 JavaThread "D3D Screen Updater" daemon [_thread_blocked, id=7508, stack(0x000000001be00000,0x000000001bf00000)]
  0x000000001b1ae000 JavaThread "TimerQueue" daemon [_thread_blocked, id=7224, stack(0x000000001b5b0000,0x000000001b6b0000)]
  0x000000001783b000 JavaThread "Image Fetcher 0" daemon [_thread_blocked, id=5652, stack(0x000000001a2e0000,0x000000001a3e0000)]
  0x00000000177a6800 JavaThread "SyntheticaCleanerThread" daemon [_thread_blocked, id=2320, stack(0x0000000018ce0000,0x0000000018de0000)]
  0x0000000017524000 JavaThread "Thread-2" daemon [_thread_blocked, id=2808, stack(0x00000000181f0000,0x00000000182f0000)]
  0x000000000299d800 JavaThread "DestroyJavaVM" [_thread_blocked, id=2508, stack(0x00000000029a0000,0x0000000002aa0000)]
=>0x00000000174b0800 JavaThread "AWT-EventQueue-0" [_thread_in_Java, id=4028, stack(0x00000000180f0000,0x00000000181f0000)]
  0x00000000174ae800 JavaThread "AWT-Windows" daemon [_thread_in_native, id=2144, stack(0x0000000017e60000,0x0000000017f60000)]
  0x00000000174ac000 JavaThread "AWT-Shutdown" [_thread_blocked, id=6888, stack(0x0000000017d60000,0x0000000017e60000)]
  0x00000000174cd800 JavaThread "Java2D Disposer" daemon [_thread_blocked, id=6212, stack(0x0000000017c60000,0x0000000017d60000)]
  0x0000000016940000 JavaThread "Service Thread" daemon [_thread_blocked, id=7452, stack(0x0000000016ec0000,0x0000000016fc0000)]
  0x00000000168c3000 JavaThread "C1 CompilerThread2" daemon [_thread_blocked, id=6652, stack(0x0000000016dc0000,0x0000000016ec0000)]
  0x00000000152ce000 JavaThread "C2 CompilerThread1" daemon [_thread_blocked, id=2292, stack(0x0000000016cc0000,0x0000000016dc0000)]
  0x00000000152cc000 JavaThread "C2 CompilerThread0" daemon [_thread_blocked, id=8416, stack(0x00000000167c0000,0x00000000168c0000)]
  0x00000000152c9800 JavaThread "Attach Listener" daemon [_thread_blocked, id=5696, stack(0x00000000166c0000,0x00000000167c0000)]
  0x000000001527d000 JavaThread "Signal Dispatcher" daemon [_thread_blocked, id=3952, stack(0x00000000165c0000,0x00000000166c0000)]
  0x0000000015259000 JavaThread "Finalizer" daemon [_thread_blocked, id=7456, stack(0x00000000164c0000,0x00000000165c0000)]
  0x0000000002b91000 JavaThread "Reference Handler" daemon [_thread_blocked, id=5420, stack(0x00000000163c0000,0x00000000164c0000)]

Other Threads:
  0x0000000015237800 VMThread [stack: 0x00000000162c0000,0x00000000163c0000] [id=496]
  0x000000001698e000 WatcherThread [stack: 0x0000000016fc0000,0x00000000170c0000] [id=2316]

VM state:not at safepoint (normal execution)

VM Mutex/Monitor currently owned by a thread: None

Heap:
 PSYoungGen      total 34816K, used 17116K [0x00000000eab00000, 0x00000000ee780000, 0x0000000100000000)
  eden space 32256K, 48% used [0x00000000eab00000,0x00000000eba43a18,0x00000000eca80000)
  from space 2560K, 58% used [0x00000000eca80000,0x00000000ecbf3990,0x00000000ecd00000)
  to   space 7168K, 0% used [0x00000000ee080000,0x00000000ee080000,0x00000000ee780000)
 ParOldGen       total 33280K, used 7087K [0x00000000c0000000, 0x00000000c2080000, 0x00000000eab00000)
  object space 33280K, 21% used [0x00000000c0000000,0x00000000c06ebf38,0x00000000c2080000)
 Metaspace       used 24032K, capacity 24280K, committed 24704K, reserved 1071104K
  class space    used 3044K, capacity 3135K, committed 3200K, reserved 1048576K

Card table byte_map: [0x0000000011f60000,0x0000000012170000] byte_map_base: 0x0000000011960000

Marking Bits: (ParMarkBitMap*) 0x000000005219a6c0
 Begin Bits: [0x00000000126d0000, 0x00000000136d0000)
 End Bits:   [0x00000000136d0000, 0x00000000146d0000)

Polling page: 0x00000000024f0000

CodeCache: size=245760Kb used=8108Kb max_used=8117Kb free=237651Kb
 bounds [0x0000000002ba0000, 0x00000000033a0000, 0x0000000011ba0000]
 total_blobs=3011 nmethods=2385 adapters=539
 compilation: enabled

Compilation events (10 events):
Event: 5.803 Thread 0x00000000152cc000 2395       4       java.lang.String::compareTo (78 bytes)
Event: 5.805 Thread 0x00000000152ce000 nmethod 2384 0x000000000338e150 code [0x000000000338e2e0, 0x000000000338ea98]
Event: 5.805 Thread 0x00000000152ce000 2396       4       java.lang.String::compareTo (9 bytes)
Event: 5.805 Thread 0x00000000168c3000 nmethod 2391 0x000000000338f290 code [0x000000000338f700, 0x0000000003391e18]
Event: 5.805 Thread 0x00000000168c3000 2393       3       java.util.TreeMap::containsKey (14 bytes)
Event: 5.806 Thread 0x00000000168c3000 nmethod 2393 0x000000000338dcd0 code [0x000000000338de40, 0x000000000338e0a8]
Event: 5.806 Thread 0x00000000168c3000 2394       3       java.util.TreeMap::get (19 bytes)
Event: 5.806 Thread 0x00000000152cc000 nmethod 2395 0x0000000003392fd0 code [0x0000000003393120, 0x0000000003393278]
Event: 5.806 Thread 0x00000000168c3000 nmethod 2394 0x000000000338d810 code [0x000000000338d980, 0x000000000338dbe8]
Event: 5.806 Thread 0x00000000168c3000 2390       3       java.util.TreeMap$Entry::<init> (25 bytes)

GC Heap History (10 events):
Event: 4.530 GC heap before
{Heap before GC invocations=2 (full 0):
 PSYoungGen      total 18944K, used 18921K [0x00000000eab00000, 0x00000000ed000000, 0x0000000100000000)
  eden space 16384K, 100% used [0x00000000eab00000,0x00000000ebb00000,0x00000000ebb00000)
  from space 2560K, 99% used [0x00000000ebb00000,0x00000000ebd7a610,0x00000000ebd80000)
  to   space 2560K, 0% used [0x00000000ecd80000,0x00000000ecd80000,0x00000000ed000000)
 ParOldGen       total 44032K, used 1379K [0x00000000c0000000, 0x00000000c2b00000, 0x00000000eab00000)
  object space 44032K, 3% used [0x00000000c0000000,0x00000000c0158c60,0x00000000c2b00000)
 Metaspace       used 19325K, capacity 19532K, committed 19840K, reserved 1067008K
  class space    used 2528K, capacity 2620K, committed 2688K, reserved 1048576K
Event: 4.544 GC heap after
Heap after GC invocations=2 (full 0):
 PSYoungGen      total 18944K, used 2557K [0x00000000eab00000, 0x00000000ed000000, 0x0000000100000000)
  eden space 16384K, 0% used [0x00000000eab00000,0x00000000eab00000,0x00000000ebb00000)
  from space 2560K, 99% used [0x00000000ecd80000,0x00000000ecfff6b0,0x00000000ed000000)
  to   space 2560K, 0% used [0x00000000ebb00000,0x00000000ebb00000,0x00000000ebd80000)
 ParOldGen       total 44032K, used 4903K [0x00000000c0000000, 0x00000000c2b00000, 0x00000000eab00000)
  object space 44032K, 11% used [0x00000000c0000000,0x00000000c04c9d28,0x00000000c2b00000)
 Metaspace       used 19325K, capacity 19532K, committed 19840K, reserved 1067008K
  class space    used 2528K, capacity 2620K, committed 2688K, reserved 1048576K
}
Event: 4.683 GC heap before
{Heap before GC invocations=3 (full 0):
 PSYoungGen      total 18944K, used 8184K [0x00000000eab00000, 0x00000000ed000000, 0x0000000100000000)
  eden space 16384K, 34% used [0x00000000eab00000,0x00000000eb07ed18,0x00000000ebb00000)
  from space 2560K, 99% used [0x00000000ecd80000,0x00000000ecfff6b0,0x00000000ed000000)
  to   space 2560K, 0% used [0x00000000ebb00000,0x00000000ebb00000,0x00000000ebd80000)
 ParOldGen       total 44032K, used 4903K [0x00000000c0000000, 0x00000000c2b00000, 0x00000000eab00000)
  object space 44032K, 11% used [0x00000000c0000000,0x00000000c04c9d28,0x00000000c2b00000)
 Metaspace       used 20911K, capacity 21132K, committed 21248K, reserved 1067008K
  class space    used 2741K, capacity 2812K, committed 2816K, reserved 1048576K
Event: 4.691 GC heap after
Heap after GC invocations=3 (full 0):
 PSYoungGen      total 18944K, used 2281K [0x00000000eab00000, 0x00000000ed000000, 0x0000000100000000)
  eden space 16384K, 0% used [0x00000000eab00000,0x00000000eab00000,0x00000000ebb00000)
  from space 2560K, 89% used [0x00000000ebb00000,0x00000000ebd3a4e8,0x00000000ebd80000)
  to   space 2560K, 0% used [0x00000000ecd80000,0x00000000ecd80000,0x00000000ed000000)
 ParOldGen       total 44032K, used 8043K [0x00000000c0000000, 0x00000000c2b00000, 0x00000000eab00000)
  object space 44032K, 18% used [0x00000000c0000000,0x00000000c07daf08,0x00000000c2b00000)
 Metaspace       used 20911K, capacity 21132K, committed 21248K, reserved 1067008K
  class space    used 2741K, capacity 2812K, committed 2816K, reserved 1048576K
}
Event: 4.691 GC heap before
{Heap before GC invocations=4 (full 1):
 PSYoungGen      total 18944K, used 2281K [0x00000000eab00000, 0x00000000ed000000, 0x0000000100000000)
  eden space 16384K, 0% used [0x00000000eab00000,0x00000000eab00000,0x00000000ebb00000)
  from space 2560K, 89% used [0x00000000ebb00000,0x00000000ebd3a4e8,0x00000000ebd80000)
  to   space 2560K, 0% used [0x00000000ecd80000,0x00000000ecd80000,0x00000000ed000000)
 ParOldGen       total 44032K, used 8043K [0x00000000c0000000, 0x00000000c2b00000, 0x00000000eab00000)
  object space 44032K, 18% used [0x00000000c0000000,0x00000000c07daf08,0x00000000c2b00000)
 Metaspace       used 20911K, capacity 21132K, committed 21248K, reserved 1067008K
  class space    used 2741K, capacity 2812K, committed 2816K, reserved 1048576K
Event: 4.739 GC heap after
Heap after GC invocations=4 (full 1):
 PSYoungGen      total 18944K, used 0K [0x00000000eab00000, 0x00000000ed000000, 0x0000000100000000)
  eden space 16384K, 0% used [0x00000000eab00000,0x00000000eab00000,0x00000000ebb00000)
  from space 2560K, 0% used [0x00000000ebb00000,0x00000000ebb00000,0x00000000ebd80000)
  to   space 2560K, 0% used [0x00000000ecd80000,0x00000000ecd80000,0x00000000ed000000)
 ParOldGen       total 33280K, used 7071K [0x00000000c0000000, 0x00000000c2080000, 0x00000000eab00000)
  object space 33280K, 21% used [0x00000000c0000000,0x00000000c06e7f38,0x00000000c2080000)
 Metaspace       used 20911K, capacity 21132K, committed 21248K, reserved 1067008K
  class space    used 2741K, capacity 2812K, committed 2816K, reserved 1048576K
}
Event: 5.104 GC heap before
{Heap before GC invocations=5 (full 1):
 PSYoungGen      total 18944K, used 16384K [0x00000000eab00000, 0x00000000ed000000, 0x0000000100000000)
  eden space 16384K, 100% used [0x00000000eab00000,0x00000000ebb00000,0x00000000ebb00000)
  from space 2560K, 0% used [0x00000000ebb00000,0x00000000ebb00000,0x00000000ebd80000)
  to   space 2560K, 0% used [0x00000000ecd80000,0x00000000ecd80000,0x00000000ed000000)
 ParOldGen       total 33280K, used 7071K [0x00000000c0000000, 0x00000000c2080000, 0x00000000eab00000)
  object space 33280K, 21% used [0x00000000c0000000,0x00000000c06e7f38,0x00000000c2080000)
 Metaspace       used 22275K, capacity 22514K, committed 22784K, reserved 1069056K
  class space    used 2902K, capacity 2974K, committed 3072K, reserved 1048576K
Event: 5.110 GC heap after
Heap after GC invocations=5 (full 1):
 PSYoungGen      total 29696K, used 1687K [0x00000000eab00000, 0x00000000ecf80000, 0x0000000100000000)
  eden space 27648K, 0% used [0x00000000eab00000,0x00000000eab00000,0x00000000ec600000)
  from space 2048K, 82% used [0x00000000ecd80000,0x00000000ecf25cd8,0x00000000ecf80000)
  to   space 2560K, 0% used [0x00000000eca80000,0x00000000eca80000,0x00000000ecd00000)
 ParOldGen       total 33280K, used 7079K [0x00000000c0000000, 0x00000000c2080000, 0x00000000eab00000)
  object space 33280K, 21% used [0x00000000c0000000,0x00000000c06e9f38,0x00000000c2080000)
 Metaspace       used 22275K, capacity 22514K, committed 22784K, reserved 1069056K
  class space    used 2902K, capacity 2974K, committed 3072K, reserved 1048576K
}
Event: 5.441 GC heap before
{Heap before GC invocations=6 (full 1):
 PSYoungGen      total 29696K, used 29335K [0x00000000eab00000, 0x00000000ecf80000, 0x0000000100000000)
  eden space 27648K, 100% used [0x00000000eab00000,0x00000000ec600000,0x00000000ec600000)
  from space 2048K, 82% used [0x00000000ecd80000,0x00000000ecf25cd8,0x00000000ecf80000)
  to   space 2560K, 0% used [0x00000000eca80000,0x00000000eca80000,0x00000000ecd00000)
 ParOldGen       total 33280K, used 7079K [0x00000000c0000000, 0x00000000c2080000, 0x00000000eab00000)
  object space 33280K, 21% used [0x00000000c0000000,0x00000000c06e9f38,0x00000000c2080000)
 Metaspace       used 22610K, capacity 22808K, committed 23040K, reserved 1069056K
  class space    used 2918K, capacity 3007K, committed 3072K, reserved 1048576K
Event: 5.452 GC heap after
Heap after GC invocations=6 (full 1):
 PSYoungGen      total 34816K, used 1486K [0x00000000eab00000, 0x00000000ee780000, 0x0000000100000000)
  eden space 32256K, 0% used [0x00000000eab00000,0x00000000eab00000,0x00000000eca80000)
  from space 2560K, 58% used [0x00000000eca80000,0x00000000ecbf3990,0x00000000ecd00000)
  to   space 7168K, 0% used [0x00000000ee080000,0x00000000ee080000,0x00000000ee780000)
 ParOldGen       total 33280K, used 7087K [0x00000000c0000000, 0x00000000c2080000, 0x00000000eab00000)
  object space 33280K, 21% used [0x00000000c0000000,0x00000000c06ebf38,0x00000000c2080000)
 Metaspace       used 22610K, capacity 22808K, committed 23040K, reserved 1069056K
  class space    used 2918K, capacity 3007K, committed 3072K, reserved 1048576K
}

Deoptimization events (10 events):
Event: 4.433 Thread 0x00000000174b0800 Uncommon trap: reason=unstable_if action=reinterpret pc=0x0000000002e4b9d8 method=com.sun.org.apache.xerces.internal.impl.io.UTF8Reader.read([CII)I @ 131
Event: 4.438 Thread 0x00000000174b0800 Uncommon trap: reason=unstable_if action=reinterpret pc=0x0000000002df756c method=com.sun.org.apache.xerces.internal.utils.XMLLimitAnalyzer.addValue(ILjava/lang/String;I)V @ 7
Event: 4.438 Thread 0x00000000174b0800 Uncommon trap: reason=unstable_if action=reinterpret pc=0x0000000002dc23a0 method=com.sun.org.apache.xerces.internal.utils.XMLSecurityManager.isOverLimit(ILcom/sun/org/apache/xerces/internal/utils/XMLLimitAnalyzer;)Z @ 28
Event: 4.439 Thread 0x00000000174b0800 Uncommon trap: reason=unstable_if action=reinterpret pc=0x0000000002e2abbc method=com.sun.org.apache.xerces.internal.util.SymbolTable.addSymbol([CII)Ljava/lang/String; @ 64
Event: 4.439 Thread 0x00000000174b0800 Uncommon trap: reason=unstable_if action=reinterpret pc=0x0000000002df6dd0 method=com.sun.org.apache.xerces.internal.util.SymbolTable.addSymbol([CII)Ljava/lang/String; @ 64
Event: 4.814 Thread 0x00000000174b0800 Uncommon trap: reason=unstable_if action=reinterpret pc=0x0000000003132c98 method=sun.net.www.ParseUtil.encodePath(Ljava/lang/String;Z)Ljava/lang/String; @ 81
Event: 4.815 Thread 0x00000000174b0800 Uncommon trap: reason=unstable_if action=reinterpret pc=0x000000000302e5d0 method=sun.nio.cs.UTF_8$Encoder.encode([CII[B)I @ 33
Event: 4.815 Thread 0x00000000174b0800 Uncommon trap: reason=unstable_if action=reinterpret pc=0x0000000002eb5164 method=sun.nio.cs.UTF_8$Encoder.encode([CII[B)I @ 33
Event: 4.833 Thread 0x00000000174b0800 Uncommon trap: reason=unstable_if action=reinterpret pc=0x000000000305e668 method=sun.net.www.ParseUtil.encodePath(Ljava/lang/String;Z)Ljava/lang/String; @ 81
Event: 5.641 Thread 0x00000000174b0800 Uncommon trap: reason=unstable_if action=reinterpret pc=0x000000000331daf8 method=java.util.Properties.getProperty(Ljava/lang/String;)Ljava/lang/String; @ 30

Internal exceptions (10 events):
Event: 4.665 Thread 0x00000000174b0800 Exception <a 'java/lang/ArrayIndexOutOfBoundsException'> (0x00000000eaf5c3b0) thrown at [C:\re\workspace\8-2-build-windows-amd64-cygwin\jdk8u111\7883\hotspot\src\share\vm\runtime\sharedRuntime.cpp, line 605]
Event: 4.665 Thread 0x00000000174b0800 Exception <a 'java/lang/ArrayIndexOutOfBoundsException'> (0x00000000eaf5d788) thrown at [C:\re\workspace\8-2-build-windows-amd64-cygwin\jdk8u111\7883\hotspot\src\share\vm\runtime\sharedRuntime.cpp, line 605]
Event: 4.666 Thread 0x00000000174b0800 Exception <a 'java/lang/ArrayIndexOutOfBoundsException'> (0x00000000eaf64d98) thrown at [C:\re\workspace\8-2-build-windows-amd64-cygwin\jdk8u111\7883\hotspot\src\share\vm\runtime\sharedRuntime.cpp, line 605]
Event: 4.666 Thread 0x00000000174b0800 Exception <a 'java/lang/ArrayIndexOutOfBoundsException'> (0x00000000eaf66228) thrown at [C:\re\workspace\8-2-build-windows-amd64-cygwin\jdk8u111\7883\hotspot\src\share\vm\runtime\sharedRuntime.cpp, line 605]
Event: 4.666 Thread 0x00000000174b0800 Exception <a 'java/lang/ArrayIndexOutOfBoundsException'> (0x00000000eaf67a78) thrown at [C:\re\workspace\8-2-build-windows-amd64-cygwin\jdk8u111\7883\hotspot\src\share\vm\runtime\sharedRuntime.cpp, line 605]
Event: 4.666 Thread 0x00000000174b0800 Exception <a 'java/lang/ArrayIndexOutOfBoundsException'> (0x00000000eaf68ea0) thrown at [C:\re\workspace\8-2-build-windows-amd64-cygwin\jdk8u111\7883\hotspot\src\share\vm\runtime\sharedRuntime.cpp, line 605]
Event: 4.666 Thread 0x00000000174b0800 Exception <a 'java/lang/ArrayIndexOutOfBoundsException'> (0x00000000eaf69df8) thrown at [C:\re\workspace\8-2-build-windows-amd64-cygwin\jdk8u111\7883\hotspot\src\share\vm\runtime\sharedRuntime.cpp, line 605]
Event: 4.666 Thread 0x00000000174b0800 Exception <a 'java/lang/ArrayIndexOutOfBoundsException'> (0x00000000eaf6b1e8) thrown at [C:\re\workspace\8-2-build-windows-amd64-cygwin\jdk8u111\7883\hotspot\src\share\vm\runtime\sharedRuntime.cpp, line 605]
Event: 4.666 Thread 0x00000000174b0800 Exception <a 'java/lang/ArrayIndexOutOfBoundsException'> (0x00000000eaf6c330) thrown at [C:\re\workspace\8-2-build-windows-amd64-cygwin\jdk8u111\7883\hotspot\src\share\vm\runtime\sharedRuntime.cpp, line 605]
Event: 4.666 Thread 0x00000000174b0800 Exception <a 'java/lang/ArrayIndexOutOfBoundsException'> (0x00000000eaf6d620) thrown at [C:\re\workspace\8-2-build-windows-amd64-cygwin\jdk8u111\7883\hotspot\src\share\vm\runtime\sharedRuntime.cpp, line 605]

Events (10 events):
Event: 5.797 loading class sun/nio/cs/MS1257
Event: 5.797 loading class sun/nio/cs/MS1257 done
Event: 5.798 loading class sun/nio/cs/ext/MacRoman
Event: 5.798 loading class sun/nio/cs/ext/MacRoman done
Event: 5.798 loading class sun/nio/cs/ext/MacCentralEurope
Event: 5.798 loading class sun/nio/cs/ext/MacCentralEurope done
Event: 5.798 loading class sun/nio/cs/UTF_32
Event: 5.798 loading class sun/nio/cs/UTF_32 done
Event: 5.799 loading class com/mysql/jdbc/Collation
Event: 5.799 loading class com/mysql/jdbc/Collation done


Dynamic libraries:
0x00007ff74d750000 - 0x00007ff74d787000 	C:\Program Files\Java\jdk1.8.0_111\bin\java.exe
0x00007ffc28d80000 - 0x00007ffc28f51000 	C:\Windows\SYSTEM32\ntdll.dll
0x00007ffc28b30000 - 0x00007ffc28bdb000 	C:\Windows\System32\KERNEL32.DLL
0x00007ffc25d70000 - 0x00007ffc25f8d000 	C:\Windows\System32\KERNELBASE.dll
0x00007ffc26320000 - 0x00007ffc263c2000 	C:\Windows\System32\ADVAPI32.dll
0x00007ffc26eb0000 - 0x00007ffc26f4e000 	C:\Windows\System32\msvcrt.dll
0x00007ffc265c0000 - 0x00007ffc26619000 	C:\Windows\System32\sechost.dll
0x00007ffc28c50000 - 0x00007ffc28d71000 	C:\Windows\System32\RPCRT4.dll
0x00007ffc28880000 - 0x00007ffc289e5000 	C:\Windows\System32\USER32.dll
0x00007ffc25370000 - 0x00007ffc2538e000 	C:\Windows\System32\win32u.dll
0x00007ffc27190000 - 0x00007ffc271c4000 	C:\Windows\System32\GDI32.dll
0x00007ffc25be0000 - 0x00007ffc25d62000 	C:\Windows\System32\gdi32full.dll
0x00007ffc1eff0000 - 0x00007ffc1f26a000 	C:\Windows\WinSxS\amd64_microsoft.windows.common-controls_6595b64144ccf1df_6.0.14393.953_none_42151e83c686086b\COMCTL32.dll
0x00007ffc266e0000 - 0x00007ffc269a8000 	C:\Windows\System32\combase.dll
0x00007ffc25270000 - 0x00007ffc25365000 	C:\Windows\System32\ucrtbase.dll
0x00007ffc253e0000 - 0x00007ffc2544a000 	C:\Windows\System32\bcryptPrimitives.dll
0x00007ffc263d0000 - 0x00007ffc263fe000 	C:\Windows\System32\IMM32.DLL
0x00000000518a0000 - 0x0000000051972000 	C:\Program Files\Java\jdk1.8.0_111\jre\bin\msvcr100.dll
0x0000000051980000 - 0x000000005221a000 	C:\Program Files\Java\jdk1.8.0_111\jre\bin\server\jvm.dll
0x00007ffc26310000 - 0x00007ffc26318000 	C:\Windows\System32\PSAPI.DLL
0x00007ffc20a40000 - 0x00007ffc20a4a000 	C:\Windows\SYSTEM32\VERSION.dll
0x00007ffc23660000 - 0x00007ffc23683000 	C:\Windows\SYSTEM32\WINMM.dll
0x00007ffc1b2f0000 - 0x00007ffc1b2f9000 	C:\Windows\SYSTEM32\WSOCK32.dll
0x00007ffc27110000 - 0x00007ffc2717a000 	C:\Windows\System32\WS2_32.dll
0x00000000024c0000 - 0x00000000024eb000 	C:\Windows\SYSTEM32\WINMMBASE.dll
0x00007ffc25390000 - 0x00007ffc253d2000 	C:\Windows\System32\cfgmgr32.dll
0x0000000051890000 - 0x000000005189f000 	C:\Program Files\Java\jdk1.8.0_111\jre\bin\verify.dll
0x0000000051860000 - 0x0000000051889000 	C:\Program Files\Java\jdk1.8.0_111\jre\bin\java.dll
0x0000000051840000 - 0x0000000051856000 	C:\Program Files\Java\jdk1.8.0_111\jre\bin\zip.dll
0x00007ffc27370000 - 0x00007ffc28879000 	C:\Windows\System32\SHELL32.dll
0x00007ffc25450000 - 0x00007ffc25b2a000 	C:\Windows\System32\windows.storage.dll
0x00007ffc251e0000 - 0x00007ffc2522c000 	C:\Windows\System32\powrprof.dll
0x00007ffc26e40000 - 0x00007ffc26e92000 	C:\Windows\System32\shlwapi.dll
0x00007ffc25260000 - 0x00007ffc2526f000 	C:\Windows\System32\kernel.appcore.dll
0x00007ffc261c0000 - 0x00007ffc26269000 	C:\Windows\System32\shcore.dll
0x00007ffc25240000 - 0x00007ffc25254000 	C:\Windows\System32\profapi.dll
0x0000000052910000 - 0x0000000052aa8000 	C:\Program Files\Java\jdk1.8.0_111\jre\bin\awt.dll
0x00007ffc26620000 - 0x00007ffc266df000 	C:\Windows\System32\OLEAUT32.dll
0x00007ffc26270000 - 0x00007ffc2630c000 	C:\Windows\System32\msvcp_win.dll
0x00007ffc23790000 - 0x00007ffc2380a000 	C:\Windows\SYSTEM32\apphelp.dll
0x00007ffc23960000 - 0x00007ffc239f5000 	C:\Windows\system32\uxtheme.dll
0x00007ffc26fb0000 - 0x00007ffc2710a000 	C:\Windows\System32\MSCTF.dll
0x00007ffc230f0000 - 0x00007ffc23116000 	C:\Windows\system32\dwmapi.dll
0x00007ffc289f0000 - 0x00007ffc28b27000 	C:\Windows\System32\ole32.dll
0x00000000528c0000 - 0x0000000052907000 	C:\Program Files\Java\jdk1.8.0_111\jre\bin\fontmanager.dll
0x00007ffc1e9d0000 - 0x00007ffc1eb5d000 	C:\Windows\system32\d3d9.dll
0x00007ffbfbf40000 - 0x00007ffbfcff6000 	C:\Windows\SYSTEM32\nvd3dumx.dll
0x00007ffc206e0000 - 0x00007ffc2084c000 	C:\Program Files (x86)\NVIDIA Corporation\3D Vision\nvSCPAPI64.dll
0x00007ffc26a10000 - 0x00007ffc26e39000 	C:\Windows\System32\SETUPAPI.dll
0x0000000051820000 - 0x000000005183a000 	C:\Program Files\Java\jdk1.8.0_111\jre\bin\net.dll
0x00007ffc24ab0000 - 0x00007ffc24b0c000 	C:\Windows\system32\mswsock.dll
0x0000000051800000 - 0x0000000051811000 	C:\Program Files\Java\jdk1.8.0_111\jre\bin\nio.dll
0x0000000052870000 - 0x00000000528b2000 	C:\Program Files\Java\jdk1.8.0_111\jre\bin\t2k.dll
0x00007ffc272d0000 - 0x00007ffc2736f000 	C:\Windows\System32\clbcatq.dll
0x00007ffc22a30000 - 0x00007ffc22bd8000 	C:\Windows\SYSTEM32\WindowsCodecs.dll
0x00007ffc19570000 - 0x00007ffc195b9000 	C:\Windows\system32\dataexchange.dll
0x00007ffc21e60000 - 0x00007ffc22116000 	C:\Windows\system32\d3d11.dll
0x00007ffc23360000 - 0x00007ffc234b1000 	C:\Windows\system32\dcomp.dll
0x00007ffc24160000 - 0x00007ffc241ff000 	C:\Windows\system32\dxgi.dll
0x00007ffc23c00000 - 0x00007ffc23d1c000 	C:\Windows\system32\twinapi.appcore.dll
0x00007ffc25120000 - 0x00007ffc2514b000 	C:\Windows\system32\bcrypt.dll
0x00007ffc24c60000 - 0x00007ffc24c77000 	C:\Windows\SYSTEM32\CRYPTSP.dll
0x00007ffc246b0000 - 0x00007ffc246e3000 	C:\Windows\system32\rsaenh.dll
0x00007ffc24940000 - 0x00007ffc2495f000 	C:\Windows\SYSTEM32\USERENV.dll
0x00007ffc24c50000 - 0x00007ffc24c5b000 	C:\Windows\SYSTEM32\CRYPTBASE.dll
0x00007ffc24830000 - 0x00007ffc24868000 	C:\Windows\SYSTEM32\IPHLPAPI.DLL
0x00007ffc27180000 - 0x00007ffc27188000 	C:\Windows\System32\NSI.dll
0x00007ffc1f8c0000 - 0x00007ffc1f8d6000 	C:\Windows\SYSTEM32\dhcpcsvc6.DLL
0x00007ffc1f860000 - 0x00007ffc1f87a000 	C:\Windows\SYSTEM32\dhcpcsvc.DLL
0x0000000052840000 - 0x000000005286a000 	C:\Program Files\Java\jdk1.8.0_111\jre\bin\dcpr.dll
0x00007ffc1d5c0000 - 0x00007ffc1d692000 	C:\Windows\System32\IME\IMEKR\imkrtip.dll
0x00007ffc22c80000 - 0x00007ffc22e05000 	C:\Windows\SYSTEM32\PROPSYS.dll
0x00007ffc1d460000 - 0x00007ffc1d5b6000 	C:\Windows\System32\IME\shared\imetip.dll
0x00007ffc1cbf0000 - 0x00007ffc1cd98000 	C:\Windows\SYSTEM32\DUI70.dll
0x00007ffc1f410000 - 0x00007ffc1f475000 	C:\Windows\SYSTEM32\OLEACC.dll
0x00007ffc1d310000 - 0x00007ffc1d348000 	C:\Windows\System32\IME\IMEKR\imkrapi.dll
0x00007ffc1d2d0000 - 0x00007ffc1d305000 	C:\Windows\System32\IME\shared\imjkapi.dll
0x00007ffc24580000 - 0x00007ffc245b2000 	C:\Windows\SYSTEM32\ntmarta.dll
0x00007ffc190a0000 - 0x00007ffc19232000 	C:\Windows\SYSTEM32\dbghelp.dll

VM Arguments:
jvm_args: -Dfile.encoding=x-windows-949 -Duser.country=KR -Duser.language=ko -Duser.variant 
java_command: kr.or.dgit.sw_project.MainApp
java_class_path (initial): C:\Users\KDW\git\sw_project\build\classes\main;C:\Users\KDW\git\sw_project\build\resources\main;C:\Users\KDW\git\sw_project\src\main\resources\kr\or\dgit\sw_project\libraries\erp_myframework.jar;C:\Users\KDW\git\sw_project\src\main\resources\kr\or\dgit\sw_project\lookandfeel\syntheticaAluOxide.jar;C:\Users\KDW\git\sw_project\src\main\resources\kr\or\dgit\sw_project\lookandfeel\synthetica.jar;C:\Users\KDW\git\sw_project\src\main\resources\kr\or\dgit\sw_project\libraries\swingx-1.6.5.jar;C:\Users\KDW\git\sw_project\src\main\resources\kr\or\dgit\sw_project\libraries\syntheticaAddons.jar;C:\Users\KDW\git\sw_project\src\main\resources\kr\or\dgit\sw_project\libraries\syntheticaAluOxideAddon.jar;C:\Users\KDW\.gradle\caches\modules-2\files-2.1\mysql\mysql-connector-java\5.1.41\b0878056f15616989144d6114d36d3942321d0d1\mysql-connector-java-5.1.41.jar;C:\Users\KDW\.gradle\caches\modules-2\files-2.1\org.mybatis\mybatis\3.4.2\2b9a5082fe0bdb3128bab8b4b19b23ca0f3d9b38\mybatis-3.4.2.jar;C:\Users\KDW\.gradle\caches\modules-2\files-2.1\junit\junit\4.12\2973d150c0dc1fefe998f834810d68f278ea58ec\junit-4.12.jar;C:\Users\KDW\.gradle\caches\modules-2\files-2.1\log4j\log4j\1.2.17\5af35056b4d257e4b64b9e8069c0746e8b08629f\log4j-1.2.17.jar;C:\Users\KDW\.gradle\caches\modules-2\files-2.1\org.hamcrest\hamcrest-core\1.3\42a25dc3219429f0e5d060061f71acb49bf010a0\hamcrest-core-1.3.jar
Launcher Type: SUN_STANDARD

Environment Variables:
JAVA_HOME=C:\Program Files\Java\jdk1.8.0_111
PATH=C:/Program Files/Java/jdk1.8.0_111/bin/../jre/bin/server;C:/Program Files/Java/jdk1.8.0_111/bin/../jre/bin;C:/Program Files/Java/jdk1.8.0_111/bin/../jre/lib/amd64;C:\Program Files\Java\jdk1.8.0_111\bin;C:\ProgramData\Oracle\Java\javapath;C:\Program Files (x86)\NVIDIA Corporation\PhysX\Common;C:\Windows\system32;C:\Windows;C:\Windows\System32\Wbem;C:\Windows\System32\WindowsPowerShell\v1.0\;C:\Program Files\MySQL\MySQL Server 5.6\bin;C:\Program Files\Git\cmd;D:\gradle-3.4.1-bin\bin;C:\Users\KDW\AppData\Local\Microsoft\WindowsApps;;C:\eclipse_java;
USERNAME=KDW
OS=Windows_NT
PROCESSOR_IDENTIFIER=Intel64 Family 6 Model 23 Stepping 10, GenuineIntel



---------------  S Y S T E M  ---------------

OS: Windows 10.0 , 64 bit Build 14393 (10.0.14393.0)

CPU:total 4 (4 cores per cpu, 1 threads per core) family 6 model 23 stepping 10, cmov, cx8, fxsr, mmx, sse, sse2, sse3, ssse3, sse4.1, tsc

Memory: 4k page, physical 4192492k(1278360k free), swap 5896428k(1126904k free)

vm_info: Java HotSpot(TM) 64-Bit Server VM (25.111-b14) for windows-amd64 JRE (1.8.0_111-b14), built on Sep 22 2016 19:24:05 by "java_re" with MS VC++ 10.0 (VS2010)

time: Mon Apr 10 20:15:40 2017
elapsed time: 5 seconds (0d 0h 0m 5s)

