#
# A fatal error has been detected by the Java Runtime Environment:
#
#  EXCEPTION_ACCESS_VIOLATION (0xc0000005) at pc=0xffffffffa3ec5120, pid=8980, tid=0x0000000000002e38
#
# JRE version: Java(TM) SE Runtime Environment (8.0_111-b14) (build 1.8.0_111-b14)
# Java VM: Java HotSpot(TM) 64-Bit Server VM (25.111-b14 mixed mode windows-amd64 compressed oops)
# Problematic frame:
# C  0xffffffffa3ec5120
#
# Failed to write core dump. Minidumps are not enabled by default on client versions of Windows
#
# If you would like to submit a bug report, please visit:
#   http://bugreport.java.com/bugreport/crash.jsp
#

---------------  T H R E A D  ---------------

Current thread (0x00000000177e7000):  JavaThread "AWT-EventQueue-0" [_thread_in_Java, id=11832, stack(0x0000000018430000,0x0000000018530000)]

siginfo: ExceptionCode=0xc0000005, ExceptionInformation=0x0000000000000008 0xffffffffa3ec5120

Registers:
RAX=0x000000001df8f2c8, RBX=0x000000001df8f2c8, RCX=0x00000000eaddf130, RDX=0x00000000eaddf130
RSP=0x000000001852bd78, RBP=0x000000001852bde0, RSI=0x0000000000000001, RDI=0x00000000eadac240
R8 =0x00000000eaddf130, R9 =0x0000000000000148, R10=0x000000006297c0c0, R11=0x00000000034f31e0
R12=0x0000000000000000, R13=0x000000001852bd90, R14=0x000000001df91408, R15=0x00000000177e7000
RIP=0xffffffffa3ec5120, EFLAGS=0x0000000000010202

Top of Stack: (sp=0x000000001852bd78)
0x000000001852bd78:   0000000002ec7870 000000001852bdb0
0x000000001852bd88:   0000000002ec7870 00000000eaddf130
0x000000001852bd98:   00000000eaddf130 000000001852bda0
0x000000001852bda8:   0000000014cbd635 000000001852be00
0x000000001852bdb8:   0000000014cbf378 000000001df91408
0x000000001852bdc8:   0000000014cbd658 000000001852bd90
0x000000001852bdd8:   000000001852bdf8 000000001852be48
0x000000001852bde8:   0000000002ec7ae0 0000000000000428
0x000000001852bdf8:   00000000eaddf130 00000000eadac228
0x000000001852be08:   000000001852be08 000000001df8da65
0x000000001852be18:   000000001852be78 000000001df8dbb8
0x000000001852be28:   000000001df920c0 000000001df8db48
0x000000001852be38:   000000001852bdf8 000000001852be68
0x000000001852be48:   000000001852bec0 0000000002ec7ae0
0x000000001852be58:   000000000000060a 00000000ffffffff
0x000000001852be68:   00000000eadac240 00000000eaddf130 

Instructions: (pc=0xffffffffa3ec5120)
0xffffffffa3ec5100:   
[error occurred during error reporting (printing registers, top of stack, instructions near pc), id 0xc0000005]

Register to memory mapping:

RAX={method} {0x000000001df8f2d0} 'equals' '(Ljava/lang/Object;)Z' in 'java/text/PatternEntry'
RBX={method} {0x000000001df8f2d0} 'equals' '(Ljava/lang/Object;)Z' in 'java/text/PatternEntry'
RCX=0x00000000eaddf130 is an oop
java.text.PatternEntry 
 - klass: 'java/text/PatternEntry'
RDX=0x00000000eaddf130 is an oop
java.text.PatternEntry 
 - klass: 'java/text/PatternEntry'
RSP=0x000000001852bd78 is pointing into the stack for thread: 0x00000000177e7000
RBP=0x000000001852bde0 is pointing into the stack for thread: 0x00000000177e7000
RSI=0x0000000000000001 is an unknown value
RDI=0x00000000eadac240 is an oop
java.lang.StringBuffer 
 - klass: 'java/lang/StringBuffer'
R8 =0x00000000eaddf130 is an oop
java.text.PatternEntry 
 - klass: 'java/text/PatternEntry'
R9 =0x0000000000000148 is an unknown value
R10=0x000000006297c0c0 is an unknown value
R11=0x00000000034f31e0 is at entry_point+32 in (nmethod*)0x00000000034f3050
R12=0x0000000000000000 is an unknown value
R13=0x000000001852bd90 is pointing into the stack for thread: 0x00000000177e7000
R14=0x000000001df91408 is pointing into metadata
R15=0x00000000177e7000 is a thread


Stack: [0x0000000018430000,0x0000000018530000],  sp=0x000000001852bd78,  free space=1007k
Native frames: (J=compiled Java code, j=interpreted, Vv=VM code, C=native code)
C  0xffffffffa3ec5120


---------------  P R O C E S S  ---------------

Java Threads: ( => current thread )
  0x0000000019d80000 JavaThread "SyntheticaAnimation 60" daemon [_thread_blocked, id=7208, stack(0x000000001dc40000,0x000000001dd40000)]
  0x0000000017e94000 JavaThread "SyntheticaAnimation 50" daemon [_thread_blocked, id=8156, stack(0x000000001d090000,0x000000001d190000)]
  0x0000000019c43000 JavaThread "D3D Screen Updater" daemon [_thread_blocked, id=5680, stack(0x000000001cf80000,0x000000001d080000)]
  0x000000001a289800 JavaThread "TimerQueue" daemon [_thread_blocked, id=10304, stack(0x000000001c5e0000,0x000000001c6e0000)]
  0x000000001a28d000 JavaThread "Image Fetcher 1" daemon [_thread_blocked, id=11396, stack(0x000000001c4e0000,0x000000001c5e0000)]
  0x0000000017b47000 JavaThread "Image Fetcher 0" daemon [_thread_blocked, id=11936, stack(0x000000001c1e0000,0x000000001c2e0000)]
  0x0000000017b94800 JavaThread "SyntheticaCleanerThread" daemon [_thread_blocked, id=6156, stack(0x0000000019810000,0x0000000019910000)]
  0x000000001788e800 JavaThread "Thread-2" daemon [_thread_blocked, id=8164, stack(0x0000000018530000,0x0000000018630000)]
  0x0000000002cbd800 JavaThread "DestroyJavaVM" [_thread_blocked, id=9900, stack(0x0000000002cc0000,0x0000000002dc0000)]
=>0x00000000177e7000 JavaThread "AWT-EventQueue-0" [_thread_in_Java, id=11832, stack(0x0000000018430000,0x0000000018530000)]
  0x00000000177e5800 JavaThread "AWT-Windows" daemon [_thread_in_native, id=12156, stack(0x0000000018190000,0x0000000018290000)]
  0x00000000177e2800 JavaThread "AWT-Shutdown" [_thread_blocked, id=10316, stack(0x0000000018090000,0x0000000018190000)]
  0x0000000016fe9800 JavaThread "Java2D Disposer" daemon [_thread_blocked, id=2940, stack(0x0000000017f90000,0x0000000018090000)]
  0x0000000016c87800 JavaThread "Service Thread" daemon [_thread_blocked, id=11796, stack(0x00000000171f0000,0x00000000172f0000)]
  0x0000000016bf4800 JavaThread "C1 CompilerThread2" daemon [_thread_blocked, id=2220, stack(0x00000000170f0000,0x00000000171f0000)]
  0x0000000016bf1000 JavaThread "C2 CompilerThread1" daemon [_thread_blocked, id=8784, stack(0x0000000016ff0000,0x00000000170f0000)]
  0x00000000155ed800 JavaThread "C2 CompilerThread0" daemon [_thread_blocked, id=9896, stack(0x0000000016af0000,0x0000000016bf0000)]
  0x00000000155ec800 JavaThread "Attach Listener" daemon [_thread_blocked, id=1200, stack(0x00000000169f0000,0x0000000016af0000)]
  0x0000000015589000 JavaThread "Signal Dispatcher" daemon [_thread_blocked, id=8404, stack(0x00000000168f0000,0x00000000169f0000)]
  0x000000001557a800 JavaThread "Finalizer" daemon [_thread_blocked, id=8612, stack(0x00000000167f0000,0x00000000168f0000)]
  0x0000000002eb2000 JavaThread "Reference Handler" daemon [_thread_blocked, id=6300, stack(0x00000000166f0000,0x00000000167f0000)]

Other Threads:
  0x0000000015557000 VMThread [stack: 0x00000000165f0000,0x00000000166f0000] [id=6712]
  0x0000000016cc9000 WatcherThread [stack: 0x00000000172f0000,0x00000000173f0000] [id=10504]

VM state:not at safepoint (normal execution)

VM Mutex/Monitor currently owned by a thread: None

Heap:
 PSYoungGen      total 18944K, used 3150K [0x00000000eab00000, 0x00000000ed000000, 0x0000000100000000)
  eden space 16384K, 19% used [0x00000000eab00000,0x00000000eae13b58,0x00000000ebb00000)
  from space 2560K, 0% used [0x00000000ebb00000,0x00000000ebb00000,0x00000000ebd80000)
  to   space 2560K, 0% used [0x00000000ecd80000,0x00000000ecd80000,0x00000000ed000000)
 ParOldGen       total 32768K, used 6330K [0x00000000c0000000, 0x00000000c2000000, 0x00000000eab00000)
  object space 32768K, 19% used [0x00000000c0000000,0x00000000c062ea08,0x00000000c2000000)
 Metaspace       used 21278K, capacity 21534K, committed 21888K, reserved 1069056K
  class space    used 2794K, capacity 2878K, committed 2944K, reserved 1048576K

Card table byte_map: [0x0000000012280000,0x0000000012490000] byte_map_base: 0x0000000011c80000

Marking Bits: (ParMarkBitMap*) 0x000000006299a6c0
 Begin Bits: [0x00000000129f0000, 0x00000000139f0000)
 End Bits:   [0x00000000139f0000, 0x00000000149f0000)

Polling page: 0x0000000002750000

CodeCache: size=245760Kb used=6441Kb max_used=6441Kb free=239318Kb
 bounds [0x0000000002ec0000, 0x0000000003520000, 0x0000000011ec0000]
 total_blobs=2406 nmethods=1826 adapters=494
 compilation: enabled

Compilation events (10 events):
Event: 3.924 Thread 0x0000000016bf4800 nmethod 1817 0x00000000034f6fd0 code [0x00000000034f71a0, 0x00000000034f7938]
Event: 3.924 Thread 0x0000000016bf4800 1818  s    3       java.lang.StringBuffer::setLength (11 bytes)
Event: 3.924 Thread 0x0000000016bf1000 nmethod 1806 0x00000000034f5c90 code [0x00000000034f5e20, 0x00000000034f6a38]
Event: 3.924 Thread 0x0000000016bf4800 nmethod 1818 0x00000000034f39d0 code [0x00000000034f3b40, 0x00000000034f3e48]
Event: 3.925 Thread 0x00000000155ed800 nmethod 1813 0x00000000034f3610 code [0x00000000034f3760, 0x00000000034f3838]
Event: 3.925 Thread 0x0000000016bf4800 1819       3       java.text.PatternEntry::equals (25 bytes)
Event: 3.925 Thread 0x0000000016bf4800 nmethod 1819 0x00000000034f3050 code [0x00000000034f31c0, 0x00000000034f3508]
Event: 3.925 Thread 0x0000000016bf4800 1821       3       java.text.PatternEntry$Parser::next (655 bytes)
Event: 3.928 Thread 0x0000000016bf1000 1826       4       java.text.PatternEntry::equals (25 bytes)
Event: 3.929 Thread 0x0000000016bf1000 nmethod 1826 0x00000000034f2c90 code [0x00000000034f2de0, 0x00000000034f2f18]

GC Heap History (8 events):
Event: 1.569 GC heap before
{Heap before GC invocations=1 (full 0):
 PSYoungGen      total 18944K, used 16384K [0x00000000eab00000, 0x00000000ec000000, 0x0000000100000000)
  eden space 16384K, 100% used [0x00000000eab00000,0x00000000ebb00000,0x00000000ebb00000)
  from space 2560K, 0% used [0x00000000ebd80000,0x00000000ebd80000,0x00000000ec000000)
  to   space 2560K, 0% used [0x00000000ebb00000,0x00000000ebb00000,0x00000000ebd80000)
 ParOldGen       total 44032K, used 0K [0x00000000c0000000, 0x00000000c2b00000, 0x00000000eab00000)
  object space 44032K, 0% used [0x00000000c0000000,0x00000000c0000000,0x00000000c2b00000)
 Metaspace       used 15083K, capacity 15298K, committed 15616K, reserved 1062912K
  class space    used 1987K, capacity 2041K, committed 2048K, reserved 1048576K
Event: 1.583 GC heap after
Heap after GC invocations=1 (full 0):
 PSYoungGen      total 18944K, used 2553K [0x00000000eab00000, 0x00000000ec000000, 0x0000000100000000)
  eden space 16384K, 0% used [0x00000000eab00000,0x00000000eab00000,0x00000000ebb00000)
  from space 2560K, 99% used [0x00000000ebb00000,0x00000000ebd7e640,0x00000000ebd80000)
  to   space 2560K, 0% used [0x00000000ebd80000,0x00000000ebd80000,0x00000000ec000000)
 ParOldGen       total 44032K, used 1452K [0x00000000c0000000, 0x00000000c2b00000, 0x00000000eab00000)
  object space 44032K, 3% used [0x00000000c0000000,0x00000000c016b208,0x00000000c2b00000)
 Metaspace       used 15083K, capacity 15298K, committed 15616K, reserved 1062912K
  class space    used 1987K, capacity 2041K, committed 2048K, reserved 1048576K
}
Event: 3.662 GC heap before
{Heap before GC invocations=2 (full 0):
 PSYoungGen      total 18944K, used 18937K [0x00000000eab00000, 0x00000000ec000000, 0x0000000100000000)
  eden space 16384K, 100% used [0x00000000eab00000,0x00000000ebb00000,0x00000000ebb00000)
  from space 2560K, 99% used [0x00000000ebb00000,0x00000000ebd7e640,0x00000000ebd80000)
  to   space 2560K, 0% used [0x00000000ebd80000,0x00000000ebd80000,0x00000000ec000000)
 ParOldGen       total 44032K, used 1452K [0x00000000c0000000, 0x00000000c2b00000, 0x00000000eab00000)
  object space 44032K, 3% used [0x00000000c0000000,0x00000000c016b208,0x00000000c2b00000)
 Metaspace       used 19086K, capacity 19320K, committed 19584K, reserved 1067008K
  class space    used 2492K, capacity 2588K, committed 2688K, reserved 1048576K
Event: 3.676 GC heap after
Heap after GC invocations=2 (full 0):
 PSYoungGen      total 18944K, used 2533K [0x00000000eab00000, 0x00000000ec000000, 0x0000000100000000)
  eden space 16384K, 0% used [0x00000000eab00000,0x00000000eab00000,0x00000000ebb00000)
  from space 2560K, 98% used [0x00000000ebd80000,0x00000000ebff94d8,0x00000000ec000000)
  to   space 2560K, 0% used [0x00000000ebb00000,0x00000000ebb00000,0x00000000ebd80000)
 ParOldGen       total 44032K, used 4890K [0x00000000c0000000, 0x00000000c2b00000, 0x00000000eab00000)
  object space 44032K, 11% used [0x00000000c0000000,0x00000000c04c6858,0x00000000c2b00000)
 Metaspace       used 19086K, capacity 19320K, committed 19584K, reserved 1067008K
  class space    used 2492K, capacity 2588K, committed 2688K, reserved 1048576K
}
Event: 3.804 GC heap before
{Heap before GC invocations=3 (full 0):
 PSYoungGen      total 18944K, used 7466K [0x00000000eab00000, 0x00000000ec000000, 0x0000000100000000)
  eden space 16384K, 30% used [0x00000000eab00000,0x00000000eafd1580,0x00000000ebb00000)
  from space 2560K, 98% used [0x00000000ebd80000,0x00000000ebff94d8,0x00000000ec000000)
  to   space 2560K, 0% used [0x00000000ebb00000,0x00000000ebb00000,0x00000000ebd80000)
 ParOldGen       total 44032K, used 4890K [0x00000000c0000000, 0x00000000c2b00000, 0x00000000eab00000)
  object space 44032K, 11% used [0x00000000c0000000,0x00000000c04c6858,0x00000000c2b00000)
 Metaspace       used 20880K, capacity 21080K, committed 21248K, reserved 1067008K
  class space    used 2743K, capacity 2812K, committed 2816K, reserved 1048576K
Event: 3.814 GC heap after
Heap after GC invocations=3 (full 0):
 PSYoungGen      total 18944K, used 2549K [0x00000000eab00000, 0x00000000ed000000, 0x0000000100000000)
  eden space 16384K, 0% used [0x00000000eab00000,0x00000000eab00000,0x00000000ebb00000)
  from space 2560K, 99% used [0x00000000ebb00000,0x00000000ebd7d4e8,0x00000000ebd80000)
  to   space 2560K, 0% used [0x00000000ecd80000,0x00000000ecd80000,0x00000000ed000000)
 ParOldGen       total 44032K, used 5501K [0x00000000c0000000, 0x00000000c2b00000, 0x00000000eab00000)
  object space 44032K, 12% used [0x00000000c0000000,0x00000000c055f4b8,0x00000000c2b00000)
 Metaspace       used 20880K, capacity 21080K, committed 21248K, reserved 1067008K
  class space    used 2743K, capacity 2812K, committed 2816K, reserved 1048576K
}
Event: 3.814 GC heap before
{Heap before GC invocations=4 (full 1):
 PSYoungGen      total 18944K, used 2549K [0x00000000eab00000, 0x00000000ed000000, 0x0000000100000000)
  eden space 16384K, 0% used [0x00000000eab00000,0x00000000eab00000,0x00000000ebb00000)
  from space 2560K, 99% used [0x00000000ebb00000,0x00000000ebd7d4e8,0x00000000ebd80000)
  to   space 2560K, 0% used [0x00000000ecd80000,0x00000000ecd80000,0x00000000ed000000)
 ParOldGen       total 44032K, used 5501K [0x00000000c0000000, 0x00000000c2b00000, 0x00000000eab00000)
  object space 44032K, 12% used [0x00000000c0000000,0x00000000c055f4b8,0x00000000c2b00000)
 Metaspace       used 20880K, capacity 21080K, committed 21248K, reserved 1067008K
  class space    used 2743K, capacity 2812K, committed 2816K, reserved 1048576K
Event: 3.867 GC heap after
Heap after GC invocations=4 (full 1):
 PSYoungGen      total 18944K, used 0K [0x00000000eab00000, 0x00000000ed000000, 0x0000000100000000)
  eden space 16384K, 0% used [0x00000000eab00000,0x00000000eab00000,0x00000000ebb00000)
  from space 2560K, 0% used [0x00000000ebb00000,0x00000000ebb00000,0x00000000ebd80000)
  to   space 2560K, 0% used [0x00000000ecd80000,0x00000000ecd80000,0x00000000ed000000)
 ParOldGen       total 32768K, used 6330K [0x00000000c0000000, 0x00000000c2000000, 0x00000000eab00000)
  object space 32768K, 19% used [0x00000000c0000000,0x00000000c062ea08,0x00000000c2000000)
 Metaspace       used 20880K, capacity 21080K, committed 21248K, reserved 1067008K
  class space    used 2743K, capacity 2812K, committed 2816K, reserved 1048576K
}

Deoptimization events (10 events):
Event: 3.574 Thread 0x00000000177e7000 Uncommon trap: reason=unstable_if action=reinterpret pc=0x0000000003140e70 method=com.sun.org.apache.xerces.internal.impl.XMLEntityScanner.scanChar(Lcom/sun/org/apache/xerces/internal/impl/XMLScanner$NameType;)I @ 212
Event: 3.582 Thread 0x00000000177e7000 Uncommon trap: reason=unstable_if action=reinterpret pc=0x000000000316d398 method=com.sun.org.apache.xerces.internal.impl.io.UTF8Reader.read([CII)I @ 131
Event: 3.588 Thread 0x00000000177e7000 Uncommon trap: reason=unstable_if action=reinterpret pc=0x00000000031438ac method=com.sun.org.apache.xerces.internal.utils.XMLLimitAnalyzer.addValue(ILjava/lang/String;I)V @ 7
Event: 3.588 Thread 0x00000000177e7000 Uncommon trap: reason=unstable_if action=reinterpret pc=0x00000000030f53a0 method=com.sun.org.apache.xerces.internal.utils.XMLSecurityManager.isOverLimit(ILcom/sun/org/apache/xerces/internal/utils/XMLLimitAnalyzer;)Z @ 28
Event: 3.589 Thread 0x00000000177e7000 Uncommon trap: reason=unstable_if action=reinterpret pc=0x000000000314ad74 method=com.sun.org.apache.xerces.internal.util.SymbolTable.addSymbol([CII)Ljava/lang/String; @ 64
Event: 3.590 Thread 0x00000000177e7000 Uncommon trap: reason=unstable_if action=reinterpret pc=0x00000000031283d0 method=com.sun.org.apache.xerces.internal.util.SymbolTable.addSymbol([CII)Ljava/lang/String; @ 64
Event: 3.916 Thread 0x00000000177e7000 Uncommon trap: reason=class_check action=maybe_recompile pc=0x00000000034f1eec method=java.io.DataInputStream.readChar()C @ 4
Event: 3.916 Thread 0x00000000177e7000 Uncommon trap: reason=class_check action=maybe_recompile pc=0x00000000034f1eec method=java.io.DataInputStream.readChar()C @ 4
Event: 3.916 Thread 0x00000000177e7000 Uncommon trap: reason=class_check action=maybe_recompile pc=0x00000000034f1eec method=java.io.DataInputStream.readChar()C @ 4
Event: 3.916 Thread 0x00000000177e7000 Uncommon trap: reason=class_check action=maybe_recompile pc=0x00000000034f1eec method=java.io.DataInputStream.readChar()C @ 4

Internal exceptions (10 events):
Event: 3.878 Thread 0x00000000177e7000 Exception <a 'java/lang/ArrayIndexOutOfBoundsException'> (0x00000000eabb39e8) thrown at [C:\re\workspace\8-2-build-windows-amd64-cygwin\jdk8u111\7883\hotspot\src\share\vm\runtime\sharedRuntime.cpp, line 605]
Event: 3.878 Thread 0x00000000177e7000 Exception <a 'java/lang/ArrayIndexOutOfBoundsException'> (0x00000000eabb4dc0) thrown at [C:\re\workspace\8-2-build-windows-amd64-cygwin\jdk8u111\7883\hotspot\src\share\vm\runtime\sharedRuntime.cpp, line 605]
Event: 3.878 Thread 0x00000000177e7000 Exception <a 'java/lang/ArrayIndexOutOfBoundsException'> (0x00000000eabbcb40) thrown at [C:\re\workspace\8-2-build-windows-amd64-cygwin\jdk8u111\7883\hotspot\src\share\vm\runtime\sharedRuntime.cpp, line 605]
Event: 3.878 Thread 0x00000000177e7000 Exception <a 'java/lang/ArrayIndexOutOfBoundsException'> (0x00000000eabbdfd0) thrown at [C:\re\workspace\8-2-build-windows-amd64-cygwin\jdk8u111\7883\hotspot\src\share\vm\runtime\sharedRuntime.cpp, line 605]
Event: 3.879 Thread 0x00000000177e7000 Exception <a 'java/lang/ArrayIndexOutOfBoundsException'> (0x00000000eabbf820) thrown at [C:\re\workspace\8-2-build-windows-amd64-cygwin\jdk8u111\7883\hotspot\src\share\vm\runtime\sharedRuntime.cpp, line 605]
Event: 3.879 Thread 0x00000000177e7000 Exception <a 'java/lang/ArrayIndexOutOfBoundsException'> (0x00000000eabc0c48) thrown at [C:\re\workspace\8-2-build-windows-amd64-cygwin\jdk8u111\7883\hotspot\src\share\vm\runtime\sharedRuntime.cpp, line 605]
Event: 3.879 Thread 0x00000000177e7000 Exception <a 'java/lang/ArrayIndexOutOfBoundsException'> (0x00000000eabc1ba0) thrown at [C:\re\workspace\8-2-build-windows-amd64-cygwin\jdk8u111\7883\hotspot\src\share\vm\runtime\sharedRuntime.cpp, line 605]
Event: 3.879 Thread 0x00000000177e7000 Exception <a 'java/lang/ArrayIndexOutOfBoundsException'> (0x00000000eabc2f80) thrown at [C:\re\workspace\8-2-build-windows-amd64-cygwin\jdk8u111\7883\hotspot\src\share\vm\runtime\sharedRuntime.cpp, line 605]
Event: 3.879 Thread 0x00000000177e7000 Exception <a 'java/lang/ArrayIndexOutOfBoundsException'> (0x00000000eabc40c8) thrown at [C:\re\workspace\8-2-build-windows-amd64-cygwin\jdk8u111\7883\hotspot\src\share\vm\runtime\sharedRuntime.cpp, line 605]
Event: 3.879 Thread 0x00000000177e7000 Exception <a 'java/lang/ArrayIndexOutOfBoundsException'> (0x00000000eabc53b8) thrown at [C:\re\workspace\8-2-build-windows-amd64-cygwin\jdk8u111\7883\hotspot\src\share\vm\runtime\sharedRuntime.cpp, line 605]

Events (10 events):
Event: 3.919 loading class sun/text/normalizer/UnicodeMatcher done
Event: 3.919 loading class sun/text/normalizer/UnicodeSet done
Event: 3.920 loading class sun/text/normalizer/NormalizerImpl$DecomposeArgs
Event: 3.920 loading class sun/text/normalizer/NormalizerImpl$DecomposeArgs done
Event: 3.922 loading class java/text/MergeCollation
Event: 3.922 loading class java/text/MergeCollation done
Event: 3.922 loading class java/text/PatternEntry$Parser
Event: 3.922 loading class java/text/PatternEntry$Parser done
Event: 3.922 loading class java/text/PatternEntry
Event: 3.922 loading class java/text/PatternEntry done


Dynamic libraries:
0x00007ff7751a0000 - 0x00007ff7751d7000 	C:\Program Files\Java\jdk1.8.0_111\bin\java.exe
0x00007fff24da0000 - 0x00007fff24f71000 	C:\Windows\SYSTEM32\ntdll.dll
0x00007fff22c30000 - 0x00007fff22cdb000 	C:\Windows\System32\KERNEL32.DLL
0x00007fff21f10000 - 0x00007fff2212d000 	C:\Windows\System32\KERNELBASE.dll
0x00007fff23610000 - 0x00007fff236b2000 	C:\Windows\System32\ADVAPI32.dll
0x00007fff22330000 - 0x00007fff223ce000 	C:\Windows\System32\msvcrt.dll
0x00007fff24d40000 - 0x00007fff24d99000 	C:\Windows\System32\sechost.dll
0x00007fff22dd0000 - 0x00007fff22ef1000 	C:\Windows\System32\RPCRT4.dll
0x00007fff23150000 - 0x00007fff232b5000 	C:\Windows\System32\USER32.dll
0x00007fff21290000 - 0x00007fff212ae000 	C:\Windows\System32\win32u.dll
0x00007fff22bf0000 - 0x00007fff22c24000 	C:\Windows\System32\GDI32.dll
0x00007fff221a0000 - 0x00007fff22322000 	C:\Windows\System32\gdi32full.dll
0x00007fff1b910000 - 0x00007fff1bb8a000 	C:\Windows\WinSxS\amd64_microsoft.windows.common-controls_6595b64144ccf1df_6.0.14393.953_none_42151e83c686086b\COMCTL32.dll
0x00007fff23330000 - 0x00007fff235f8000 	C:\Windows\System32\combase.dll
0x00007fff21e10000 - 0x00007fff21f05000 	C:\Windows\System32\ucrtbase.dll
0x00007fff22130000 - 0x00007fff2219a000 	C:\Windows\System32\bcryptPrimitives.dll
0x00007fff22da0000 - 0x00007fff22dce000 	C:\Windows\System32\IMM32.DLL
0x00000000620a0000 - 0x0000000062172000 	C:\Program Files\Java\jdk1.8.0_111\jre\bin\msvcr100.dll
0x0000000062180000 - 0x0000000062a1a000 	C:\Program Files\Java\jdk1.8.0_111\jre\bin\server\jvm.dll
0x00007fff22fa0000 - 0x00007fff22fa8000 	C:\Windows\System32\PSAPI.DLL
0x00007fff16670000 - 0x00007fff16679000 	C:\Windows\SYSTEM32\WSOCK32.dll
0x00007fff1f5a0000 - 0x00007fff1f5c3000 	C:\Windows\SYSTEM32\WINMM.dll
0x00007fff232c0000 - 0x00007fff2332a000 	C:\Windows\System32\WS2_32.dll
0x00007fff1cb60000 - 0x00007fff1cb6a000 	C:\Windows\SYSTEM32\VERSION.dll
0x0000000002720000 - 0x000000000274b000 	C:\Windows\SYSTEM32\WINMMBASE.dll
0x00007fff21a40000 - 0x00007fff21a82000 	C:\Windows\System32\cfgmgr32.dll
0x0000000062090000 - 0x000000006209f000 	C:\Program Files\Java\jdk1.8.0_111\jre\bin\verify.dll
0x0000000062060000 - 0x0000000062089000 	C:\Program Files\Java\jdk1.8.0_111\jre\bin\java.dll
0x0000000062040000 - 0x0000000062056000 	C:\Program Files\Java\jdk1.8.0_111\jre\bin\zip.dll
0x00007fff236d0000 - 0x00007fff24bd8000 	C:\Windows\System32\SHELL32.dll
0x00007fff21360000 - 0x00007fff21a3a000 	C:\Windows\System32\windows.storage.dll
0x00007fff21200000 - 0x00007fff2124c000 	C:\Windows\System32\powrprof.dll
0x00007fff22b90000 - 0x00007fff22be2000 	C:\Windows\System32\shlwapi.dll
0x00007fff21250000 - 0x00007fff2125f000 	C:\Windows\System32\kernel.appcore.dll
0x00007fff21d00000 - 0x00007fff21da9000 	C:\Windows\System32\shcore.dll
0x00007fff21270000 - 0x00007fff21284000 	C:\Windows\System32\profapi.dll
0x0000000061df0000 - 0x0000000061f88000 	C:\Program Files\Java\jdk1.8.0_111\jre\bin\awt.dll
0x00007fff22800000 - 0x00007fff228bf000 	C:\Windows\System32\OLEAUT32.dll
0x00007fff21a90000 - 0x00007fff21b2c000 	C:\Windows\System32\msvcp_win.dll
0x00007fff1f7a0000 - 0x00007fff1f81a000 	C:\Windows\SYSTEM32\apphelp.dll
0x00007fff1f980000 - 0x00007fff1fa15000 	C:\Windows\system32\uxtheme.dll
0x00007fff24be0000 - 0x00007fff24d3a000 	C:\Windows\System32\MSCTF.dll
0x00007fff1f050000 - 0x00007fff1f076000 	C:\Windows\system32\dwmapi.dll
0x00007fff229e0000 - 0x00007fff22b17000 	C:\Windows\System32\ole32.dll
0x0000000061da0000 - 0x0000000061de7000 	C:\Program Files\Java\jdk1.8.0_111\jre\bin\fontmanager.dll
0x00007fff0fec0000 - 0x00007fff1004d000 	C:\Windows\system32\d3d9.dll
0x00007ffef9fc0000 - 0x00007ffefb076000 	C:\Windows\SYSTEM32\nvd3dumx.dll
0x0000000062020000 - 0x000000006203a000 	C:\Program Files\Java\jdk1.8.0_111\jre\bin\net.dll
0x00007fff20ad0000 - 0x00007fff20b2c000 	C:\Windows\system32\mswsock.dll
0x0000000062000000 - 0x0000000062011000 	C:\Program Files\Java\jdk1.8.0_111\jre\bin\nio.dll
0x0000000061d50000 - 0x0000000061d92000 	C:\Program Files\Java\jdk1.8.0_111\jre\bin\t2k.dll
0x00007fff22f00000 - 0x00007fff22f9f000 	C:\Windows\System32\clbcatq.dll
0x00007fff1e950000 - 0x00007fff1eaf8000 	C:\Windows\SYSTEM32\WindowsCodecs.dll
0x00007fff0f440000 - 0x00007fff0f489000 	C:\Windows\system32\dataexchange.dll
0x00007fff1de70000 - 0x00007fff1e126000 	C:\Windows\system32\d3d11.dll
0x00007fff1f1a0000 - 0x00007fff1f2f1000 	C:\Windows\system32\dcomp.dll
0x00007fff20180000 - 0x00007fff2021f000 	C:\Windows\system32\dxgi.dll
0x00007fff1fc50000 - 0x00007fff1fd6c000 	C:\Windows\system32\twinapi.appcore.dll
0x00007fff21140000 - 0x00007fff2116b000 	C:\Windows\system32\bcrypt.dll
0x00007fff20c70000 - 0x00007fff20c87000 	C:\Windows\SYSTEM32\CRYPTSP.dll
0x00007fff206d0000 - 0x00007fff20703000 	C:\Windows\system32\rsaenh.dll
0x00007fff20960000 - 0x00007fff2097f000 	C:\Windows\SYSTEM32\USERENV.dll
0x00007fff20c90000 - 0x00007fff20c9b000 	C:\Windows\SYSTEM32\CRYPTBASE.dll
0x00007fff20850000 - 0x00007fff20888000 	C:\Windows\SYSTEM32\IPHLPAPI.DLL
0x00007fff236c0000 - 0x00007fff236c8000 	C:\Windows\System32\NSI.dll
0x00007fff1de40000 - 0x00007fff1de56000 	C:\Windows\SYSTEM32\dhcpcsvc6.DLL
0x00007fff1de10000 - 0x00007fff1de2a000 	C:\Windows\SYSTEM32\dhcpcsvc.DLL
0x00007fff17d90000 - 0x00007fff17e62000 	C:\Windows\System32\IME\IMEKR\imkrtip.dll
0x00007fff1ed70000 - 0x00007fff1eef5000 	C:\Windows\SYSTEM32\PROPSYS.dll
0x00007fff17c30000 - 0x00007fff17d86000 	C:\Windows\System32\IME\shared\imetip.dll
0x00007fff1f700000 - 0x00007fff1f765000 	C:\Windows\SYSTEM32\OLEACC.dll
0x00007fff17a80000 - 0x00007fff17c28000 	C:\Windows\SYSTEM32\DUI70.dll
0x00007fff1c1e0000 - 0x00007fff1c218000 	C:\Windows\System32\IME\IMEKR\imkrapi.dll
0x00007fff1c1a0000 - 0x00007fff1c1d5000 	C:\Windows\System32\IME\shared\imjkapi.dll
0x00007fff205a0000 - 0x00007fff205d2000 	C:\Windows\SYSTEM32\ntmarta.dll
0x0000000061d20000 - 0x0000000061d4a000 	C:\Program Files\Java\jdk1.8.0_111\jre\bin\dcpr.dll
0x00007fff1b180000 - 0x00007fff1b312000 	C:\Windows\SYSTEM32\dbghelp.dll

VM Arguments:
jvm_args: -Dfile.encoding=x-windows-949 -Duser.country=KR -Duser.language=ko -Duser.variant 
java_command: kr.or.dgit.sw_project.MainApp
java_class_path (initial): D:\workspace_mybatis\sw_project\build\classes\main;D:\workspace_mybatis\sw_project\build\resources\main;D:\workspace_mybatis\sw_project\src\main\resources\kr\or\dgit\sw_project\libraries\jxl.jar;D:\workspace_mybatis\sw_project\src\main\resources\kr\or\dgit\sw_project\libraries\DatePanel.jar;D:\workspace_mybatis\sw_project\src\main\resources\kr\or\dgit\sw_project\libraries\erp_myframework.jar;D:\workspace_mybatis\sw_project\src\main\resources\kr\or\dgit\sw_project\lookandfeel\syntheticaAluOxide.jar;D:\workspace_mybatis\sw_project\src\main\resources\kr\or\dgit\sw_project\lookandfeel\synthetica.jar;D:\workspace_mybatis\sw_project\src\main\resources\kr\or\dgit\sw_project\libraries\swingx-1.6.5.jar;D:\workspace_mybatis\sw_project\src\main\resources\kr\or\dgit\sw_project\libraries\syntheticaAddons.jar;D:\workspace_mybatis\sw_project\src\main\resources\kr\or\dgit\sw_project\libraries\syntheticaAluOxideAddon.jar;D:\workspace_mybatis\sw_project\src\main\resources\kr\or\dgit\sw_project\libraries\jfxrt.jar;C:\Users\LSW\.gradle\caches\modules-2\files-2.1\mysql\mysql-connector-java\5.1.41\b0878056f15616989144d6114d36d3942321d0d1\mysql-connector-java-5.1.41.jar;C:\Users\LSW\.gradle\caches\modules-2\files-2.1\org.mybatis\mybatis\3.4.2\2b9a5082fe0bdb3128bab8b4b19b23ca0f3d9b38\mybatis-3.4.2.jar;C:\Users\LSW\.gradle\caches\modules-2\files-2.1\junit\junit\4.12\2973d150c0dc1fefe998f834810d68f278ea58ec\junit-4.12.jar;C:\Users\LSW\.gradle\caches\modules-2\files-2.1\log4j\log4j\1.2.17\5af35056b4d257e4b64b9e8069c0746e8b08629f\log4j-1.2.17.jar;C:\Users\LSW\.gradle\caches\modules-2\files-2.1\org.hamcrest\hamcrest-core\1.3\42a25dc3219429f0e5d060061f71acb49bf010a0\hamcrest-core-1.3.jar
Launcher Type: SUN_STANDARD

Environment Variables:
JAVA_HOME=C:\Program Files\Java\jdk1.8.0_111
PATH=C:/Program Files/Java/jdk1.8.0_111/BIN/../jre/bin/server;C:/Program Files/Java/jdk1.8.0_111/BIN/../jre/bin;C:/Program Files/Java/jdk1.8.0_111/BIN/../jre/lib/amd64;C:\Program Files\Java\jdk1.8.0_111\BIN;C:\ProgramData\Oracle\Java\javapath;C:\Program Files (x86)\NVIDIA Corporation\PhysX\Common;C:\Windows\system32;C:\Windows;C:\Windows\System32\Wbem;C:\Windows\System32\WindowsPowerShell\v1.0\;C:\Program Files\MySQL\MySQL Server 5.6\BIN;C:\Program Files\Git\cmd;D:\gradle-3.4.1\bin;C:\Users\LSW\AppData\Local\Microsoft\WindowsApps;;C:\eclipse_java;
USERNAME=LSW
OS=Windows_NT
PROCESSOR_IDENTIFIER=Intel64 Family 6 Model 23 Stepping 10, GenuineIntel



---------------  S Y S T E M  ---------------

OS: Windows 10.0 , 64 bit Build 14393 (10.0.14393.0)

CPU:total 4 (4 cores per cpu, 1 threads per core) family 6 model 23 stepping 10, cmov, cx8, fxsr, mmx, sse, sse2, sse3, ssse3, sse4.1, tsc

Memory: 4k page, physical 4192488k(1157328k free), swap 7862504k(2471840k free)

vm_info: Java HotSpot(TM) 64-Bit Server VM (25.111-b14) for windows-amd64 JRE (1.8.0_111-b14), built on Sep 22 2016 19:24:05 by "java_re" with MS VC++ 10.0 (VS2010)

time: Thu Apr 13 14:03:06 2017
elapsed time: 3 seconds (0d 0h 0m 3s)

