#
# A fatal error has been detected by the Java Runtime Environment:
#
#  EXCEPTION_ACCESS_VIOLATION (0xc0000005) at pc=0xffffffffa3c25120, pid=8336, tid=0x0000000000001aa0
#
# JRE version: Java(TM) SE Runtime Environment (8.0_111-b14) (build 1.8.0_111-b14)
# Java VM: Java HotSpot(TM) 64-Bit Server VM (25.111-b14 mixed mode windows-amd64 compressed oops)
# Problematic frame:
# C  0xffffffffa3c25120
#
# Failed to write core dump. Minidumps are not enabled by default on client versions of Windows
#
# If you would like to submit a bug report, please visit:
#   http://bugreport.java.com/bugreport/crash.jsp
#

---------------  T H R E A D  ---------------

Current thread (0x0000000017538800):  JavaThread "AWT-EventQueue-0" [_thread_in_Java, id=6816, stack(0x0000000018100000,0x0000000018200000)]

siginfo: ExceptionCode=0xc0000005, ExceptionInformation=0x0000000000000008 0xffffffffa3c25120

Registers:
RAX=0x00000000eabdc068, RBX=0x0000000000000000, RCX=0x0000000000004383, RDX=0x0000000000006d36
RSP=0x00000000181fc118, RBP=0x00000000181fc410, RSI=0x00000000000007a0, RDI=0x0000000000002028
R8 =0x0000000000006009, R9 =0x00000000000043d3, R10=0x00000000eabde2c0, R11=0x0000000000006d36
R12=0x0000000000000000, R13=0x000000001d347e58, R14=0x00000000000001e8, R15=0x0000000017538800
RIP=0xffffffffa3c25120, EFLAGS=0x0000000000010206

Top of Stack: (sp=0x00000000181fc118)
0x00000000181fc118:   000000000324ec94 000000000000021f
0x00000000181fc128:   000000001d3460f0 0000000000000013
0x00000000181fc138:   0000000051b971a5 000000001d344d88
0x00000000181fc148:   0000000017538800 00000000181fc288
0x00000000181fc158:   0000000017538800 0000000000000000
0x00000000181fc168:   0000000051a87b26 00000001002c35d8
0x00000000181fc178:   00000000eaca9378 0000000000000013
0x00000000181fc188:   0000000000000000 0000000000000000
0x00000000181fc198:   0000000002b35bc0 0000000051f92098
0x00000000181fc1a8:   0000000051bb8024 00000000eacd69b8
0x00000000181fc1b8:   0000000003247aed 0000000000002015
0x00000000181fc1c8:   00000000181fc200 0000000000000000
0x00000000181fc1d8:   00000000eabdc120 0000000017538800
0x00000000181fc1e8:   00000000eabdc168 000000001d344d88
0x00000000181fc1f8:   0000000017538800 000000001d344d88
0x00000000181fc208:   0000000017538800 0000000000000013 

Instructions: (pc=0xffffffffa3c25120)
0xffffffffa3c25100:   
[error occurred during error reporting (printing registers, top of stack, instructions near pc), id 0xc0000005]

Register to memory mapping:

RAX=0x00000000eabdc068 is an oop
java.lang.String 
 - klass: 'java/lang/String'
RBX=0x0000000000000000 is an unknown value
RCX=0x0000000000004383 is an unknown value
RDX=0x0000000000006d36 is an unknown value
RSP=0x00000000181fc118 is pointing into the stack for thread: 0x0000000017538800
RBP=0x00000000181fc410 is pointing into the stack for thread: 0x0000000017538800
RSI=0x00000000000007a0 is an unknown value
RDI=0x0000000000002028 is an unknown value
R8 =0x0000000000006009 is an unknown value
R9 =0x00000000000043d3 is an unknown value
R10=0x00000000eabde2c0 is an oop
java.lang.StringBuffer 
 - klass: 'java/lang/StringBuffer'
R11=0x0000000000006d36 is an unknown value
R12=0x0000000000000000 is an unknown value
R13=0x000000001d347e58 is pointing into metadata
R14=0x00000000000001e8 is an unknown value
R15=0x0000000017538800 is a thread


Stack: [0x0000000018100000,0x0000000018200000],  sp=0x00000000181fc118,  free space=1008k
Native frames: (J=compiled Java code, j=interpreted, Vv=VM code, C=native code)
C  0xffffffffa3c25120


---------------  P R O C E S S  ---------------

Java Threads: ( => current thread )
  0x0000000018e83000 JavaThread "SyntheticaAnimation 60" daemon [_thread_blocked, id=7988, stack(0x000000001cfc0000,0x000000001d0c0000)]
  0x00000000199ec800 JavaThread "SyntheticaAnimation 50" daemon [_thread_blocked, id=2380, stack(0x000000001c480000,0x000000001c580000)]
  0x0000000017c93800 JavaThread "D3D Screen Updater" daemon [_thread_blocked, id=5176, stack(0x000000001bc80000,0x000000001bd80000)]
  0x0000000019033800 JavaThread "TimerQueue" daemon [_thread_blocked, id=7876, stack(0x000000001b680000,0x000000001b780000)]
  0x00000000177de800 JavaThread "Image Fetcher 0" daemon [_thread_blocked, id=5916, stack(0x000000001b380000,0x000000001b480000)]
  0x0000000017761000 JavaThread "SyntheticaCleanerThread" daemon [_thread_blocked, id=7744, stack(0x0000000018cf0000,0x0000000018df0000)]
  0x000000001758c800 JavaThread "Thread-2" daemon [_thread_blocked, id=3768, stack(0x0000000018200000,0x0000000018300000)]
  0x0000000002b1d800 JavaThread "DestroyJavaVM" [_thread_blocked, id=5856, stack(0x0000000002a10000,0x0000000002b10000)]
=>0x0000000017538800 JavaThread "AWT-EventQueue-0" [_thread_in_Java, id=6816, stack(0x0000000018100000,0x0000000018200000)]
  0x0000000017537000 JavaThread "AWT-Windows" daemon [_thread_in_native, id=6188, stack(0x0000000017ee0000,0x0000000017fe0000)]
  0x000000001752b800 JavaThread "AWT-Shutdown" [_thread_blocked, id=1652, stack(0x0000000017de0000,0x0000000017ee0000)]
  0x000000001752a000 JavaThread "Java2D Disposer" daemon [_thread_blocked, id=4764, stack(0x0000000017ce0000,0x0000000017de0000)]
  0x00000000169c9800 JavaThread "Service Thread" daemon [_thread_blocked, id=4252, stack(0x0000000016f40000,0x0000000017040000)]
  0x0000000016949000 JavaThread "C1 CompilerThread2" daemon [_thread_blocked, id=772, stack(0x0000000016e40000,0x0000000016f40000)]
  0x0000000016943000 JavaThread "C2 CompilerThread1" daemon [_thread_in_native, id=6616, stack(0x0000000016d40000,0x0000000016e40000)]
  0x000000001534c000 JavaThread "C2 CompilerThread0" daemon [_thread_in_native, id=4036, stack(0x0000000016840000,0x0000000016940000)]
  0x0000000015349800 JavaThread "Attach Listener" daemon [_thread_blocked, id=604, stack(0x0000000016740000,0x0000000016840000)]
  0x00000000152fd000 JavaThread "Signal Dispatcher" daemon [_thread_blocked, id=2268, stack(0x0000000016640000,0x0000000016740000)]
  0x00000000152d9000 JavaThread "Finalizer" daemon [_thread_blocked, id=6512, stack(0x0000000016540000,0x0000000016640000)]
  0x0000000002c11000 JavaThread "Reference Handler" daemon [_thread_blocked, id=3844, stack(0x0000000016440000,0x0000000016540000)]

Other Threads:
  0x00000000152b7800 VMThread [stack: 0x0000000016340000,0x0000000016440000] [id=3092]
  0x0000000016a2d000 WatcherThread [stack: 0x0000000017040000,0x0000000017140000] [id=7196]

VM state:not at safepoint (normal execution)

VM Mutex/Monitor currently owned by a thread: None

Heap:
 PSYoungGen      total 18944K, used 2051K [0x00000000eab00000, 0x00000000ed000000, 0x0000000100000000)
  eden space 16384K, 12% used [0x00000000eab00000,0x00000000ead00df8,0x00000000ebb00000)
  from space 2560K, 0% used [0x00000000ebb00000,0x00000000ebb00000,0x00000000ebd80000)
  to   space 2560K, 0% used [0x00000000ecd80000,0x00000000ecd80000,0x00000000ed000000)
 ParOldGen       total 31232K, used 6426K [0x00000000c0000000, 0x00000000c1e80000, 0x00000000eab00000)
  object space 31232K, 20% used [0x00000000c0000000,0x00000000c0646ba8,0x00000000c1e80000)
 Metaspace       used 21203K, capacity 21434K, committed 21632K, reserved 1069056K
  class space    used 2776K, capacity 2846K, committed 2944K, reserved 1048576K

Card table byte_map: [0x0000000011fe0000,0x00000000121f0000] byte_map_base: 0x00000000119e0000

Marking Bits: (ParMarkBitMap*) 0x000000005219a6c0
 Begin Bits: [0x0000000012750000, 0x0000000013750000)
 End Bits:   [0x0000000013750000, 0x0000000014750000)

Polling page: 0x0000000000a00000

CodeCache: size=245760Kb used=6390Kb max_used=6402Kb free=239369Kb
 bounds [0x0000000002c20000, 0x0000000003270000, 0x0000000011c20000]
 total_blobs=2397 nmethods=1817 adapters=494
 compilation: enabled

Compilation events (10 events):
Event: 6.620 Thread 0x0000000016943000 1815  s    4       java.lang.StringBuffer::toString (36 bytes)
Event: 6.622 Thread 0x000000001534c000 nmethod 1814 0x0000000003245c10 code [0x0000000003245d60, 0x0000000003246318]
Event: 6.622 Thread 0x0000000016949000 nmethod 1809 0x0000000003260190 code [0x0000000003260640, 0x0000000003263b28]
Event: 6.622 Thread 0x000000001534c000 1816       4       java.text.PatternEntry$Parser::next (655 bytes)
Event: 6.622 Thread 0x0000000016949000 1817       3       java.util.ArrayList::remove (69 bytes)
Event: 6.623 Thread 0x0000000016949000 nmethod 1817 0x0000000003247690 code [0x0000000003247840, 0x0000000003247ea8]
Event: 6.624 Thread 0x0000000016943000 nmethod 1815 0x0000000003246cd0 code [0x0000000003246e20, 0x0000000003247398]
Event: 6.624 Thread 0x0000000016943000 1818       4       java.text.PatternEntry::isSpecialChar (60 bytes)
Event: 6.625 Thread 0x0000000016943000 nmethod 1818 0x0000000003243910 code [0x0000000003243a60, 0x0000000003243b18]
Event: 6.625 Thread 0x0000000016943000 1821       4       java.text.MergeCollation::findLastEntry (247 bytes)

GC Heap History (8 events):
Event: 1.287 GC heap before
{Heap before GC invocations=1 (full 0):
 PSYoungGen      total 18944K, used 16384K [0x00000000eab00000, 0x00000000ec000000, 0x0000000100000000)
  eden space 16384K, 100% used [0x00000000eab00000,0x00000000ebb00000,0x00000000ebb00000)
  from space 2560K, 0% used [0x00000000ebd80000,0x00000000ebd80000,0x00000000ec000000)
  to   space 2560K, 0% used [0x00000000ebb00000,0x00000000ebb00000,0x00000000ebd80000)
 ParOldGen       total 44032K, used 0K [0x00000000c0000000, 0x00000000c2b00000, 0x00000000eab00000)
  object space 44032K, 0% used [0x00000000c0000000,0x00000000c0000000,0x00000000c2b00000)
 Metaspace       used 15027K, capacity 15230K, committed 15360K, reserved 1062912K
  class space    used 1979K, capacity 2041K, committed 2048K, reserved 1048576K
Event: 1.304 GC heap after
Heap after GC invocations=1 (full 0):
 PSYoungGen      total 18944K, used 2553K [0x00000000eab00000, 0x00000000ed000000, 0x0000000100000000)
  eden space 16384K, 0% used [0x00000000eab00000,0x00000000eab00000,0x00000000ebb00000)
  from space 2560K, 99% used [0x00000000ebb00000,0x00000000ebd7e620,0x00000000ebd80000)
  to   space 2560K, 0% used [0x00000000ecd80000,0x00000000ecd80000,0x00000000ed000000)
 ParOldGen       total 44032K, used 1876K [0x00000000c0000000, 0x00000000c2b00000, 0x00000000eab00000)
  object space 44032K, 4% used [0x00000000c0000000,0x00000000c01d52a8,0x00000000c2b00000)
 Metaspace       used 15027K, capacity 15230K, committed 15360K, reserved 1062912K
  class space    used 1979K, capacity 2041K, committed 2048K, reserved 1048576K
}
Event: 6.353 GC heap before
{Heap before GC invocations=2 (full 0):
 PSYoungGen      total 18944K, used 18937K [0x00000000eab00000, 0x00000000ed000000, 0x0000000100000000)
  eden space 16384K, 100% used [0x00000000eab00000,0x00000000ebb00000,0x00000000ebb00000)
  from space 2560K, 99% used [0x00000000ebb00000,0x00000000ebd7e620,0x00000000ebd80000)
  to   space 2560K, 0% used [0x00000000ecd80000,0x00000000ecd80000,0x00000000ed000000)
 ParOldGen       total 44032K, used 1876K [0x00000000c0000000, 0x00000000c2b00000, 0x00000000eab00000)
  object space 44032K, 4% used [0x00000000c0000000,0x00000000c01d52a8,0x00000000c2b00000)
 Metaspace       used 19361K, capacity 19604K, committed 19840K, reserved 1067008K
  class space    used 2532K, capacity 2620K, committed 2688K, reserved 1048576K
Event: 6.367 GC heap after
Heap after GC invocations=2 (full 0):
 PSYoungGen      total 18944K, used 2537K [0x00000000eab00000, 0x00000000ed000000, 0x0000000100000000)
  eden space 16384K, 0% used [0x00000000eab00000,0x00000000eab00000,0x00000000ebb00000)
  from space 2560K, 99% used [0x00000000ecd80000,0x00000000ecffa630,0x00000000ed000000)
  to   space 2560K, 0% used [0x00000000ebb00000,0x00000000ebb00000,0x00000000ebd80000)
 ParOldGen       total 44032K, used 5323K [0x00000000c0000000, 0x00000000c2b00000, 0x00000000eab00000)
  object space 44032K, 12% used [0x00000000c0000000,0x00000000c0532e60,0x00000000c2b00000)
 Metaspace       used 19361K, capacity 19604K, committed 19840K, reserved 1067008K
  class space    used 2532K, capacity 2620K, committed 2688K, reserved 1048576K
}
Event: 6.513 GC heap before
{Heap before GC invocations=3 (full 0):
 PSYoungGen      total 18944K, used 8511K [0x00000000eab00000, 0x00000000ed000000, 0x0000000100000000)
  eden space 16384K, 36% used [0x00000000eab00000,0x00000000eb0d58e8,0x00000000ebb00000)
  from space 2560K, 99% used [0x00000000ecd80000,0x00000000ecffa630,0x00000000ed000000)
  to   space 2560K, 0% used [0x00000000ebb00000,0x00000000ebb00000,0x00000000ebd80000)
 ParOldGen       total 44032K, used 5323K [0x00000000c0000000, 0x00000000c2b00000, 0x00000000eab00000)
  object space 44032K, 12% used [0x00000000c0000000,0x00000000c0532e60,0x00000000c2b00000)
 Metaspace       used 20922K, capacity 21140K, committed 21248K, reserved 1067008K
  class space    used 2741K, capacity 2812K, committed 2816K, reserved 1048576K
Event: 6.521 GC heap after
Heap after GC invocations=3 (full 0):
 PSYoungGen      total 18944K, used 2537K [0x00000000eab00000, 0x00000000ed000000, 0x0000000100000000)
  eden space 16384K, 0% used [0x00000000eab00000,0x00000000eab00000,0x00000000ebb00000)
  from space 2560K, 99% used [0x00000000ebb00000,0x00000000ebd7a630,0x00000000ebd80000)
  to   space 2560K, 0% used [0x00000000ecd80000,0x00000000ecd80000,0x00000000ed000000)
 ParOldGen       total 44032K, used 6059K [0x00000000c0000000, 0x00000000c2b00000, 0x00000000eab00000)
  object space 44032K, 13% used [0x00000000c0000000,0x00000000c05eac10,0x00000000c2b00000)
 Metaspace       used 20922K, capacity 21140K, committed 21248K, reserved 1067008K
  class space    used 2741K, capacity 2812K, committed 2816K, reserved 1048576K
}
Event: 6.521 GC heap before
{Heap before GC invocations=4 (full 1):
 PSYoungGen      total 18944K, used 2537K [0x00000000eab00000, 0x00000000ed000000, 0x0000000100000000)
  eden space 16384K, 0% used [0x00000000eab00000,0x00000000eab00000,0x00000000ebb00000)
  from space 2560K, 99% used [0x00000000ebb00000,0x00000000ebd7a630,0x00000000ebd80000)
  to   space 2560K, 0% used [0x00000000ecd80000,0x00000000ecd80000,0x00000000ed000000)
 ParOldGen       total 44032K, used 6059K [0x00000000c0000000, 0x00000000c2b00000, 0x00000000eab00000)
  object space 44032K, 13% used [0x00000000c0000000,0x00000000c05eac10,0x00000000c2b00000)
 Metaspace       used 20922K, capacity 21140K, committed 21248K, reserved 1067008K
  class space    used 2741K, capacity 2812K, committed 2816K, reserved 1048576K
Event: 6.569 GC heap after
Heap after GC invocations=4 (full 1):
 PSYoungGen      total 18944K, used 0K [0x00000000eab00000, 0x00000000ed000000, 0x0000000100000000)
  eden space 16384K, 0% used [0x00000000eab00000,0x00000000eab00000,0x00000000ebb00000)
  from space 2560K, 0% used [0x00000000ebb00000,0x00000000ebb00000,0x00000000ebd80000)
  to   space 2560K, 0% used [0x00000000ecd80000,0x00000000ecd80000,0x00000000ed000000)
 ParOldGen       total 31232K, used 6426K [0x00000000c0000000, 0x00000000c1e80000, 0x00000000eab00000)
  object space 31232K, 20% used [0x00000000c0000000,0x00000000c0646ba8,0x00000000c1e80000)
 Metaspace       used 20922K, capacity 21140K, committed 21248K, reserved 1067008K
  class space    used 2741K, capacity 2812K, committed 2816K, reserved 1048576K
}

Deoptimization events (10 events):
Event: 6.233 Thread 0x0000000017538800 Uncommon trap: reason=unstable_if action=reinterpret pc=0x0000000002e7f630 method=com.sun.org.apache.xerces.internal.impl.XMLEntityScanner.scanChar(Lcom/sun/org/apache/xerces/internal/impl/XMLScanner$NameType;)I @ 212
Event: 6.239 Thread 0x0000000017538800 Uncommon trap: reason=unstable_if action=reinterpret pc=0x0000000002ed57c4 method=com.sun.org.apache.xerces.internal.impl.io.UTF8Reader.read([CII)I @ 131
Event: 6.246 Thread 0x0000000017538800 Uncommon trap: reason=unstable_if action=reinterpret pc=0x0000000002e83aac method=com.sun.org.apache.xerces.internal.utils.XMLLimitAnalyzer.addValue(ILjava/lang/String;I)V @ 7
Event: 6.246 Thread 0x0000000017538800 Uncommon trap: reason=unstable_if action=reinterpret pc=0x0000000002e595e0 method=com.sun.org.apache.xerces.internal.utils.XMLSecurityManager.isOverLimit(ILcom/sun/org/apache/xerces/internal/utils/XMLLimitAnalyzer;)Z @ 28
Event: 6.248 Thread 0x0000000017538800 Uncommon trap: reason=unstable_if action=reinterpret pc=0x0000000002eb2b3c method=com.sun.org.apache.xerces.internal.util.SymbolTable.addSymbol([CII)Ljava/lang/String; @ 64
Event: 6.248 Thread 0x0000000017538800 Uncommon trap: reason=unstable_if action=reinterpret pc=0x0000000002e77a10 method=com.sun.org.apache.xerces.internal.util.SymbolTable.addSymbol([CII)Ljava/lang/String; @ 64
Event: 6.598 Thread 0x0000000017538800 Uncommon trap: reason=class_check action=maybe_recompile pc=0x000000000324306c method=java.io.DataInputStream.readChar()C @ 4
Event: 6.598 Thread 0x0000000017538800 Uncommon trap: reason=class_check action=maybe_recompile pc=0x000000000324306c method=java.io.DataInputStream.readChar()C @ 4
Event: 6.598 Thread 0x0000000017538800 Uncommon trap: reason=class_check action=maybe_recompile pc=0x000000000324306c method=java.io.DataInputStream.readChar()C @ 4
Event: 6.598 Thread 0x0000000017538800 Uncommon trap: reason=class_check action=maybe_recompile pc=0x000000000324306c method=java.io.DataInputStream.readChar()C @ 4

Internal exceptions (10 events):
Event: 6.496 Thread 0x0000000017538800 Exception <a 'java/lang/ArrayIndexOutOfBoundsException'> (0x00000000eaf89b18) thrown at [C:\re\workspace\8-2-build-windows-amd64-cygwin\jdk8u111\7883\hotspot\src\share\vm\runtime\sharedRuntime.cpp, line 605]
Event: 6.496 Thread 0x0000000017538800 Exception <a 'java/lang/ArrayIndexOutOfBoundsException'> (0x00000000eaf8aef0) thrown at [C:\re\workspace\8-2-build-windows-amd64-cygwin\jdk8u111\7883\hotspot\src\share\vm\runtime\sharedRuntime.cpp, line 605]
Event: 6.497 Thread 0x0000000017538800 Exception <a 'java/lang/ArrayIndexOutOfBoundsException'> (0x00000000eaf92500) thrown at [C:\re\workspace\8-2-build-windows-amd64-cygwin\jdk8u111\7883\hotspot\src\share\vm\runtime\sharedRuntime.cpp, line 605]
Event: 6.497 Thread 0x0000000017538800 Exception <a 'java/lang/ArrayIndexOutOfBoundsException'> (0x00000000eaf93990) thrown at [C:\re\workspace\8-2-build-windows-amd64-cygwin\jdk8u111\7883\hotspot\src\share\vm\runtime\sharedRuntime.cpp, line 605]
Event: 6.497 Thread 0x0000000017538800 Exception <a 'java/lang/ArrayIndexOutOfBoundsException'> (0x00000000eaf951e0) thrown at [C:\re\workspace\8-2-build-windows-amd64-cygwin\jdk8u111\7883\hotspot\src\share\vm\runtime\sharedRuntime.cpp, line 605]
Event: 6.497 Thread 0x0000000017538800 Exception <a 'java/lang/ArrayIndexOutOfBoundsException'> (0x00000000eaf96608) thrown at [C:\re\workspace\8-2-build-windows-amd64-cygwin\jdk8u111\7883\hotspot\src\share\vm\runtime\sharedRuntime.cpp, line 605]
Event: 6.497 Thread 0x0000000017538800 Exception <a 'java/lang/ArrayIndexOutOfBoundsException'> (0x00000000eaf97560) thrown at [C:\re\workspace\8-2-build-windows-amd64-cygwin\jdk8u111\7883\hotspot\src\share\vm\runtime\sharedRuntime.cpp, line 605]
Event: 6.497 Thread 0x0000000017538800 Exception <a 'java/lang/ArrayIndexOutOfBoundsException'> (0x00000000eaf98940) thrown at [C:\re\workspace\8-2-build-windows-amd64-cygwin\jdk8u111\7883\hotspot\src\share\vm\runtime\sharedRuntime.cpp, line 605]
Event: 6.497 Thread 0x0000000017538800 Exception <a 'java/lang/ArrayIndexOutOfBoundsException'> (0x00000000eaf99a88) thrown at [C:\re\workspace\8-2-build-windows-amd64-cygwin\jdk8u111\7883\hotspot\src\share\vm\runtime\sharedRuntime.cpp, line 605]
Event: 6.498 Thread 0x0000000017538800 Exception <a 'java/lang/ArrayIndexOutOfBoundsException'> (0x00000000eaf9ad78) thrown at [C:\re\workspace\8-2-build-windows-amd64-cygwin\jdk8u111\7883\hotspot\src\share\vm\runtime\sharedRuntime.cpp, line 605]

Events (10 events):
Event: 6.604 loading class sun/text/normalizer/UnicodeMatcher done
Event: 6.604 loading class sun/text/normalizer/UnicodeSet done
Event: 6.604 loading class sun/text/normalizer/NormalizerImpl$DecomposeArgs
Event: 6.604 loading class sun/text/normalizer/NormalizerImpl$DecomposeArgs done
Event: 6.606 loading class java/text/MergeCollation
Event: 6.606 loading class java/text/MergeCollation done
Event: 6.607 loading class java/text/PatternEntry$Parser
Event: 6.607 loading class java/text/PatternEntry$Parser done
Event: 6.607 loading class java/text/PatternEntry
Event: 6.607 loading class java/text/PatternEntry done


Dynamic libraries:
0x00007ff74d750000 - 0x00007ff74d787000 	C:\Program Files\Java\jdk1.8.0_111\bin\java.exe
0x00007ffc28d80000 - 0x00007ffc28f51000 	C:\Windows\SYSTEM32\ntdll.dll
0x00007ffc28b30000 - 0x00007ffc28bdb000 	C:\Windows\System32\KERNEL32.DLL
0x00007ffc25d70000 - 0x00007ffc25f8d000 	C:\Windows\System32\KERNELBASE.dll
0x00007ffc26320000 - 0x00007ffc263c2000 	C:\Windows\System32\ADVAPI32.dll
0x00007ffc26eb0000 - 0x00007ffc26f4e000 	C:\Windows\System32\msvcrt.dll
0x00007ffc265c0000 - 0x00007ffc26619000 	C:\Windows\System32\sechost.dll
0x00007ffc28c50000 - 0x00007ffc28d71000 	C:\Windows\System32\RPCRT4.dll
0x00007ffc28880000 - 0x00007ffc289e5000 	C:\Windows\System32\USER32.dll
0x00007ffc25370000 - 0x00007ffc2538e000 	C:\Windows\System32\win32u.dll
0x00007ffc27190000 - 0x00007ffc271c4000 	C:\Windows\System32\GDI32.dll
0x00007ffc25be0000 - 0x00007ffc25d62000 	C:\Windows\System32\gdi32full.dll
0x00007ffc1eff0000 - 0x00007ffc1f26a000 	C:\Windows\WinSxS\amd64_microsoft.windows.common-controls_6595b64144ccf1df_6.0.14393.953_none_42151e83c686086b\COMCTL32.dll
0x00007ffc266e0000 - 0x00007ffc269a8000 	C:\Windows\System32\combase.dll
0x00007ffc25270000 - 0x00007ffc25365000 	C:\Windows\System32\ucrtbase.dll
0x00007ffc253e0000 - 0x00007ffc2544a000 	C:\Windows\System32\bcryptPrimitives.dll
0x00007ffc263d0000 - 0x00007ffc263fe000 	C:\Windows\System32\IMM32.DLL
0x00000000518a0000 - 0x0000000051972000 	C:\Program Files\Java\jdk1.8.0_111\jre\bin\msvcr100.dll
0x0000000051980000 - 0x000000005221a000 	C:\Program Files\Java\jdk1.8.0_111\jre\bin\server\jvm.dll
0x00007ffc26310000 - 0x00007ffc26318000 	C:\Windows\System32\PSAPI.DLL
0x00007ffc1b2f0000 - 0x00007ffc1b2f9000 	C:\Windows\SYSTEM32\WSOCK32.dll
0x00007ffc23660000 - 0x00007ffc23683000 	C:\Windows\SYSTEM32\WINMM.dll
0x00007ffc20a40000 - 0x00007ffc20a4a000 	C:\Windows\SYSTEM32\VERSION.dll
0x00007ffc27110000 - 0x00007ffc2717a000 	C:\Windows\System32\WS2_32.dll
0x00007ffc234f0000 - 0x00007ffc2351b000 	C:\Windows\SYSTEM32\WINMMBASE.dll
0x00007ffc25390000 - 0x00007ffc253d2000 	C:\Windows\System32\cfgmgr32.dll
0x0000000051890000 - 0x000000005189f000 	C:\Program Files\Java\jdk1.8.0_111\jre\bin\verify.dll
0x0000000051860000 - 0x0000000051889000 	C:\Program Files\Java\jdk1.8.0_111\jre\bin\java.dll
0x0000000051840000 - 0x0000000051856000 	C:\Program Files\Java\jdk1.8.0_111\jre\bin\zip.dll
0x00007ffc27370000 - 0x00007ffc28879000 	C:\Windows\System32\SHELL32.dll
0x00007ffc25450000 - 0x00007ffc25b2a000 	C:\Windows\System32\windows.storage.dll
0x00007ffc251e0000 - 0x00007ffc2522c000 	C:\Windows\System32\powrprof.dll
0x00007ffc26e40000 - 0x00007ffc26e92000 	C:\Windows\System32\shlwapi.dll
0x00007ffc25260000 - 0x00007ffc2526f000 	C:\Windows\System32\kernel.appcore.dll
0x00007ffc261c0000 - 0x00007ffc26269000 	C:\Windows\System32\shcore.dll
0x00007ffc25240000 - 0x00007ffc25254000 	C:\Windows\System32\profapi.dll
0x0000000052910000 - 0x0000000052aa8000 	C:\Program Files\Java\jdk1.8.0_111\jre\bin\awt.dll
0x00007ffc26620000 - 0x00007ffc266df000 	C:\Windows\System32\OLEAUT32.dll
0x00007ffc26270000 - 0x00007ffc2630c000 	C:\Windows\System32\msvcp_win.dll
0x00007ffc23790000 - 0x00007ffc2380a000 	C:\Windows\SYSTEM32\apphelp.dll
0x00007ffc23960000 - 0x00007ffc239f5000 	C:\Windows\system32\uxtheme.dll
0x00007ffc26fb0000 - 0x00007ffc2710a000 	C:\Windows\System32\MSCTF.dll
0x00007ffc230f0000 - 0x00007ffc23116000 	C:\Windows\system32\dwmapi.dll
0x00007ffc289f0000 - 0x00007ffc28b27000 	C:\Windows\System32\ole32.dll
0x00000000528c0000 - 0x0000000052907000 	C:\Program Files\Java\jdk1.8.0_111\jre\bin\fontmanager.dll
0x00007ffc1e9d0000 - 0x00007ffc1eb5d000 	C:\Windows\system32\d3d9.dll
0x00007ffc00f20000 - 0x00007ffc01fd6000 	C:\Windows\SYSTEM32\nvd3dumx.dll
0x00007ffc206e0000 - 0x00007ffc2084c000 	C:\Program Files (x86)\NVIDIA Corporation\3D Vision\nvSCPAPI64.dll
0x00007ffc26a10000 - 0x00007ffc26e39000 	C:\Windows\System32\SETUPAPI.dll
0x0000000051820000 - 0x000000005183a000 	C:\Program Files\Java\jdk1.8.0_111\jre\bin\net.dll
0x00007ffc24ab0000 - 0x00007ffc24b0c000 	C:\Windows\system32\mswsock.dll
0x0000000051800000 - 0x0000000051811000 	C:\Program Files\Java\jdk1.8.0_111\jre\bin\nio.dll
0x0000000052870000 - 0x00000000528b2000 	C:\Program Files\Java\jdk1.8.0_111\jre\bin\t2k.dll
0x00007ffc272d0000 - 0x00007ffc2736f000 	C:\Windows\System32\clbcatq.dll
0x00007ffc22a30000 - 0x00007ffc22bd8000 	C:\Windows\SYSTEM32\WindowsCodecs.dll
0x00007ffc19570000 - 0x00007ffc195b9000 	C:\Windows\system32\dataexchange.dll
0x00007ffc23360000 - 0x00007ffc234b1000 	C:\Windows\system32\dcomp.dll
0x00007ffc21e60000 - 0x00007ffc22116000 	C:\Windows\system32\d3d11.dll
0x00007ffc24160000 - 0x00007ffc241ff000 	C:\Windows\system32\dxgi.dll
0x00007ffc23c00000 - 0x00007ffc23d1c000 	C:\Windows\system32\twinapi.appcore.dll
0x00007ffc25120000 - 0x00007ffc2514b000 	C:\Windows\system32\bcrypt.dll
0x00007ffc24c60000 - 0x00007ffc24c77000 	C:\Windows\SYSTEM32\CRYPTSP.dll
0x00007ffc246b0000 - 0x00007ffc246e3000 	C:\Windows\system32\rsaenh.dll
0x00007ffc24940000 - 0x00007ffc2495f000 	C:\Windows\SYSTEM32\USERENV.dll
0x00007ffc24c50000 - 0x00007ffc24c5b000 	C:\Windows\SYSTEM32\CRYPTBASE.dll
0x00007ffc24830000 - 0x00007ffc24868000 	C:\Windows\SYSTEM32\IPHLPAPI.DLL
0x00007ffc27180000 - 0x00007ffc27188000 	C:\Windows\System32\NSI.dll
0x00007ffc1f8c0000 - 0x00007ffc1f8d6000 	C:\Windows\SYSTEM32\dhcpcsvc6.DLL
0x00007ffc1f860000 - 0x00007ffc1f87a000 	C:\Windows\SYSTEM32\dhcpcsvc.DLL
0x0000000052840000 - 0x000000005286a000 	C:\Program Files\Java\jdk1.8.0_111\jre\bin\dcpr.dll
0x00007ffc1d5c0000 - 0x00007ffc1d692000 	C:\Windows\System32\IME\IMEKR\imkrtip.dll
0x00007ffc22c80000 - 0x00007ffc22e05000 	C:\Windows\SYSTEM32\PROPSYS.dll
0x00007ffc1d460000 - 0x00007ffc1d5b6000 	C:\Windows\System32\IME\shared\imetip.dll
0x00007ffc1cbf0000 - 0x00007ffc1cd98000 	C:\Windows\SYSTEM32\DUI70.dll
0x00007ffc1f410000 - 0x00007ffc1f475000 	C:\Windows\SYSTEM32\OLEACC.dll
0x00007ffc1d310000 - 0x00007ffc1d348000 	C:\Windows\System32\IME\IMEKR\imkrapi.dll
0x00007ffc1d2d0000 - 0x00007ffc1d305000 	C:\Windows\System32\IME\shared\imjkapi.dll
0x00007ffc24580000 - 0x00007ffc245b2000 	C:\Windows\SYSTEM32\ntmarta.dll
0x00007ffc190a0000 - 0x00007ffc19232000 	C:\Windows\SYSTEM32\dbghelp.dll

VM Arguments:
jvm_args: -Dfile.encoding=x-windows-949 -Duser.country=KR -Duser.language=ko -Duser.variant 
java_command: kr.or.dgit.sw_project.MainApp
java_class_path (initial): C:\Users\KDW\git\sw_project\build\classes\main;C:\Users\KDW\git\sw_project\build\resources\main;C:\Users\KDW\git\sw_project\src\main\resources\kr\or\dgit\sw_project\libraries\erp_myframework.jar;C:\Users\KDW\git\sw_project\src\main\resources\kr\or\dgit\sw_project\lookandfeel\syntheticaAluOxide.jar;C:\Users\KDW\git\sw_project\src\main\resources\kr\or\dgit\sw_project\lookandfeel\synthetica.jar;C:\Users\KDW\git\sw_project\src\main\resources\kr\or\dgit\sw_project\libraries\swingx-1.6.5.jar;C:\Users\KDW\git\sw_project\src\main\resources\kr\or\dgit\sw_project\libraries\syntheticaAddons.jar;C:\Users\KDW\git\sw_project\src\main\resources\kr\or\dgit\sw_project\libraries\syntheticaAluOxideAddon.jar;C:\Users\KDW\.gradle\caches\modules-2\files-2.1\mysql\mysql-connector-java\5.1.41\b0878056f15616989144d6114d36d3942321d0d1\mysql-connector-java-5.1.41.jar;C:\Users\KDW\.gradle\caches\modules-2\files-2.1\org.mybatis\mybatis\3.4.2\2b9a5082fe0bdb3128bab8b4b19b23ca0f3d9b38\mybatis-3.4.2.jar;C:\Users\KDW\.gradle\caches\modules-2\files-2.1\junit\junit\4.12\2973d150c0dc1fefe998f834810d68f278ea58ec\junit-4.12.jar;C:\Users\KDW\.gradle\caches\modules-2\files-2.1\log4j\log4j\1.2.17\5af35056b4d257e4b64b9e8069c0746e8b08629f\log4j-1.2.17.jar;C:\Users\KDW\.gradle\caches\modules-2\files-2.1\org.hamcrest\hamcrest-core\1.3\42a25dc3219429f0e5d060061f71acb49bf010a0\hamcrest-core-1.3.jar
Launcher Type: SUN_STANDARD

Environment Variables:
JAVA_HOME=C:\Program Files\Java\jdk1.8.0_111
PATH=C:/Program Files/Java/jdk1.8.0_111/bin/../jre/bin/server;C:/Program Files/Java/jdk1.8.0_111/bin/../jre/bin;C:/Program Files/Java/jdk1.8.0_111/bin/../jre/lib/amd64;C:\Program Files\Java\jdk1.8.0_111\bin;C:\ProgramData\Oracle\Java\javapath;C:\Program Files (x86)\NVIDIA Corporation\PhysX\Common;C:\Windows\system32;C:\Windows;C:\Windows\System32\Wbem;C:\Windows\System32\WindowsPowerShell\v1.0\;C:\Program Files\MySQL\MySQL Server 5.6\bin;C:\Program Files\Git\cmd;D:\gradle-3.4.1-bin\bin;C:\Users\KDW\AppData\Local\Microsoft\WindowsApps;;C:\eclipse_java;
USERNAME=KDW
OS=Windows_NT
PROCESSOR_IDENTIFIER=Intel64 Family 6 Model 23 Stepping 10, GenuineIntel



---------------  S Y S T E M  ---------------

OS: Windows 10.0 , 64 bit Build 14393 (10.0.14393.0)

CPU:total 4 (4 cores per cpu, 1 threads per core) family 6 model 23 stepping 10, cmov, cx8, fxsr, mmx, sse, sse2, sse3, ssse3, sse4.1, tsc

Memory: 4k page, physical 4192492k(1466344k free), swap 5896428k(1634400k free)

vm_info: Java HotSpot(TM) 64-Bit Server VM (25.111-b14) for windows-amd64 JRE (1.8.0_111-b14), built on Sep 22 2016 19:24:05 by "java_re" with MS VC++ 10.0 (VS2010)

time: Mon Apr 10 14:36:04 2017
elapsed time: 6 seconds (0d 0h 0m 6s)

