#
# A fatal error has been detected by the Java Runtime Environment:
#
#  EXCEPTION_ACCESS_VIOLATION (0xc0000005) at pc=0xffffffffa3ea5120, pid=676, tid=0x0000000000001970
#
# JRE version: Java(TM) SE Runtime Environment (8.0_111-b14) (build 1.8.0_111-b14)
# Java VM: Java HotSpot(TM) 64-Bit Server VM (25.111-b14 mixed mode windows-amd64 compressed oops)
# Problematic frame:
# C  0xffffffffa3ea5120
#
# Failed to write core dump. Minidumps are not enabled by default on client versions of Windows
#
# If you would like to submit a bug report, please visit:
#   http://bugreport.java.com/bugreport/crash.jsp
#

---------------  T H R E A D  ---------------

Current thread (0x0000000017019000):  JavaThread "AWT-EventQueue-0" [_thread_in_Java, id=6512, stack(0x00000000178d0000,0x00000000179d0000)]

siginfo: ExceptionCode=0xc0000005, ExceptionInformation=0x0000000000000008 0xffffffffa3ea5120

Registers:
RAX=0x0000000100062d20, RBX=0x0000000014e70940, RCX=0x00000000c03be580, RDX=0x00000000c0ce3398
RSP=0x00000000179cc358, RBP=0x0000000000000001, RSI=0x00000000c0ce3398, RDI=0x00000000c03693b8
R8 =0x00000000c03be580, R9 =0x00000000c03693b8, R10=0x00000000c0ce4de8, R11=0x0000000000000005
R12=0x0000000000000000, R13=0x00000000c03693b8, R14=0x00000000c03be580, R15=0x0000000017019000
RIP=0xffffffffa3ea5120, EFLAGS=0x0000000000010202

Top of Stack: (sp=0x00000000179cc358)
0x00000000179cc358:   000000000397fa94 00000000bfe0f30b
0x00000000179cc368:   0000000050e16d3c 00000000c0e57300
0x00000000179cc378:   00000000034d7fa0 00000000c0ce3398
0x00000000179cc388:   c03693b800000000 0000000000000007
0x00000000179cc398:   00000001c03be580 00000000c03693b8
0x00000000179cc3a8:   00000000c03be580 00000000c0ce4de8
0x00000000179cc3b8:   000000000371fa44 0000000051268488
0x00000000179cc3c8:   0000000017019000 0000000000000000
0x00000000179cc3d8:   0000000050d6b700 0000000000000000
0x00000000179cc3e8:   00000000c03693b8 00000000152f27d0
0x00000000179cc3f8:   00000000179cc450 0000000100001ef8
0x00000000179cc408:   00000000152f27d0 00000000179cc878
0x00000000179cc418:   0000000003242474 00000000179cc878
0x00000000179cc428:   0000000003135feb 00000000eaba85b0
0x00000000179cc438:   0000000017019000 00000000c0003900
0x00000000179cc448:   00000000c0ce7110 00000000c03be580 

Instructions: (pc=0xffffffffa3ea5120)
0xffffffffa3ea5100:   
[error occurred during error reporting (printing registers, top of stack, instructions near pc), id 0xc0000005]

Register to memory mapping:

RAX=0x0000000100062d20 is pointing into metadata
RBX={method} {0x0000000014e70948} 'clientPropertyChanged' '(Ljava/lang/Object;Ljava/lang/Object;Ljava/lang/Object;)V' in 'javax/swing/JComponent'
RCX=0x00000000c03be580 is an oop
java.lang.String 
 - klass: 'java/lang/String'
RDX=0x00000000c0ce3398 is an oop
erp_myframework.TextFieldPanel 
 - klass: 'erp_myframework/TextFieldPanel'
RSP=0x00000000179cc358 is pointing into the stack for thread: 0x0000000017019000
RBP=0x0000000000000001 is an unknown value
RSI=0x00000000c0ce3398 is an oop
erp_myframework.TextFieldPanel 
 - klass: 'erp_myframework/TextFieldPanel'
RDI=0x00000000c03693b8 is an oop
java.lang.Boolean 
 - klass: 'java/lang/Boolean'
R8 =0x00000000c03be580 is an oop
java.lang.String 
 - klass: 'java/lang/String'
R9 =0x00000000c03693b8 is an oop
java.lang.Boolean 
 - klass: 'java/lang/Boolean'
R10=0x00000000c0ce4de8 is an oop
javax.swing.ArrayTable 
 - klass: 'javax/swing/ArrayTable'
R11=0x0000000000000005 is an unknown value
R12=0x0000000000000000 is an unknown value
R13=0x00000000c03693b8 is an oop
java.lang.Boolean 
 - klass: 'java/lang/Boolean'
R14=0x00000000c03be580 is an oop
java.lang.String 
 - klass: 'java/lang/String'
R15=0x0000000017019000 is a thread


Stack: [0x00000000178d0000,0x00000000179d0000],  sp=0x00000000179cc358,  free space=1008k
Native frames: (J=compiled Java code, j=interpreted, Vv=VM code, C=native code)
C  0xffffffffa3ea5120


---------------  P R O C E S S  ---------------

Java Threads: ( => current thread )
  0x0000000017f91000 JavaThread "Prism Font Disposer" daemon [_thread_blocked, id=7056, stack(0x0000000023040000,0x0000000023140000)]
  0x0000000017f8f800 JavaThread "Thread-11" daemon [_thread_in_native, id=3360, stack(0x000000001f990000,0x000000001fa90000)]
  0x0000000017f8e000 JavaThread "JavaFX Application Thread" [_thread_in_vm, id=7836, stack(0x000000001ef50000,0x000000001f050000)]
  0x0000000017f8d000 JavaThread "Thread-10" daemon [_thread_blocked, id=2628, stack(0x000000001ee50000,0x000000001ef50000)]
  0x0000000017f8e800 JavaThread "QuantumRenderer-0" daemon [_thread_blocked, id=5196, stack(0x000000001ed50000,0x000000001ee50000)]
  0x0000000017f91800 JavaThread "Thread-8" daemon [_thread_blocked, id=6584, stack(0x000000001da80000,0x000000001db80000)]
  0x0000000017f93000 JavaThread "Abandoned connection cleanup thread" daemon [_thread_blocked, id=2684, stack(0x000000001d580000,0x000000001d680000)]
  0x000000001a92b800 JavaThread "SyntheticaAnimation 60" daemon [_thread_blocked, id=7352, stack(0x000000001d030000,0x000000001d130000)]
  0x000000001b061800 JavaThread "SyntheticaAnimation 50" daemon [_thread_blocked, id=8288, stack(0x000000001c4c0000,0x000000001c5c0000)]
  0x000000001aec0000 JavaThread "D3D Screen Updater" daemon [_thread_blocked, id=660, stack(0x000000001beb0000,0x000000001bfb0000)]
  0x000000001a91a800 JavaThread "TimerQueue" daemon [_thread_blocked, id=8664, stack(0x000000001b5f0000,0x000000001b6f0000)]
  0x0000000018022000 JavaThread "Image Fetcher 0" daemon [_thread_blocked, id=6484, stack(0x000000001a320000,0x000000001a420000)]
  0x0000000017db6000 JavaThread "SyntheticaCleanerThread" daemon [_thread_blocked, id=7664, stack(0x0000000018cd0000,0x0000000018dd0000)]
  0x0000000017a59000 JavaThread "Thread-2" daemon [_thread_blocked, id=3560, stack(0x00000000181e0000,0x00000000182e0000)]
  0x0000000002a4d800 JavaThread "DestroyJavaVM" [_thread_blocked, id=3692, stack(0x0000000002900000,0x0000000002a00000)]
=>0x0000000017019000 JavaThread "AWT-EventQueue-0" [_thread_in_Java, id=6512, stack(0x00000000178d0000,0x00000000179d0000)]
  0x0000000017014000 JavaThread "AWT-Windows" daemon [_thread_in_native, id=9204, stack(0x0000000017710000,0x0000000017810000)]
  0x0000000017011800 JavaThread "AWT-Shutdown" [_thread_blocked, id=2448, stack(0x0000000017610000,0x0000000017710000)]
  0x0000000017010800 JavaThread "Java2D Disposer" daemon [_thread_blocked, id=6860, stack(0x0000000017510000,0x0000000017610000)]
  0x0000000016cc1000 JavaThread "Service Thread" daemon [_thread_blocked, id=9184, stack(0x0000000017240000,0x0000000017340000)]
  0x0000000016c43800 JavaThread "C1 CompilerThread2" daemon [_thread_blocked, id=6612, stack(0x0000000017140000,0x0000000017240000)]
  0x0000000016c40800 JavaThread "C2 CompilerThread1" daemon [_thread_blocked, id=3364, stack(0x0000000017040000,0x0000000017140000)]
  0x00000000155cc800 JavaThread "C2 CompilerThread0" daemon [_thread_blocked, id=3672, stack(0x0000000016b40000,0x0000000016c40000)]
  0x00000000155ca800 JavaThread "Attach Listener" daemon [_thread_blocked, id=8116, stack(0x0000000016a40000,0x0000000016b40000)]
  0x000000001557f000 JavaThread "Signal Dispatcher" daemon [_thread_blocked, id=9048, stack(0x0000000016940000,0x0000000016a40000)]
  0x0000000002e9d800 JavaThread "Finalizer" daemon [_thread_blocked, id=7492, stack(0x00000000167c0000,0x00000000168c0000)]
  0x0000000002e92000 JavaThread "Reference Handler" daemon [_thread_blocked, id=4112, stack(0x00000000166c0000,0x00000000167c0000)]

Other Threads:
  0x0000000015537800 VMThread [stack: 0x00000000165c0000,0x00000000166c0000] [id=4328]
  0x0000000016d23800 WatcherThread [stack: 0x0000000017340000,0x0000000017440000] [id=6308]

VM state:not at safepoint (normal execution)

VM Mutex/Monitor currently owned by a thread:  ([mutex/lock_event])
[0x0000000002a4ca80] AdapterHandlerLibrary_lock - owner thread: 0x0000000017f8e000

Heap:
 PSYoungGen      total 53760K, used 2526K [0x00000000eab00000, 0x00000000f0c00000, 0x0000000100000000)
  eden space 47104K, 5% used [0x00000000eab00000,0x00000000ead779e8,0x00000000ed900000)
  from space 6656K, 0% used [0x00000000ed900000,0x00000000ed900000,0x00000000edf80000)
  to   space 9728K, 0% used [0x00000000f0280000,0x00000000f0280000,0x00000000f0c00000)
 ParOldGen       total 52736K, used 15314K [0x00000000c0000000, 0x00000000c3380000, 0x00000000eab00000)
  object space 52736K, 29% used [0x00000000c0000000,0x00000000c0ef48b0,0x00000000c3380000)
 Metaspace       used 35163K, capacity 35950K, committed 36224K, reserved 1081344K
  class space    used 4738K, capacity 4923K, committed 4992K, reserved 1048576K

Card table byte_map: [0x0000000012260000,0x0000000012470000] byte_map_base: 0x0000000011c60000

Marking Bits: (ParMarkBitMap*) 0x000000005147a6c0
 Begin Bits: [0x00000000129d0000, 0x00000000139d0000)
 End Bits:   [0x00000000139d0000, 0x00000000149d0000)

Polling page: 0x0000000000c70000

CodeCache: size=245760Kb used=10852Kb max_used=11215Kb free=234907Kb
 bounds [0x0000000002ea0000, 0x00000000039b0000, 0x0000000011ea0000]
 total_blobs=4184 nmethods=3369 adapters=728
 compilation: enabled

Compilation events (10 events):
Event: 8.735 Thread 0x0000000016c40800 nmethod 3716 0x00000000032f20d0 code [0x00000000032f2220, 0x00000000032f22b8]
Event: 8.736 Thread 0x0000000016c43800 nmethod 3719 0x0000000003722d50 code [0x0000000003722f40, 0x00000000037238e8]
Event: 8.736 Thread 0x0000000016c43800 3722       1       javax.swing.JComponent::clientPropertyChanged (1 bytes)
Event: 8.736 Thread 0x0000000016c43800 nmethod 3722 0x000000000329d310 code [0x000000000329d460, 0x000000000329d570]
Event: 8.736 Thread 0x0000000016c43800 3720       3       java.util.Formatter$FixedString::<init> (15 bytes)
Event: 8.737 Thread 0x0000000016c43800 nmethod 3720 0x000000000324afd0 code [0x000000000324b120, 0x000000000324b2f0]
Event: 8.737 Thread 0x0000000016c43800 3721       3       java.util.Formatter$FixedString::print (18 bytes)
Event: 8.737 Thread 0x0000000016c43800 nmethod 3721 0x000000000374b050 code [0x000000000374b1c0, 0x000000000374b408]
Event: 8.737 Thread 0x0000000016c43800 3718       3       com.sun.javafx.css.SelectorPartitioning::lambda$static$187 (10 bytes)
Event: 8.737 Thread 0x0000000016c43800 nmethod 3718 0x000000000372d590 code [0x000000000372d6e0, 0x000000000372d950]

GC Heap History (10 events):
Event: 5.854 GC heap before
{Heap before GC invocations=5 (full 1):
 PSYoungGen      total 18944K, used 16384K [0x00000000eab00000, 0x00000000ed000000, 0x0000000100000000)
  eden space 16384K, 100% used [0x00000000eab00000,0x00000000ebb00000,0x00000000ebb00000)
  from space 2560K, 0% used [0x00000000ebb00000,0x00000000ebb00000,0x00000000ebd80000)
  to   space 2560K, 0% used [0x00000000ecd80000,0x00000000ecd80000,0x00000000ed000000)
 ParOldGen       total 32256K, used 6297K [0x00000000c0000000, 0x00000000c1f80000, 0x00000000eab00000)
  object space 32256K, 19% used [0x00000000c0000000,0x00000000c06264c8,0x00000000c1f80000)
 Metaspace       used 21986K, capacity 22238K, committed 22400K, reserved 1069056K
  class space    used 2873K, capacity 2942K, committed 2944K, reserved 1048576K
Event: 5.857 GC heap after
Heap after GC invocations=5 (full 1):
 PSYoungGen      total 29184K, used 1403K [0x00000000eab00000, 0x00000000ecf00000, 0x0000000100000000)
  eden space 27648K, 0% used [0x00000000eab00000,0x00000000eab00000,0x00000000ec600000)
  from space 1536K, 91% used [0x00000000ecd80000,0x00000000ecedeeb0,0x00000000ecf00000)
  to   space 2560K, 0% used [0x00000000eca00000,0x00000000eca00000,0x00000000ecc80000)
 ParOldGen       total 32256K, used 6305K [0x00000000c0000000, 0x00000000c1f80000, 0x00000000eab00000)
  object space 32256K, 19% used [0x00000000c0000000,0x00000000c06284c8,0x00000000c1f80000)
 Metaspace       used 21986K, capacity 22238K, committed 22400K, reserved 1069056K
  class space    used 2873K, capacity 2942K, committed 2944K, reserved 1048576K
}
Event: 6.127 GC heap before
{Heap before GC invocations=6 (full 1):
 PSYoungGen      total 29184K, used 29051K [0x00000000eab00000, 0x00000000ecf00000, 0x0000000100000000)
  eden space 27648K, 100% used [0x00000000eab00000,0x00000000ec600000,0x00000000ec600000)
  from space 1536K, 91% used [0x00000000ecd80000,0x00000000ecedeeb0,0x00000000ecf00000)
  to   space 2560K, 0% used [0x00000000eca00000,0x00000000eca00000,0x00000000ecc80000)
 ParOldGen       total 32256K, used 6305K [0x00000000c0000000, 0x00000000c1f80000, 0x00000000eab00000)
  object space 32256K, 19% used [0x00000000c0000000,0x00000000c06284c8,0x00000000c1f80000)
 Metaspace       used 22618K, capacity 22852K, committed 23296K, reserved 1069056K
  class space    used 2936K, capacity 3039K, committed 3072K, reserved 1048576K
Event: 6.132 GC heap after
Heap after GC invocations=6 (full 1):
 PSYoungGen      total 34304K, used 1883K [0x00000000eab00000, 0x00000000ee680000, 0x0000000100000000)
  eden space 31744K, 0% used [0x00000000eab00000,0x00000000eab00000,0x00000000eca00000)
  from space 2560K, 73% used [0x00000000eca00000,0x00000000ecbd6dd8,0x00000000ecc80000)
  to   space 7168K, 0% used [0x00000000edf80000,0x00000000edf80000,0x00000000ee680000)
 ParOldGen       total 32256K, used 6313K [0x00000000c0000000, 0x00000000c1f80000, 0x00000000eab00000)
  object space 32256K, 19% used [0x00000000c0000000,0x00000000c062a4c8,0x00000000c1f80000)
 Metaspace       used 22618K, capacity 22852K, committed 23296K, reserved 1069056K
  class space    used 2936K, capacity 3039K, committed 3072K, reserved 1048576K
}
Event: 6.455 GC heap before
{Heap before GC invocations=7 (full 1):
 PSYoungGen      total 34304K, used 33627K [0x00000000eab00000, 0x00000000ee680000, 0x0000000100000000)
  eden space 31744K, 100% used [0x00000000eab00000,0x00000000eca00000,0x00000000eca00000)
  from space 2560K, 73% used [0x00000000eca00000,0x00000000ecbd6dd8,0x00000000ecc80000)
  to   space 7168K, 0% used [0x00000000edf80000,0x00000000edf80000,0x00000000ee680000)
 ParOldGen       total 32256K, used 6313K [0x00000000c0000000, 0x00000000c1f80000, 0x00000000eab00000)
  object space 32256K, 19% used [0x00000000c0000000,0x00000000c062a4c8,0x00000000c1f80000)
 Metaspace       used 24223K, capacity 24464K, committed 24704K, reserved 1071104K
  class space    used 3066K, capacity 3169K, committed 3200K, reserved 1048576K
Event: 6.466 GC heap after
Heap after GC invocations=7 (full 1):
 PSYoungGen      total 54272K, used 3792K [0x00000000eab00000, 0x00000000eed80000, 0x0000000100000000)
  eden space 47104K, 0% used [0x00000000eab00000,0x00000000eab00000,0x00000000ed900000)
  from space 7168K, 52% used [0x00000000edf80000,0x00000000ee334040,0x00000000ee680000)
  to   space 6656K, 0% used [0x00000000ed900000,0x00000000ed900000,0x00000000edf80000)
 ParOldGen       total 32256K, used 6321K [0x00000000c0000000, 0x00000000c1f80000, 0x00000000eab00000)
  object space 32256K, 19% used [0x00000000c0000000,0x00000000c062c4c8,0x00000000c1f80000)
 Metaspace       used 24223K, capacity 24464K, committed 24704K, reserved 1071104K
  class space    used 3066K, capacity 3169K, committed 3200K, reserved 1048576K
}
Event: 8.572 GC heap before
{Heap before GC invocations=8 (full 1):
 PSYoungGen      total 54272K, used 45679K [0x00000000eab00000, 0x00000000eed80000, 0x0000000100000000)
  eden space 47104K, 88% used [0x00000000eab00000,0x00000000ed3e7ee0,0x00000000ed900000)
  from space 7168K, 52% used [0x00000000edf80000,0x00000000ee334040,0x00000000ee680000)
  to   space 6656K, 0% used [0x00000000ed900000,0x00000000ed900000,0x00000000edf80000)
 ParOldGen       total 32256K, used 6321K [0x00000000c0000000, 0x00000000c1f80000, 0x00000000eab00000)
  object space 32256K, 19% used [0x00000000c0000000,0x00000000c062c4c8,0x00000000c1f80000)
 Metaspace       used 34607K, capacity 35334K, committed 35416K, reserved 1079296K
  class space    used 4655K, capacity 4825K, committed 4864K, reserved 1048576K
Event: 8.597 GC heap after
Heap after GC invocations=8 (full 1):
 PSYoungGen      total 53760K, used 6651K [0x00000000eab00000, 0x00000000f0c00000, 0x0000000100000000)
  eden space 47104K, 0% used [0x00000000eab00000,0x00000000eab00000,0x00000000ed900000)
  from space 6656K, 99% used [0x00000000ed900000,0x00000000edf7efa8,0x00000000edf80000)
  to   space 9728K, 0% used [0x00000000f0280000,0x00000000f0280000,0x00000000f0c00000)
 ParOldGen       total 32256K, used 9328K [0x00000000c0000000, 0x00000000c1f80000, 0x00000000eab00000)
  object space 32256K, 28% used [0x00000000c0000000,0x00000000c091c178,0x00000000c1f80000)
 Metaspace       used 34607K, capacity 35334K, committed 35416K, reserved 1079296K
  class space    used 4655K, capacity 4825K, committed 4864K, reserved 1048576K
}
Event: 8.597 GC heap before
{Heap before GC invocations=9 (full 2):
 PSYoungGen      total 53760K, used 6651K [0x00000000eab00000, 0x00000000f0c00000, 0x0000000100000000)
  eden space 47104K, 0% used [0x00000000eab00000,0x00000000eab00000,0x00000000ed900000)
  from space 6656K, 99% used [0x00000000ed900000,0x00000000edf7efa8,0x00000000edf80000)
  to   space 9728K, 0% used [0x00000000f0280000,0x00000000f0280000,0x00000000f0c00000)
 ParOldGen       total 32256K, used 9328K [0x00000000c0000000, 0x00000000c1f80000, 0x00000000eab00000)
  object space 32256K, 28% used [0x00000000c0000000,0x00000000c091c178,0x00000000c1f80000)
 Metaspace       used 34607K, capacity 35334K, committed 35416K, reserved 1079296K
  class space    used 4655K, capacity 4825K, committed 4864K, reserved 1048576K
Event: 8.697 GC heap after
Heap after GC invocations=9 (full 2):
 PSYoungGen      total 53760K, used 0K [0x00000000eab00000, 0x00000000f0c00000, 0x0000000100000000)
  eden space 47104K, 0% used [0x00000000eab00000,0x00000000eab00000,0x00000000ed900000)
  from space 6656K, 0% used [0x00000000ed900000,0x00000000ed900000,0x00000000edf80000)
  to   space 9728K, 0% used [0x00000000f0280000,0x00000000f0280000,0x00000000f0c00000)
 ParOldGen       total 52736K, used 15314K [0x00000000c0000000, 0x00000000c3380000, 0x00000000eab00000)
  object space 52736K, 29% used [0x00000000c0000000,0x00000000c0ef48b0,0x00000000c3380000)
 Metaspace       used 34603K, capacity 35328K, committed 35416K, reserved 1079296K
  class space    used 4654K, capacity 4824K, committed 4864K, reserved 1048576K
}

Deoptimization events (10 events):
Event: 7.650 Thread 0x0000000017f8e000 Uncommon trap: reason=unstable_if action=reinterpret pc=0x000000000318ef98 method=com.sun.org.apache.xerces.internal.impl.XMLDocumentFragmentScannerImpl$FragmentContentDriver.next()I @ 128
Event: 7.651 Thread 0x0000000017f8e000 Uncommon trap: reason=unstable_if action=reinterpret pc=0x00000000030e0084 method=com.sun.org.apache.xerces.internal.impl.XMLEntityScanner.scanLiteral(ILcom/sun/org/apache/xerces/internal/xni/XMLString;Z)I @ 660
Event: 7.914 Thread 0x0000000017f8e000 Uncommon trap: reason=unstable_if action=reinterpret pc=0x00000000036c0fac method=java.lang.String.regionMatches(ZILjava/lang/String;II)Z @ 58
Event: 7.938 Thread 0x0000000017019000 Uncommon trap: reason=unstable_if action=reinterpret pc=0x00000000037433dc method=de.javasoft.plaf.synthetica.SyntheticaLookAndFeel.get(Ljava/lang/String;Ljava/awt/Component;)Ljava/lang/Object; @ 49
Event: 7.976 Thread 0x0000000017f8e000 Uncommon trap: reason=unstable_if action=reinterpret pc=0x0000000002facbe8 method=java.util.HashMap.putVal(ILjava/lang/Object;Ljava/lang/Object;ZZ)Ljava/lang/Object; @ 162
Event: 7.976 Thread 0x0000000017f8e000 Uncommon trap: reason=unstable_if action=reinterpret pc=0x00000000030840d8 method=java.util.HashMap.getNode(ILjava/lang/Object;)Ljava/util/HashMap$Node; @ 84
Event: 7.976 Thread 0x0000000017f8e000 Uncommon trap: reason=unstable_if action=reinterpret pc=0x0000000003024414 method=java.util.HashMap.getNode(ILjava/lang/Object;)Ljava/util/HashMap$Node; @ 84
Event: 7.980 Thread 0x0000000017f8e000 Uncommon trap: reason=unstable_if action=reinterpret pc=0x0000000003321648 method=java.util.HashMap.resize()[Ljava/util/HashMap$Node; @ 206
Event: 8.173 Thread 0x0000000017f8e000 Uncommon trap: reason=unstable_if action=reinterpret pc=0x000000000360c804 method=java.io.WinNTFileSystem.normalize(Ljava/lang/String;)Ljava/lang/String; @ 74
Event: 8.294 Thread 0x0000000017f8e000 Uncommon trap: reason=unstable_if action=reinterpret pc=0x00000000038cdc04 method=sun.nio.cs.UTF_8$Decoder.decodeArrayLoop(Ljava/nio/ByteBuffer;Ljava/nio/CharBuffer;)Ljava/nio/charset/CoderResult; @ 267

Internal exceptions (10 events):
Event: 5.532 Thread 0x0000000017019000 Exception <a 'java/lang/ArrayIndexOutOfBoundsException'> (0x00000000eabc77f8) thrown at [C:\re\workspace\8-2-build-windows-amd64-cygwin\jdk8u111\7883\hotspot\src\share\vm\runtime\sharedRuntime.cpp, line 605]
Event: 5.532 Thread 0x0000000017019000 Exception <a 'java/lang/ArrayIndexOutOfBoundsException'> (0x00000000eabc9048) thrown at [C:\re\workspace\8-2-build-windows-amd64-cygwin\jdk8u111\7883\hotspot\src\share\vm\runtime\sharedRuntime.cpp, line 605]
Event: 5.532 Thread 0x0000000017019000 Exception <a 'java/lang/ArrayIndexOutOfBoundsException'> (0x00000000eabca470) thrown at [C:\re\workspace\8-2-build-windows-amd64-cygwin\jdk8u111\7883\hotspot\src\share\vm\runtime\sharedRuntime.cpp, line 605]
Event: 5.532 Thread 0x0000000017019000 Exception <a 'java/lang/ArrayIndexOutOfBoundsException'> (0x00000000eabcb3c8) thrown at [C:\re\workspace\8-2-build-windows-amd64-cygwin\jdk8u111\7883\hotspot\src\share\vm\runtime\sharedRuntime.cpp, line 605]
Event: 5.532 Thread 0x0000000017019000 Exception <a 'java/lang/ArrayIndexOutOfBoundsException'> (0x00000000eabcc7a8) thrown at [C:\re\workspace\8-2-build-windows-amd64-cygwin\jdk8u111\7883\hotspot\src\share\vm\runtime\sharedRuntime.cpp, line 605]
Event: 5.532 Thread 0x0000000017019000 Exception <a 'java/lang/ArrayIndexOutOfBoundsException'> (0x00000000eabcd8f0) thrown at [C:\re\workspace\8-2-build-windows-amd64-cygwin\jdk8u111\7883\hotspot\src\share\vm\runtime\sharedRuntime.cpp, line 605]
Event: 5.532 Thread 0x0000000017019000 Exception <a 'java/lang/ArrayIndexOutOfBoundsException'> (0x00000000eabcebe0) thrown at [C:\re\workspace\8-2-build-windows-amd64-cygwin\jdk8u111\7883\hotspot\src\share\vm\runtime\sharedRuntime.cpp, line 605]
Event: 7.616 Thread 0x0000000017019000 Exception <a 'java/lang/NullPointerException'> (0x00000000ebc41fd0) thrown at [C:\re\workspace\8-2-build-windows-amd64-cygwin\jdk8u111\7883\hotspot\src\share\vm\interpreter\linkResolver.cpp, line 1178]
Event: 7.725 Thread 0x0000000017f8e000 Exception <a 'java/lang/NullPointerException'> (0x00000000ec186bf8) thrown at [C:\re\workspace\8-2-build-windows-amd64-cygwin\jdk8u111\7883\hotspot\src\share\vm\interpreter\linkResolver.cpp, line 1178]
Event: 7.725 Thread 0x0000000017f8e000 Exception <a 'java/lang/NullPointerException'> (0x00000000ec186bf8) thrown at [C:\re\workspace\8-2-build-windows-amd64-cygwin\jdk8u111\7883\hotspot\src\share\vm\prims\jvm.cpp, line 1390]

Events (10 events):
Event: 8.733 loading class javafx/scene/chart/Axis$StyleableProperties$6
Event: 8.733 loading class javafx/scene/chart/Axis$StyleableProperties$6 done
Event: 8.733 loading class javafx/scene/chart/Axis$StyleableProperties$7
Event: 8.733 loading class javafx/scene/chart/Axis$StyleableProperties$7 done
Event: 8.736 loading class javafx/scene/chart/NumberAxis$StyleableProperties
Event: 8.736 loading class javafx/scene/chart/NumberAxis$StyleableProperties done
Event: 8.737 loading class javafx/scene/chart/NumberAxis$StyleableProperties$1
Event: 8.737 loading class javafx/scene/chart/NumberAxis$StyleableProperties$1 done
Event: 8.737 loading class javafx/scene/chart/ValueAxis$StyleableProperties
Event: 8.737 loading class javafx/scene/chart/ValueAxis$StyleableProperties done


Dynamic libraries:
0x00007ff6c0cf0000 - 0x00007ff6c0d27000 	C:\Program Files\Java\jdk1.8.0_111\bin\java.exe
0x00007ffc28d80000 - 0x00007ffc28f51000 	C:\Windows\SYSTEM32\ntdll.dll
0x00007ffc28b30000 - 0x00007ffc28bdb000 	C:\Windows\System32\KERNEL32.DLL
0x00007ffc25d70000 - 0x00007ffc25f8d000 	C:\Windows\System32\KERNELBASE.dll
0x00007ffc26320000 - 0x00007ffc263c2000 	C:\Windows\System32\ADVAPI32.dll
0x00007ffc26eb0000 - 0x00007ffc26f4e000 	C:\Windows\System32\msvcrt.dll
0x00007ffc265c0000 - 0x00007ffc26619000 	C:\Windows\System32\sechost.dll
0x00007ffc28c50000 - 0x00007ffc28d71000 	C:\Windows\System32\RPCRT4.dll
0x00007ffc28880000 - 0x00007ffc289e5000 	C:\Windows\System32\USER32.dll
0x00007ffc25370000 - 0x00007ffc2538e000 	C:\Windows\System32\win32u.dll
0x00007ffc27190000 - 0x00007ffc271c4000 	C:\Windows\System32\GDI32.dll
0x00007ffc25be0000 - 0x00007ffc25d62000 	C:\Windows\System32\gdi32full.dll
0x00007ffc1eff0000 - 0x00007ffc1f26a000 	C:\Windows\WinSxS\amd64_microsoft.windows.common-controls_6595b64144ccf1df_6.0.14393.953_none_42151e83c686086b\COMCTL32.dll
0x00007ffc266e0000 - 0x00007ffc269a8000 	C:\Windows\System32\combase.dll
0x00007ffc25270000 - 0x00007ffc25365000 	C:\Windows\System32\ucrtbase.dll
0x00007ffc253e0000 - 0x00007ffc2544a000 	C:\Windows\System32\bcryptPrimitives.dll
0x00007ffc263d0000 - 0x00007ffc263fe000 	C:\Windows\System32\IMM32.DLL
0x0000000052630000 - 0x0000000052702000 	C:\Program Files\Java\jdk1.8.0_111\jre\bin\msvcr100.dll
0x0000000050c60000 - 0x00000000514fa000 	C:\Program Files\Java\jdk1.8.0_111\jre\bin\server\jvm.dll
0x00007ffc26310000 - 0x00007ffc26318000 	C:\Windows\System32\PSAPI.DLL
0x00007ffc234c0000 - 0x00007ffc234c9000 	C:\Windows\SYSTEM32\WSOCK32.dll
0x00007ffc23660000 - 0x00007ffc23683000 	C:\Windows\SYSTEM32\WINMM.dll
0x00007ffc27110000 - 0x00007ffc2717a000 	C:\Windows\System32\WS2_32.dll
0x00007ffc20a40000 - 0x00007ffc20a4a000 	C:\Windows\SYSTEM32\VERSION.dll
0x00007ffc234f0000 - 0x00007ffc2351b000 	C:\Windows\SYSTEM32\WINMMBASE.dll
0x00007ffc25390000 - 0x00007ffc253d2000 	C:\Windows\System32\cfgmgr32.dll
0x0000000052620000 - 0x000000005262f000 	C:\Program Files\Java\jdk1.8.0_111\jre\bin\verify.dll
0x00000000525f0000 - 0x0000000052619000 	C:\Program Files\Java\jdk1.8.0_111\jre\bin\java.dll
0x00000000525d0000 - 0x00000000525e6000 	C:\Program Files\Java\jdk1.8.0_111\jre\bin\zip.dll
0x00007ffc27370000 - 0x00007ffc28879000 	C:\Windows\System32\SHELL32.dll
0x00007ffc25450000 - 0x00007ffc25b2a000 	C:\Windows\System32\windows.storage.dll
0x00007ffc251e0000 - 0x00007ffc2522c000 	C:\Windows\System32\powrprof.dll
0x00007ffc26e40000 - 0x00007ffc26e92000 	C:\Windows\System32\shlwapi.dll
0x00007ffc25260000 - 0x00007ffc2526f000 	C:\Windows\System32\kernel.appcore.dll
0x00007ffc261c0000 - 0x00007ffc26269000 	C:\Windows\System32\shcore.dll
0x00007ffc25240000 - 0x00007ffc25254000 	C:\Windows\System32\profapi.dll
0x0000000052880000 - 0x0000000052a18000 	C:\Program Files\Java\jdk1.8.0_111\jre\bin\awt.dll
0x00007ffc26620000 - 0x00007ffc266df000 	C:\Windows\System32\OLEAUT32.dll
0x00007ffc26270000 - 0x00007ffc2630c000 	C:\Windows\System32\msvcp_win.dll
0x00007ffc23790000 - 0x00007ffc2380a000 	C:\Windows\SYSTEM32\apphelp.dll
0x00007ffc23960000 - 0x00007ffc239f5000 	C:\Windows\system32\uxtheme.dll
0x00007ffc26fb0000 - 0x00007ffc2710a000 	C:\Windows\System32\MSCTF.dll
0x00007ffc230f0000 - 0x00007ffc23116000 	C:\Windows\system32\dwmapi.dll
0x00007ffc289f0000 - 0x00007ffc28b27000 	C:\Windows\System32\ole32.dll
0x0000000052830000 - 0x0000000052877000 	C:\Program Files\Java\jdk1.8.0_111\jre\bin\fontmanager.dll
0x00007ffc1e9d0000 - 0x00007ffc1eb5d000 	C:\Windows\system32\d3d9.dll
0x00007ffbfde90000 - 0x00007ffbfef46000 	C:\Windows\SYSTEM32\nvd3dumx.dll
0x00007ffc206e0000 - 0x00007ffc2084c000 	C:\Program Files (x86)\NVIDIA Corporation\3D Vision\nvSCPAPI64.dll
0x00007ffc26a10000 - 0x00007ffc26e39000 	C:\Windows\System32\SETUPAPI.dll
0x00000000525b0000 - 0x00000000525ca000 	C:\Program Files\Java\jdk1.8.0_111\jre\bin\net.dll
0x00007ffc24ab0000 - 0x00007ffc24b0c000 	C:\Windows\system32\mswsock.dll
0x0000000052590000 - 0x00000000525a1000 	C:\Program Files\Java\jdk1.8.0_111\jre\bin\nio.dll
0x00000000527e0000 - 0x0000000052822000 	C:\Program Files\Java\jdk1.8.0_111\jre\bin\t2k.dll
0x00007ffc272d0000 - 0x00007ffc2736f000 	C:\Windows\System32\clbcatq.dll
0x00007ffc22a30000 - 0x00007ffc22bd8000 	C:\Windows\SYSTEM32\WindowsCodecs.dll
0x00007ffc13fc0000 - 0x00007ffc14009000 	C:\Windows\system32\dataexchange.dll
0x00007ffc21e60000 - 0x00007ffc22116000 	C:\Windows\system32\d3d11.dll
0x00007ffc23360000 - 0x00007ffc234b1000 	C:\Windows\system32\dcomp.dll
0x00007ffc24160000 - 0x00007ffc241ff000 	C:\Windows\system32\dxgi.dll
0x00007ffc23c00000 - 0x00007ffc23d1c000 	C:\Windows\system32\twinapi.appcore.dll
0x00007ffc25120000 - 0x00007ffc2514b000 	C:\Windows\system32\bcrypt.dll
0x00007ffc24c60000 - 0x00007ffc24c77000 	C:\Windows\SYSTEM32\CRYPTSP.dll
0x00007ffc246b0000 - 0x00007ffc246e3000 	C:\Windows\system32\rsaenh.dll
0x00007ffc24940000 - 0x00007ffc2495f000 	C:\Windows\SYSTEM32\USERENV.dll
0x00007ffc24c50000 - 0x00007ffc24c5b000 	C:\Windows\SYSTEM32\CRYPTBASE.dll
0x00007ffc24830000 - 0x00007ffc24868000 	C:\Windows\SYSTEM32\IPHLPAPI.DLL
0x00007ffc27180000 - 0x00007ffc27188000 	C:\Windows\System32\NSI.dll
0x00007ffc1f8c0000 - 0x00007ffc1f8d6000 	C:\Windows\SYSTEM32\dhcpcsvc6.DLL
0x00007ffc1f860000 - 0x00007ffc1f87a000 	C:\Windows\SYSTEM32\dhcpcsvc.DLL
0x0000000052560000 - 0x000000005258a000 	C:\Program Files\Java\jdk1.8.0_111\jre\bin\dcpr.dll
0x00007ffc1dd50000 - 0x00007ffc1de22000 	C:\Windows\System32\IME\IMEKR\imkrtip.dll
0x00007ffc22c80000 - 0x00007ffc22e05000 	C:\Windows\SYSTEM32\PROPSYS.dll
0x00007ffc1d2b0000 - 0x00007ffc1d406000 	C:\Windows\System32\IME\shared\imetip.dll
0x00007ffc1f320000 - 0x00007ffc1f385000 	C:\Windows\SYSTEM32\OLEACC.dll
0x00007ffc1cbf0000 - 0x00007ffc1cd98000 	C:\Windows\SYSTEM32\DUI70.dll
0x00007ffc1f3e0000 - 0x00007ffc1f418000 	C:\Windows\System32\IME\IMEKR\imkrapi.dll
0x00007ffc1f2e0000 - 0x00007ffc1f315000 	C:\Windows\System32\IME\shared\imjkapi.dll
0x00007ffc24580000 - 0x00007ffc245b2000 	C:\Windows\SYSTEM32\ntmarta.dll
0x00007ffc24870000 - 0x00007ffc24911000 	C:\Windows\SYSTEM32\DNSAPI.dll
0x00007ffc1cba0000 - 0x00007ffc1cbaa000 	C:\Windows\System32\rasadhlp.dll
0x00007ffc1f270000 - 0x00007ffc1f2da000 	C:\Windows\System32\fwpuclnt.dll
0x00007ffc06990000 - 0x00007ffc06a7f000 	C:\Program Files\Java\jdk1.8.0_111\jre\bin\msvcr120.dll
0x00007ffc087c0000 - 0x00007ffc08866000 	C:\Program Files\Java\jdk1.8.0_111\jre\bin\msvcp120.dll
0x00000000527b0000 - 0x00000000527d2000 	C:\Program Files\Java\jdk1.8.0_111\jre\bin\prism_d3d.dll
0x0000000052760000 - 0x00000000527a3000 	C:\Program Files\Java\jdk1.8.0_111\jre\bin\glass.dll
0x00007ffc271d0000 - 0x00007ffc272ca000 	C:\Windows\System32\COMDLG32.dll
0x00007ffc1fee0000 - 0x00007ffc20216000 	C:\Windows\system32\nvapi64.dll
0x00007ffc23db0000 - 0x00007ffc23dd8000 	C:\Windows\SYSTEM32\DEVOBJ.dll
0x00007ffc26160000 - 0x00007ffc261b5000 	C:\Windows\System32\WINTRUST.dll
0x00007ffc25230000 - 0x00007ffc25240000 	C:\Windows\System32\MSASN1.dll
0x00007ffc25f90000 - 0x00007ffc26159000 	C:\Windows\System32\CRYPT32.dll
0x0000000052740000 - 0x0000000052754000 	C:\Program Files\Java\jdk1.8.0_111\jre\bin\javafx_font.dll
0x00007ffc1c920000 - 0x00007ffc1cb89000 	C:\Windows\SYSTEM32\dwrite.dll
0x00007ffc190a0000 - 0x00007ffc19232000 	C:\Windows\SYSTEM32\dbghelp.dll

VM Arguments:
jvm_args: -Dfile.encoding=x-windows-949 -Duser.country=KR -Duser.language=ko -Duser.variant 
java_command: kr.or.dgit.sw_project.MainApp
java_class_path (initial): C:\Users\KDW\git\sw_project\build\classes\main;C:\Users\KDW\git\sw_project\build\resources\main;C:\Users\KDW\git\sw_project\src\main\resources\kr\or\dgit\sw_project\libraries\jxl.jar;C:\Users\KDW\git\sw_project\src\main\resources\kr\or\dgit\sw_project\libraries\DatePanel.jar;C:\Users\KDW\git\sw_project\src\main\resources\kr\or\dgit\sw_project\libraries\erp_myframework.jar;C:\Users\KDW\git\sw_project\src\main\resources\kr\or\dgit\sw_project\lookandfeel\syntheticaAluOxide.jar;C:\Users\KDW\git\sw_project\src\main\resources\kr\or\dgit\sw_project\lookandfeel\synthetica.jar;C:\Users\KDW\git\sw_project\src\main\resources\kr\or\dgit\sw_project\libraries\swingx-1.6.5.jar;C:\Users\KDW\git\sw_project\src\main\resources\kr\or\dgit\sw_project\libraries\syntheticaAddons.jar;C:\Users\KDW\git\sw_project\src\main\resources\kr\or\dgit\sw_project\libraries\syntheticaAluOxideAddon.jar;C:\Users\KDW\git\sw_project\src\main\resources\kr\or\dgit\sw_project\libraries\jfxrt.jar;C:\Users\KDW\.gradle\caches\modules-2\files-2.1\mysql\mysql-connector-java\5.1.41\b0878056f15616989144d6114d36d3942321d0d1\mysql-connector-java-5.1.41.jar;C:\Users\KDW\.gradle\caches\modules-2\files-2.1\org.mybatis\mybatis\3.4.2\2b9a5082fe0bdb3128bab8b4b19b23ca0f3d9b38\mybatis-3.4.2.jar;C:\Users\KDW\.gradle\caches\modules-2\files-2.1\junit\junit\4.12\2973d150c0dc1fefe998f834810d68f278ea58ec\junit-4.12.jar;C:\Users\KDW\.gradle\caches\modules-2\files-2.1\log4j\log4j\1.2.17\5af35056b4d257e4b64b9e8069c0746e8b08629f\log4j-1.2.17.jar;C:\Users\KDW\.gradle\caches\modules-2\files-2.1\org.hamcrest\hamcrest-core\1.3\42a25dc3219429f0e5d060061f71acb49bf010a0\hamcrest-core-1.3.jar
Launcher Type: SUN_STANDARD

Environment Variables:
JAVA_HOME=C:\Program Files\Java\jdk1.8.0_111
PATH=C:/Program Files/Java/jdk1.8.0_111/bin/../jre/bin/server;C:/Program Files/Java/jdk1.8.0_111/bin/../jre/bin;C:/Program Files/Java/jdk1.8.0_111/bin/../jre/lib/amd64;C:\Program Files\Java\jdk1.8.0_111\bin;C:\ProgramData\Oracle\Java\javapath;C:\Program Files (x86)\NVIDIA Corporation\PhysX\Common;C:\Windows\system32;C:\Windows;C:\Windows\System32\Wbem;C:\Windows\System32\WindowsPowerShell\v1.0\;C:\Program Files\MySQL\MySQL Server 5.6\bin;C:\Program Files\Git\cmd;D:\gradle-3.4.1-bin\bin;C:\Users\KDW\AppData\Local\Microsoft\WindowsApps;;C:\eclipse_java;
USERNAME=KDW
OS=Windows_NT
PROCESSOR_IDENTIFIER=Intel64 Family 6 Model 23 Stepping 10, GenuineIntel



---------------  S Y S T E M  ---------------

OS: Windows 10.0 , 64 bit Build 14393 (10.0.14393.0)

CPU:total 4 (4 cores per cpu, 1 threads per core) family 6 model 23 stepping 10, cmov, cx8, fxsr, mmx, sse, sse2, sse3, ssse3, sse4.1, tsc

Memory: 4k page, physical 4192492k(897760k free), swap 6499428k(1089916k free)

vm_info: Java HotSpot(TM) 64-Bit Server VM (25.111-b14) for windows-amd64 JRE (1.8.0_111-b14), built on Sep 22 2016 19:24:05 by "java_re" with MS VC++ 10.0 (VS2010)

time: Thu Apr 13 20:32:29 2017
elapsed time: 8 seconds (0d 0h 0m 8s)

