#
# A fatal error has been detected by the Java Runtime Environment:
#
#  EXCEPTION_ACCESS_VIOLATION (0xc0000005) at pc=0xffffffffa44c5120, pid=527216, tid=0x0000000000001d70
#
# JRE version: Java(TM) SE Runtime Environment (8.0_111-b14) (build 1.8.0_111-b14)
# Java VM: Java HotSpot(TM) 64-Bit Server VM (25.111-b14 mixed mode windows-amd64 compressed oops)
# Problematic frame:
# C  0xffffffffa44c5120
#
# Failed to write core dump. Minidumps are not enabled by default on client versions of Windows
#
# If you would like to submit a bug report, please visit:
#   http://bugreport.java.com/bugreport/crash.jsp
#

---------------  T H R E A D  ---------------

Current thread (0x00000000174cf000):  JavaThread "AWT-EventQueue-0" [_thread_in_Java, id=7536, stack(0x0000000018700000,0x0000000018800000)]

siginfo: ExceptionCode=0xc0000005, ExceptionInformation=0x0000000000000008 0xffffffffa44c5120

Registers:
RAX=0x0000000000000001, RBX=0x00000000157d1c48, RCX=0x0000000000000000, RDX=0x00000000eb0545e0
RSP=0x00000000187fd098, RBP=0x00000000187fd9b0, RSI=0x00000000c0197c48, RDI=0x0000000000000001
R8 =0x0000000000000312, R9 =0x00000000000000ce, R10=0x00000000eb0545e0, R11=0x000000000000030e
R12=0x0000000000000000, R13=0x0000000100017908, R14=0x000000001d2485d8, R15=0x00000000174cf000
RIP=0xffffffffa44c5120, EFLAGS=0x0000000000010212

Top of Stack: (sp=0x00000000187fd098)
0x00000000187fd098:   0000000003a74d54 00000000ec3263f0
0x00000000187fd0a8:   00000000eafaefd8 00000000ed346478
0x00000000187fd0b8:   0000000500000006 00000000187fd9b0
0x00000000187fd0c8:   0000000003a81d54 0000000000000000
0x00000000187fd0d8:   0000000000000000 00000000187fd9b0
0x00000000187fd0e8:   00000000c0197c48 0000000000000000
0x00000000187fd0f8:   00000000eb0535a8 000000f800000317
0x00000000187fd108:   0000000000000001 00000000eb0545e0
0x00000000187fd118:   0000000000000000 00000000c0000710
0x00000000187fd128:   00000000c03f9d80 00000000187fd9b0
0x00000000187fd138:   0000000003a7617c 0000000000000000
0x00000000187fd148:   000000000414405c 00000000eba3f578
0x00000000187fd158:   00000000037a00d4 00000000187fd9b0
0x00000000187fd168:   00000000038f9604 00000000eba3f578
0x00000000187fd178:   000000000415eab4 00000000eb0535a8
0x00000000187fd188:   000000f800000317 0000000000000001 

Instructions: (pc=0xffffffffa44c5120)
0xffffffffa44c5100:   
[error occurred during error reporting (printing registers, top of stack, instructions near pc), id 0xc0000005]

Register to memory mapping:

RAX=0x0000000000000001 is an unknown value
RBX={method} {0x00000000157d1c50} 'contains' '(Ljavax/swing/JComponent;II)Z' in 'javax/swing/plaf/ComponentUI'
RCX=0x0000000000000000 is an unknown value
RDX=0x00000000eb0545e0 is an oop
javax.swing.JTabbedPane 
 - klass: 'javax/swing/JTabbedPane'
RSP=0x00000000187fd098 is pointing into the stack for thread: 0x00000000174cf000
RBP=0x00000000187fd9b0 is pointing into the stack for thread: 0x00000000174cf000
RSI=0x00000000c0197c48 is an oop
java.awt.Container$MouseEventTargetFilter 
 - klass: 'java/awt/Container$MouseEventTargetFilter'
RDI=0x0000000000000001 is an unknown value
R8 =0x0000000000000312 is an unknown value
R9 =0x00000000000000ce is an unknown value
R10=0x00000000eb0545e0 is an oop
javax.swing.JTabbedPane 
 - klass: 'javax/swing/JTabbedPane'
R11=0x000000000000030e is an unknown value
R12=0x0000000000000000 is an unknown value
R13=0x0000000100017908 is pointing into metadata
R14=0x000000001d2485d8 is pointing into metadata
R15=0x00000000174cf000 is a thread


Stack: [0x0000000018700000,0x0000000018800000],  sp=0x00000000187fd098,  free space=1012k
Native frames: (J=compiled Java code, j=interpreted, Vv=VM code, C=native code)
C  0xffffffffa44c5120


---------------  P R O C E S S  ---------------

Java Threads: ( => current thread )
  0x0000000019e8a800 JavaThread "Image Fetcher 0" daemon [_thread_blocked, id=525208, stack(0x000000001fa20000,0x000000001fb20000)]
  0x0000000019e89800 JavaThread "Thread-8" daemon [_thread_blocked, id=527140, stack(0x000000001e950000,0x000000001ea50000)]
  0x0000000019e8b000 JavaThread "Abandoned connection cleanup thread" daemon [_thread_blocked, id=158120, stack(0x000000001e450000,0x000000001e550000)]
  0x0000000019f39800 JavaThread "SyntheticaAnimation 60" daemon [_thread_blocked, id=526528, stack(0x000000001df50000,0x000000001e050000)]
  0x0000000019f93000 JavaThread "SyntheticaAnimation 50" daemon [_thread_blocked, id=6336, stack(0x000000001d3c0000,0x000000001d4c0000)]
  0x000000001819b800 JavaThread "D3D Screen Updater" daemon [_thread_blocked, id=8900, stack(0x000000001d2b0000,0x000000001d3b0000)]
  0x000000001a555000 JavaThread "TimerQueue" daemon [_thread_blocked, id=525348, stack(0x000000001caf0000,0x000000001cbf0000)]
  0x0000000017da3000 JavaThread "SyntheticaCleanerThread" daemon [_thread_blocked, id=526740, stack(0x0000000019ae0000,0x0000000019be0000)]
  0x0000000017ba3000 JavaThread "Thread-2" daemon [_thread_blocked, id=289724, stack(0x0000000018800000,0x0000000018900000)]
  0x00000000033bd800 JavaThread "DestroyJavaVM" [_thread_blocked, id=158536, stack(0x00000000031d0000,0x00000000032d0000)]
=>0x00000000174cf000 JavaThread "AWT-EventQueue-0" [_thread_in_Java, id=7536, stack(0x0000000018700000,0x0000000018800000)]
  0x00000000174cd000 JavaThread "AWT-Windows" daemon [_thread_in_native, id=526404, stack(0x00000000184b0000,0x00000000185b0000)]
  0x00000000174ca000 JavaThread "AWT-Shutdown" [_thread_blocked, id=8152, stack(0x00000000183b0000,0x00000000184b0000)]
  0x00000000174dd800 JavaThread "Java2D Disposer" daemon [_thread_blocked, id=9068, stack(0x00000000182b0000,0x00000000183b0000)]
  0x000000001716d800 JavaThread "Service Thread" daemon [_thread_blocked, id=525088, stack(0x00000000177e0000,0x00000000178e0000)]
  0x00000000170eb000 JavaThread "C1 CompilerThread2" daemon [_thread_blocked, id=527108, stack(0x00000000176e0000,0x00000000177e0000)]
  0x00000000170e2800 JavaThread "C2 CompilerThread1" daemon [_thread_blocked, id=9300, stack(0x00000000175e0000,0x00000000176e0000)]
  0x0000000015bec800 JavaThread "C2 CompilerThread0" daemon [_thread_blocked, id=158520, stack(0x00000000174e0000,0x00000000175e0000)]
  0x0000000015beb000 JavaThread "Attach Listener" daemon [_thread_blocked, id=526164, stack(0x0000000016fe0000,0x00000000170e0000)]
  0x0000000015b9d000 JavaThread "Signal Dispatcher" daemon [_thread_blocked, id=525244, stack(0x0000000016ee0000,0x0000000016fe0000)]
  0x0000000015b79000 JavaThread "Finalizer" daemon [_thread_blocked, id=525128, stack(0x0000000016de0000,0x0000000016ee0000)]
  0x00000000034b1000 JavaThread "Reference Handler" daemon [_thread_blocked, id=518864, stack(0x0000000016ce0000,0x0000000016de0000)]

Other Threads:
  0x0000000015b57800 VMThread [stack: 0x0000000016be0000,0x0000000016ce0000] [id=158672]
  0x00000000171b6800 WatcherThread [stack: 0x00000000178e0000,0x00000000179e0000] [id=6664]

VM state:not at safepoint (normal execution)

VM Mutex/Monitor currently owned by a thread: None

Heap:
 PSYoungGen      total 57856K, used 46065K [0x00000000eab00000, 0x00000000eee80000, 0x0000000100000000)
  eden space 51200K, 81% used [0x00000000eab00000,0x00000000ed3fa468,0x00000000edd00000)
  from space 6656K, 61% used [0x00000000ee380000,0x00000000ee7821e0,0x00000000eea00000)
  to   space 6656K, 0% used [0x00000000edd00000,0x00000000edd00000,0x00000000ee380000)
 ParOldGen       total 31232K, used 6515K [0x00000000c0000000, 0x00000000c1e80000, 0x00000000eab00000)
  object space 31232K, 20% used [0x00000000c0000000,0x00000000c065cc70,0x00000000c1e80000)
 Metaspace       used 29662K, capacity 30202K, committed 30336K, reserved 1075200K
  class space    used 3725K, capacity 3861K, committed 3968K, reserved 1048576K

Card table byte_map: [0x0000000012880000,0x0000000012a90000] byte_map_base: 0x0000000012280000

Marking Bits: (ParMarkBitMap*) 0x000000005559a6c0
 Begin Bits: [0x0000000012ff0000, 0x0000000013ff0000)
 End Bits:   [0x0000000013ff0000, 0x0000000014ff0000)

Polling page: 0x00000000016b0000

CodeCache: size=245760Kb used=13257Kb max_used=13325Kb free=232502Kb
 bounds [0x00000000034c0000, 0x00000000041f0000, 0x00000000124c0000]
 total_blobs=4697 nmethods=4030 adapters=579
 compilation: enabled

Compilation events (10 events):
Event: 13.085 Thread 0x00000000170eb000 4480   !   3       sun.dc.pr.Rasterizer::appendLine (46 bytes)
Event: 13.085 Thread 0x00000000170eb000 nmethod 4480 0x00000000037f4ad0 code [0x00000000037f4c80, 0x00000000037f50b8]
Event: 13.086 Thread 0x00000000170eb000 4482   !   3       sun.dc.pr.Rasterizer::appendCubic (55 bytes)
Event: 13.086 Thread 0x00000000170eb000 nmethod 4482 0x0000000003618790 code [0x0000000003618940, 0x0000000003618d78]
Event: 13.086 Thread 0x00000000170eb000 4484       3       de.javasoft.plaf.synthetica.painter.UIKey::findProperty (97 bytes)
Event: 13.087 Thread 0x00000000170eb000 nmethod 4484 0x00000000038febd0 code [0x00000000038fee40, 0x0000000003900098]
Event: 14.629 Thread 0x0000000015bec800 4485       4       javax.swing.JComponent::getY (5 bytes)
Event: 14.630 Thread 0x0000000015bec800 nmethod 4485 0x0000000003928510 code [0x0000000003928640, 0x0000000003928698]
Event: 14.666 Thread 0x00000000170e2800 4486       4       java.awt.Container::getMouseEventTarget (50 bytes)
Event: 14.690 Thread 0x00000000170e2800 nmethod 4486 0x00000000041c9fd0 code [0x00000000041ca1e0, 0x00000000041cb188]

GC Heap History (10 events):
Event: 6.812 GC heap before
{Heap before GC invocations=3 (full 0):
 PSYoungGen      total 18944K, used 7350K [0x00000000eab00000, 0x00000000ed000000, 0x0000000100000000)
  eden space 16384K, 29% used [0x00000000eab00000,0x00000000eafb3390,0x00000000ebb00000)
  from space 2560K, 99% used [0x00000000ecd80000,0x00000000ecffa610,0x00000000ed000000)
  to   space 2560K, 0% used [0x00000000ebb00000,0x00000000ebb00000,0x00000000ebd80000)
 ParOldGen       total 44032K, used 4789K [0x00000000c0000000, 0x00000000c2b00000, 0x00000000eab00000)
  object space 44032K, 10% used [0x00000000c0000000,0x00000000c04ad468,0x00000000c2b00000)
 Metaspace       used 20890K, capacity 21104K, committed 21248K, reserved 1067008K
  class space    used 2712K, capacity 2780K, committed 2816K, reserved 1048576K
Event: 6.821 GC heap after
Heap after GC invocations=3 (full 0):
 PSYoungGen      total 18944K, used 2553K [0x00000000eab00000, 0x00000000ed000000, 0x0000000100000000)
  eden space 16384K, 0% used [0x00000000eab00000,0x00000000eab00000,0x00000000ebb00000)
  from space 2560K, 99% used [0x00000000ebb00000,0x00000000ebd7e630,0x00000000ebd80000)
  to   space 2560K, 0% used [0x00000000ecd80000,0x00000000ecd80000,0x00000000ed000000)
 ParOldGen       total 44032K, used 5554K [0x00000000c0000000, 0x00000000c2b00000, 0x00000000eab00000)
  object space 44032K, 12% used [0x00000000c0000000,0x00000000c056cb18,0x00000000c2b00000)
 Metaspace       used 20890K, capacity 21104K, committed 21248K, reserved 1067008K
  class space    used 2712K, capacity 2780K, committed 2816K, reserved 1048576K
}
Event: 6.821 GC heap before
{Heap before GC invocations=4 (full 1):
 PSYoungGen      total 18944K, used 2553K [0x00000000eab00000, 0x00000000ed000000, 0x0000000100000000)
  eden space 16384K, 0% used [0x00000000eab00000,0x00000000eab00000,0x00000000ebb00000)
  from space 2560K, 99% used [0x00000000ebb00000,0x00000000ebd7e630,0x00000000ebd80000)
  to   space 2560K, 0% used [0x00000000ecd80000,0x00000000ecd80000,0x00000000ed000000)
 ParOldGen       total 44032K, used 5554K [0x00000000c0000000, 0x00000000c2b00000, 0x00000000eab00000)
  object space 44032K, 12% used [0x00000000c0000000,0x00000000c056cb18,0x00000000c2b00000)
 Metaspace       used 20890K, capacity 21104K, committed 21248K, reserved 1067008K
  class space    used 2712K, capacity 2780K, committed 2816K, reserved 1048576K
Event: 6.864 GC heap after
Heap after GC invocations=4 (full 1):
 PSYoungGen      total 18944K, used 0K [0x00000000eab00000, 0x00000000ed000000, 0x0000000100000000)
  eden space 16384K, 0% used [0x00000000eab00000,0x00000000eab00000,0x00000000ebb00000)
  from space 2560K, 0% used [0x00000000ebb00000,0x00000000ebb00000,0x00000000ebd80000)
  to   space 2560K, 0% used [0x00000000ecd80000,0x00000000ecd80000,0x00000000ed000000)
 ParOldGen       total 31232K, used 6491K [0x00000000c0000000, 0x00000000c1e80000, 0x00000000eab00000)
  object space 31232K, 20% used [0x00000000c0000000,0x00000000c0656c70,0x00000000c1e80000)
 Metaspace       used 20890K, capacity 21104K, committed 21248K, reserved 1067008K
  class space    used 2712K, capacity 2780K, committed 2816K, reserved 1048576K
}
Event: 7.274 GC heap before
{Heap before GC invocations=5 (full 1):
 PSYoungGen      total 18944K, used 16384K [0x00000000eab00000, 0x00000000ed000000, 0x0000000100000000)
  eden space 16384K, 100% used [0x00000000eab00000,0x00000000ebb00000,0x00000000ebb00000)
  from space 2560K, 0% used [0x00000000ebb00000,0x00000000ebb00000,0x00000000ebd80000)
  to   space 2560K, 0% used [0x00000000ecd80000,0x00000000ecd80000,0x00000000ed000000)
 ParOldGen       total 31232K, used 6491K [0x00000000c0000000, 0x00000000c1e80000, 0x00000000eab00000)
  object space 31232K, 20% used [0x00000000c0000000,0x00000000c0656c70,0x00000000c1e80000)
 Metaspace       used 22236K, capacity 22454K, committed 22784K, reserved 1069056K
  class space    used 2881K, capacity 2974K, committed 3072K, reserved 1048576K
Event: 7.281 GC heap after
Heap after GC invocations=5 (full 1):
 PSYoungGen      total 30720K, used 1429K [0x00000000eab00000, 0x00000000ecf00000, 0x0000000100000000)
  eden space 29184K, 0% used [0x00000000eab00000,0x00000000eab00000,0x00000000ec780000)
  from space 1536K, 93% used [0x00000000ecd80000,0x00000000ecee57a0,0x00000000ecf00000)
  to   space 2560K, 0% used [0x00000000eca00000,0x00000000eca00000,0x00000000ecc80000)
 ParOldGen       total 31232K, used 6499K [0x00000000c0000000, 0x00000000c1e80000, 0x00000000eab00000)
  object space 31232K, 20% used [0x00000000c0000000,0x00000000c0658c70,0x00000000c1e80000)
 Metaspace       used 22236K, capacity 22454K, committed 22784K, reserved 1069056K
  class space    used 2881K, capacity 2974K, committed 3072K, reserved 1048576K
}
Event: 7.634 GC heap before
{Heap before GC invocations=6 (full 1):
 PSYoungGen      total 30720K, used 30613K [0x00000000eab00000, 0x00000000ecf00000, 0x0000000100000000)
  eden space 29184K, 100% used [0x00000000eab00000,0x00000000ec780000,0x00000000ec780000)
  from space 1536K, 93% used [0x00000000ecd80000,0x00000000ecee57a0,0x00000000ecf00000)
  to   space 2560K, 0% used [0x00000000eca00000,0x00000000eca00000,0x00000000ecc80000)
 ParOldGen       total 31232K, used 6499K [0x00000000c0000000, 0x00000000c1e80000, 0x00000000eab00000)
  object space 31232K, 20% used [0x00000000c0000000,0x00000000c0658c70,0x00000000c1e80000)
 Metaspace       used 23018K, capacity 23228K, committed 23552K, reserved 1069056K
  class space    used 2960K, capacity 3039K, committed 3072K, reserved 1048576K
Event: 7.640 GC heap after
Heap after GC invocations=6 (full 1):
 PSYoungGen      total 34304K, used 2027K [0x00000000eab00000, 0x00000000eea00000, 0x0000000100000000)
  eden space 31744K, 0% used [0x00000000eab00000,0x00000000eab00000,0x00000000eca00000)
  from space 2560K, 79% used [0x00000000eca00000,0x00000000ecbfae08,0x00000000ecc80000)
  to   space 6656K, 0% used [0x00000000ee380000,0x00000000ee380000,0x00000000eea00000)
 ParOldGen       total 31232K, used 6507K [0x00000000c0000000, 0x00000000c1e80000, 0x00000000eab00000)
  object space 31232K, 20% used [0x00000000c0000000,0x00000000c065ac70,0x00000000c1e80000)
 Metaspace       used 23018K, capacity 23228K, committed 23552K, reserved 1069056K
  class space    used 2960K, capacity 3039K, committed 3072K, reserved 1048576K
}
Event: 8.170 GC heap before
{Heap before GC invocations=7 (full 1):
 PSYoungGen      total 34304K, used 33771K [0x00000000eab00000, 0x00000000eea00000, 0x0000000100000000)
  eden space 31744K, 100% used [0x00000000eab00000,0x00000000eca00000,0x00000000eca00000)
  from space 2560K, 79% used [0x00000000eca00000,0x00000000ecbfae08,0x00000000ecc80000)
  to   space 6656K, 0% used [0x00000000ee380000,0x00000000ee380000,0x00000000eea00000)
 ParOldGen       total 31232K, used 6507K [0x00000000c0000000, 0x00000000c1e80000, 0x00000000eab00000)
  object space 31232K, 20% used [0x00000000c0000000,0x00000000c065ac70,0x00000000c1e80000)
 Metaspace       used 25384K, capacity 25640K, committed 25856K, reserved 1071104K
  class space    used 3167K, capacity 3265K, committed 3328K, reserved 1048576K
Event: 8.179 GC heap after
Heap after GC invocations=7 (full 1):
 PSYoungGen      total 57856K, used 4104K [0x00000000eab00000, 0x00000000eee80000, 0x0000000100000000)
  eden space 51200K, 0% used [0x00000000eab00000,0x00000000eab00000,0x00000000edd00000)
  from space 6656K, 61% used [0x00000000ee380000,0x00000000ee7821e0,0x00000000eea00000)
  to   space 6656K, 0% used [0x00000000edd00000,0x00000000edd00000,0x00000000ee380000)
 ParOldGen       total 31232K, used 6515K [0x00000000c0000000, 0x00000000c1e80000, 0x00000000eab00000)
  object space 31232K, 20% used [0x00000000c0000000,0x00000000c065cc70,0x00000000c1e80000)
 Metaspace       used 25384K, capacity 25640K, committed 25856K, reserved 1071104K
  class space    used 3167K, capacity 3265K, committed 3328K, reserved 1048576K
}

Deoptimization events (10 events):
Event: 10.696 Thread 0x00000000174cf000 Uncommon trap: reason=unstable_if action=reinterpret pc=0x0000000003e4593c method=de.javasoft.plaf.synthetica.SyntheticaLookAndFeel.get(Ljava/lang/String;Ljava/awt/Component;)Ljava/lang/Object; @ 49
Event: 10.863 Thread 0x00000000174cf000 Uncommon trap: reason=predicate action=maybe_recompile pc=0x0000000003db8094 method=java.lang.String.regionMatches(ZILjava/lang/String;II)Z @ 63
Event: 10.960 Thread 0x00000000174cf000 Uncommon trap: reason=unstable_if action=reinterpret pc=0x0000000003a21ae4 method=sun.awt.image.ByteInterleavedRaster.putByteData(IIII[B)V @ 395
Event: 10.982 Thread 0x00000000174cf000 Uncommon trap: reason=unstable_if action=reinterpret pc=0x00000000040de008 method=sun.font.CMap$CMapFormat4.getGlyph(I)C @ 181
Event: 11.123 Thread 0x00000000174cf000 Uncommon trap: reason=unstable_if action=reinterpret pc=0x0000000003809d44 method=de.javasoft.plaf.synthetica.SyntheticaLookAndFeel.get(Ljava/lang/String;Ljava/lang/String;)Ljava/lang/Object; @ 37
Event: 11.134 Thread 0x00000000174cf000 Uncommon trap: reason=class_check action=maybe_recompile pc=0x00000000036fdb7c method=javax.swing.RepaintManager.addDirtyRegion0(Ljava/awt/Container;IIII)V @ 91
Event: 11.136 Thread 0x00000000174cf000 Uncommon trap: reason=class_check action=maybe_recompile pc=0x00000000036fdb7c method=javax.swing.RepaintManager.addDirtyRegion0(Ljava/awt/Container;IIII)V @ 91
Event: 11.167 Thread 0x00000000174cf000 Uncommon trap: reason=unstable_if action=reinterpret pc=0x00000000036fd410 method=javax.swing.RepaintManager.addDirtyRegion0(Ljava/awt/Container;IIII)V @ 69
Event: 11.168 Thread 0x00000000174cf000 Uncommon trap: reason=unstable_if action=reinterpret pc=0x0000000003850370 method=javax.swing.RepaintManager.addDirtyRegion0(Ljava/awt/Container;IIII)V @ 69
Event: 11.708 Thread 0x00000000174cf000 Uncommon trap: reason=unstable_if action=reinterpret pc=0x000000000412a5c8 method=java.awt.Container.findComponentAtImpl(IIZ)Ljava/awt/Component; @ 24

Internal exceptions (10 events):
Event: 6.897 Thread 0x00000000174cf000 Exception <a 'java/lang/ArrayIndexOutOfBoundsException'> (0x00000000eacc80c8) thrown at [C:\re\workspace\8-2-build-windows-amd64-cygwin\jdk8u111\7883\hotspot\src\share\vm\runtime\sharedRuntime.cpp, line 605]
Event: 6.897 Thread 0x00000000174cf000 Exception <a 'java/lang/ArrayIndexOutOfBoundsException'> (0x00000000eacc94a0) thrown at [C:\re\workspace\8-2-build-windows-amd64-cygwin\jdk8u111\7883\hotspot\src\share\vm\runtime\sharedRuntime.cpp, line 605]
Event: 6.898 Thread 0x00000000174cf000 Exception <a 'java/lang/ArrayIndexOutOfBoundsException'> (0x00000000eacd1180) thrown at [C:\re\workspace\8-2-build-windows-amd64-cygwin\jdk8u111\7883\hotspot\src\share\vm\runtime\sharedRuntime.cpp, line 605]
Event: 6.898 Thread 0x00000000174cf000 Exception <a 'java/lang/ArrayIndexOutOfBoundsException'> (0x00000000eacd2610) thrown at [C:\re\workspace\8-2-build-windows-amd64-cygwin\jdk8u111\7883\hotspot\src\share\vm\runtime\sharedRuntime.cpp, line 605]
Event: 6.898 Thread 0x00000000174cf000 Exception <a 'java/lang/ArrayIndexOutOfBoundsException'> (0x00000000eacd3e60) thrown at [C:\re\workspace\8-2-build-windows-amd64-cygwin\jdk8u111\7883\hotspot\src\share\vm\runtime\sharedRuntime.cpp, line 605]
Event: 6.898 Thread 0x00000000174cf000 Exception <a 'java/lang/ArrayIndexOutOfBoundsException'> (0x00000000eacd5288) thrown at [C:\re\workspace\8-2-build-windows-amd64-cygwin\jdk8u111\7883\hotspot\src\share\vm\runtime\sharedRuntime.cpp, line 605]
Event: 6.898 Thread 0x00000000174cf000 Exception <a 'java/lang/ArrayIndexOutOfBoundsException'> (0x00000000eacd61e0) thrown at [C:\re\workspace\8-2-build-windows-amd64-cygwin\jdk8u111\7883\hotspot\src\share\vm\runtime\sharedRuntime.cpp, line 605]
Event: 6.899 Thread 0x00000000174cf000 Exception <a 'java/lang/ArrayIndexOutOfBoundsException'> (0x00000000eacd75c0) thrown at [C:\re\workspace\8-2-build-windows-amd64-cygwin\jdk8u111\7883\hotspot\src\share\vm\runtime\sharedRuntime.cpp, line 605]
Event: 6.899 Thread 0x00000000174cf000 Exception <a 'java/lang/ArrayIndexOutOfBoundsException'> (0x00000000eacd8708) thrown at [C:\re\workspace\8-2-build-windows-amd64-cygwin\jdk8u111\7883\hotspot\src\share\vm\runtime\sharedRuntime.cpp, line 605]
Event: 6.899 Thread 0x00000000174cf000 Exception <a 'java/lang/ArrayIndexOutOfBoundsException'> (0x00000000eacd99f8) thrown at [C:\re\workspace\8-2-build-windows-amd64-cygwin\jdk8u111\7883\hotspot\src\share\vm\runtime\sharedRuntime.cpp, line 605]

Events (10 events):
Event: 12.482 Thread 0x00000000170eb000 flushing nmethod 0x0000000003c16190
Event: 12.482 Thread 0x00000000170eb000 flushing nmethod 0x0000000003c27250
Event: 12.482 Thread 0x00000000170eb000 flushing nmethod 0x0000000003c47fd0
Event: 12.485 Thread 0x00000000170eb000 flushing nmethod 0x0000000003d76690
Event: 12.491 Thread 0x00000000170eb000 flushing nmethod 0x0000000003dcf210
Event: 12.491 Thread 0x00000000170eb000 flushing nmethod 0x0000000003deef90
Event: 12.492 Thread 0x00000000170eb000 flushing nmethod 0x0000000003e47910
Event: 12.492 Thread 0x00000000170eb000 flushing nmethod 0x0000000003e598d0
Event: 12.492 Thread 0x00000000170eb000 flushing nmethod 0x0000000003e67cd0
Event: 12.492 Thread 0x00000000170eb000 flushing nmethod 0x0000000003e733d0


Dynamic libraries:
0x00007ff64a9e0000 - 0x00007ff64aa17000 	C:\Program Files\Java\jdk1.8.0_111\bin\java.exe
0x00007ff806f30000 - 0x00007ff807101000 	C:\Windows\SYSTEM32\ntdll.dll
0x00007ff8048d0000 - 0x00007ff80497b000 	C:\Windows\System32\KERNEL32.DLL
0x00007ff803420000 - 0x00007ff80363d000 	C:\Windows\System32\KERNELBASE.dll
0x00007ff806690000 - 0x00007ff806732000 	C:\Windows\System32\ADVAPI32.dll
0x00007ff806740000 - 0x00007ff8067de000 	C:\Windows\System32\msvcrt.dll
0x00007ff8067e0000 - 0x00007ff806839000 	C:\Windows\System32\sechost.dll
0x00007ff8047a0000 - 0x00007ff8048c1000 	C:\Windows\System32\RPCRT4.dll
0x00007ff804530000 - 0x00007ff804695000 	C:\Windows\System32\USER32.dll
0x00007ff804260000 - 0x00007ff80427e000 	C:\Windows\System32\win32u.dll
0x00007ff804980000 - 0x00007ff8049b4000 	C:\Windows\System32\GDI32.dll
0x00007ff804330000 - 0x00007ff8044b2000 	C:\Windows\System32\gdi32full.dll
0x00007ffffcbf0000 - 0x00007ffffce6a000 	C:\Windows\WinSxS\amd64_microsoft.windows.common-controls_6595b64144ccf1df_6.0.14393.953_none_42151e83c686086b\COMCTL32.dll
0x00007ff804a90000 - 0x00007ff804d58000 	C:\Windows\System32\combase.dll
0x00007ff8036f0000 - 0x00007ff8037e5000 	C:\Windows\System32\ucrtbase.dll
0x00007ff8041a0000 - 0x00007ff80420a000 	C:\Windows\System32\bcryptPrimitives.dll
0x00007ff804d90000 - 0x00007ff804dbe000 	C:\Windows\System32\IMM32.DLL
0x00000000558d0000 - 0x00000000559a2000 	C:\Program Files\Java\jdk1.8.0_111\jre\bin\msvcr100.dll
0x0000000054d80000 - 0x000000005561a000 	C:\Program Files\Java\jdk1.8.0_111\jre\bin\server\jvm.dll
0x00007ff806840000 - 0x00007ff806848000 	C:\Windows\System32\PSAPI.DLL
0x00007ffff9050000 - 0x00007ffff9059000 	C:\Windows\SYSTEM32\WSOCK32.dll
0x00007ff801810000 - 0x00007ff801833000 	C:\Windows\SYSTEM32\WINMM.dll
0x00007ff800040000 - 0x00007ff80004a000 	C:\Windows\SYSTEM32\VERSION.dll
0x00007ff8044c0000 - 0x00007ff80452a000 	C:\Windows\System32\WS2_32.dll
0x0000000001710000 - 0x000000000173b000 	C:\Windows\SYSTEM32\WINMMBASE.dll
0x00007ff804210000 - 0x00007ff804252000 	C:\Windows\System32\cfgmgr32.dll
0x0000000054d70000 - 0x0000000054d7f000 	C:\Program Files\Java\jdk1.8.0_111\jre\bin\verify.dll
0x0000000054d40000 - 0x0000000054d69000 	C:\Program Files\Java\jdk1.8.0_111\jre\bin\java.dll
0x0000000054d20000 - 0x0000000054d36000 	C:\Program Files\Java\jdk1.8.0_111\jre\bin\zip.dll
0x00007ff804e20000 - 0x00007ff806329000 	C:\Windows\System32\SHELL32.dll
0x00007ff8038f0000 - 0x00007ff803fca000 	C:\Windows\System32\windows.storage.dll
0x00007ff8033a0000 - 0x00007ff8033ec000 	C:\Windows\System32\powrprof.dll
0x00007ff804a30000 - 0x00007ff804a82000 	C:\Windows\System32\shlwapi.dll
0x00007ff803390000 - 0x00007ff80339f000 	C:\Windows\System32\kernel.appcore.dll
0x00007ff803640000 - 0x00007ff8036e9000 	C:\Windows\System32\shcore.dll
0x00007ff8033f0000 - 0x00007ff803404000 	C:\Windows\System32\profapi.dll
0x0000000054b20000 - 0x0000000054cb8000 	C:\Program Files\Java\jdk1.8.0_111\jre\bin\awt.dll
0x00007ff8065d0000 - 0x00007ff80668f000 	C:\Windows\System32\OLEAUT32.dll
0x00007ff803850000 - 0x00007ff8038ec000 	C:\Windows\System32\msvcp_win.dll
0x00007ff801940000 - 0x00007ff8019ba000 	C:\Windows\SYSTEM32\apphelp.dll
0x00007ff801b10000 - 0x00007ff801ba5000 	C:\Windows\system32\uxtheme.dll
0x00007ff806470000 - 0x00007ff8065ca000 	C:\Windows\System32\MSCTF.dll
0x00007ff8011e0000 - 0x00007ff801206000 	C:\Windows\system32\dwmapi.dll
0x00007ff806330000 - 0x00007ff806467000 	C:\Windows\System32\ole32.dll
0x0000000054ad0000 - 0x0000000054b17000 	C:\Program Files\Java\jdk1.8.0_111\jre\bin\fontmanager.dll
0x00007ffffbf40000 - 0x00007ffffc0cd000 	C:\Windows\system32\d3d9.dll
0x00007fffd67b0000 - 0x00007fffd7866000 	C:\Windows\SYSTEM32\nvd3dumx.dll
0x00007ffffe300000 - 0x00007ffffe46c000 	C:\Program Files (x86)\NVIDIA Corporation\3D Vision\nvSCPAPI64.dll
0x00007ff806b00000 - 0x00007ff806f29000 	C:\Windows\System32\SETUPAPI.dll
0x00007ffffdda0000 - 0x00007ffffe0d6000 	C:\Windows\system32\nvapi64.dll
0x00007ff801fa0000 - 0x00007ff801fc8000 	C:\Windows\SYSTEM32\DEVOBJ.dll
0x00007ff8037f0000 - 0x00007ff803845000 	C:\Windows\System32\WINTRUST.dll
0x00007ff803410000 - 0x00007ff803420000 	C:\Windows\System32\MSASN1.dll
0x00007ff803fd0000 - 0x00007ff804199000 	C:\Windows\System32\CRYPT32.dll
0x00007ff802310000 - 0x00007ff8023af000 	C:\Windows\system32\dxgi.dll
0x0000000054d00000 - 0x0000000054d1a000 	C:\Program Files\Java\jdk1.8.0_111\jre\bin\net.dll
0x00007ff802c60000 - 0x00007ff802cbc000 	C:\Windows\system32\mswsock.dll
0x0000000054ce0000 - 0x0000000054cf1000 	C:\Program Files\Java\jdk1.8.0_111\jre\bin\nio.dll
0x0000000054a80000 - 0x0000000054ac2000 	C:\Program Files\Java\jdk1.8.0_111\jre\bin\t2k.dll
0x00007ff806a50000 - 0x00007ff806aef000 	C:\Windows\System32\clbcatq.dll
0x00007ff800f30000 - 0x00007ff8010d8000 	C:\Windows\SYSTEM32\WindowsCodecs.dll
0x00007ffff8980000 - 0x00007ffff89c9000 	C:\Windows\system32\dataexchange.dll
0x00007ff801300000 - 0x00007ff801451000 	C:\Windows\system32\dcomp.dll
0x00007fffffd20000 - 0x00007ffffffd6000 	C:\Windows\system32\d3d11.dll
0x00007ff801db0000 - 0x00007ff801ecc000 	C:\Windows\system32\twinapi.appcore.dll
0x00007ff8032d0000 - 0x00007ff8032fb000 	C:\Windows\system32\bcrypt.dll
0x00007ff802e00000 - 0x00007ff802e17000 	C:\Windows\SYSTEM32\CRYPTSP.dll
0x00007ff802860000 - 0x00007ff802893000 	C:\Windows\system32\rsaenh.dll
0x00007ff802ae0000 - 0x00007ff802aff000 	C:\Windows\SYSTEM32\USERENV.dll
0x00007ff802e20000 - 0x00007ff802e2b000 	C:\Windows\SYSTEM32\CRYPTBASE.dll
0x00007ff8029e0000 - 0x00007ff802a18000 	C:\Windows\SYSTEM32\IPHLPAPI.DLL
0x00007ff804d60000 - 0x00007ff804d68000 	C:\Windows\System32\NSI.dll
0x00007ffffe6b0000 - 0x00007ffffe6c6000 	C:\Windows\SYSTEM32\dhcpcsvc6.DLL
0x00007ffffe690000 - 0x00007ffffe6aa000 	C:\Windows\SYSTEM32\dhcpcsvc.DLL
0x00007ffffb3c0000 - 0x00007ffffb492000 	C:\Windows\System32\IME\IMEKR\imkrtip.dll
0x00007ff800da0000 - 0x00007ff800f25000 	C:\Windows\SYSTEM32\PROPSYS.dll
0x00007ffffb260000 - 0x00007ffffb3b6000 	C:\Windows\System32\IME\shared\imetip.dll
0x00007ffffaa20000 - 0x00007ffffabc8000 	C:\Windows\SYSTEM32\DUI70.dll
0x00007ffffc910000 - 0x00007ffffc975000 	C:\Windows\SYSTEM32\OLEACC.dll
0x00007ffffbcf0000 - 0x00007ffffbd28000 	C:\Windows\System32\IME\IMEKR\imkrapi.dll
0x00007ffffbcb0000 - 0x00007ffffbce5000 	C:\Windows\System32\IME\shared\imjkapi.dll
0x00007ff802730000 - 0x00007ff802762000 	C:\Windows\SYSTEM32\ntmarta.dll
0x0000000054a50000 - 0x0000000054a7a000 	C:\Program Files\Java\jdk1.8.0_111\jre\bin\dcpr.dll
0x00007ff802a20000 - 0x00007ff802ac1000 	C:\Windows\SYSTEM32\DNSAPI.dll
0x00007ffffaed0000 - 0x00007ffffaeda000 	C:\Windows\System32\rasadhlp.dll
0x00007ffffd7a0000 - 0x00007ffffd80a000 	C:\Windows\System32\fwpuclnt.dll
0x00007ffff5f70000 - 0x00007ffff6102000 	C:\Windows\SYSTEM32\dbghelp.dll

VM Arguments:
jvm_args: -Dfile.encoding=x-windows-949 -Duser.country=KR -Duser.language=ko -Duser.variant 
java_command: kr.or.dgit.sw_project.MainApp
java_class_path (initial): C:\Users\LYJ\git\Swproject\build\classes\main;C:\Users\LYJ\git\Swproject\build\resources\main;C:\Users\LYJ\git\Swproject\src\main\resources\kr\or\dgit\sw_project\libraries\jxl.jar;C:\Users\LYJ\git\Swproject\src\main\resources\kr\or\dgit\sw_project\libraries\DatePanel.jar;C:\Users\LYJ\git\Swproject\src\main\resources\kr\or\dgit\sw_project\libraries\erp_myframework.jar;C:\Users\LYJ\git\Swproject\src\main\resources\kr\or\dgit\sw_project\lookandfeel\syntheticaAluOxide.jar;C:\Users\LYJ\git\Swproject\src\main\resources\kr\or\dgit\sw_project\lookandfeel\synthetica.jar;C:\Users\LYJ\git\Swproject\src\main\resources\kr\or\dgit\sw_project\libraries\swingx-1.6.5.jar;C:\Users\LYJ\git\Swproject\src\main\resources\kr\or\dgit\sw_project\libraries\syntheticaAddons.jar;C:\Users\LYJ\git\Swproject\src\main\resources\kr\or\dgit\sw_project\libraries\syntheticaAluOxideAddon.jar;C:\Users\LYJ\git\Swproject\src\main\resources\kr\or\dgit\sw_project\libraries\jfxrt.jar;C:\Users\LYJ\.gradle\caches\modules-2\files-2.1\mysql\mysql-connector-java\5.1.41\b0878056f15616989144d6114d36d3942321d0d1\mysql-connector-java-5.1.41.jar;C:\Users\LYJ\.gradle\caches\modules-2\files-2.1\org.mybatis\mybatis\3.4.2\2b9a5082fe0bdb3128bab8b4b19b23ca0f3d9b38\mybatis-3.4.2.jar;C:\Users\LYJ\.gradle\caches\modules-2\files-2.1\junit\junit\4.12\2973d150c0dc1fefe998f834810d68f278ea58ec\junit-4.12.jar;C:\Users\LYJ\.gradle\caches\modules-2\files-2.1\log4j\log4j\1.2.17\5af35056b4d257e4b64b9e8069c0746e8b08629f\log4j-1.2.17.jar;C:\Users\LYJ\.gradle\caches\modules-2\files-2.1\org.hamcrest\hamcrest-core\1.3\42a25dc3219429f0e5d060061f71acb49bf010a0\hamcrest-core-1.3.jar
Launcher Type: SUN_STANDARD

Environment Variables:
JAVA_HOME=C:\Program Files\Java\jdk1.8.0_111\
PATH=C:/Program Files/Java/jre1.8.0_111/bin/server;C:/Program Files/Java/jre1.8.0_111/bin;C:/Program Files/Java/jre1.8.0_111/lib/amd64;C:\ProgramData\Oracle\Java\javapath;C:\Program Files (x86)\NVIDIA Corporation\PhysX\Common;C:\Windows\system32;C:\Windows;C:\Windows\System32\Wbem;C:\Windows\System32\WindowsPowerShell\v1.0\;C:\Program Files\Git\cmd;D:\gradle-3.4.1\bin;C:\Program Files\Java\jdk1.8.0_111\\bin;C:\Program Files\Java\jdk1.8.0_111\\bin;C:\Users\LYJ\AppData\Local\Microsoft\WindowsApps;C:\Program Files\Bandizip\7z;C:\Program Files\MySQL\MySQL Server 5.6\\bin;D:\eclipse;
USERNAME=LYJ
OS=Windows_NT
PROCESSOR_IDENTIFIER=Intel64 Family 6 Model 23 Stepping 10, GenuineIntel



---------------  S Y S T E M  ---------------

OS: Windows 10.0 , 64 bit Build 14393 (10.0.14393.0)

CPU:total 4 (4 cores per cpu, 1 threads per core) family 6 model 23 stepping 10, cmov, cx8, fxsr, mmx, sse, sse2, sse3, ssse3, sse4.1, tsc

Memory: 4k page, physical 4192492k(652124k free), swap 7627988k(1196076k free)

vm_info: Java HotSpot(TM) 64-Bit Server VM (25.111-b14) for windows-amd64 JRE (1.8.0_111-b14), built on Sep 22 2016 19:24:05 by "java_re" with MS VC++ 10.0 (VS2010)

time: Wed Apr 12 19:10:19 2017
elapsed time: 14 seconds (0d 0h 0m 14s)

