#
# A fatal error has been detected by the Java Runtime Environment:
#
#  EXCEPTION_ACCESS_VIOLATION (0xc0000005) at pc=0xffffffffa4385120, pid=2656, tid=0x0000000000000530
#
# JRE version: Java(TM) SE Runtime Environment (8.0_111-b14) (build 1.8.0_111-b14)
# Java VM: Java HotSpot(TM) 64-Bit Server VM (25.111-b14 mixed mode windows-amd64 compressed oops)
# Problematic frame:
# C  0xffffffffa4385120
#
# Failed to write core dump. Minidumps are not enabled by default on client versions of Windows
#
# If you would like to submit a bug report, please visit:
#   http://bugreport.java.com/bugreport/crash.jsp
#

---------------  T H R E A D  ---------------

Current thread (0x0000000017bb0000):  JavaThread "AWT-EventQueue-0" [_thread_in_Java, id=1328, stack(0x0000000018740000,0x0000000018840000)]

siginfo: ExceptionCode=0xc0000005, ExceptionInformation=0x0000000000000008 0xffffffffa4385120

Registers:
RAX=0x000000010000e6d0, RBX=0x0000000014fd0d58, RCX=0x00000000eac37ce0, RDX=0x00000000eac37b78
RSP=0x000000001883b7d8, RBP=0x000000001883b898, RSI=0x00000000eac37b78, RDI=0x000000010000e6d0
R8 =0x0000000000000013, R9 =0x0000000017ba3ca0, R10=0x000000005217c0c0, R11=0x00000000039a06c0
R12=0x0000000000000000, R13=0x000000001883b840, R14=0x000000001883b8c8, R15=0x0000000017bb0000
RIP=0xffffffffa4385120, EFLAGS=0x0000000000010212

Top of Stack: (sp=0x000000001883b7d8)
0x000000001883b7d8:   00000000039a07ac ffffffffffffffff
0x000000001883b7e8:   000000001950bed8 0000000012140000
0x000000001883b7f8:   00000000000000b6 00000000eac37ce0
0x000000001883b808:   00000000000000ea 0000000000000300
0x000000001883b818:   00000000000000b6 000000001883b898
0x000000001883b828:   0000000003387940 0000000000000000
0x000000001883b838:   0000000003387940 00000000eac37ce0
0x000000001883b848:   000000000000094f 00000000eac37e28
0x000000001883b858:   000000001883b858 000000001d9df74a
0x000000001883b868:   000000001883b8c8 000000001d9dfb20
0x000000001883b878:   0000000000000000 000000001d9df780
0x000000001883b888:   000000001883b840 000000001883b8c0
0x000000001883b898:   000000001883b910 000000000338809d
0x000000001883b8a8:   000000000000094f 000000000000192c
0x000000001883b8b8:   00000000eac37ce0 00000000eac37b78
0x000000001883b8c8:   00000000eac37b48 000000001883b8d0 

Instructions: (pc=0xffffffffa4385120)
0xffffffffa4385100:   
[error occurred during error reporting (printing registers, top of stack, instructions near pc), id 0xc0000005]

Register to memory mapping:

RAX=0x000000010000e6d0 is pointing into metadata
RBX={method} {0x0000000014fd0d60} 'read' '()I' in 'java/io/ByteArrayInputStream'
RCX=0x00000000eac37ce0 is an oop
java.io.DataInputStream 
 - klass: 'java/io/DataInputStream'
RDX=0x00000000eac37b78 is an oop
java.io.ByteArrayInputStream 
 - klass: 'java/io/ByteArrayInputStream'
RSP=0x000000001883b7d8 is pointing into the stack for thread: 0x0000000017bb0000
RBP=0x000000001883b898 is pointing into the stack for thread: 0x0000000017bb0000
RSI=0x00000000eac37b78 is an oop
java.io.ByteArrayInputStream 
 - klass: 'java/io/ByteArrayInputStream'
RDI=0x000000010000e6d0 is pointing into metadata
R8 =0x0000000000000013 is an unknown value
R9 =0x0000000017ba3ca0 is an unknown value
R10=0x000000005217c0c0 is an unknown value
R11=0x00000000039a06c0 is at entry_point+32 in (nmethod*)0x00000000039a0510
R12=0x0000000000000000 is an unknown value
R13=0x000000001883b840 is pointing into the stack for thread: 0x0000000017bb0000
R14=0x000000001883b8c8 is pointing into the stack for thread: 0x0000000017bb0000
R15=0x0000000017bb0000 is a thread


Stack: [0x0000000018740000,0x0000000018840000],  sp=0x000000001883b7d8,  free space=1005k
Native frames: (J=compiled Java code, j=interpreted, Vv=VM code, C=native code)
C  0xffffffffa4385120


---------------  P R O C E S S  ---------------

Java Threads: ( => current thread )
  0x000000001afa6000 JavaThread "SyntheticaAnimation 60" daemon [_thread_blocked, id=6264, stack(0x000000001d660000,0x000000001d760000)]
  0x00000000180df000 JavaThread "SyntheticaAnimation 50" daemon [_thread_blocked, id=5964, stack(0x000000001caf0000,0x000000001cbf0000)]
  0x000000001b8f5800 JavaThread "D3D Screen Updater" daemon [_thread_blocked, id=5772, stack(0x000000001c4f0000,0x000000001c5f0000)]
  0x0000000018071000 JavaThread "TimerQueue" daemon [_thread_blocked, id=8548, stack(0x000000001bcf0000,0x000000001bdf0000)]
  0x0000000017e89800 JavaThread "Image Fetcher 0" daemon [_thread_blocked, id=7232, stack(0x000000001a950000,0x000000001aa50000)]
  0x0000000017f3b800 JavaThread "SyntheticaCleanerThread" daemon [_thread_blocked, id=4480, stack(0x0000000019330000,0x0000000019430000)]
  0x0000000017c69800 JavaThread "Thread-2" daemon [_thread_blocked, id=3992, stack(0x0000000018840000,0x0000000018940000)]
  0x000000000337d800 JavaThread "DestroyJavaVM" [_thread_blocked, id=2276, stack(0x00000000014a0000,0x00000000015a0000)]
=>0x0000000017bb0000 JavaThread "AWT-EventQueue-0" [_thread_in_Java, id=1328, stack(0x0000000018740000,0x0000000018840000)]
  0x0000000017bae000 JavaThread "AWT-Windows" daemon [_thread_in_native, id=9056, stack(0x0000000018560000,0x0000000018660000)]
  0x0000000017bab000 JavaThread "AWT-Shutdown" [_thread_blocked, id=5980, stack(0x0000000018460000,0x0000000018560000)]
  0x0000000017ba9800 JavaThread "Java2D Disposer" daemon [_thread_blocked, id=1772, stack(0x0000000018360000,0x0000000018460000)]
  0x000000001704d000 JavaThread "Service Thread" daemon [_thread_blocked, id=6256, stack(0x00000000175c0000,0x00000000176c0000)]
  0x0000000016fc8800 JavaThread "C1 CompilerThread2" daemon [_thread_blocked, id=6604, stack(0x00000000174c0000,0x00000000175c0000)]
  0x0000000016fc2800 JavaThread "C2 CompilerThread1" daemon [_thread_blocked, id=7544, stack(0x00000000173c0000,0x00000000174c0000)]
  0x000000001594c800 JavaThread "C2 CompilerThread0" daemon [_thread_blocked, id=7920, stack(0x0000000016ec0000,0x0000000016fc0000)]
  0x000000001594a800 JavaThread "Attach Listener" daemon [_thread_blocked, id=4768, stack(0x0000000016dc0000,0x0000000016ec0000)]
  0x00000000158fd800 JavaThread "Signal Dispatcher" daemon [_thread_blocked, id=7012, stack(0x0000000016cc0000,0x0000000016dc0000)]
  0x00000000158d9000 JavaThread "Finalizer" daemon [_thread_blocked, id=7900, stack(0x0000000016b40000,0x0000000016c40000)]
  0x0000000002df1000 JavaThread "Reference Handler" daemon [_thread_blocked, id=7432, stack(0x0000000016a40000,0x0000000016b40000)]

Other Threads:
  0x00000000158b7800 VMThread [stack: 0x0000000016940000,0x0000000016a40000] [id=6244]
  0x000000001709e800 WatcherThread [stack: 0x00000000176c0000,0x00000000177c0000] [id=5616]

VM state:not at safepoint (normal execution)

VM Mutex/Monitor currently owned by a thread: None

Heap:
 PSYoungGen      total 18944K, used 1338K [0x00000000eab00000, 0x00000000ed000000, 0x0000000100000000)
  eden space 16384K, 8% used [0x00000000eab00000,0x00000000eac4e988,0x00000000ebb00000)
  from space 2560K, 0% used [0x00000000ebb00000,0x00000000ebb00000,0x00000000ebd80000)
  to   space 2560K, 0% used [0x00000000ecd80000,0x00000000ecd80000,0x00000000ed000000)
 ParOldGen       total 32256K, used 7076K [0x00000000c0000000, 0x00000000c1f80000, 0x00000000eab00000)
  object space 32256K, 21% used [0x00000000c0000000,0x00000000c06e9090,0x00000000c1f80000)
 Metaspace       used 21139K, capacity 21362K, committed 21632K, reserved 1069056K
  class space    used 2771K, capacity 2846K, committed 2944K, reserved 1048576K

Card table byte_map: [0x0000000012740000,0x0000000012950000] byte_map_base: 0x0000000012140000

Marking Bits: (ParMarkBitMap*) 0x000000005219a6c0
 Begin Bits: [0x0000000012d50000, 0x0000000013d50000)
 End Bits:   [0x0000000013d50000, 0x0000000014d50000)

Polling page: 0x00000000015a0000

CodeCache: size=245760Kb used=6275Kb max_used=6289Kb free=239484Kb
 bounds [0x0000000003380000, 0x00000000039b0000, 0x0000000012380000]
 total_blobs=2369 nmethods=1789 adapters=494
 compilation: enabled

Compilation events (10 events):
Event: 4.764 Thread 0x0000000016fc2800 1784  s    4       java.io.BufferedInputStream::read (49 bytes)
Event: 4.764 Thread 0x000000001594c800 1785       4       java.io.DataInputStream::readChar (40 bytes)
Event: 4.766 Thread 0x0000000016fc8800 1786  s    3       java.io.ByteArrayInputStream::read (36 bytes)
Event: 4.766 Thread 0x0000000016fc8800 nmethod 1786 0x00000000039a3b10 code [0x00000000039a3c80, 0x00000000039a3fd0]
Event: 4.766 Thread 0x0000000016fc2800 nmethod 1784 0x00000000039a40d0 code [0x00000000039a4220, 0x00000000039a4588]
Event: 4.766 Thread 0x0000000016fc8800 1787       3       java.io.DataInputStream::readInt (72 bytes)
Event: 4.766 Thread 0x0000000016fc2800 1788  s    4       java.io.ByteArrayInputStream::read (36 bytes)
Event: 4.766 Thread 0x0000000016fc8800 nmethod 1787 0x00000000039a3190 code [0x00000000039a3340, 0x00000000039a38e8]
Event: 4.768 Thread 0x0000000016fc2800 nmethod 1788 0x00000000039a17d0 code [0x00000000039a1920, 0x00000000039a1b98]
Event: 4.768 Thread 0x0000000016fc2800 1789       4       java.io.DataInputStream::readInt (72 bytes)

GC Heap History (8 events):
Event: 1.325 GC heap before
{Heap before GC invocations=1 (full 0):
 PSYoungGen      total 18944K, used 16384K [0x00000000eab00000, 0x00000000ec000000, 0x0000000100000000)
  eden space 16384K, 100% used [0x00000000eab00000,0x00000000ebb00000,0x00000000ebb00000)
  from space 2560K, 0% used [0x00000000ebd80000,0x00000000ebd80000,0x00000000ec000000)
  to   space 2560K, 0% used [0x00000000ebb00000,0x00000000ebb00000,0x00000000ebd80000)
 ParOldGen       total 44032K, used 0K [0x00000000c0000000, 0x00000000c2b00000, 0x00000000eab00000)
  object space 44032K, 0% used [0x00000000c0000000,0x00000000c0000000,0x00000000c2b00000)
 Metaspace       used 15063K, capacity 15254K, committed 15488K, reserved 1062912K
  class space    used 1981K, capacity 2073K, committed 2176K, reserved 1048576K
Event: 1.344 GC heap after
Heap after GC invocations=1 (full 0):
 PSYoungGen      total 18944K, used 2550K [0x00000000eab00000, 0x00000000ed000000, 0x0000000100000000)
  eden space 16384K, 0% used [0x00000000eab00000,0x00000000eab00000,0x00000000ebb00000)
  from space 2560K, 99% used [0x00000000ebb00000,0x00000000ebd7dba8,0x00000000ebd80000)
  to   space 2560K, 0% used [0x00000000ecd80000,0x00000000ecd80000,0x00000000ed000000)
 ParOldGen       total 44032K, used 1611K [0x00000000c0000000, 0x00000000c2b00000, 0x00000000eab00000)
  object space 44032K, 3% used [0x00000000c0000000,0x00000000c0192c60,0x00000000c2b00000)
 Metaspace       used 15063K, capacity 15254K, committed 15488K, reserved 1062912K
  class space    used 1981K, capacity 2073K, committed 2176K, reserved 1048576K
}
Event: 4.560 GC heap before
{Heap before GC invocations=2 (full 0):
 PSYoungGen      total 18944K, used 18934K [0x00000000eab00000, 0x00000000ed000000, 0x0000000100000000)
  eden space 16384K, 100% used [0x00000000eab00000,0x00000000ebb00000,0x00000000ebb00000)
  from space 2560K, 99% used [0x00000000ebb00000,0x00000000ebd7dba8,0x00000000ebd80000)
  to   space 2560K, 0% used [0x00000000ecd80000,0x00000000ecd80000,0x00000000ed000000)
 ParOldGen       total 44032K, used 1611K [0x00000000c0000000, 0x00000000c2b00000, 0x00000000eab00000)
  object space 44032K, 3% used [0x00000000c0000000,0x00000000c0192c60,0x00000000c2b00000)
 Metaspace       used 19417K, capacity 19660K, committed 19840K, reserved 1067008K
  class space    used 2539K, capacity 2620K, committed 2688K, reserved 1048576K
Event: 4.573 GC heap after
Heap after GC invocations=2 (full 0):
 PSYoungGen      total 18944K, used 2557K [0x00000000eab00000, 0x00000000ed000000, 0x0000000100000000)
  eden space 16384K, 0% used [0x00000000eab00000,0x00000000eab00000,0x00000000ebb00000)
  from space 2560K, 99% used [0x00000000ecd80000,0x00000000ecfff6b0,0x00000000ed000000)
  to   space 2560K, 0% used [0x00000000ebb00000,0x00000000ebb00000,0x00000000ebd80000)
 ParOldGen       total 44032K, used 5270K [0x00000000c0000000, 0x00000000c2b00000, 0x00000000eab00000)
  object space 44032K, 11% used [0x00000000c0000000,0x00000000c0525910,0x00000000c2b00000)
 Metaspace       used 19417K, capacity 19660K, committed 19840K, reserved 1067008K
  class space    used 2539K, capacity 2620K, committed 2688K, reserved 1048576K
}
Event: 4.691 GC heap before
{Heap before GC invocations=3 (full 0):
 PSYoungGen      total 18944K, used 7831K [0x00000000eab00000, 0x00000000ed000000, 0x0000000100000000)
  eden space 16384K, 32% used [0x00000000eab00000,0x00000000eb026638,0x00000000ebb00000)
  from space 2560K, 99% used [0x00000000ecd80000,0x00000000ecfff6b0,0x00000000ed000000)
  to   space 2560K, 0% used [0x00000000ebb00000,0x00000000ebb00000,0x00000000ebd80000)
 ParOldGen       total 44032K, used 5270K [0x00000000c0000000, 0x00000000c2b00000, 0x00000000eab00000)
  object space 44032K, 11% used [0x00000000c0000000,0x00000000c0525910,0x00000000c2b00000)
 Metaspace       used 20911K, capacity 21132K, committed 21248K, reserved 1067008K
  class space    used 2741K, capacity 2812K, committed 2816K, reserved 1048576K
Event: 4.699 GC heap after
Heap after GC invocations=3 (full 0):
 PSYoungGen      total 18944K, used 2236K [0x00000000eab00000, 0x00000000ed000000, 0x0000000100000000)
  eden space 16384K, 0% used [0x00000000eab00000,0x00000000eab00000,0x00000000ebb00000)
  from space 2560K, 87% used [0x00000000ebb00000,0x00000000ebd2f120,0x00000000ebd80000)
  to   space 2560K, 0% used [0x00000000ecd80000,0x00000000ecd80000,0x00000000ed000000)
 ParOldGen       total 44032K, used 8402K [0x00000000c0000000, 0x00000000c2b00000, 0x00000000eab00000)
  object space 44032K, 19% used [0x00000000c0000000,0x00000000c0834af0,0x00000000c2b00000)
 Metaspace       used 20911K, capacity 21132K, committed 21248K, reserved 1067008K
  class space    used 2741K, capacity 2812K, committed 2816K, reserved 1048576K
}
Event: 4.699 GC heap before
{Heap before GC invocations=4 (full 1):
 PSYoungGen      total 18944K, used 2236K [0x00000000eab00000, 0x00000000ed000000, 0x0000000100000000)
  eden space 16384K, 0% used [0x00000000eab00000,0x00000000eab00000,0x00000000ebb00000)
  from space 2560K, 87% used [0x00000000ebb00000,0x00000000ebd2f120,0x00000000ebd80000)
  to   space 2560K, 0% used [0x00000000ecd80000,0x00000000ecd80000,0x00000000ed000000)
 ParOldGen       total 44032K, used 8402K [0x00000000c0000000, 0x00000000c2b00000, 0x00000000eab00000)
  object space 44032K, 19% used [0x00000000c0000000,0x00000000c0834af0,0x00000000c2b00000)
 Metaspace       used 20911K, capacity 21132K, committed 21248K, reserved 1067008K
  class space    used 2741K, capacity 2812K, committed 2816K, reserved 1048576K
Event: 4.741 GC heap after
Heap after GC invocations=4 (full 1):
 PSYoungGen      total 18944K, used 0K [0x00000000eab00000, 0x00000000ed000000, 0x0000000100000000)
  eden space 16384K, 0% used [0x00000000eab00000,0x00000000eab00000,0x00000000ebb00000)
  from space 2560K, 0% used [0x00000000ebb00000,0x00000000ebb00000,0x00000000ebd80000)
  to   space 2560K, 0% used [0x00000000ecd80000,0x00000000ecd80000,0x00000000ed000000)
 ParOldGen       total 32256K, used 7076K [0x00000000c0000000, 0x00000000c1f80000, 0x00000000eab00000)
  object space 32256K, 21% used [0x00000000c0000000,0x00000000c06e9090,0x00000000c1f80000)
 Metaspace       used 20911K, capacity 21132K, committed 21248K, reserved 1067008K
  class space    used 2741K, capacity 2812K, committed 2816K, reserved 1048576K
}

Deoptimization events (10 events):
Event: 1.706 Thread 0x0000000017bb0000 Uncommon trap: reason=unstable_if action=reinterpret pc=0x00000000037535e0 method=java.io.WinNTFileSystem.normalize(Ljava/lang/String;)Ljava/lang/String; @ 128
Event: 1.862 Thread 0x0000000017bb0000 Uncommon trap: reason=unstable_if action=reinterpret pc=0x00000000037b1524 method=sun.awt.SunToolkit.getAppContext(Ljava/lang/Object;)Lsun/awt/AppContext; @ 4
Event: 1.911 Thread 0x0000000017bb0000 Uncommon trap: reason=unstable_if action=reinterpret pc=0x00000000037abac4 method=javax.swing.JComponent.getClientProperty(Ljava/lang/Object;)Ljava/lang/Object; @ 16
Event: 4.325 Thread 0x0000000017bb0000 Uncommon trap: reason=unstable_if action=reinterpret pc=0x000000000371bd48 method=sun.swing.plaf.synth.DefaultSynthStyle.getStateInfo(I)Lsun/swing/plaf/synth/DefaultSynthStyle$StateInfo; @ 188
Event: 4.443 Thread 0x0000000017bb0000 Uncommon trap: reason=unstable_if action=reinterpret pc=0x00000000035df4f0 method=com.sun.org.apache.xerces.internal.impl.XMLEntityScanner.scanChar(Lcom/sun/org/apache/xerces/internal/impl/XMLScanner$NameType;)I @ 212
Event: 4.451 Thread 0x0000000017bb0000 Uncommon trap: reason=unstable_if action=reinterpret pc=0x000000000362d620 method=com.sun.org.apache.xerces.internal.impl.io.UTF8Reader.read([CII)I @ 131
Event: 4.458 Thread 0x0000000017bb0000 Uncommon trap: reason=unstable_if action=reinterpret pc=0x00000000035df9ec method=com.sun.org.apache.xerces.internal.utils.XMLLimitAnalyzer.addValue(ILjava/lang/String;I)V @ 7
Event: 4.458 Thread 0x0000000017bb0000 Uncommon trap: reason=unstable_if action=reinterpret pc=0x00000000035c3ee0 method=com.sun.org.apache.xerces.internal.utils.XMLSecurityManager.isOverLimit(ILcom/sun/org/apache/xerces/internal/utils/XMLLimitAnalyzer;)Z @ 28
Event: 4.459 Thread 0x0000000017bb0000 Uncommon trap: reason=unstable_if action=reinterpret pc=0x000000000360ca3c method=com.sun.org.apache.xerces.internal.util.SymbolTable.addSymbol([CII)Ljava/lang/String; @ 64
Event: 4.460 Thread 0x0000000017bb0000 Uncommon trap: reason=unstable_if action=reinterpret pc=0x00000000035e10d0 method=com.sun.org.apache.xerces.internal.util.SymbolTable.addSymbol([CII)Ljava/lang/String; @ 64

Internal exceptions (10 events):
Event: 4.675 Thread 0x0000000017bb0000 Exception <a 'java/lang/ArrayIndexOutOfBoundsException'> (0x00000000eaeda648) thrown at [C:\re\workspace\8-2-build-windows-amd64-cygwin\jdk8u111\7883\hotspot\src\share\vm\runtime\sharedRuntime.cpp, line 605]
Event: 4.675 Thread 0x0000000017bb0000 Exception <a 'java/lang/ArrayIndexOutOfBoundsException'> (0x00000000eaedba20) thrown at [C:\re\workspace\8-2-build-windows-amd64-cygwin\jdk8u111\7883\hotspot\src\share\vm\runtime\sharedRuntime.cpp, line 605]
Event: 4.676 Thread 0x0000000017bb0000 Exception <a 'java/lang/ArrayIndexOutOfBoundsException'> (0x00000000eaee3030) thrown at [C:\re\workspace\8-2-build-windows-amd64-cygwin\jdk8u111\7883\hotspot\src\share\vm\runtime\sharedRuntime.cpp, line 605]
Event: 4.676 Thread 0x0000000017bb0000 Exception <a 'java/lang/ArrayIndexOutOfBoundsException'> (0x00000000eaee44c0) thrown at [C:\re\workspace\8-2-build-windows-amd64-cygwin\jdk8u111\7883\hotspot\src\share\vm\runtime\sharedRuntime.cpp, line 605]
Event: 4.676 Thread 0x0000000017bb0000 Exception <a 'java/lang/ArrayIndexOutOfBoundsException'> (0x00000000eaee5d10) thrown at [C:\re\workspace\8-2-build-windows-amd64-cygwin\jdk8u111\7883\hotspot\src\share\vm\runtime\sharedRuntime.cpp, line 605]
Event: 4.676 Thread 0x0000000017bb0000 Exception <a 'java/lang/ArrayIndexOutOfBoundsException'> (0x00000000eaee7138) thrown at [C:\re\workspace\8-2-build-windows-amd64-cygwin\jdk8u111\7883\hotspot\src\share\vm\runtime\sharedRuntime.cpp, line 605]
Event: 4.676 Thread 0x0000000017bb0000 Exception <a 'java/lang/ArrayIndexOutOfBoundsException'> (0x00000000eaee8090) thrown at [C:\re\workspace\8-2-build-windows-amd64-cygwin\jdk8u111\7883\hotspot\src\share\vm\runtime\sharedRuntime.cpp, line 605]
Event: 4.676 Thread 0x0000000017bb0000 Exception <a 'java/lang/ArrayIndexOutOfBoundsException'> (0x00000000eaee9490) thrown at [C:\re\workspace\8-2-build-windows-amd64-cygwin\jdk8u111\7883\hotspot\src\share\vm\runtime\sharedRuntime.cpp, line 605]
Event: 4.676 Thread 0x0000000017bb0000 Exception <a 'java/lang/ArrayIndexOutOfBoundsException'> (0x00000000eaeea5d8) thrown at [C:\re\workspace\8-2-build-windows-amd64-cygwin\jdk8u111\7883\hotspot\src\share\vm\runtime\sharedRuntime.cpp, line 605]
Event: 4.676 Thread 0x0000000017bb0000 Exception <a 'java/lang/ArrayIndexOutOfBoundsException'> (0x00000000eaeeb8c8) thrown at [C:\re\workspace\8-2-build-windows-amd64-cygwin\jdk8u111\7883\hotspot\src\share\vm\runtime\sharedRuntime.cpp, line 605]

Events (10 events):
Event: 4.763 loading class sun/text/normalizer/NormalizerImpl$NormTrieImpl
Event: 4.763 loading class sun/text/normalizer/NormalizerImpl$NormTrieImpl done
Event: 4.763 loading class sun/text/normalizer/NormalizerImpl$AuxTrieImpl
Event: 4.763 loading class sun/text/normalizer/NormalizerImpl$AuxTrieImpl done
Event: 4.765 loading class sun/text/normalizer/IntTrie
Event: 4.765 loading class sun/text/normalizer/Trie
Event: 4.765 loading class sun/text/normalizer/Trie done
Event: 4.765 loading class sun/text/normalizer/IntTrie done
Event: 4.767 loading class sun/text/normalizer/CharTrie
Event: 4.767 loading class sun/text/normalizer/CharTrie done


Dynamic libraries:
0x00007ff74d750000 - 0x00007ff74d787000 	C:\Program Files\Java\jdk1.8.0_111\bin\java.exe
0x00007ffc28d80000 - 0x00007ffc28f51000 	C:\Windows\SYSTEM32\ntdll.dll
0x00007ffc28b30000 - 0x00007ffc28bdb000 	C:\Windows\System32\KERNEL32.DLL
0x00007ffc25d70000 - 0x00007ffc25f8d000 	C:\Windows\System32\KERNELBASE.dll
0x00007ffc26320000 - 0x00007ffc263c2000 	C:\Windows\System32\ADVAPI32.dll
0x00007ffc26eb0000 - 0x00007ffc26f4e000 	C:\Windows\System32\msvcrt.dll
0x00007ffc265c0000 - 0x00007ffc26619000 	C:\Windows\System32\sechost.dll
0x00007ffc28c50000 - 0x00007ffc28d71000 	C:\Windows\System32\RPCRT4.dll
0x00007ffc28880000 - 0x00007ffc289e5000 	C:\Windows\System32\USER32.dll
0x00007ffc25370000 - 0x00007ffc2538e000 	C:\Windows\System32\win32u.dll
0x00007ffc27190000 - 0x00007ffc271c4000 	C:\Windows\System32\GDI32.dll
0x00007ffc25be0000 - 0x00007ffc25d62000 	C:\Windows\System32\gdi32full.dll
0x00007ffc1eff0000 - 0x00007ffc1f26a000 	C:\Windows\WinSxS\amd64_microsoft.windows.common-controls_6595b64144ccf1df_6.0.14393.953_none_42151e83c686086b\COMCTL32.dll
0x00007ffc266e0000 - 0x00007ffc269a8000 	C:\Windows\System32\combase.dll
0x00007ffc25270000 - 0x00007ffc25365000 	C:\Windows\System32\ucrtbase.dll
0x00007ffc253e0000 - 0x00007ffc2544a000 	C:\Windows\System32\bcryptPrimitives.dll
0x00007ffc263d0000 - 0x00007ffc263fe000 	C:\Windows\System32\IMM32.DLL
0x00000000518a0000 - 0x0000000051972000 	C:\Program Files\Java\jdk1.8.0_111\jre\bin\msvcr100.dll
0x0000000051980000 - 0x000000005221a000 	C:\Program Files\Java\jdk1.8.0_111\jre\bin\server\jvm.dll
0x00007ffc26310000 - 0x00007ffc26318000 	C:\Windows\System32\PSAPI.DLL
0x00007ffc20a40000 - 0x00007ffc20a4a000 	C:\Windows\SYSTEM32\VERSION.dll
0x00007ffc1b2f0000 - 0x00007ffc1b2f9000 	C:\Windows\SYSTEM32\WSOCK32.dll
0x00007ffc27110000 - 0x00007ffc2717a000 	C:\Windows\System32\WS2_32.dll
0x00007ffc23660000 - 0x00007ffc23683000 	C:\Windows\SYSTEM32\WINMM.dll
0x00007ffc234f0000 - 0x00007ffc2351b000 	C:\Windows\SYSTEM32\WINMMBASE.dll
0x00007ffc25390000 - 0x00007ffc253d2000 	C:\Windows\System32\cfgmgr32.dll
0x0000000051890000 - 0x000000005189f000 	C:\Program Files\Java\jdk1.8.0_111\jre\bin\verify.dll
0x0000000051860000 - 0x0000000051889000 	C:\Program Files\Java\jdk1.8.0_111\jre\bin\java.dll
0x0000000051840000 - 0x0000000051856000 	C:\Program Files\Java\jdk1.8.0_111\jre\bin\zip.dll
0x00007ffc27370000 - 0x00007ffc28879000 	C:\Windows\System32\SHELL32.dll
0x00007ffc25450000 - 0x00007ffc25b2a000 	C:\Windows\System32\windows.storage.dll
0x00007ffc251e0000 - 0x00007ffc2522c000 	C:\Windows\System32\powrprof.dll
0x00007ffc26e40000 - 0x00007ffc26e92000 	C:\Windows\System32\shlwapi.dll
0x00007ffc25260000 - 0x00007ffc2526f000 	C:\Windows\System32\kernel.appcore.dll
0x00007ffc261c0000 - 0x00007ffc26269000 	C:\Windows\System32\shcore.dll
0x00007ffc25240000 - 0x00007ffc25254000 	C:\Windows\System32\profapi.dll
0x0000000052910000 - 0x0000000052aa8000 	C:\Program Files\Java\jdk1.8.0_111\jre\bin\awt.dll
0x00007ffc26620000 - 0x00007ffc266df000 	C:\Windows\System32\OLEAUT32.dll
0x00007ffc26270000 - 0x00007ffc2630c000 	C:\Windows\System32\msvcp_win.dll
0x00007ffc23790000 - 0x00007ffc2380a000 	C:\Windows\SYSTEM32\apphelp.dll
0x00007ffc23960000 - 0x00007ffc239f5000 	C:\Windows\system32\uxtheme.dll
0x00007ffc26fb0000 - 0x00007ffc2710a000 	C:\Windows\System32\MSCTF.dll
0x00007ffc230f0000 - 0x00007ffc23116000 	C:\Windows\system32\dwmapi.dll
0x00007ffc289f0000 - 0x00007ffc28b27000 	C:\Windows\System32\ole32.dll
0x00000000528c0000 - 0x0000000052907000 	C:\Program Files\Java\jdk1.8.0_111\jre\bin\fontmanager.dll
0x00007ffc1e9d0000 - 0x00007ffc1eb5d000 	C:\Windows\system32\d3d9.dll
0x00007ffbfbf40000 - 0x00007ffbfcff6000 	C:\Windows\SYSTEM32\nvd3dumx.dll
0x00007ffc206e0000 - 0x00007ffc2084c000 	C:\Program Files (x86)\NVIDIA Corporation\3D Vision\nvSCPAPI64.dll
0x00007ffc26a10000 - 0x00007ffc26e39000 	C:\Windows\System32\SETUPAPI.dll
0x0000000051820000 - 0x000000005183a000 	C:\Program Files\Java\jdk1.8.0_111\jre\bin\net.dll
0x00007ffc24ab0000 - 0x00007ffc24b0c000 	C:\Windows\system32\mswsock.dll
0x0000000051800000 - 0x0000000051811000 	C:\Program Files\Java\jdk1.8.0_111\jre\bin\nio.dll
0x0000000052870000 - 0x00000000528b2000 	C:\Program Files\Java\jdk1.8.0_111\jre\bin\t2k.dll
0x00007ffc272d0000 - 0x00007ffc2736f000 	C:\Windows\System32\clbcatq.dll
0x00007ffc22a30000 - 0x00007ffc22bd8000 	C:\Windows\SYSTEM32\WindowsCodecs.dll
0x00007ffc19570000 - 0x00007ffc195b9000 	C:\Windows\system32\dataexchange.dll
0x00007ffc23360000 - 0x00007ffc234b1000 	C:\Windows\system32\dcomp.dll
0x00007ffc21e60000 - 0x00007ffc22116000 	C:\Windows\system32\d3d11.dll
0x00007ffc24160000 - 0x00007ffc241ff000 	C:\Windows\system32\dxgi.dll
0x00007ffc23c00000 - 0x00007ffc23d1c000 	C:\Windows\system32\twinapi.appcore.dll
0x00007ffc25120000 - 0x00007ffc2514b000 	C:\Windows\system32\bcrypt.dll
0x00007ffc24c60000 - 0x00007ffc24c77000 	C:\Windows\SYSTEM32\CRYPTSP.dll
0x00007ffc246b0000 - 0x00007ffc246e3000 	C:\Windows\system32\rsaenh.dll
0x00007ffc24940000 - 0x00007ffc2495f000 	C:\Windows\SYSTEM32\USERENV.dll
0x00007ffc24c50000 - 0x00007ffc24c5b000 	C:\Windows\SYSTEM32\CRYPTBASE.dll
0x00007ffc24830000 - 0x00007ffc24868000 	C:\Windows\SYSTEM32\IPHLPAPI.DLL
0x00007ffc27180000 - 0x00007ffc27188000 	C:\Windows\System32\NSI.dll
0x00007ffc1f8c0000 - 0x00007ffc1f8d6000 	C:\Windows\SYSTEM32\dhcpcsvc6.DLL
0x00007ffc1f860000 - 0x00007ffc1f87a000 	C:\Windows\SYSTEM32\dhcpcsvc.DLL
0x0000000052840000 - 0x000000005286a000 	C:\Program Files\Java\jdk1.8.0_111\jre\bin\dcpr.dll
0x00007ffc1d5c0000 - 0x00007ffc1d692000 	C:\Windows\System32\IME\IMEKR\imkrtip.dll
0x00007ffc22c80000 - 0x00007ffc22e05000 	C:\Windows\SYSTEM32\PROPSYS.dll
0x00007ffc1d460000 - 0x00007ffc1d5b6000 	C:\Windows\System32\IME\shared\imetip.dll
0x00007ffc1cbf0000 - 0x00007ffc1cd98000 	C:\Windows\SYSTEM32\DUI70.dll
0x00007ffc1f410000 - 0x00007ffc1f475000 	C:\Windows\SYSTEM32\OLEACC.dll
0x00007ffc1d310000 - 0x00007ffc1d348000 	C:\Windows\System32\IME\IMEKR\imkrapi.dll
0x00007ffc1d2d0000 - 0x00007ffc1d305000 	C:\Windows\System32\IME\shared\imjkapi.dll
0x00007ffc24580000 - 0x00007ffc245b2000 	C:\Windows\SYSTEM32\ntmarta.dll
0x00007ffc190a0000 - 0x00007ffc19232000 	C:\Windows\SYSTEM32\dbghelp.dll

VM Arguments:
jvm_args: -Dfile.encoding=x-windows-949 -Duser.country=KR -Duser.language=ko -Duser.variant 
java_command: kr.or.dgit.sw_project.MainApp
java_class_path (initial): C:\Users\KDW\git\sw_project\build\classes\main;C:\Users\KDW\git\sw_project\build\resources\main;C:\Users\KDW\git\sw_project\src\main\resources\kr\or\dgit\sw_project\libraries\erp_myframework.jar;C:\Users\KDW\git\sw_project\src\main\resources\kr\or\dgit\sw_project\lookandfeel\syntheticaAluOxide.jar;C:\Users\KDW\git\sw_project\src\main\resources\kr\or\dgit\sw_project\lookandfeel\synthetica.jar;C:\Users\KDW\git\sw_project\src\main\resources\kr\or\dgit\sw_project\libraries\swingx-1.6.5.jar;C:\Users\KDW\git\sw_project\src\main\resources\kr\or\dgit\sw_project\libraries\syntheticaAddons.jar;C:\Users\KDW\git\sw_project\src\main\resources\kr\or\dgit\sw_project\libraries\syntheticaAluOxideAddon.jar;C:\Users\KDW\.gradle\caches\modules-2\files-2.1\mysql\mysql-connector-java\5.1.41\b0878056f15616989144d6114d36d3942321d0d1\mysql-connector-java-5.1.41.jar;C:\Users\KDW\.gradle\caches\modules-2\files-2.1\org.mybatis\mybatis\3.4.2\2b9a5082fe0bdb3128bab8b4b19b23ca0f3d9b38\mybatis-3.4.2.jar;C:\Users\KDW\.gradle\caches\modules-2\files-2.1\junit\junit\4.12\2973d150c0dc1fefe998f834810d68f278ea58ec\junit-4.12.jar;C:\Users\KDW\.gradle\caches\modules-2\files-2.1\log4j\log4j\1.2.17\5af35056b4d257e4b64b9e8069c0746e8b08629f\log4j-1.2.17.jar;C:\Users\KDW\.gradle\caches\modules-2\files-2.1\org.hamcrest\hamcrest-core\1.3\42a25dc3219429f0e5d060061f71acb49bf010a0\hamcrest-core-1.3.jar
Launcher Type: SUN_STANDARD

Environment Variables:
JAVA_HOME=C:\Program Files\Java\jdk1.8.0_111
PATH=C:/Program Files/Java/jdk1.8.0_111/bin/../jre/bin/server;C:/Program Files/Java/jdk1.8.0_111/bin/../jre/bin;C:/Program Files/Java/jdk1.8.0_111/bin/../jre/lib/amd64;C:\Program Files\Java\jdk1.8.0_111\bin;C:\ProgramData\Oracle\Java\javapath;C:\Program Files (x86)\NVIDIA Corporation\PhysX\Common;C:\Windows\system32;C:\Windows;C:\Windows\System32\Wbem;C:\Windows\System32\WindowsPowerShell\v1.0\;C:\Program Files\MySQL\MySQL Server 5.6\bin;C:\Program Files\Git\cmd;D:\gradle-3.4.1-bin\bin;C:\Users\KDW\AppData\Local\Microsoft\WindowsApps;;C:\eclipse_java;
USERNAME=KDW
OS=Windows_NT
PROCESSOR_IDENTIFIER=Intel64 Family 6 Model 23 Stepping 10, GenuineIntel



---------------  S Y S T E M  ---------------

OS: Windows 10.0 , 64 bit Build 14393 (10.0.14393.0)

CPU:total 4 (4 cores per cpu, 1 threads per core) family 6 model 23 stepping 10, cmov, cx8, fxsr, mmx, sse, sse2, sse3, ssse3, sse4.1, tsc

Memory: 4k page, physical 4192492k(1602588k free), swap 5896428k(1797996k free)

vm_info: Java HotSpot(TM) 64-Bit Server VM (25.111-b14) for windows-amd64 JRE (1.8.0_111-b14), built on Sep 22 2016 19:24:05 by "java_re" with MS VC++ 10.0 (VS2010)

time: Mon Apr 10 15:41:31 2017
elapsed time: 4 seconds (0d 0h 0m 4s)

