#
# A fatal error has been detected by the Java Runtime Environment:
#
#  EXCEPTION_ACCESS_VIOLATION (0xc0000005) at pc=0xffffffffa4235120, pid=4928, tid=0x0000000000080970
#
# JRE version: Java(TM) SE Runtime Environment (8.0_111-b14) (build 1.8.0_111-b14)
# Java VM: Java HotSpot(TM) 64-Bit Server VM (25.111-b14 mixed mode windows-amd64 compressed oops)
# Problematic frame:
# C  0xffffffffa4235120
#
# Failed to write core dump. Minidumps are not enabled by default on client versions of Windows
#
# If you would like to submit a bug report, please visit:
#   http://bugreport.java.com/bugreport/crash.jsp
#

---------------  T H R E A D  ---------------

Current thread (0x0000000017905800):  JavaThread "AWT-EventQueue-0" [_thread_in_Java, id=526704, stack(0x0000000018510000,0x0000000018610000)]

siginfo: ExceptionCode=0xc0000005, ExceptionInformation=0x0000000000000008 0xffffffffa4235120

Registers:
RAX=0x00000000ed974f30, RBX=0x000000001f707880, RCX=0x0000000000000000, RDX=0x00000000c06028a0
RSP=0x000000001860bd28, RBP=0x000000001860bee8, RSI=0x00000000c06028a0, RDI=0x0000000100292180
R8 =0x00000000ec4cd428, R9 =0x00000000ed974f30, R10=0x00000001002dc978, R11=0x00000000ed974f48
R12=0x0000000000000000, R13=0x0000000000000002, R14=0x0000000000000043, R15=0x0000000017905800
RIP=0xffffffffa4235120, EFLAGS=0x0000000000010202

Top of Stack: (sp=0x000000001860bd28)
0x000000001860bd28:   000000000362aff4 0000000003237ef4
0x000000001860bd38:   00000000ec4d8ab8 0000000000000000
0x000000001860bd48:   00000000ec4cd4e0 0000000000000000
0x000000001860bd58:   000000000373bde8 00000000ec4d8db0
0x000000001860bd68:   00000000ec4cf198 00000000c0006a80
0x000000001860bd78:   00000000c06028a0 00000000ec4cd428
0x000000001860bd88:   000000001860be48 000000001860bee8
0x000000001860bd98:   0000000003c5309c 0000000000000000
0x000000001860bda8:   0000000000000000 0000000000000000
0x000000001860bdb8:   0000000000000000 0000000000000000
0x000000001860bdc8:   0000000000000000 00000000ec4ceee8
0x000000001860bdd8:   00000000ec4d8a08 000000001860be48
0x000000001860bde8:   0000000003237b25 00000000eda3adf0
0x000000001860bdf8:   00000000ec4c7780 0000000000000000
0x000000001860be08:   00000000ec4cd438 00000000ec4d87d0
0x000000001860be18:   00000000ec4d8630 00000000ec4cf198 

Instructions: (pc=0xffffffffa4235120)
0xffffffffa4235100:   
[error occurred during error reporting (printing registers, top of stack, instructions near pc), id 0xc0000005]

Register to memory mapping:

RAX=0x00000000ed974f30 is an oop
java.lang.String 
 - klass: 'java/lang/String'
RBX=0x000000001f707880 is pointing into metadata
RCX=0x0000000000000000 is an unknown value
RDX=0x00000000c06028a0 is an oop
org.apache.ibatis.type.StringTypeHandler 
 - klass: 'org/apache/ibatis/type/StringTypeHandler'
RSP=0x000000001860bd28 is pointing into the stack for thread: 0x0000000017905800
RBP=0x000000001860bee8 is pointing into the stack for thread: 0x0000000017905800
RSI=0x00000000c06028a0 is an oop
org.apache.ibatis.type.StringTypeHandler 
 - klass: 'org/apache/ibatis/type/StringTypeHandler'
RDI=0x0000000100292180 is pointing into metadata
R8 =0x00000000ec4cd428 is an oop
com.sun.proxy.$Proxy2 
 - klass: 'com/sun/proxy/$Proxy2'
R9 =0x00000000ed974f30 is an oop
java.lang.String 
 - klass: 'java/lang/String'
R10=0x00000001002dc978 is pointing into metadata
R11=0x00000000ed974f48 is an oop
[C 
 - klass: {type array char}
 - length: 9
R12=0x0000000000000000 is an unknown value
R13=0x0000000000000002 is an unknown value
R14=0x0000000000000043 is an unknown value
R15=0x0000000017905800 is a thread


Stack: [0x0000000018510000,0x0000000018610000],  sp=0x000000001860bd28,  free space=1007k
Native frames: (J=compiled Java code, j=interpreted, Vv=VM code, C=native code)
C  0xffffffffa4235120


---------------  P R O C E S S  ---------------

Java Threads: ( => current thread )
  0x000000001c1da000 JavaThread "Image Fetcher 1" daemon [_thread_blocked, id=526796, stack(0x000000001f830000,0x000000001f930000)]
  0x000000001c1dc800 JavaThread "Thread-8" daemon [_thread_blocked, id=525584, stack(0x000000001f730000,0x000000001f830000)]
  0x000000001c1db000 JavaThread "Abandoned connection cleanup thread" daemon [_thread_blocked, id=660, stack(0x000000001e260000,0x000000001e360000)]
  0x000000001be9c000 JavaThread "SyntheticaAnimation 60" daemon [_thread_blocked, id=158464, stack(0x000000001dd60000,0x000000001de60000)]
  0x000000001c0f6000 JavaThread "SyntheticaAnimation 50" daemon [_thread_blocked, id=289712, stack(0x000000001d1d0000,0x000000001d2d0000)]
  0x0000000017f42000 JavaThread "D3D Screen Updater" daemon [_thread_blocked, id=4112, stack(0x000000001d0c0000,0x000000001d1c0000)]
  0x000000001bbfc000 JavaThread "TimerQueue" daemon [_thread_blocked, id=2660, stack(0x000000001c900000,0x000000001ca00000)]
  0x0000000017d27000 JavaThread "Image Fetcher 0" daemon [_thread_blocked, id=4684, stack(0x000000001b630000,0x000000001b730000)]
  0x0000000017c54000 JavaThread "SyntheticaCleanerThread" daemon [_thread_blocked, id=2324, stack(0x00000000198f0000,0x00000000199f0000)]
  0x000000001799b000 JavaThread "Thread-2" daemon [_thread_blocked, id=8944, stack(0x0000000018610000,0x0000000018710000)]
  0x000000000312d800 JavaThread "DestroyJavaVM" [_thread_blocked, id=3932, stack(0x0000000002f80000,0x0000000003080000)]
=>0x0000000017905800 JavaThread "AWT-EventQueue-0" [_thread_in_Java, id=526704, stack(0x0000000018510000,0x0000000018610000)]
  0x0000000017903800 JavaThread "AWT-Windows" daemon [_thread_in_native, id=1072, stack(0x00000000182a0000,0x00000000183a0000)]
  0x00000000178ff000 JavaThread "AWT-Shutdown" [_thread_blocked, id=210104, stack(0x00000000181a0000,0x00000000182a0000)]
  0x00000000178f7000 JavaThread "Java2D Disposer" daemon [_thread_blocked, id=9376, stack(0x00000000180a0000,0x00000000181a0000)]
  0x000000001705a800 JavaThread "Service Thread" daemon [_thread_blocked, id=526172, stack(0x00000000175d0000,0x00000000176d0000)]
  0x0000000016fd4800 JavaThread "C1 CompilerThread2" daemon [_thread_blocked, id=6700, stack(0x00000000174d0000,0x00000000175d0000)]
  0x000000001595e000 JavaThread "C2 CompilerThread1" daemon [_thread_blocked, id=8188, stack(0x00000000173d0000,0x00000000174d0000)]
  0x000000001595b800 JavaThread "C2 CompilerThread0" daemon [_thread_blocked, id=7176, stack(0x0000000016ed0000,0x0000000016fd0000)]
  0x0000000015959800 JavaThread "Attach Listener" daemon [_thread_blocked, id=525676, stack(0x0000000016dd0000,0x0000000016ed0000)]
  0x000000001590d000 JavaThread "Signal Dispatcher" daemon [_thread_blocked, id=526120, stack(0x0000000016cd0000,0x0000000016dd0000)]
  0x00000000158e9000 JavaThread "Finalizer" daemon [_thread_blocked, id=1360, stack(0x0000000016b50000,0x0000000016c50000)]
  0x0000000003221000 JavaThread "Reference Handler" daemon [_thread_blocked, id=526648, stack(0x0000000016a50000,0x0000000016b50000)]

Other Threads:
  0x00000000158c7800 VMThread [stack: 0x0000000016950000,0x0000000016a50000] [id=4244]
  0x00000000170ae000 WatcherThread [stack: 0x00000000176d0000,0x00000000177d0000] [id=525444]

VM state:not at safepoint (normal execution)

VM Mutex/Monitor currently owned by a thread: None

Heap:
 PSYoungGen      total 47616K, used 29580K [0x00000000eab00000, 0x00000000ee880000, 0x0000000100000000)
  eden space 40448K, 67% used [0x00000000eab00000,0x00000000ec57d7a0,0x00000000ed280000)
  from space 7168K, 34% used [0x00000000ed900000,0x00000000edb65a20,0x00000000ee000000)
  to   space 6656K, 0% used [0x00000000ed280000,0x00000000ed280000,0x00000000ed900000)
 ParOldGen       total 34816K, used 6336K [0x00000000c0000000, 0x00000000c2200000, 0x00000000eab00000)
  object space 34816K, 18% used [0x00000000c0000000,0x00000000c0630338,0x00000000c2200000)
 Metaspace       used 28513K, capacity 29104K, committed 29184K, reserved 1075200K
  class space    used 3649K, capacity 3784K, committed 3840K, reserved 1048576K

Card table byte_map: [0x00000000125f0000,0x0000000012800000] byte_map_base: 0x0000000011ff0000

Marking Bits: (ParMarkBitMap*) 0x000000005559a6c0
 Begin Bits: [0x0000000012d60000, 0x0000000013d60000)
 End Bits:   [0x0000000013d60000, 0x0000000014d60000)

Polling page: 0x0000000002c00000

CodeCache: size=245760Kb used=11029Kb max_used=11044Kb free=234730Kb
 bounds [0x0000000003230000, 0x0000000003d10000, 0x0000000012230000]
 total_blobs=3875 nmethods=3217 adapters=571
 compilation: enabled

Compilation events (10 events):
Event: 7.320 Thread 0x0000000016fd4800 nmethod 3492 0x0000000003cf9910 code [0x0000000003cf9c40, 0x0000000003cfb818]
Event: 7.320 Thread 0x0000000016fd4800 3493       3       java.lang.ref.ReferenceQueue::<init> (27 bytes)
Event: 7.321 Thread 0x0000000016fd4800 nmethod 3493 0x0000000003cfc450 code [0x0000000003cfc5c0, 0x0000000003cfc930]
Event: 7.326 Thread 0x0000000016fd4800 3494       3       com.mysql.jdbc.MysqlDefs::mysqlToJavaType (383 bytes)
Event: 7.327 Thread 0x0000000016fd4800 nmethod 3494 0x0000000003cfca90 code [0x0000000003cfcc40, 0x0000000003cfd1d0]
Event: 7.328 Thread 0x0000000016fd4800 3495       3       org.apache.log4j.spi.LoggingEvent::getRenderedMessage (94 bytes)
Event: 7.329 Thread 0x000000001595b800 3496   !   4       org.apache.ibatis.type.BaseTypeHandler::getResult (64 bytes)
Event: 7.330 Thread 0x0000000016fd4800 nmethod 3495 0x0000000003cfd250 code [0x0000000003cfd460, 0x0000000003cfe0d8]
Event: 7.331 Thread 0x000000001595e000 3497   !   4       com.mysql.jdbc.ResultSetImpl::findColumn (246 bytes)
Event: 7.332 Thread 0x000000001595b800 nmethod 3496 0x0000000003d012d0 code [0x0000000003d01440, 0x0000000003d01628]

GC Heap History (10 events):
Event: 3.618 GC heap before
{Heap before GC invocations=3 (full 0):
 PSYoungGen      total 18944K, used 7346K [0x00000000eab00000, 0x00000000ec000000, 0x0000000100000000)
  eden space 16384K, 29% used [0x00000000eab00000,0x00000000eafaf6d0,0x00000000ebb00000)
  from space 2560K, 99% used [0x00000000ebd80000,0x00000000ebffd4c8,0x00000000ec000000)
  to   space 2560K, 0% used [0x00000000ebb00000,0x00000000ebb00000,0x00000000ebd80000)
 ParOldGen       total 44032K, used 4928K [0x00000000c0000000, 0x00000000c2b00000, 0x00000000eab00000)
  object space 44032K, 11% used [0x00000000c0000000,0x00000000c04d0270,0x00000000c2b00000)
 Metaspace       used 20925K, capacity 21140K, committed 21248K, reserved 1067008K
  class space    used 2742K, capacity 2812K, committed 2816K, reserved 1048576K
Event: 3.626 GC heap after
Heap after GC invocations=3 (full 0):
 PSYoungGen      total 18944K, used 2549K [0x00000000eab00000, 0x00000000ed000000, 0x0000000100000000)
  eden space 16384K, 0% used [0x00000000eab00000,0x00000000eab00000,0x00000000ebb00000)
  from space 2560K, 99% used [0x00000000ebb00000,0x00000000ebd7d4c8,0x00000000ebd80000)
  to   space 2560K, 0% used [0x00000000ecd80000,0x00000000ecd80000,0x00000000ed000000)
 ParOldGen       total 44032K, used 5530K [0x00000000c0000000, 0x00000000c2b00000, 0x00000000eab00000)
  object space 44032K, 12% used [0x00000000c0000000,0x00000000c0566ba8,0x00000000c2b00000)
 Metaspace       used 20925K, capacity 21140K, committed 21248K, reserved 1067008K
  class space    used 2742K, capacity 2812K, committed 2816K, reserved 1048576K
}
Event: 3.626 GC heap before
{Heap before GC invocations=4 (full 1):
 PSYoungGen      total 18944K, used 2549K [0x00000000eab00000, 0x00000000ed000000, 0x0000000100000000)
  eden space 16384K, 0% used [0x00000000eab00000,0x00000000eab00000,0x00000000ebb00000)
  from space 2560K, 99% used [0x00000000ebb00000,0x00000000ebd7d4c8,0x00000000ebd80000)
  to   space 2560K, 0% used [0x00000000ecd80000,0x00000000ecd80000,0x00000000ed000000)
 ParOldGen       total 44032K, used 5530K [0x00000000c0000000, 0x00000000c2b00000, 0x00000000eab00000)
  object space 44032K, 12% used [0x00000000c0000000,0x00000000c0566ba8,0x00000000c2b00000)
 Metaspace       used 20925K, capacity 21140K, committed 21248K, reserved 1067008K
  class space    used 2742K, capacity 2812K, committed 2816K, reserved 1048576K
Event: 3.679 GC heap after
Heap after GC invocations=4 (full 1):
 PSYoungGen      total 18944K, used 0K [0x00000000eab00000, 0x00000000ed000000, 0x0000000100000000)
  eden space 16384K, 0% used [0x00000000eab00000,0x00000000eab00000,0x00000000ebb00000)
  from space 2560K, 0% used [0x00000000ebb00000,0x00000000ebb00000,0x00000000ebd80000)
  to   space 2560K, 0% used [0x00000000ecd80000,0x00000000ecd80000,0x00000000ed000000)
 ParOldGen       total 34816K, used 6312K [0x00000000c0000000, 0x00000000c2200000, 0x00000000eab00000)
  object space 34816K, 18% used [0x00000000c0000000,0x00000000c062a338,0x00000000c2200000)
 Metaspace       used 20925K, capacity 21140K, committed 21248K, reserved 1067008K
  class space    used 2742K, capacity 2812K, committed 2816K, reserved 1048576K
}
Event: 4.263 GC heap before
{Heap before GC invocations=5 (full 1):
 PSYoungGen      total 18944K, used 16360K [0x00000000eab00000, 0x00000000ed000000, 0x0000000100000000)
  eden space 16384K, 99% used [0x00000000eab00000,0x00000000ebafa2c0,0x00000000ebb00000)
  from space 2560K, 0% used [0x00000000ebb00000,0x00000000ebb00000,0x00000000ebd80000)
  to   space 2560K, 0% used [0x00000000ecd80000,0x00000000ecd80000,0x00000000ed000000)
 ParOldGen       total 34816K, used 6312K [0x00000000c0000000, 0x00000000c2200000, 0x00000000eab00000)
  object space 34816K, 18% used [0x00000000c0000000,0x00000000c062a338,0x00000000c2200000)
 Metaspace       used 21982K, capacity 22234K, committed 22400K, reserved 1069056K
  class space    used 2867K, capacity 2942K, committed 2944K, reserved 1048576K
Event: 4.269 GC heap after
Heap after GC invocations=5 (full 1):
 PSYoungGen      total 26624K, used 1419K [0x00000000eab00000, 0x00000000ecf00000, 0x0000000100000000)
  eden space 25088K, 0% used [0x00000000eab00000,0x00000000eab00000,0x00000000ec380000)
  from space 1536K, 92% used [0x00000000ecd80000,0x00000000ecee2ec0,0x00000000ecf00000)
  to   space 2560K, 0% used [0x00000000eca00000,0x00000000eca00000,0x00000000ecc80000)
 ParOldGen       total 34816K, used 6320K [0x00000000c0000000, 0x00000000c2200000, 0x00000000eab00000)
  object space 34816K, 18% used [0x00000000c0000000,0x00000000c062c338,0x00000000c2200000)
 Metaspace       used 21982K, capacity 22234K, committed 22400K, reserved 1069056K
  class space    used 2867K, capacity 2942K, committed 2944K, reserved 1048576K
}
Event: 4.610 GC heap before
{Heap before GC invocations=6 (full 1):
 PSYoungGen      total 26624K, used 26507K [0x00000000eab00000, 0x00000000ecf00000, 0x0000000100000000)
  eden space 25088K, 100% used [0x00000000eab00000,0x00000000ec380000,0x00000000ec380000)
  from space 1536K, 92% used [0x00000000ecd80000,0x00000000ecee2ec0,0x00000000ecf00000)
  to   space 2560K, 0% used [0x00000000eca00000,0x00000000eca00000,0x00000000ecc80000)
 ParOldGen       total 34816K, used 6320K [0x00000000c0000000, 0x00000000c2200000, 0x00000000eab00000)
  object space 34816K, 18% used [0x00000000c0000000,0x00000000c062c338,0x00000000c2200000)
 Metaspace       used 22684K, capacity 22976K, committed 23296K, reserved 1069056K
  class space    used 2944K, capacity 3039K, committed 3072K, reserved 1048576K
Event: 4.622 GC heap after
Heap after GC invocations=6 (full 1):
 PSYoungGen      total 34304K, used 1996K [0x00000000eab00000, 0x00000000ee000000, 0x0000000100000000)
  eden space 31744K, 0% used [0x00000000eab00000,0x00000000eab00000,0x00000000eca00000)
  from space 2560K, 77% used [0x00000000eca00000,0x00000000ecbf3238,0x00000000ecc80000)
  to   space 7168K, 0% used [0x00000000ed900000,0x00000000ed900000,0x00000000ee000000)
 ParOldGen       total 34816K, used 6328K [0x00000000c0000000, 0x00000000c2200000, 0x00000000eab00000)
  object space 34816K, 18% used [0x00000000c0000000,0x00000000c062e338,0x00000000c2200000)
 Metaspace       used 22684K, capacity 22976K, committed 23296K, reserved 1069056K
  class space    used 2944K, capacity 3039K, committed 3072K, reserved 1048576K
}
Event: 5.002 GC heap before
{Heap before GC invocations=7 (full 1):
 PSYoungGen      total 34304K, used 33740K [0x00000000eab00000, 0x00000000ee000000, 0x0000000100000000)
  eden space 31744K, 100% used [0x00000000eab00000,0x00000000eca00000,0x00000000eca00000)
  from space 2560K, 77% used [0x00000000eca00000,0x00000000ecbf3238,0x00000000ecc80000)
  to   space 7168K, 0% used [0x00000000ed900000,0x00000000ed900000,0x00000000ee000000)
 ParOldGen       total 34816K, used 6328K [0x00000000c0000000, 0x00000000c2200000, 0x00000000eab00000)
  object space 34816K, 18% used [0x00000000c0000000,0x00000000c062e338,0x00000000c2200000)
 Metaspace       used 23771K, capacity 24012K, committed 24448K, reserved 1071104K
  class space    used 3010K, capacity 3105K, committed 3200K, reserved 1048576K
Event: 5.008 GC heap after
Heap after GC invocations=7 (full 1):
 PSYoungGen      total 47616K, used 2454K [0x00000000eab00000, 0x00000000ee880000, 0x0000000100000000)
  eden space 40448K, 0% used [0x00000000eab00000,0x00000000eab00000,0x00000000ed280000)
  from space 7168K, 34% used [0x00000000ed900000,0x00000000edb65a20,0x00000000ee000000)
  to   space 6656K, 0% used [0x00000000ed280000,0x00000000ed280000,0x00000000ed900000)
 ParOldGen       total 34816K, used 6336K [0x00000000c0000000, 0x00000000c2200000, 0x00000000eab00000)
  object space 34816K, 18% used [0x00000000c0000000,0x00000000c0630338,0x00000000c2200000)
 Metaspace       used 23771K, capacity 24012K, committed 24448K, reserved 1071104K
  class space    used 3010K, capacity 3105K, committed 3200K, reserved 1048576K
}

Deoptimization events (10 events):
Event: 6.271 Thread 0x0000000017905800 Uncommon trap: reason=class_check action=maybe_recompile pc=0x0000000003629078 method=java.util.regex.Pattern$CharProperty.match(Ljava/util/regex/Matcher;ILjava/lang/CharSequence;)Z @ 18
Event: 6.272 Thread 0x0000000017905800 Uncommon trap: reason=class_check action=maybe_recompile pc=0x0000000003629078 method=java.util.regex.Pattern$CharProperty.match(Ljava/util/regex/Matcher;ILjava/lang/CharSequence;)Z @ 18
Event: 6.272 Thread 0x0000000017905800 Uncommon trap: reason=class_check action=maybe_recompile pc=0x0000000003629078 method=java.util.regex.Pattern$CharProperty.match(Ljava/util/regex/Matcher;ILjava/lang/CharSequence;)Z @ 18
Event: 6.272 Thread 0x0000000017905800 Uncommon trap: reason=class_check action=maybe_recompile pc=0x0000000003629078 method=java.util.regex.Pattern$CharProperty.match(Ljava/util/regex/Matcher;ILjava/lang/CharSequence;)Z @ 18
Event: 6.654 Thread 0x0000000017905800 Uncommon trap: reason=bimorphic action=maybe_recompile pc=0x0000000003689bb8 method=java.util.Hashtable.put(Ljava/lang/Object;Ljava/lang/Object;)Ljava/lang/Object; @ 60
Event: 6.655 Thread 0x0000000017905800 Uncommon trap: reason=bimorphic action=maybe_recompile pc=0x0000000003689bb8 method=java.util.Hashtable.put(Ljava/lang/Object;Ljava/lang/Object;)Ljava/lang/Object; @ 60
Event: 7.086 Thread 0x0000000017905800 Uncommon trap: reason=class_check action=maybe_recompile pc=0x00000000034843b8 method=java.util.regex.Pattern$Start.match(Ljava/util/regex/Matcher;ILjava/lang/CharSequence;)Z @ 44
Event: 7.087 Thread 0x0000000017905800 Uncommon trap: reason=class_check action=maybe_recompile pc=0x00000000034843b8 method=java.util.regex.Pattern$Start.match(Ljava/util/regex/Matcher;ILjava/lang/CharSequence;)Z @ 44
Event: 7.087 Thread 0x0000000017905800 Uncommon trap: reason=class_check action=maybe_recompile pc=0x00000000034843b8 method=java.util.regex.Pattern$Start.match(Ljava/util/regex/Matcher;ILjava/lang/CharSequence;)Z @ 44
Event: 7.087 Thread 0x0000000017905800 Uncommon trap: reason=class_check action=maybe_recompile pc=0x00000000034843b8 method=java.util.regex.Pattern$Start.match(Ljava/util/regex/Matcher;ILjava/lang/CharSequence;)Z @ 44

Internal exceptions (10 events):
Event: 3.703 Thread 0x0000000017905800 Exception <a 'java/lang/ArrayIndexOutOfBoundsException'> (0x00000000eabd4160) thrown at [C:\re\workspace\8-2-build-windows-amd64-cygwin\jdk8u111\7883\hotspot\src\share\vm\runtime\sharedRuntime.cpp, line 605]
Event: 3.703 Thread 0x0000000017905800 Exception <a 'java/lang/ArrayIndexOutOfBoundsException'> (0x00000000eabd5538) thrown at [C:\re\workspace\8-2-build-windows-amd64-cygwin\jdk8u111\7883\hotspot\src\share\vm\runtime\sharedRuntime.cpp, line 605]
Event: 3.704 Thread 0x0000000017905800 Exception <a 'java/lang/ArrayIndexOutOfBoundsException'> (0x00000000eabdd1f0) thrown at [C:\re\workspace\8-2-build-windows-amd64-cygwin\jdk8u111\7883\hotspot\src\share\vm\runtime\sharedRuntime.cpp, line 605]
Event: 3.705 Thread 0x0000000017905800 Exception <a 'java/lang/ArrayIndexOutOfBoundsException'> (0x00000000eabde680) thrown at [C:\re\workspace\8-2-build-windows-amd64-cygwin\jdk8u111\7883\hotspot\src\share\vm\runtime\sharedRuntime.cpp, line 605]
Event: 3.705 Thread 0x0000000017905800 Exception <a 'java/lang/ArrayIndexOutOfBoundsException'> (0x00000000eabdfed0) thrown at [C:\re\workspace\8-2-build-windows-amd64-cygwin\jdk8u111\7883\hotspot\src\share\vm\runtime\sharedRuntime.cpp, line 605]
Event: 3.705 Thread 0x0000000017905800 Exception <a 'java/lang/ArrayIndexOutOfBoundsException'> (0x00000000eabe12f8) thrown at [C:\re\workspace\8-2-build-windows-amd64-cygwin\jdk8u111\7883\hotspot\src\share\vm\runtime\sharedRuntime.cpp, line 605]
Event: 3.705 Thread 0x0000000017905800 Exception <a 'java/lang/ArrayIndexOutOfBoundsException'> (0x00000000eabe2250) thrown at [C:\re\workspace\8-2-build-windows-amd64-cygwin\jdk8u111\7883\hotspot\src\share\vm\runtime\sharedRuntime.cpp, line 605]
Event: 3.705 Thread 0x0000000017905800 Exception <a 'java/lang/ArrayIndexOutOfBoundsException'> (0x00000000eabe3630) thrown at [C:\re\workspace\8-2-build-windows-amd64-cygwin\jdk8u111\7883\hotspot\src\share\vm\runtime\sharedRuntime.cpp, line 605]
Event: 3.705 Thread 0x0000000017905800 Exception <a 'java/lang/ArrayIndexOutOfBoundsException'> (0x00000000eabe4778) thrown at [C:\re\workspace\8-2-build-windows-amd64-cygwin\jdk8u111\7883\hotspot\src\share\vm\runtime\sharedRuntime.cpp, line 605]
Event: 3.705 Thread 0x0000000017905800 Exception <a 'java/lang/ArrayIndexOutOfBoundsException'> (0x00000000eabe5a68) thrown at [C:\re\workspace\8-2-build-windows-amd64-cygwin\jdk8u111\7883\hotspot\src\share\vm\runtime\sharedRuntime.cpp, line 605]

Events (10 events):
Event: 7.229 loading class kr/or/dgit/sw_project/application/client/ViewClient$2
Event: 7.229 loading class kr/or/dgit/sw_project/application/client/ViewClient$2 done
Event: 7.242 loading class kr/or/dgit/sw_project/application/supplycompany/TableSupplyCompany
Event: 7.242 loading class kr/or/dgit/sw_project/application/supplycompany/TableSupplyCompany done
Event: 7.246 Executing VM operation: BulkRevokeBias
Event: 7.247 Executing VM operation: BulkRevokeBias done
Event: 7.256 Executing VM operation: BulkRevokeBias
Event: 7.256 Executing VM operation: BulkRevokeBias done
Event: 7.318 Executing VM operation: BulkRevokeBias
Event: 7.318 Executing VM operation: BulkRevokeBias done


Dynamic libraries:
0x00007ff64a9e0000 - 0x00007ff64aa17000 	C:\Program Files\Java\jdk1.8.0_111\bin\java.exe
0x00007ff806f30000 - 0x00007ff807101000 	C:\Windows\SYSTEM32\ntdll.dll
0x00007ff8048d0000 - 0x00007ff80497b000 	C:\Windows\System32\KERNEL32.DLL
0x00007ff803420000 - 0x00007ff80363d000 	C:\Windows\System32\KERNELBASE.dll
0x00007ff806690000 - 0x00007ff806732000 	C:\Windows\System32\ADVAPI32.dll
0x00007ff806740000 - 0x00007ff8067de000 	C:\Windows\System32\msvcrt.dll
0x00007ff8067e0000 - 0x00007ff806839000 	C:\Windows\System32\sechost.dll
0x00007ff8047a0000 - 0x00007ff8048c1000 	C:\Windows\System32\RPCRT4.dll
0x00007ff804530000 - 0x00007ff804695000 	C:\Windows\System32\USER32.dll
0x00007ff804260000 - 0x00007ff80427e000 	C:\Windows\System32\win32u.dll
0x00007ff804980000 - 0x00007ff8049b4000 	C:\Windows\System32\GDI32.dll
0x00007ff804330000 - 0x00007ff8044b2000 	C:\Windows\System32\gdi32full.dll
0x00007ffffcbf0000 - 0x00007ffffce6a000 	C:\Windows\WinSxS\amd64_microsoft.windows.common-controls_6595b64144ccf1df_6.0.14393.953_none_42151e83c686086b\COMCTL32.dll
0x00007ff804a90000 - 0x00007ff804d58000 	C:\Windows\System32\combase.dll
0x00007ff8036f0000 - 0x00007ff8037e5000 	C:\Windows\System32\ucrtbase.dll
0x00007ff8041a0000 - 0x00007ff80420a000 	C:\Windows\System32\bcryptPrimitives.dll
0x00007ff804d90000 - 0x00007ff804dbe000 	C:\Windows\System32\IMM32.DLL
0x00000000558d0000 - 0x00000000559a2000 	C:\Program Files\Java\jdk1.8.0_111\jre\bin\msvcr100.dll
0x0000000054d80000 - 0x000000005561a000 	C:\Program Files\Java\jdk1.8.0_111\jre\bin\server\jvm.dll
0x00007ff806840000 - 0x00007ff806848000 	C:\Windows\System32\PSAPI.DLL
0x00007ff800040000 - 0x00007ff80004a000 	C:\Windows\SYSTEM32\VERSION.dll
0x00007ffff9050000 - 0x00007ffff9059000 	C:\Windows\SYSTEM32\WSOCK32.dll
0x00007ff801810000 - 0x00007ff801833000 	C:\Windows\SYSTEM32\WINMM.dll
0x00007ff8044c0000 - 0x00007ff80452a000 	C:\Windows\System32\WS2_32.dll
0x00007ff8016a0000 - 0x00007ff8016cb000 	C:\Windows\SYSTEM32\winmmbase.dll
0x00007ff804210000 - 0x00007ff804252000 	C:\Windows\System32\cfgmgr32.dll
0x0000000054d70000 - 0x0000000054d7f000 	C:\Program Files\Java\jdk1.8.0_111\jre\bin\verify.dll
0x0000000054d40000 - 0x0000000054d69000 	C:\Program Files\Java\jdk1.8.0_111\jre\bin\java.dll
0x0000000054d20000 - 0x0000000054d36000 	C:\Program Files\Java\jdk1.8.0_111\jre\bin\zip.dll
0x00007ff804e20000 - 0x00007ff806329000 	C:\Windows\System32\SHELL32.dll
0x00007ff8038f0000 - 0x00007ff803fca000 	C:\Windows\System32\windows.storage.dll
0x00007ff8033a0000 - 0x00007ff8033ec000 	C:\Windows\System32\powrprof.dll
0x00007ff804a30000 - 0x00007ff804a82000 	C:\Windows\System32\shlwapi.dll
0x00007ff803390000 - 0x00007ff80339f000 	C:\Windows\System32\kernel.appcore.dll
0x00007ff803640000 - 0x00007ff8036e9000 	C:\Windows\System32\shcore.dll
0x00007ff8033f0000 - 0x00007ff803404000 	C:\Windows\System32\profapi.dll
0x0000000053d20000 - 0x0000000053eb8000 	C:\Program Files\Java\jdk1.8.0_111\jre\bin\awt.dll
0x00007ff8065d0000 - 0x00007ff80668f000 	C:\Windows\System32\OLEAUT32.dll
0x00007ff803850000 - 0x00007ff8038ec000 	C:\Windows\System32\msvcp_win.dll
0x00007ff801940000 - 0x00007ff8019ba000 	C:\Windows\SYSTEM32\apphelp.dll
0x00007ff801b10000 - 0x00007ff801ba5000 	C:\Windows\system32\uxtheme.dll
0x00007ff806470000 - 0x00007ff8065ca000 	C:\Windows\System32\MSCTF.dll
0x00007ff8011e0000 - 0x00007ff801206000 	C:\Windows\system32\dwmapi.dll
0x00007ff806330000 - 0x00007ff806467000 	C:\Windows\System32\ole32.dll
0x0000000054a30000 - 0x0000000054a77000 	C:\Program Files\Java\jdk1.8.0_111\jre\bin\fontmanager.dll
0x00007ffffbf40000 - 0x00007ffffc0cd000 	C:\Windows\system32\d3d9.dll
0x00007fffd67b0000 - 0x00007fffd7866000 	C:\Windows\SYSTEM32\nvd3dumx.dll
0x00007ffffe300000 - 0x00007ffffe46c000 	C:\Program Files (x86)\NVIDIA Corporation\3D Vision\nvSCPAPI64.dll
0x00007ff806b00000 - 0x00007ff806f29000 	C:\Windows\System32\SETUPAPI.dll
0x00007ffffdda0000 - 0x00007ffffe0d6000 	C:\Windows\system32\nvapi64.dll
0x00007ff801fa0000 - 0x00007ff801fc8000 	C:\Windows\SYSTEM32\DEVOBJ.dll
0x00007ff8037f0000 - 0x00007ff803845000 	C:\Windows\System32\WINTRUST.dll
0x00007ff803410000 - 0x00007ff803420000 	C:\Windows\System32\MSASN1.dll
0x00007ff803fd0000 - 0x00007ff804199000 	C:\Windows\System32\CRYPT32.dll
0x00007ff802310000 - 0x00007ff8023af000 	C:\Windows\system32\dxgi.dll
0x0000000054d00000 - 0x0000000054d1a000 	C:\Program Files\Java\jdk1.8.0_111\jre\bin\net.dll
0x00007ff802c60000 - 0x00007ff802cbc000 	C:\Windows\system32\mswsock.dll
0x0000000054ce0000 - 0x0000000054cf1000 	C:\Program Files\Java\jdk1.8.0_111\jre\bin\nio.dll
0x00000000549e0000 - 0x0000000054a22000 	C:\Program Files\Java\jdk1.8.0_111\jre\bin\t2k.dll
0x00007ff806a50000 - 0x00007ff806aef000 	C:\Windows\System32\clbcatq.dll
0x00007ff800f30000 - 0x00007ff8010d8000 	C:\Windows\SYSTEM32\WindowsCodecs.dll
0x00007ffff8980000 - 0x00007ffff89c9000 	C:\Windows\system32\dataexchange.dll
0x00007fffffd20000 - 0x00007ffffffd6000 	C:\Windows\system32\d3d11.dll
0x00007ff801300000 - 0x00007ff801451000 	C:\Windows\system32\dcomp.dll
0x00007ff801db0000 - 0x00007ff801ecc000 	C:\Windows\system32\twinapi.appcore.dll
0x00007ff8032d0000 - 0x00007ff8032fb000 	C:\Windows\system32\bcrypt.dll
0x00007ff802e00000 - 0x00007ff802e17000 	C:\Windows\SYSTEM32\CRYPTSP.dll
0x00007ff802860000 - 0x00007ff802893000 	C:\Windows\system32\rsaenh.dll
0x00007ff802ae0000 - 0x00007ff802aff000 	C:\Windows\SYSTEM32\USERENV.dll
0x00007ff802e20000 - 0x00007ff802e2b000 	C:\Windows\SYSTEM32\CRYPTBASE.dll
0x00007ff8029e0000 - 0x00007ff802a18000 	C:\Windows\SYSTEM32\IPHLPAPI.DLL
0x00007ff804d60000 - 0x00007ff804d68000 	C:\Windows\System32\NSI.dll
0x00007ffffe6b0000 - 0x00007ffffe6c6000 	C:\Windows\SYSTEM32\dhcpcsvc6.DLL
0x00007ffffe690000 - 0x00007ffffe6aa000 	C:\Windows\SYSTEM32\dhcpcsvc.DLL
0x00007ffffb3c0000 - 0x00007ffffb492000 	C:\Windows\System32\IME\IMEKR\imkrtip.dll
0x00007ff800da0000 - 0x00007ff800f25000 	C:\Windows\SYSTEM32\PROPSYS.dll
0x00007ffffb260000 - 0x00007ffffb3b6000 	C:\Windows\System32\IME\shared\imetip.dll
0x00007ffffc910000 - 0x00007ffffc975000 	C:\Windows\SYSTEM32\OLEACC.dll
0x00007ffffaa20000 - 0x00007ffffabc8000 	C:\Windows\SYSTEM32\DUI70.dll
0x00007ffffbcf0000 - 0x00007ffffbd28000 	C:\Windows\System32\IME\IMEKR\imkrapi.dll
0x00007ffffbcb0000 - 0x00007ffffbce5000 	C:\Windows\System32\IME\shared\imjkapi.dll
0x00007ff802730000 - 0x00007ff802762000 	C:\Windows\SYSTEM32\ntmarta.dll
0x00000000549b0000 - 0x00000000549da000 	C:\Program Files\Java\jdk1.8.0_111\jre\bin\dcpr.dll
0x00007ff802a20000 - 0x00007ff802ac1000 	C:\Windows\SYSTEM32\DNSAPI.dll
0x00007ffffaed0000 - 0x00007ffffaeda000 	C:\Windows\System32\rasadhlp.dll
0x00007ffffd7a0000 - 0x00007ffffd80a000 	C:\Windows\System32\fwpuclnt.dll
0x00007ffff5f70000 - 0x00007ffff6102000 	C:\Windows\SYSTEM32\dbghelp.dll

VM Arguments:
jvm_args: -Dfile.encoding=x-windows-949 -Duser.country=KR -Duser.language=ko -Duser.variant 
java_command: kr.or.dgit.sw_project.MainApp
java_class_path (initial): C:\Users\LYJ\git\Swproject\build\classes\main;C:\Users\LYJ\git\Swproject\build\resources\main;C:\Users\LYJ\git\Swproject\src\main\resources\kr\or\dgit\sw_project\libraries\jxl.jar;C:\Users\LYJ\git\Swproject\src\main\resources\kr\or\dgit\sw_project\libraries\DatePanel.jar;C:\Users\LYJ\git\Swproject\src\main\resources\kr\or\dgit\sw_project\libraries\erp_myframework.jar;C:\Users\LYJ\git\Swproject\src\main\resources\kr\or\dgit\sw_project\lookandfeel\syntheticaAluOxide.jar;C:\Users\LYJ\git\Swproject\src\main\resources\kr\or\dgit\sw_project\lookandfeel\synthetica.jar;C:\Users\LYJ\git\Swproject\src\main\resources\kr\or\dgit\sw_project\libraries\swingx-1.6.5.jar;C:\Users\LYJ\git\Swproject\src\main\resources\kr\or\dgit\sw_project\libraries\syntheticaAddons.jar;C:\Users\LYJ\git\Swproject\src\main\resources\kr\or\dgit\sw_project\libraries\syntheticaAluOxideAddon.jar;C:\Users\LYJ\git\Swproject\src\main\resources\kr\or\dgit\sw_project\libraries\jfxrt.jar;C:\Users\LYJ\.gradle\caches\modules-2\files-2.1\mysql\mysql-connector-java\5.1.41\b0878056f15616989144d6114d36d3942321d0d1\mysql-connector-java-5.1.41.jar;C:\Users\LYJ\.gradle\caches\modules-2\files-2.1\org.mybatis\mybatis\3.4.2\2b9a5082fe0bdb3128bab8b4b19b23ca0f3d9b38\mybatis-3.4.2.jar;C:\Users\LYJ\.gradle\caches\modules-2\files-2.1\junit\junit\4.12\2973d150c0dc1fefe998f834810d68f278ea58ec\junit-4.12.jar;C:\Users\LYJ\.gradle\caches\modules-2\files-2.1\log4j\log4j\1.2.17\5af35056b4d257e4b64b9e8069c0746e8b08629f\log4j-1.2.17.jar;C:\Users\LYJ\.gradle\caches\modules-2\files-2.1\org.hamcrest\hamcrest-core\1.3\42a25dc3219429f0e5d060061f71acb49bf010a0\hamcrest-core-1.3.jar
Launcher Type: SUN_STANDARD

Environment Variables:
JAVA_HOME=C:\Program Files\Java\jdk1.8.0_111\
PATH=C:/Program Files/Java/jre1.8.0_111/bin/server;C:/Program Files/Java/jre1.8.0_111/bin;C:/Program Files/Java/jre1.8.0_111/lib/amd64;C:\ProgramData\Oracle\Java\javapath;C:\Program Files (x86)\NVIDIA Corporation\PhysX\Common;C:\Windows\system32;C:\Windows;C:\Windows\System32\Wbem;C:\Windows\System32\WindowsPowerShell\v1.0\;C:\Program Files\Git\cmd;D:\gradle-3.4.1\bin;C:\Program Files\Java\jdk1.8.0_111\\bin;C:\Program Files\Java\jdk1.8.0_111\\bin;C:\Users\LYJ\AppData\Local\Microsoft\WindowsApps;C:\Program Files\Bandizip\7z;C:\Program Files\MySQL\MySQL Server 5.6\\bin;D:\eclipse;
USERNAME=LYJ
OS=Windows_NT
PROCESSOR_IDENTIFIER=Intel64 Family 6 Model 23 Stepping 10, GenuineIntel



---------------  S Y S T E M  ---------------

OS: Windows 10.0 , 64 bit Build 14393 (10.0.14393.0)

CPU:total 4 (4 cores per cpu, 1 threads per core) family 6 model 23 stepping 10, cmov, cx8, fxsr, mmx, sse, sse2, sse3, ssse3, sse4.1, tsc

Memory: 4k page, physical 4192492k(616808k free), swap 8315984k(1484736k free)

vm_info: Java HotSpot(TM) 64-Bit Server VM (25.111-b14) for windows-amd64 JRE (1.8.0_111-b14), built on Sep 22 2016 19:24:05 by "java_re" with MS VC++ 10.0 (VS2010)

time: Wed Apr 12 19:22:15 2017
elapsed time: 7 seconds (0d 0h 0m 7s)

