#
# A fatal error has been detected by the Java Runtime Environment:
#
#  EXCEPTION_ACCESS_VIOLATION (0xc0000005) at pc=0xffffffffa3c05120, pid=7244, tid=0x00000000000026e0
#
# JRE version: Java(TM) SE Runtime Environment (8.0_111-b14) (build 1.8.0_111-b14)
# Java VM: Java HotSpot(TM) 64-Bit Server VM (25.111-b14 mixed mode windows-amd64 compressed oops)
# Problematic frame:
# C  0xffffffffa3c05120
#
# Failed to write core dump. Minidumps are not enabled by default on client versions of Windows
#
# If you would like to submit a bug report, please visit:
#   http://bugreport.java.com/bugreport/crash.jsp
#

---------------  T H R E A D  ---------------

Current thread (0x00000000152b9000):  JavaThread "Finalizer" daemon [_thread_in_Java, id=9952, stack(0x0000000016540000,0x0000000016640000)]

siginfo: ExceptionCode=0xc0000005, ExceptionInformation=0x0000000000000008 0xffffffffa3c05120

Registers:
RAX=0x000000001495a420, RBX=0x000000001495a420, RCX=0x0000000014a250b0, RDX=0x0000000002c07e20
RSP=0x000000001663f088, RBP=0x000000001663f0e0, RSI=0x0000000000002a18, RDI=0x000000001905c400
R8 =0x0000000000000118, R9 =0x00000000c06fa4e8, R10=0x00000000553ec0c0, R11=0x0000000003253860
R12=0x0000000000000000, R13=0x000000001663f0a0, R14=0x000000001663f100, R15=0x00000000152b9000
RIP=0xffffffffa3c05120, EFLAGS=0x0000000000010206

Top of Stack: (sp=0x000000001663f088)
0x000000001663f088:   0000000002c07e20 00000000c01e45e8
0x000000001663f098:   0000000002c07e20 000000001663f0a0
0x000000001663f0a8:   0000000014a25001 000000001663f100
0x000000001663f0b8:   0000000014a250b0 0000000000000000
0x000000001663f0c8:   0000000014a25040 000000001663f0a0
0x000000001663f0d8:   000000001663f100 000000001663f1e0
0x000000001663f0e8:   0000000002c00622 00000000ecdaa5a8
0x000000001663f0f8:   00000000c01e45e8 00000000c02038c8
0x000000001663f108:   0000000000000000 0000000000000000
0x000000001663f118:   0000000000000000 0000000000000000
0x000000001663f128:   0000000000000000 0000000000000000
0x000000001663f138:   0000000000000000 0000000000000000
0x000000001663f148:   0000000000000000 0000000000000000
0x000000001663f158:   0000000000000000 0000000000000000
0x000000001663f168:   0000000000000000 0000000000000000
0x000000001663f178:   0000000000000000 0000000000000000 

Instructions: (pc=0xffffffffa3c05120)
0xffffffffa3c05100:   
[error occurred during error reporting (printing registers, top of stack, instructions near pc), id 0xc0000005]

Register to memory mapping:

RAX={method} {0x000000001495a428} 'access$000' '()Ljava/lang/ref/ReferenceQueue;' in 'java/lang/ref/Finalizer'
RBX={method} {0x000000001495a428} 'access$000' '()Ljava/lang/ref/ReferenceQueue;' in 'java/lang/ref/Finalizer'
RCX=0x0000000014a250b0 is pointing into metadata
RDX=0x0000000002c07e20 is at code_begin+1664 in an Interpreter codelet
invoke return entry points  [0x0000000002c077a0, 0x0000000002c08180]  2528 bytes
RSP=0x000000001663f088 is pointing into the stack for thread: 0x00000000152b9000
RBP=0x000000001663f0e0 is pointing into the stack for thread: 0x00000000152b9000
RSI=0x0000000000002a18 is an unknown value
RDI=0x000000001905c400 is pointing into metadata
R8 =0x0000000000000118 is an unknown value
R9 =0x00000000c06fa4e8 is an oop
java.lang.Object 
 - klass: 'java/lang/Object'
R10=0x00000000553ec0c0 is an unknown value
R11=0x0000000003253860 is at entry_point+0 in (nmethod*)0x0000000003253710
R12=0x0000000000000000 is an unknown value
R13=0x000000001663f0a0 is pointing into the stack for thread: 0x00000000152b9000
R14=0x000000001663f100 is pointing into the stack for thread: 0x00000000152b9000
R15=0x00000000152b9000 is a thread


Stack: [0x0000000016540000,0x0000000016640000],  sp=0x000000001663f088,  free space=1020k
Native frames: (J=compiled Java code, j=interpreted, Vv=VM code, C=native code)
C  0xffffffffa3c05120


---------------  P R O C E S S  ---------------

Java Threads: ( => current thread )
  0x0000000019aca800 JavaThread "Thread-11" daemon [_thread_in_native, id=1264, stack(0x000000001eff0000,0x000000001f0f0000)]
  0x0000000019acc000 JavaThread "JavaFX Application Thread" [_thread_in_vm, id=8116, stack(0x000000001e6b0000,0x000000001e7b0000)]
  0x0000000019ac7000 JavaThread "Thread-10" daemon [_thread_blocked, id=4268, stack(0x000000001e5b0000,0x000000001e6b0000)]
  0x0000000019acb800 JavaThread "QuantumRenderer-0" daemon [_thread_blocked, id=9420, stack(0x000000001dcb0000,0x000000001ddb0000)]
  0x0000000019ac8800 JavaThread "JavaFX-Launcher" [_thread_blocked, id=9268, stack(0x000000001d9b0000,0x000000001dab0000)]
  0x0000000019ac9000 JavaThread "SyntheticaAnimation 60" daemon [_thread_blocked, id=7044, stack(0x000000001d8b0000,0x000000001d9b0000)]
  0x00000000192f8000 JavaThread "SyntheticaAnimation 50" daemon [_thread_blocked, id=8664, stack(0x000000001cd10000,0x000000001ce10000)]
  0x0000000019db4800 JavaThread "D3D Screen Updater" daemon [_thread_blocked, id=7668, stack(0x000000001cc00000,0x000000001cd00000)]
  0x0000000019bf2800 JavaThread "TimerQueue" daemon [_thread_blocked, id=244, stack(0x000000001c3a0000,0x000000001c4a0000)]
  0x0000000019a38800 JavaThread "Image Fetcher 1" daemon [_thread_blocked, id=5064, stack(0x000000001c2a0000,0x000000001c3a0000)]
  0x0000000017820000 JavaThread "Image Fetcher 0" daemon [_thread_blocked, id=8548, stack(0x000000001bfa0000,0x000000001c0a0000)]
  0x0000000017870000 JavaThread "SyntheticaCleanerThread" daemon [_thread_blocked, id=2740, stack(0x000000001a180000,0x000000001a280000)]
  0x00000000172cb800 JavaThread "Thread-2" daemon [_thread_blocked, id=8144, stack(0x0000000017ed0000,0x0000000017fd0000)]
  0x0000000002afd800 JavaThread "DestroyJavaVM" [_thread_blocked, id=7508, stack(0x0000000002440000,0x0000000002540000)]
  0x0000000016d2f000 JavaThread "AWT-EventQueue-0" [_thread_blocked, id=7176, stack(0x0000000017dd0000,0x0000000017ed0000)]
  0x0000000016d2d000 JavaThread "AWT-Windows" daemon [_thread_in_native, id=10136, stack(0x0000000017c10000,0x0000000017d10000)]
  0x0000000017260800 JavaThread "AWT-Shutdown" [_thread_blocked, id=3028, stack(0x0000000017b10000,0x0000000017c10000)]
  0x0000000016d1d800 JavaThread "Java2D Disposer" daemon [_thread_blocked, id=8040, stack(0x0000000017a10000,0x0000000017b10000)]
  0x00000000169a1000 JavaThread "Service Thread" daemon [_thread_blocked, id=3064, stack(0x0000000016f40000,0x0000000017040000)]
  0x000000001699c000 JavaThread "C1 CompilerThread2" daemon [_thread_blocked, id=5224, stack(0x0000000016e40000,0x0000000016f40000)]
  0x000000001532e000 JavaThread "C2 CompilerThread1" daemon [_thread_blocked, id=5596, stack(0x0000000016d40000,0x0000000016e40000)]
  0x000000001532b800 JavaThread "C2 CompilerThread0" daemon [_thread_blocked, id=6768, stack(0x0000000016840000,0x0000000016940000)]
  0x0000000015329800 JavaThread "Attach Listener" daemon [_thread_blocked, id=5776, stack(0x0000000016740000,0x0000000016840000)]
  0x00000000152dd000 JavaThread "Signal Dispatcher" daemon [_thread_blocked, id=8224, stack(0x0000000016640000,0x0000000016740000)]
=>0x00000000152b9000 JavaThread "Finalizer" daemon [_thread_in_Java, id=9952, stack(0x0000000016540000,0x0000000016640000)]
  0x0000000002bf1000 JavaThread "Reference Handler" daemon [_thread_blocked, id=7880, stack(0x0000000016440000,0x0000000016540000)]

Other Threads:
  0x0000000015297800 VMThread [stack: 0x0000000016340000,0x0000000016440000] [id=1360]
  0x0000000016a03000 WatcherThread [stack: 0x0000000017040000,0x0000000017140000] [id=660]

VM state:not at safepoint (normal execution)

VM Mutex/Monitor currently owned by a thread:  ([mutex/lock_event])
[0x0000000002afc090] CodeCache_lock - owner thread: 0x0000000000000000

Heap:
 PSYoungGen      total 29696K, used 4457K [0x00000000eab00000, 0x00000000ed000000, 0x0000000100000000)
  eden space 27136K, 7% used [0x00000000eab00000,0x00000000eacddc08,0x00000000ec580000)
  from space 2560K, 99% used [0x00000000ecd80000,0x00000000ecffc9e8,0x00000000ed000000)
  to   space 2560K, 0% used [0x00000000ecb00000,0x00000000ecb00000,0x00000000ecd80000)
 ParOldGen       total 33280K, used 7152K [0x00000000c0000000, 0x00000000c2080000, 0x00000000eab00000)
  object space 33280K, 21% used [0x00000000c0000000,0x00000000c06fc170,0x00000000c2080000)
 Metaspace       used 27225K, capacity 27752K, committed 27952K, reserved 1073152K
  class space    used 3709K, capacity 3820K, committed 3888K, reserved 1048576K

Card table byte_map: [0x0000000011fc0000,0x00000000121d0000] byte_map_base: 0x00000000119c0000

Marking Bits: (ParMarkBitMap*) 0x000000005540a6c0
 Begin Bits: [0x0000000012730000, 0x0000000013730000)
 End Bits:   [0x0000000013730000, 0x0000000014730000)

Polling page: 0x0000000002540000

CodeCache: size=245760Kb used=7306Kb max_used=7315Kb free=238453Kb
 bounds [0x0000000002c00000, 0x0000000003330000, 0x0000000011c00000]
 total_blobs=2853 nmethods=2138 adapters=629
 compilation: enabled

Compilation events (10 events):
Event: 3.915 Thread 0x000000001532b800 2114       4       java.lang.ClassLoader::checkName (43 bytes)
Event: 3.918 Thread 0x000000001532b800 nmethod 2114 0x0000000003313b90 code [0x0000000003313ce0, 0x0000000003313ef8]
Event: 3.924 Thread 0x000000001699c000 2116       3       java.util.jar.Attributes$Name::equals (39 bytes)
Event: 3.925 Thread 0x000000001699c000 nmethod 2116 0x0000000003313410 code [0x00000000033135a0, 0x0000000003313a48]
Event: 3.975 Thread 0x000000001699c000 2117       3       java.util.zip.ZipFile$ZipFileInputStream::finalize (5 bytes)
Event: 3.975 Thread 0x000000001699c000 nmethod 2117 0x0000000003318c10 code [0x0000000003318d80, 0x0000000003318f08]
Event: 3.975 Thread 0x000000001699c000 2118       3       java.util.zip.ZipFile$ZipFileInflaterInputStream::finalize (5 bytes)
Event: 3.976 Thread 0x000000001699c000 nmethod 2118 0x0000000003318850 code [0x00000000033189c0, 0x0000000003318b68]
Event: 3.976 Thread 0x000000001699c000 2119       1       java.lang.ref.Finalizer::access$000 (4 bytes)
Event: 3.977 Thread 0x000000001699c000 nmethod 2119 0x00000000033185d0 code [0x0000000003318720, 0x0000000003318810]

GC Heap History (10 events):
Event: 1.486 GC heap before
{Heap before GC invocations=1 (full 0):
 PSYoungGen      total 18944K, used 16384K [0x00000000eab00000, 0x00000000ec000000, 0x0000000100000000)
  eden space 16384K, 100% used [0x00000000eab00000,0x00000000ebb00000,0x00000000ebb00000)
  from space 2560K, 0% used [0x00000000ebd80000,0x00000000ebd80000,0x00000000ec000000)
  to   space 2560K, 0% used [0x00000000ebb00000,0x00000000ebb00000,0x00000000ebd80000)
 ParOldGen       total 44032K, used 0K [0x00000000c0000000, 0x00000000c2b00000, 0x00000000eab00000)
  object space 44032K, 0% used [0x00000000c0000000,0x00000000c0000000,0x00000000c2b00000)
 Metaspace       used 15056K, capacity 15226K, committed 15360K, reserved 1062912K
  class space    used 1979K, capacity 2041K, committed 2048K, reserved 1048576K
Event: 1.498 GC heap after
Heap after GC invocations=1 (full 0):
 PSYoungGen      total 18944K, used 2553K [0x00000000eab00000, 0x00000000ec000000, 0x0000000100000000)
  eden space 16384K, 0% used [0x00000000eab00000,0x00000000eab00000,0x00000000ebb00000)
  from space 2560K, 99% used [0x00000000ebb00000,0x00000000ebd7e620,0x00000000ebd80000)
  to   space 2560K, 0% used [0x00000000ebd80000,0x00000000ebd80000,0x00000000ec000000)
 ParOldGen       total 44032K, used 1500K [0x00000000c0000000, 0x00000000c2b00000, 0x00000000eab00000)
  object space 44032K, 3% used [0x00000000c0000000,0x00000000c0177278,0x00000000c2b00000)
 Metaspace       used 15056K, capacity 15226K, committed 15360K, reserved 1062912K
  class space    used 1979K, capacity 2041K, committed 2048K, reserved 1048576K
}
Event: 3.215 GC heap before
{Heap before GC invocations=2 (full 0):
 PSYoungGen      total 18944K, used 18937K [0x00000000eab00000, 0x00000000ec000000, 0x0000000100000000)
  eden space 16384K, 100% used [0x00000000eab00000,0x00000000ebb00000,0x00000000ebb00000)
  from space 2560K, 99% used [0x00000000ebb00000,0x00000000ebd7e620,0x00000000ebd80000)
  to   space 2560K, 0% used [0x00000000ebd80000,0x00000000ebd80000,0x00000000ec000000)
 ParOldGen       total 44032K, used 1500K [0x00000000c0000000, 0x00000000c2b00000, 0x00000000eab00000)
  object space 44032K, 3% used [0x00000000c0000000,0x00000000c0177278,0x00000000c2b00000)
 Metaspace       used 19317K, capacity 19640K, committed 20096K, reserved 1067008K
  class space    used 2492K, capacity 2596K, committed 2688K, reserved 1048576K
Event: 3.233 GC heap after
Heap after GC invocations=2 (full 0):
 PSYoungGen      total 18944K, used 2557K [0x00000000eab00000, 0x00000000ec000000, 0x0000000100000000)
  eden space 16384K, 0% used [0x00000000eab00000,0x00000000eab00000,0x00000000ebb00000)
  from space 2560K, 99% used [0x00000000ebd80000,0x00000000ebfff6b0,0x00000000ec000000)
  to   space 2560K, 0% used [0x00000000ebb00000,0x00000000ebb00000,0x00000000ebd80000)
 ParOldGen       total 44032K, used 5047K [0x00000000c0000000, 0x00000000c2b00000, 0x00000000eab00000)
  object space 44032K, 11% used [0x00000000c0000000,0x00000000c04edf60,0x00000000c2b00000)
 Metaspace       used 19317K, capacity 19640K, committed 20096K, reserved 1067008K
  class space    used 2492K, capacity 2596K, committed 2688K, reserved 1048576K
}
Event: 3.383 GC heap before
{Heap before GC invocations=3 (full 0):
 PSYoungGen      total 18944K, used 6555K [0x00000000eab00000, 0x00000000ec000000, 0x0000000100000000)
  eden space 16384K, 24% used [0x00000000eab00000,0x00000000eaee7610,0x00000000ebb00000)
  from space 2560K, 99% used [0x00000000ebd80000,0x00000000ebfff6b0,0x00000000ec000000)
  to   space 2560K, 0% used [0x00000000ebb00000,0x00000000ebb00000,0x00000000ebd80000)
 ParOldGen       total 44032K, used 5047K [0x00000000c0000000, 0x00000000c2b00000, 0x00000000eab00000)
  object space 44032K, 11% used [0x00000000c0000000,0x00000000c04edf60,0x00000000c2b00000)
 Metaspace       used 20836K, capacity 21128K, committed 21296K, reserved 1067008K
  class space    used 2721K, capacity 2826K, committed 2864K, reserved 1048576K
Event: 3.393 GC heap after
Heap after GC invocations=3 (full 0):
 PSYoungGen      total 18944K, used 2313K [0x00000000eab00000, 0x00000000ed000000, 0x0000000100000000)
  eden space 16384K, 0% used [0x00000000eab00000,0x00000000eab00000,0x00000000ebb00000)
  from space 2560K, 90% used [0x00000000ebb00000,0x00000000ebd42630,0x00000000ebd80000)
  to   space 2560K, 0% used [0x00000000ecd80000,0x00000000ecd80000,0x00000000ed000000)
 ParOldGen       total 44032K, used 8180K [0x00000000c0000000, 0x00000000c2b00000, 0x00000000eab00000)
  object space 44032K, 18% used [0x00000000c0000000,0x00000000c07fd140,0x00000000c2b00000)
 Metaspace       used 20836K, capacity 21128K, committed 21296K, reserved 1067008K
  class space    used 2721K, capacity 2826K, committed 2864K, reserved 1048576K
}
Event: 3.393 GC heap before
{Heap before GC invocations=4 (full 1):
 PSYoungGen      total 18944K, used 2313K [0x00000000eab00000, 0x00000000ed000000, 0x0000000100000000)
  eden space 16384K, 0% used [0x00000000eab00000,0x00000000eab00000,0x00000000ebb00000)
  from space 2560K, 90% used [0x00000000ebb00000,0x00000000ebd42630,0x00000000ebd80000)
  to   space 2560K, 0% used [0x00000000ecd80000,0x00000000ecd80000,0x00000000ed000000)
 ParOldGen       total 44032K, used 8180K [0x00000000c0000000, 0x00000000c2b00000, 0x00000000eab00000)
  object space 44032K, 18% used [0x00000000c0000000,0x00000000c07fd140,0x00000000c2b00000)
 Metaspace       used 20836K, capacity 21128K, committed 21296K, reserved 1067008K
  class space    used 2721K, capacity 2826K, committed 2864K, reserved 1048576K
Event: 3.437 GC heap after
Heap after GC invocations=4 (full 1):
 PSYoungGen      total 18944K, used 0K [0x00000000eab00000, 0x00000000ed000000, 0x0000000100000000)
  eden space 16384K, 0% used [0x00000000eab00000,0x00000000eab00000,0x00000000ebb00000)
  from space 2560K, 0% used [0x00000000ebb00000,0x00000000ebb00000,0x00000000ebd80000)
  to   space 2560K, 0% used [0x00000000ecd80000,0x00000000ecd80000,0x00000000ed000000)
 ParOldGen       total 33280K, used 6708K [0x00000000c0000000, 0x00000000c2080000, 0x00000000eab00000)
  object space 33280K, 20% used [0x00000000c0000000,0x00000000c068d048,0x00000000c2080000)
 Metaspace       used 20836K, capacity 21128K, committed 21296K, reserved 1067008K
  class space    used 2721K, capacity 2826K, committed 2864K, reserved 1048576K
}
Event: 3.966 GC heap before
{Heap before GC invocations=5 (full 1):
 PSYoungGen      total 18944K, used 16384K [0x00000000eab00000, 0x00000000ed000000, 0x0000000100000000)
  eden space 16384K, 100% used [0x00000000eab00000,0x00000000ebb00000,0x00000000ebb00000)
  from space 2560K, 0% used [0x00000000ebb00000,0x00000000ebb00000,0x00000000ebd80000)
  to   space 2560K, 0% used [0x00000000ecd80000,0x00000000ecd80000,0x00000000ed000000)
 ParOldGen       total 33280K, used 6708K [0x00000000c0000000, 0x00000000c2080000, 0x00000000eab00000)
  object space 33280K, 20% used [0x00000000c0000000,0x00000000c068d048,0x00000000c2080000)
 Metaspace       used 26987K, capacity 27496K, committed 27696K, reserved 1073152K
  class space    used 3680K, capacity 3820K, committed 3888K, reserved 1048576K
Event: 3.974 GC heap after
Heap after GC invocations=5 (full 1):
 PSYoungGen      total 29696K, used 2546K [0x00000000eab00000, 0x00000000ed000000, 0x0000000100000000)
  eden space 27136K, 0% used [0x00000000eab00000,0x00000000eab00000,0x00000000ec580000)
  from space 2560K, 99% used [0x00000000ecd80000,0x00000000ecffc9e8,0x00000000ed000000)
  to   space 2560K, 0% used [0x00000000ecb00000,0x00000000ecb00000,0x00000000ecd80000)
 ParOldGen       total 33280K, used 7152K [0x00000000c0000000, 0x00000000c2080000, 0x00000000eab00000)
  object space 33280K, 21% used [0x00000000c0000000,0x00000000c06fc170,0x00000000c2080000)
 Metaspace       used 26987K, capacity 27496K, committed 27696K, reserved 1073152K
  class space    used 3680K, capacity 3820K, committed 3888K, reserved 1048576K
}

Deoptimization events (10 events):
Event: 3.447 Thread 0x0000000019acc000 Uncommon trap: reason=unstable_if action=reinterpret pc=0x0000000002ed84c0 method=com.sun.org.apache.xerces.internal.impl.XMLDocumentFragmentScannerImpl$FragmentContentDriver.next()I @ 128
Event: 3.447 Thread 0x0000000019acc000 Uncommon trap: reason=unstable_if action=reinterpret pc=0x0000000002e8577c method=com.sun.org.apache.xerces.internal.impl.XMLEntityScanner.scanLiteral(ILcom/sun/org/apache/xerces/internal/xni/XMLString;Z)I @ 660
Event: 3.517 Thread 0x0000000019acc000 Uncommon trap: reason=unstable_if action=reinterpret pc=0x00000000030dd150 method=java.util.HashMap.putVal(ILjava/lang/Object;Ljava/lang/Object;ZZ)Ljava/lang/Object; @ 162
Event: 3.517 Thread 0x0000000019acc000 Uncommon trap: reason=unstable_if action=reinterpret pc=0x0000000002f02db8 method=java.util.HashMap.getNode(ILjava/lang/Object;)Ljava/util/HashMap$Node; @ 84
Event: 3.517 Thread 0x0000000019acc000 Uncommon trap: reason=unstable_if action=reinterpret pc=0x0000000002efe930 method=java.util.HashMap.getNode(ILjava/lang/Object;)Ljava/util/HashMap$Node; @ 84
Event: 3.751 Thread 0x0000000019acc000 Uncommon trap: reason=unstable_if action=reinterpret pc=0x0000000002e6bd70 method=com.sun.org.apache.xerces.internal.impl.XMLEntityScanner.scanChar(Lcom/sun/org/apache/xerces/internal/impl/XMLScanner$NameType;)I @ 212
Event: 3.757 Thread 0x0000000019acc000 Uncommon trap: reason=unstable_if action=reinterpret pc=0x0000000002ebeb7c method=com.sun.org.apache.xerces.internal.impl.io.UTF8Reader.read([CII)I @ 131
Event: 3.764 Thread 0x0000000019acc000 Uncommon trap: reason=unstable_if action=reinterpret pc=0x0000000002e8db0c method=com.sun.org.apache.xerces.internal.util.SymbolTable.addSymbol([CII)Ljava/lang/String; @ 64
Event: 3.764 Thread 0x0000000019acc000 Uncommon trap: reason=unstable_if action=reinterpret pc=0x0000000002e6b4d0 method=com.sun.org.apache.xerces.internal.util.SymbolTable.addSymbol([CII)Ljava/lang/String; @ 64
Event: 3.901 Thread 0x0000000019acc000 Uncommon trap: reason=range_check action=make_not_entrant pc=0x0000000003315e60 method=sun.reflect.generics.parser.SignatureParser.current()C @ 34

Internal exceptions (10 events):
Event: 3.894 Thread 0x0000000019acc000 Exception <a 'java/lang/ArrayIndexOutOfBoundsException'> (0x00000000eb850068) thrown at [C:\re\workspace\8-2-build-windows-amd64-cygwin\jdk8u111\7883\hotspot\src\share\vm\runtime\sharedRuntime.cpp, line 605]
Event: 3.895 Thread 0x0000000019acc000 Exception <a 'java/lang/ArrayIndexOutOfBoundsException'> (0x00000000eb856e20) thrown at [C:\re\workspace\8-2-build-windows-amd64-cygwin\jdk8u111\7883\hotspot\src\share\vm\runtime\sharedRuntime.cpp, line 605]
Event: 3.896 Thread 0x0000000019acc000 Exception <a 'java/lang/ArrayIndexOutOfBoundsException'> (0x00000000eb85dda0) thrown at [C:\re\workspace\8-2-build-windows-amd64-cygwin\jdk8u111\7883\hotspot\src\share\vm\runtime\sharedRuntime.cpp, line 605]
Event: 3.897 Thread 0x0000000019acc000 Exception <a 'java/lang/ArrayIndexOutOfBoundsException'> (0x00000000eb865128) thrown at [C:\re\workspace\8-2-build-windows-amd64-cygwin\jdk8u111\7883\hotspot\src\share\vm\runtime\sharedRuntime.cpp, line 605]
Event: 3.898 Thread 0x0000000019acc000 Exception <a 'java/lang/ArrayIndexOutOfBoundsException'> (0x00000000eb86b590) thrown at [C:\re\workspace\8-2-build-windows-amd64-cygwin\jdk8u111\7883\hotspot\src\share\vm\runtime\sharedRuntime.cpp, line 605]
Event: 3.899 Thread 0x0000000019acc000 Exception <a 'java/lang/ArrayIndexOutOfBoundsException'> (0x00000000eb871a18) thrown at [C:\re\workspace\8-2-build-windows-amd64-cygwin\jdk8u111\7883\hotspot\src\share\vm\runtime\sharedRuntime.cpp, line 605]
Event: 3.899 Thread 0x0000000019acc000 Exception <a 'java/lang/ArrayIndexOutOfBoundsException'> (0x00000000eb8782c0) thrown at [C:\re\workspace\8-2-build-windows-amd64-cygwin\jdk8u111\7883\hotspot\src\share\vm\runtime\sharedRuntime.cpp, line 605]
Event: 3.900 Thread 0x0000000019acc000 Exception <a 'java/lang/ArrayIndexOutOfBoundsException'> (0x00000000eb87f230) thrown at [C:\re\workspace\8-2-build-windows-amd64-cygwin\jdk8u111\7883\hotspot\src\share\vm\runtime\sharedRuntime.cpp, line 605]
Event: 3.901 Thread 0x0000000019acc000 Exception <a 'java/lang/ArrayIndexOutOfBoundsException': 58> (0x00000000eb885a00) thrown at [C:\re\workspace\8-2-build-windows-amd64-cygwin\jdk8u111\7883\hotspot\src\share\vm\interpreter\interpreterRuntime.cpp, line 366]
Event: 3.902 Thread 0x0000000019acc000 Exception <a 'java/lang/ArrayIndexOutOfBoundsException': 57> (0x00000000eb88c220) thrown at [C:\re\workspace\8-2-build-windows-amd64-cygwin\jdk8u111\7883\hotspot\src\share\vm\interpreter\interpreterRuntime.cpp, line 366]

Events (10 events):
Event: 3.965 loading class org/apache/ibatis/executor/resultset/ResultSetHandler
Event: 3.965 loading class org/apache/ibatis/executor/resultset/ResultSetHandler done
Event: 3.966 loading class org/apache/ibatis/executor/statement/StatementHandler
Event: 3.966 loading class org/apache/ibatis/executor/statement/StatementHandler done
Event: 3.966 Executing VM operation: ParallelGCFailedAllocation
Event: 3.974 Executing VM operation: ParallelGCFailedAllocation done
Event: 3.976 loading class org/apache/ibatis/builder/CacheRefResolver
Event: 3.976 loading class org/apache/ibatis/builder/CacheRefResolver done
Event: 3.976 loading class org/apache/ibatis/builder/xml/XMLStatementBuilder
Event: 3.976 loading class org/apache/ibatis/builder/xml/XMLStatementBuilder done


Dynamic libraries:
0x00007ff674eb0000 - 0x00007ff674ee7000 	C:\Program Files\Java\jdk1.8.0_111\bin\java.exe
0x00007ff806f30000 - 0x00007ff807101000 	C:\Windows\SYSTEM32\ntdll.dll
0x00007ff8048d0000 - 0x00007ff80497b000 	C:\Windows\System32\KERNEL32.DLL
0x00007ff803420000 - 0x00007ff80363d000 	C:\Windows\System32\KERNELBASE.dll
0x00007ff806690000 - 0x00007ff806732000 	C:\Windows\System32\ADVAPI32.dll
0x00007ff806740000 - 0x00007ff8067de000 	C:\Windows\System32\msvcrt.dll
0x00007ff8067e0000 - 0x00007ff806839000 	C:\Windows\System32\sechost.dll
0x00007ff8047a0000 - 0x00007ff8048c1000 	C:\Windows\System32\RPCRT4.dll
0x00007ff804530000 - 0x00007ff804695000 	C:\Windows\System32\USER32.dll
0x00007ff804260000 - 0x00007ff80427e000 	C:\Windows\System32\win32u.dll
0x00007ff804980000 - 0x00007ff8049b4000 	C:\Windows\System32\GDI32.dll
0x00007ff804330000 - 0x00007ff8044b2000 	C:\Windows\System32\gdi32full.dll
0x00007ffffcbf0000 - 0x00007ffffce6a000 	C:\Windows\WinSxS\amd64_microsoft.windows.common-controls_6595b64144ccf1df_6.0.14393.953_none_42151e83c686086b\COMCTL32.dll
0x00007ff804a90000 - 0x00007ff804d58000 	C:\Windows\System32\combase.dll
0x00007ff8036f0000 - 0x00007ff8037e5000 	C:\Windows\System32\ucrtbase.dll
0x00007ff8041a0000 - 0x00007ff80420a000 	C:\Windows\System32\bcryptPrimitives.dll
0x00007ff804d90000 - 0x00007ff804dbe000 	C:\Windows\System32\IMM32.DLL
0x0000000055490000 - 0x0000000055562000 	C:\Program Files\Java\jdk1.8.0_111\jre\bin\msvcr100.dll
0x0000000054bf0000 - 0x000000005548a000 	C:\Program Files\Java\jdk1.8.0_111\jre\bin\server\jvm.dll
0x00007ff806840000 - 0x00007ff806848000 	C:\Windows\System32\PSAPI.DLL
0x00007ffff8ce0000 - 0x00007ffff8ce9000 	C:\Windows\SYSTEM32\WSOCK32.dll
0x00007ff8044c0000 - 0x00007ff80452a000 	C:\Windows\System32\WS2_32.dll
0x00007ff801810000 - 0x00007ff801833000 	C:\Windows\SYSTEM32\WINMM.dll
0x00007ff800040000 - 0x00007ff80004a000 	C:\Windows\SYSTEM32\VERSION.dll
0x00007ff8016a0000 - 0x00007ff8016cb000 	C:\Windows\SYSTEM32\WINMMBASE.dll
0x00007ff804210000 - 0x00007ff804252000 	C:\Windows\System32\cfgmgr32.dll
0x0000000054be0000 - 0x0000000054bef000 	C:\Program Files\Java\jdk1.8.0_111\jre\bin\verify.dll
0x0000000054bb0000 - 0x0000000054bd9000 	C:\Program Files\Java\jdk1.8.0_111\jre\bin\java.dll
0x0000000054b90000 - 0x0000000054ba6000 	C:\Program Files\Java\jdk1.8.0_111\jre\bin\zip.dll
0x00007ff804e20000 - 0x00007ff806329000 	C:\Windows\System32\SHELL32.dll
0x00007ff8038f0000 - 0x00007ff803fca000 	C:\Windows\System32\windows.storage.dll
0x00007ff8033a0000 - 0x00007ff8033ec000 	C:\Windows\System32\powrprof.dll
0x00007ff804a30000 - 0x00007ff804a82000 	C:\Windows\System32\shlwapi.dll
0x00007ff803390000 - 0x00007ff80339f000 	C:\Windows\System32\kernel.appcore.dll
0x00007ff803640000 - 0x00007ff8036e9000 	C:\Windows\System32\shcore.dll
0x00007ff8033f0000 - 0x00007ff803404000 	C:\Windows\System32\profapi.dll
0x0000000054960000 - 0x0000000054af8000 	C:\Program Files\Java\jdk1.8.0_111\jre\bin\awt.dll
0x00007ff8065d0000 - 0x00007ff80668f000 	C:\Windows\System32\OLEAUT32.dll
0x00007ff803850000 - 0x00007ff8038ec000 	C:\Windows\System32\msvcp_win.dll
0x00007ff801940000 - 0x00007ff8019ba000 	C:\Windows\SYSTEM32\apphelp.dll
0x00007ff801b10000 - 0x00007ff801ba5000 	C:\Windows\system32\uxtheme.dll
0x00007ff806470000 - 0x00007ff8065ca000 	C:\Windows\System32\MSCTF.dll
0x00007ff8011e0000 - 0x00007ff801206000 	C:\Windows\system32\dwmapi.dll
0x00007ff806330000 - 0x00007ff806467000 	C:\Windows\System32\ole32.dll
0x0000000054910000 - 0x0000000054957000 	C:\Program Files\Java\jdk1.8.0_111\jre\bin\fontmanager.dll
0x00007ffffbf40000 - 0x00007ffffc0cd000 	C:\Windows\system32\d3d9.dll
0x00007fffdd920000 - 0x00007fffde9d6000 	C:\Windows\SYSTEM32\nvd3dumx.dll
0x00007ffffe300000 - 0x00007ffffe46c000 	C:\Program Files (x86)\NVIDIA Corporation\3D Vision\nvSCPAPI64.dll
0x00007ff806b00000 - 0x00007ff806f29000 	C:\Windows\System32\SETUPAPI.dll
0x00007ffffdda0000 - 0x00007ffffe0d6000 	C:\Windows\system32\nvapi64.dll
0x00007ff801fa0000 - 0x00007ff801fc8000 	C:\Windows\SYSTEM32\DEVOBJ.dll
0x00007ff8037f0000 - 0x00007ff803845000 	C:\Windows\System32\WINTRUST.dll
0x00007ff803410000 - 0x00007ff803420000 	C:\Windows\System32\MSASN1.dll
0x00007ff803fd0000 - 0x00007ff804199000 	C:\Windows\System32\CRYPT32.dll
0x00007ff802310000 - 0x00007ff8023af000 	C:\Windows\system32\dxgi.dll
0x0000000054b70000 - 0x0000000054b8a000 	C:\Program Files\Java\jdk1.8.0_111\jre\bin\net.dll
0x00007ff802c60000 - 0x00007ff802cbc000 	C:\Windows\system32\mswsock.dll
0x0000000054b50000 - 0x0000000054b61000 	C:\Program Files\Java\jdk1.8.0_111\jre\bin\nio.dll
0x00000000548c0000 - 0x0000000054902000 	C:\Program Files\Java\jdk1.8.0_111\jre\bin\t2k.dll
0x00007ff806a50000 - 0x00007ff806aef000 	C:\Windows\System32\clbcatq.dll
0x00007ff800f30000 - 0x00007ff8010d8000 	C:\Windows\SYSTEM32\WindowsCodecs.dll
0x00007ffff8980000 - 0x00007ffff89c9000 	C:\Windows\system32\dataexchange.dll
0x00007ff801300000 - 0x00007ff801451000 	C:\Windows\system32\dcomp.dll
0x00007fffffd20000 - 0x00007ffffffd6000 	C:\Windows\system32\d3d11.dll
0x00007ff801db0000 - 0x00007ff801ecc000 	C:\Windows\system32\twinapi.appcore.dll
0x00007ff8032d0000 - 0x00007ff8032fb000 	C:\Windows\system32\bcrypt.dll
0x00007ff802e00000 - 0x00007ff802e17000 	C:\Windows\SYSTEM32\CRYPTSP.dll
0x00007ff802860000 - 0x00007ff802893000 	C:\Windows\system32\rsaenh.dll
0x00007ff802ae0000 - 0x00007ff802aff000 	C:\Windows\SYSTEM32\USERENV.dll
0x00007ff802e20000 - 0x00007ff802e2b000 	C:\Windows\SYSTEM32\CRYPTBASE.dll
0x00007ff8029e0000 - 0x00007ff802a18000 	C:\Windows\SYSTEM32\IPHLPAPI.DLL
0x00007ff804d60000 - 0x00007ff804d68000 	C:\Windows\System32\NSI.dll
0x00007ffffe6b0000 - 0x00007ffffe6c6000 	C:\Windows\SYSTEM32\dhcpcsvc6.DLL
0x00007ffffe690000 - 0x00007ffffe6aa000 	C:\Windows\SYSTEM32\dhcpcsvc.DLL
0x00007ffffb240000 - 0x00007ffffb312000 	C:\Windows\System32\IME\IMEKR\imkrtip.dll
0x00007ff800da0000 - 0x00007ff800f25000 	C:\Windows\SYSTEM32\PROPSYS.dll
0x00007ffffaa70000 - 0x00007ffffabc6000 	C:\Windows\System32\IME\shared\imetip.dll
0x00007ffffa6b0000 - 0x00007ffffa858000 	C:\Windows\SYSTEM32\DUI70.dll
0x00007ffffd330000 - 0x00007ffffd395000 	C:\Windows\SYSTEM32\OLEACC.dll
0x00007ffffc5f0000 - 0x00007ffffc628000 	C:\Windows\System32\IME\IMEKR\imkrapi.dll
0x00007ffffc190000 - 0x00007ffffc1c5000 	C:\Windows\System32\IME\shared\imjkapi.dll
0x00007ff802730000 - 0x00007ff802762000 	C:\Windows\SYSTEM32\ntmarta.dll
0x0000000054890000 - 0x00000000548ba000 	C:\Program Files\Java\jdk1.8.0_111\jre\bin\dcpr.dll
0x00007ffff9a00000 - 0x00007ffff9aef000 	C:\Program Files\Java\jdk1.8.0_111\jre\bin\msvcr120.dll
0x00007ffff0940000 - 0x00007ffff09e6000 	C:\Program Files\Java\jdk1.8.0_111\jre\bin\msvcp120.dll
0x0000000054860000 - 0x0000000054882000 	C:\Program Files\Java\jdk1.8.0_111\jre\bin\prism_d3d.dll
0x0000000054810000 - 0x0000000054853000 	C:\Program Files\Java\jdk1.8.0_111\jre\bin\glass.dll
0x00007ff8046a0000 - 0x00007ff80479a000 	C:\Windows\System32\COMDLG32.dll
0x00000000547f0000 - 0x0000000054804000 	C:\Program Files\Java\jdk1.8.0_111\jre\bin\javafx_font.dll
0x00007ffffb320000 - 0x00007ffffb589000 	C:\Windows\SYSTEM32\dwrite.dll
0x00007ffff5f70000 - 0x00007ffff6102000 	C:\Windows\SYSTEM32\dbghelp.dll

VM Arguments:
jvm_args: -Dfile.encoding=x-windows-949 -Duser.country=KR -Duser.language=ko -Duser.variant 
java_command: kr.or.dgit.sw_project.MainApp
java_class_path (initial): C:\Users\LYJ\git\Swproject\build\classes\main;C:\Users\LYJ\git\Swproject\build\resources\main;C:\Users\LYJ\git\Swproject\src\main\resources\kr\or\dgit\sw_project\libraries\erp_myframework.jar;C:\Users\LYJ\git\Swproject\src\main\resources\kr\or\dgit\sw_project\lookandfeel\syntheticaAluOxide.jar;C:\Users\LYJ\git\Swproject\src\main\resources\kr\or\dgit\sw_project\lookandfeel\synthetica.jar;C:\Users\LYJ\git\Swproject\src\main\resources\kr\or\dgit\sw_project\libraries\swingx-1.6.5.jar;C:\Users\LYJ\git\Swproject\src\main\resources\kr\or\dgit\sw_project\libraries\syntheticaAddons.jar;C:\Users\LYJ\git\Swproject\src\main\resources\kr\or\dgit\sw_project\libraries\syntheticaAluOxideAddon.jar;C:\Users\LYJ\.gradle\caches\modules-2\files-2.1\mysql\mysql-connector-java\5.1.41\b0878056f15616989144d6114d36d3942321d0d1\mysql-connector-java-5.1.41.jar;C:\Users\LYJ\.gradle\caches\modules-2\files-2.1\org.mybatis\mybatis\3.4.2\2b9a5082fe0bdb3128bab8b4b19b23ca0f3d9b38\mybatis-3.4.2.jar;C:\Users\LYJ\.gradle\caches\modules-2\files-2.1\junit\junit\4.12\2973d150c0dc1fefe998f834810d68f278ea58ec\junit-4.12.jar;C:\Users\LYJ\.gradle\caches\modules-2\files-2.1\log4j\log4j\1.2.17\5af35056b4d257e4b64b9e8069c0746e8b08629f\log4j-1.2.17.jar;C:\Users\LYJ\.gradle\caches\modules-2\files-2.1\org.hamcrest\hamcrest-core\1.3\42a25dc3219429f0e5d060061f71acb49bf010a0\hamcrest-core-1.3.jar
Launcher Type: SUN_STANDARD

Environment Variables:
JAVA_HOME=C:\Program Files\Java\jdk1.8.0_111\
PATH=C:/Program Files/Java/jre1.8.0_111/bin/server;C:/Program Files/Java/jre1.8.0_111/bin;C:/Program Files/Java/jre1.8.0_111/lib/amd64;C:\ProgramData\Oracle\Java\javapath;C:\Program Files (x86)\NVIDIA Corporation\PhysX\Common;C:\Windows\system32;C:\Windows;C:\Windows\System32\Wbem;C:\Windows\System32\WindowsPowerShell\v1.0\;C:\Program Files\Git\cmd;D:\gradle-3.4.1\bin;C:\Program Files\Java\jdk1.8.0_111\\bin;C:\Program Files\Java\jdk1.8.0_111\\bin;C:\Users\LYJ\AppData\Local\Microsoft\WindowsApps;C:\Program Files\Bandizip\7z;C:\Program Files\MySQL\MySQL Server 5.6\\bin;D:\eclipse;
USERNAME=LYJ
OS=Windows_NT
PROCESSOR_IDENTIFIER=Intel64 Family 6 Model 23 Stepping 10, GenuineIntel



---------------  S Y S T E M  ---------------

OS: Windows 10.0 , 64 bit Build 14393 (10.0.14393.0)

CPU:total 4 (4 cores per cpu, 1 threads per core) family 6 model 23 stepping 10, cmov, cx8, fxsr, mmx, sse, sse2, sse3, ssse3, sse4.1, tsc

Memory: 4k page, physical 4192492k(771536k free), swap 6682860k(1138508k free)

vm_info: Java HotSpot(TM) 64-Bit Server VM (25.111-b14) for windows-amd64 JRE (1.8.0_111-b14), built on Sep 22 2016 19:24:05 by "java_re" with MS VC++ 10.0 (VS2010)

time: Mon Apr 10 09:41:58 2017
elapsed time: 4 seconds (0d 0h 0m 4s)

