#
# A fatal error has been detected by the Java Runtime Environment:
#
#  EXCEPTION_ACCESS_VIOLATION (0xc0000005) at pc=0xffffffffa3e05120, pid=4656, tid=0x0000000000001870
#
# JRE version: Java(TM) SE Runtime Environment (8.0_111-b14) (build 1.8.0_111-b14)
# Java VM: Java HotSpot(TM) 64-Bit Server VM (25.111-b14 mixed mode windows-amd64 compressed oops)
# Problematic frame:
# C  0xffffffffa3e05120
#
# Failed to write core dump. Minidumps are not enabled by default on client versions of Windows
#
# If you would like to submit a bug report, please visit:
#   http://bugreport.java.com/bugreport/crash.jsp
#

---------------  T H R E A D  ---------------

Current thread (0x0000000016fa5000):  JavaThread "AWT-EventQueue-0" [_thread_in_Java, id=6256, stack(0x0000000018310000,0x0000000018410000)]

siginfo: ExceptionCode=0xc0000005, ExceptionInformation=0x0000000000000008 0xffffffffa3e05120

Registers:
RAX=0x00000001002c37b0, RBX=0x00000000eac47310, RCX=0x00000000eac47328, RDX=0x00000000eac47310
RSP=0x000000001840c298, RBP=0x000000001840c350, RSI=0x0000000000000043, RDI=0x00000000eac30ce0
R8 =0x00000000eac30ce0, R9 =0x00000000eac30d40, R10=0x00000001002c37b0, R11=0x00000000200002da
R12=0x0000000000000000, R13=0x0000000000000000, R14=0x0000000000000308, R15=0x0000000016fa5000
RIP=0xffffffffa3e05120, EFLAGS=0x0000000000010246

Top of Stack: (sp=0x000000001840c298)
0x000000001840c298:   0000000003413abc 00000000eac2f470
0x000000001840c2a8:   00000000eac47310 000000001840c2b0
0x000000001840c2b8:   000000001d6162d4 0000000000000043
0x000000001840c2c8:   00000000eac2d300 00000000eac47310
0x000000001840c2d8:   000000001d616300 000000001840c350
0x000000001840c2e8:   0000000002e07ae0 000000001840c350
0x000000001840c2f8:   0000000002e07ae0 00000000eac47310
0x000000001840c308:   00000000eac2d300 000000001840c310
0x000000001840c318:   000000001d614241 000000001840c398
0x000000001840c328:   000000001d614528 000000001d618498
0x000000001840c338:   000000001d614308 000000001840c300
0x000000001840c348:   000000001840c390 000000001840c3e0
0x000000001840c358:   0000000002e0809d 0000000000000000
0x000000001840c368:   0000000000000000 0000000000000000
0x000000001840c378:   0000000000000000 00000000ffffffff
0x000000001840c388:   0000000000000001 00000000eac47310 

Instructions: (pc=0xffffffffa3e05120)
0xffffffffa3e05100:   
[error occurred during error reporting (printing registers, top of stack, instructions near pc), id 0xc0000005]

Register to memory mapping:

RAX=0x00000001002c37b0 is pointing into metadata
RBX=0x00000000eac47310 is an oop
java.text.PatternEntry 
 - klass: 'java/text/PatternEntry'
RCX=0x00000000eac47328 is an oop
[C 
 - klass: {type array char}
 - length: 2
RDX=0x00000000eac47310 is an oop
java.text.PatternEntry 
 - klass: 'java/text/PatternEntry'
RSP=0x000000001840c298 is pointing into the stack for thread: 0x0000000016fa5000
RBP=0x000000001840c350 is pointing into the stack for thread: 0x0000000016fa5000
RSI=0x0000000000000043 is an unknown value
RDI=0x00000000eac30ce0 is an oop
java.text.PatternEntry 
 - klass: 'java/text/PatternEntry'
R8 =0x00000000eac30ce0 is an oop
java.text.PatternEntry 
 - klass: 'java/text/PatternEntry'
R9 =0x00000000eac30d40 is an oop
[C 
 - klass: {type array char}
 - length: 1
R10=0x00000001002c37b0 is pointing into metadata
R11=0x00000000200002da is an unknown value
R12=0x0000000000000000 is an unknown value
R13=0x0000000000000000 is an unknown value
R14=0x0000000000000308 is an unknown value
R15=0x0000000016fa5000 is a thread


Stack: [0x0000000018310000,0x0000000018410000],  sp=0x000000001840c298,  free space=1008k
Native frames: (J=compiled Java code, j=interpreted, Vv=VM code, C=native code)
C  0xffffffffa3e05120


---------------  P R O C E S S  ---------------

Java Threads: ( => current thread )
  0x0000000019714000 JavaThread "SyntheticaAnimation 60" daemon [_thread_blocked, id=3796, stack(0x000000001d280000,0x000000001d380000)]
  0x0000000019c60000 JavaThread "SyntheticaAnimation 50" daemon [_thread_blocked, id=2068, stack(0x000000001c710000,0x000000001c810000)]
  0x0000000019c35800 JavaThread "D3D Screen Updater" daemon [_thread_blocked, id=8224, stack(0x000000001c100000,0x000000001c200000)]
  0x0000000019c0e000 JavaThread "TimerQueue" daemon [_thread_blocked, id=3912, stack(0x000000001b850000,0x000000001b950000)]
  0x0000000017a78800 JavaThread "Image Fetcher 0" daemon [_thread_blocked, id=6976, stack(0x000000001b530000,0x000000001b630000)]
  0x0000000017a71000 JavaThread "SyntheticaCleanerThread" daemon [_thread_blocked, id=4276, stack(0x0000000018f40000,0x0000000019040000)]
  0x000000001780f000 JavaThread "Thread-2" daemon [_thread_blocked, id=2636, stack(0x0000000018450000,0x0000000018550000)]
  0x0000000002dfd800 JavaThread "DestroyJavaVM" [_thread_blocked, id=6744, stack(0x0000000002820000,0x0000000002920000)]
=>0x0000000016fa5000 JavaThread "AWT-EventQueue-0" [_thread_in_Java, id=6256, stack(0x0000000018310000,0x0000000018410000)]
  0x0000000016fa3800 JavaThread "AWT-Windows" daemon [_thread_in_native, id=4492, stack(0x0000000018150000,0x0000000018250000)]
  0x00000000177b0000 JavaThread "AWT-Shutdown" [_thread_blocked, id=4160, stack(0x0000000018050000,0x0000000018150000)]
  0x00000000177ae000 JavaThread "Java2D Disposer" daemon [_thread_blocked, id=6936, stack(0x0000000017f50000,0x0000000018050000)]
  0x0000000016c44800 JavaThread "Service Thread" daemon [_thread_blocked, id=4252, stack(0x00000000171b0000,0x00000000172b0000)]
  0x0000000016bb2800 JavaThread "C1 CompilerThread2" daemon [_thread_blocked, id=7412, stack(0x00000000170b0000,0x00000000171b0000)]
  0x000000001552d800 JavaThread "C2 CompilerThread1" daemon [_thread_blocked, id=4088, stack(0x0000000016fb0000,0x00000000170b0000)]
  0x000000001552b800 JavaThread "C2 CompilerThread0" daemon [_thread_blocked, id=7876, stack(0x0000000016ab0000,0x0000000016bb0000)]
  0x000000001552a000 JavaThread "Attach Listener" daemon [_thread_blocked, id=4896, stack(0x00000000169b0000,0x0000000016ab0000)]
  0x00000000154df800 JavaThread "Signal Dispatcher" daemon [_thread_blocked, id=6412, stack(0x00000000168b0000,0x00000000169b0000)]
  0x00000000154b8800 JavaThread "Finalizer" daemon [_thread_blocked, id=3976, stack(0x0000000016730000,0x0000000016830000)]
  0x0000000002d93000 JavaThread "Reference Handler" daemon [_thread_blocked, id=7032, stack(0x0000000016630000,0x0000000016730000)]

Other Threads:
  0x0000000015497800 VMThread [stack: 0x0000000016530000,0x0000000016630000] [id=7276]
  0x0000000016c80800 WatcherThread [stack: 0x00000000172b0000,0x00000000173b0000] [id=216]

VM state:not at safepoint (normal execution)

VM Mutex/Monitor currently owned by a thread: None

Heap:
 PSYoungGen      total 18944K, used 1494K [0x00000000eab00000, 0x00000000ed000000, 0x0000000100000000)
  eden space 16384K, 9% used [0x00000000eab00000,0x00000000eac75ad8,0x00000000ebb00000)
  from space 2560K, 0% used [0x00000000ebb00000,0x00000000ebb00000,0x00000000ebd80000)
  to   space 2560K, 0% used [0x00000000ecd80000,0x00000000ecd80000,0x00000000ed000000)
 ParOldGen       total 32768K, used 7371K [0x00000000c0000000, 0x00000000c2000000, 0x00000000eab00000)
  object space 32768K, 22% used [0x00000000c0000000,0x00000000c0732f98,0x00000000c2000000)
 Metaspace       used 21203K, capacity 21438K, committed 21888K, reserved 1069056K
  class space    used 2775K, capacity 2846K, committed 2944K, reserved 1048576K

Card table byte_map: [0x00000000121c0000,0x00000000123d0000] byte_map_base: 0x0000000011bc0000

Marking Bits: (ParMarkBitMap*) 0x000000005219a6c0
 Begin Bits: [0x0000000012930000, 0x0000000013930000)
 End Bits:   [0x0000000013930000, 0x0000000014930000)

Polling page: 0x00000000010b0000

CodeCache: size=245760Kb used=6316Kb max_used=6316Kb free=239443Kb
 bounds [0x0000000002e00000, 0x0000000003440000, 0x0000000011e00000]
 total_blobs=2371 nmethods=1791 adapters=494
 compilation: enabled

Compilation events (10 events):
Event: 4.172 Thread 0x0000000016bb2800 nmethod 1783 0x0000000003415310 code [0x0000000003415480, 0x0000000003415788]
Event: 4.172 Thread 0x0000000016bb2800 1784       3       java.text.PatternEntry::equals (25 bytes)
Event: 4.173 Thread 0x000000001552d800 nmethod 1771 0x000000000341b890 code [0x000000000341ba20, 0x000000000341c638]
Event: 4.173 Thread 0x0000000016bb2800 nmethod 1784 0x0000000003414d50 code [0x0000000003414ec0, 0x0000000003415208]
Event: 4.173 Thread 0x0000000016bb2800 1785       3       java.util.ArrayList::lastIndexOf (69 bytes)
Event: 4.173 Thread 0x0000000016bb2800 nmethod 1785 0x00000000034136d0 code [0x0000000003413860, 0x0000000003413d28]
Event: 4.173 Thread 0x0000000016bb2800 1787       3       java.text.PatternEntry$Parser::next (655 bytes)
Event: 4.175 Thread 0x000000001552d800 1791       4       java.text.PatternEntry::equals (25 bytes)
Event: 4.176 Thread 0x000000001552b800 1792       4       java.util.ArrayList::lastIndexOf (69 bytes)
Event: 4.176 Thread 0x000000001552d800 nmethod 1791 0x0000000003414990 code [0x0000000003414ae0, 0x0000000003414c18]

GC Heap History (8 events):
Event: 1.294 GC heap before
{Heap before GC invocations=1 (full 0):
 PSYoungGen      total 18944K, used 16384K [0x00000000eab00000, 0x00000000ec000000, 0x0000000100000000)
  eden space 16384K, 100% used [0x00000000eab00000,0x00000000ebb00000,0x00000000ebb00000)
  from space 2560K, 0% used [0x00000000ebd80000,0x00000000ebd80000,0x00000000ec000000)
  to   space 2560K, 0% used [0x00000000ebb00000,0x00000000ebb00000,0x00000000ebd80000)
 ParOldGen       total 44032K, used 0K [0x00000000c0000000, 0x00000000c2b00000, 0x00000000eab00000)
  object space 44032K, 0% used [0x00000000c0000000,0x00000000c0000000,0x00000000c2b00000)
 Metaspace       used 15058K, capacity 15266K, committed 15744K, reserved 1062912K
  class space    used 1981K, capacity 2073K, committed 2176K, reserved 1048576K
Event: 1.307 GC heap after
Heap after GC invocations=1 (full 0):
 PSYoungGen      total 18944K, used 2537K [0x00000000eab00000, 0x00000000ec000000, 0x0000000100000000)
  eden space 16384K, 0% used [0x00000000eab00000,0x00000000eab00000,0x00000000ebb00000)
  from space 2560K, 99% used [0x00000000ebb00000,0x00000000ebd7a630,0x00000000ebd80000)
  to   space 2560K, 0% used [0x00000000ebd80000,0x00000000ebd80000,0x00000000ec000000)
 ParOldGen       total 44032K, used 1496K [0x00000000c0000000, 0x00000000c2b00000, 0x00000000eab00000)
  object space 44032K, 3% used [0x00000000c0000000,0x00000000c0176358,0x00000000c2b00000)
 Metaspace       used 15058K, capacity 15266K, committed 15744K, reserved 1062912K
  class space    used 1981K, capacity 2073K, committed 2176K, reserved 1048576K
}
Event: 3.964 GC heap before
{Heap before GC invocations=2 (full 0):
 PSYoungGen      total 18944K, used 18921K [0x00000000eab00000, 0x00000000ec000000, 0x0000000100000000)
  eden space 16384K, 100% used [0x00000000eab00000,0x00000000ebb00000,0x00000000ebb00000)
  from space 2560K, 99% used [0x00000000ebb00000,0x00000000ebd7a630,0x00000000ebd80000)
  to   space 2560K, 0% used [0x00000000ebd80000,0x00000000ebd80000,0x00000000ec000000)
 ParOldGen       total 44032K, used 1496K [0x00000000c0000000, 0x00000000c2b00000, 0x00000000eab00000)
  object space 44032K, 3% used [0x00000000c0000000,0x00000000c0176358,0x00000000c2b00000)
 Metaspace       used 19431K, capacity 19672K, committed 20096K, reserved 1067008K
  class space    used 2540K, capacity 2620K, committed 2688K, reserved 1048576K
Event: 3.977 GC heap after
Heap after GC invocations=2 (full 0):
 PSYoungGen      total 18944K, used 2537K [0x00000000eab00000, 0x00000000ec000000, 0x0000000100000000)
  eden space 16384K, 0% used [0x00000000eab00000,0x00000000eab00000,0x00000000ebb00000)
  from space 2560K, 99% used [0x00000000ebd80000,0x00000000ebffa610,0x00000000ec000000)
  to   space 2560K, 0% used [0x00000000ebb00000,0x00000000ebb00000,0x00000000ebd80000)
 ParOldGen       total 44032K, used 5038K [0x00000000c0000000, 0x00000000c2b00000, 0x00000000eab00000)
  object space 44032K, 11% used [0x00000000c0000000,0x00000000c04eb8d0,0x00000000c2b00000)
 Metaspace       used 19431K, capacity 19672K, committed 20096K, reserved 1067008K
  class space    used 2540K, capacity 2620K, committed 2688K, reserved 1048576K
}
Event: 4.091 GC heap before
{Heap before GC invocations=3 (full 0):
 PSYoungGen      total 18944K, used 8103K [0x00000000eab00000, 0x00000000ec000000, 0x0000000100000000)
  eden space 16384K, 33% used [0x00000000eab00000,0x00000000eb06f7b0,0x00000000ebb00000)
  from space 2560K, 99% used [0x00000000ebd80000,0x00000000ebffa610,0x00000000ec000000)
  to   space 2560K, 0% used [0x00000000ebb00000,0x00000000ebb00000,0x00000000ebd80000)
 ParOldGen       total 44032K, used 5038K [0x00000000c0000000, 0x00000000c2b00000, 0x00000000eab00000)
  object space 44032K, 11% used [0x00000000c0000000,0x00000000c04eb8d0,0x00000000c2b00000)
 Metaspace       used 20914K, capacity 21080K, committed 21248K, reserved 1067008K
  class space    used 2741K, capacity 2812K, committed 2816K, reserved 1048576K
Event: 4.100 GC heap after
Heap after GC invocations=3 (full 0):
 PSYoungGen      total 18944K, used 2547K [0x00000000eab00000, 0x00000000ed000000, 0x0000000100000000)
  eden space 16384K, 0% used [0x00000000eab00000,0x00000000eab00000,0x00000000ebb00000)
  from space 2560K, 99% used [0x00000000ebb00000,0x00000000ebd7cc20,0x00000000ebd80000)
  to   space 2560K, 0% used [0x00000000ecd80000,0x00000000ecd80000,0x00000000ed000000)
 ParOldGen       total 44032K, used 5729K [0x00000000c0000000, 0x00000000c2b00000, 0x00000000eab00000)
  object space 44032K, 13% used [0x00000000c0000000,0x00000000c05984e0,0x00000000c2b00000)
 Metaspace       used 20914K, capacity 21080K, committed 21248K, reserved 1067008K
  class space    used 2741K, capacity 2812K, committed 2816K, reserved 1048576K
}
Event: 4.100 GC heap before
{Heap before GC invocations=4 (full 1):
 PSYoungGen      total 18944K, used 2547K [0x00000000eab00000, 0x00000000ed000000, 0x0000000100000000)
  eden space 16384K, 0% used [0x00000000eab00000,0x00000000eab00000,0x00000000ebb00000)
  from space 2560K, 99% used [0x00000000ebb00000,0x00000000ebd7cc20,0x00000000ebd80000)
  to   space 2560K, 0% used [0x00000000ecd80000,0x00000000ecd80000,0x00000000ed000000)
 ParOldGen       total 44032K, used 5729K [0x00000000c0000000, 0x00000000c2b00000, 0x00000000eab00000)
  object space 44032K, 13% used [0x00000000c0000000,0x00000000c05984e0,0x00000000c2b00000)
 Metaspace       used 20914K, capacity 21080K, committed 21248K, reserved 1067008K
  class space    used 2741K, capacity 2812K, committed 2816K, reserved 1048576K
Event: 4.137 GC heap after
Heap after GC invocations=4 (full 1):
 PSYoungGen      total 18944K, used 0K [0x00000000eab00000, 0x00000000ed000000, 0x0000000100000000)
  eden space 16384K, 0% used [0x00000000eab00000,0x00000000eab00000,0x00000000ebb00000)
  from space 2560K, 0% used [0x00000000ebb00000,0x00000000ebb00000,0x00000000ebd80000)
  to   space 2560K, 0% used [0x00000000ecd80000,0x00000000ecd80000,0x00000000ed000000)
 ParOldGen       total 32768K, used 7371K [0x00000000c0000000, 0x00000000c2000000, 0x00000000eab00000)
  object space 32768K, 22% used [0x00000000c0000000,0x00000000c0732f98,0x00000000c2000000)
 Metaspace       used 20914K, capacity 21080K, committed 21248K, reserved 1067008K
  class space    used 2741K, capacity 2812K, committed 2816K, reserved 1048576K
}

Deoptimization events (10 events):
Event: 3.843 Thread 0x0000000016fa5000 Uncommon trap: reason=unstable_if action=reinterpret pc=0x0000000003062430 method=com.sun.org.apache.xerces.internal.impl.XMLEntityScanner.scanChar(Lcom/sun/org/apache/xerces/internal/impl/XMLScanner$NameType;)I @ 212
Event: 3.852 Thread 0x0000000016fa5000 Uncommon trap: reason=unstable_if action=reinterpret pc=0x00000000030a6718 method=com.sun.org.apache.xerces.internal.impl.io.UTF8Reader.read([CII)I @ 131
Event: 3.857 Thread 0x0000000016fa5000 Uncommon trap: reason=unstable_if action=reinterpret pc=0x0000000003061eec method=com.sun.org.apache.xerces.internal.utils.XMLLimitAnalyzer.addValue(ILjava/lang/String;I)V @ 7
Event: 3.857 Thread 0x0000000016fa5000 Uncommon trap: reason=unstable_if action=reinterpret pc=0x000000000303d460 method=com.sun.org.apache.xerces.internal.utils.XMLSecurityManager.isOverLimit(ILcom/sun/org/apache/xerces/internal/utils/XMLLimitAnalyzer;)Z @ 28
Event: 3.858 Thread 0x0000000016fa5000 Uncommon trap: reason=unstable_if action=reinterpret pc=0x000000000308264c method=com.sun.org.apache.xerces.internal.util.SymbolTable.addSymbol([CII)Ljava/lang/String; @ 64
Event: 3.859 Thread 0x0000000016fa5000 Uncommon trap: reason=unstable_if action=reinterpret pc=0x0000000003061550 method=com.sun.org.apache.xerces.internal.util.SymbolTable.addSymbol([CII)Ljava/lang/String; @ 64
Event: 4.165 Thread 0x0000000016fa5000 Uncommon trap: reason=class_check action=maybe_recompile pc=0x000000000341202c method=java.io.DataInputStream.readChar()C @ 4
Event: 4.165 Thread 0x0000000016fa5000 Uncommon trap: reason=class_check action=maybe_recompile pc=0x000000000341202c method=java.io.DataInputStream.readChar()C @ 4
Event: 4.165 Thread 0x0000000016fa5000 Uncommon trap: reason=class_check action=maybe_recompile pc=0x000000000341202c method=java.io.DataInputStream.readChar()C @ 4
Event: 4.165 Thread 0x0000000016fa5000 Uncommon trap: reason=class_check action=maybe_recompile pc=0x000000000341202c method=java.io.DataInputStream.readChar()C @ 4

Internal exceptions (10 events):
Event: 4.077 Thread 0x0000000016fa5000 Exception <a 'java/lang/ArrayIndexOutOfBoundsException'> (0x00000000eaf23710) thrown at [C:\re\workspace\8-2-build-windows-amd64-cygwin\jdk8u111\7883\hotspot\src\share\vm\runtime\sharedRuntime.cpp, line 605]
Event: 4.077 Thread 0x0000000016fa5000 Exception <a 'java/lang/ArrayIndexOutOfBoundsException'> (0x00000000eaf24ae8) thrown at [C:\re\workspace\8-2-build-windows-amd64-cygwin\jdk8u111\7883\hotspot\src\share\vm\runtime\sharedRuntime.cpp, line 605]
Event: 4.078 Thread 0x0000000016fa5000 Exception <a 'java/lang/ArrayIndexOutOfBoundsException'> (0x00000000eaf2c0f8) thrown at [C:\re\workspace\8-2-build-windows-amd64-cygwin\jdk8u111\7883\hotspot\src\share\vm\runtime\sharedRuntime.cpp, line 605]
Event: 4.078 Thread 0x0000000016fa5000 Exception <a 'java/lang/ArrayIndexOutOfBoundsException'> (0x00000000eaf2d588) thrown at [C:\re\workspace\8-2-build-windows-amd64-cygwin\jdk8u111\7883\hotspot\src\share\vm\runtime\sharedRuntime.cpp, line 605]
Event: 4.078 Thread 0x0000000016fa5000 Exception <a 'java/lang/ArrayIndexOutOfBoundsException'> (0x00000000eaf2edd8) thrown at [C:\re\workspace\8-2-build-windows-amd64-cygwin\jdk8u111\7883\hotspot\src\share\vm\runtime\sharedRuntime.cpp, line 605]
Event: 4.078 Thread 0x0000000016fa5000 Exception <a 'java/lang/ArrayIndexOutOfBoundsException'> (0x00000000eaf30200) thrown at [C:\re\workspace\8-2-build-windows-amd64-cygwin\jdk8u111\7883\hotspot\src\share\vm\runtime\sharedRuntime.cpp, line 605]
Event: 4.078 Thread 0x0000000016fa5000 Exception <a 'java/lang/ArrayIndexOutOfBoundsException'> (0x00000000eaf31158) thrown at [C:\re\workspace\8-2-build-windows-amd64-cygwin\jdk8u111\7883\hotspot\src\share\vm\runtime\sharedRuntime.cpp, line 605]
Event: 4.078 Thread 0x0000000016fa5000 Exception <a 'java/lang/ArrayIndexOutOfBoundsException'> (0x00000000eaf32538) thrown at [C:\re\workspace\8-2-build-windows-amd64-cygwin\jdk8u111\7883\hotspot\src\share\vm\runtime\sharedRuntime.cpp, line 605]
Event: 4.078 Thread 0x0000000016fa5000 Exception <a 'java/lang/ArrayIndexOutOfBoundsException'> (0x00000000eaf33680) thrown at [C:\re\workspace\8-2-build-windows-amd64-cygwin\jdk8u111\7883\hotspot\src\share\vm\runtime\sharedRuntime.cpp, line 605]
Event: 4.079 Thread 0x0000000016fa5000 Exception <a 'java/lang/ArrayIndexOutOfBoundsException'> (0x00000000eaf868e0) thrown at [C:\re\workspace\8-2-build-windows-amd64-cygwin\jdk8u111\7883\hotspot\src\share\vm\runtime\sharedRuntime.cpp, line 605]

Events (10 events):
Event: 4.168 loading class sun/text/normalizer/UnicodeMatcher done
Event: 4.168 loading class sun/text/normalizer/UnicodeSet done
Event: 4.168 loading class sun/text/normalizer/NormalizerImpl$DecomposeArgs
Event: 4.169 loading class sun/text/normalizer/NormalizerImpl$DecomposeArgs done
Event: 4.170 loading class java/text/MergeCollation
Event: 4.171 loading class java/text/MergeCollation done
Event: 4.171 loading class java/text/PatternEntry$Parser
Event: 4.171 loading class java/text/PatternEntry$Parser done
Event: 4.171 loading class java/text/PatternEntry
Event: 4.171 loading class java/text/PatternEntry done


Dynamic libraries:
0x00007ff74d750000 - 0x00007ff74d787000 	C:\Program Files\Java\jdk1.8.0_111\bin\java.exe
0x00007ffc28d80000 - 0x00007ffc28f51000 	C:\Windows\SYSTEM32\ntdll.dll
0x00007ffc28b30000 - 0x00007ffc28bdb000 	C:\Windows\System32\KERNEL32.DLL
0x00007ffc25d70000 - 0x00007ffc25f8d000 	C:\Windows\System32\KERNELBASE.dll
0x00007ffc26320000 - 0x00007ffc263c2000 	C:\Windows\System32\ADVAPI32.dll
0x00007ffc26eb0000 - 0x00007ffc26f4e000 	C:\Windows\System32\msvcrt.dll
0x00007ffc265c0000 - 0x00007ffc26619000 	C:\Windows\System32\sechost.dll
0x00007ffc28c50000 - 0x00007ffc28d71000 	C:\Windows\System32\RPCRT4.dll
0x00007ffc28880000 - 0x00007ffc289e5000 	C:\Windows\System32\USER32.dll
0x00007ffc25370000 - 0x00007ffc2538e000 	C:\Windows\System32\win32u.dll
0x00007ffc27190000 - 0x00007ffc271c4000 	C:\Windows\System32\GDI32.dll
0x00007ffc25be0000 - 0x00007ffc25d62000 	C:\Windows\System32\gdi32full.dll
0x00007ffc1eff0000 - 0x00007ffc1f26a000 	C:\Windows\WinSxS\amd64_microsoft.windows.common-controls_6595b64144ccf1df_6.0.14393.953_none_42151e83c686086b\COMCTL32.dll
0x00007ffc266e0000 - 0x00007ffc269a8000 	C:\Windows\System32\combase.dll
0x00007ffc25270000 - 0x00007ffc25365000 	C:\Windows\System32\ucrtbase.dll
0x00007ffc253e0000 - 0x00007ffc2544a000 	C:\Windows\System32\bcryptPrimitives.dll
0x00007ffc263d0000 - 0x00007ffc263fe000 	C:\Windows\System32\IMM32.DLL
0x00000000518a0000 - 0x0000000051972000 	C:\Program Files\Java\jdk1.8.0_111\jre\bin\msvcr100.dll
0x0000000051980000 - 0x000000005221a000 	C:\Program Files\Java\jdk1.8.0_111\jre\bin\server\jvm.dll
0x00007ffc26310000 - 0x00007ffc26318000 	C:\Windows\System32\PSAPI.DLL
0x00007ffc1b2f0000 - 0x00007ffc1b2f9000 	C:\Windows\SYSTEM32\WSOCK32.dll
0x00007ffc20a40000 - 0x00007ffc20a4a000 	C:\Windows\SYSTEM32\VERSION.dll
0x00007ffc27110000 - 0x00007ffc2717a000 	C:\Windows\System32\WS2_32.dll
0x00007ffc23660000 - 0x00007ffc23683000 	C:\Windows\SYSTEM32\WINMM.dll
0x00007ffc234f0000 - 0x00007ffc2351b000 	C:\Windows\SYSTEM32\WINMMBASE.dll
0x00007ffc25390000 - 0x00007ffc253d2000 	C:\Windows\System32\cfgmgr32.dll
0x0000000051890000 - 0x000000005189f000 	C:\Program Files\Java\jdk1.8.0_111\jre\bin\verify.dll
0x0000000051860000 - 0x0000000051889000 	C:\Program Files\Java\jdk1.8.0_111\jre\bin\java.dll
0x0000000051840000 - 0x0000000051856000 	C:\Program Files\Java\jdk1.8.0_111\jre\bin\zip.dll
0x00007ffc27370000 - 0x00007ffc28879000 	C:\Windows\System32\SHELL32.dll
0x00007ffc25450000 - 0x00007ffc25b2a000 	C:\Windows\System32\windows.storage.dll
0x00007ffc251e0000 - 0x00007ffc2522c000 	C:\Windows\System32\powrprof.dll
0x00007ffc26e40000 - 0x00007ffc26e92000 	C:\Windows\System32\shlwapi.dll
0x00007ffc25260000 - 0x00007ffc2526f000 	C:\Windows\System32\kernel.appcore.dll
0x00007ffc261c0000 - 0x00007ffc26269000 	C:\Windows\System32\shcore.dll
0x00007ffc25240000 - 0x00007ffc25254000 	C:\Windows\System32\profapi.dll
0x0000000052910000 - 0x0000000052aa8000 	C:\Program Files\Java\jdk1.8.0_111\jre\bin\awt.dll
0x00007ffc26620000 - 0x00007ffc266df000 	C:\Windows\System32\OLEAUT32.dll
0x00007ffc26270000 - 0x00007ffc2630c000 	C:\Windows\System32\msvcp_win.dll
0x00007ffc23790000 - 0x00007ffc2380a000 	C:\Windows\SYSTEM32\apphelp.dll
0x00007ffc23960000 - 0x00007ffc239f5000 	C:\Windows\system32\uxtheme.dll
0x00007ffc26fb0000 - 0x00007ffc2710a000 	C:\Windows\System32\MSCTF.dll
0x00007ffc230f0000 - 0x00007ffc23116000 	C:\Windows\system32\dwmapi.dll
0x00007ffc289f0000 - 0x00007ffc28b27000 	C:\Windows\System32\ole32.dll
0x00000000528c0000 - 0x0000000052907000 	C:\Program Files\Java\jdk1.8.0_111\jre\bin\fontmanager.dll
0x00007ffc1e9d0000 - 0x00007ffc1eb5d000 	C:\Windows\system32\d3d9.dll
0x00007ffbfbf40000 - 0x00007ffbfcff6000 	C:\Windows\SYSTEM32\nvd3dumx.dll
0x00007ffc206e0000 - 0x00007ffc2084c000 	C:\Program Files (x86)\NVIDIA Corporation\3D Vision\nvSCPAPI64.dll
0x00007ffc26a10000 - 0x00007ffc26e39000 	C:\Windows\System32\SETUPAPI.dll
0x0000000051820000 - 0x000000005183a000 	C:\Program Files\Java\jdk1.8.0_111\jre\bin\net.dll
0x00007ffc24ab0000 - 0x00007ffc24b0c000 	C:\Windows\system32\mswsock.dll
0x0000000051800000 - 0x0000000051811000 	C:\Program Files\Java\jdk1.8.0_111\jre\bin\nio.dll
0x0000000052870000 - 0x00000000528b2000 	C:\Program Files\Java\jdk1.8.0_111\jre\bin\t2k.dll
0x00007ffc272d0000 - 0x00007ffc2736f000 	C:\Windows\System32\clbcatq.dll
0x00007ffc22a30000 - 0x00007ffc22bd8000 	C:\Windows\SYSTEM32\WindowsCodecs.dll
0x00007ffc19570000 - 0x00007ffc195b9000 	C:\Windows\system32\dataexchange.dll
0x00007ffc21e60000 - 0x00007ffc22116000 	C:\Windows\system32\d3d11.dll
0x00007ffc23360000 - 0x00007ffc234b1000 	C:\Windows\system32\dcomp.dll
0x00007ffc24160000 - 0x00007ffc241ff000 	C:\Windows\system32\dxgi.dll
0x00007ffc23c00000 - 0x00007ffc23d1c000 	C:\Windows\system32\twinapi.appcore.dll
0x00007ffc25120000 - 0x00007ffc2514b000 	C:\Windows\system32\bcrypt.dll
0x00007ffc24c60000 - 0x00007ffc24c77000 	C:\Windows\SYSTEM32\CRYPTSP.dll
0x00007ffc246b0000 - 0x00007ffc246e3000 	C:\Windows\system32\rsaenh.dll
0x00007ffc24940000 - 0x00007ffc2495f000 	C:\Windows\SYSTEM32\USERENV.dll
0x00007ffc24c50000 - 0x00007ffc24c5b000 	C:\Windows\SYSTEM32\CRYPTBASE.dll
0x00007ffc24830000 - 0x00007ffc24868000 	C:\Windows\SYSTEM32\IPHLPAPI.DLL
0x00007ffc27180000 - 0x00007ffc27188000 	C:\Windows\System32\NSI.dll
0x00007ffc1f8c0000 - 0x00007ffc1f8d6000 	C:\Windows\SYSTEM32\dhcpcsvc6.DLL
0x00007ffc1f860000 - 0x00007ffc1f87a000 	C:\Windows\SYSTEM32\dhcpcsvc.DLL
0x0000000052840000 - 0x000000005286a000 	C:\Program Files\Java\jdk1.8.0_111\jre\bin\dcpr.dll
0x00007ffc1d5c0000 - 0x00007ffc1d692000 	C:\Windows\System32\IME\IMEKR\imkrtip.dll
0x00007ffc22c80000 - 0x00007ffc22e05000 	C:\Windows\SYSTEM32\PROPSYS.dll
0x00007ffc1d460000 - 0x00007ffc1d5b6000 	C:\Windows\System32\IME\shared\imetip.dll
0x00007ffc1cbf0000 - 0x00007ffc1cd98000 	C:\Windows\SYSTEM32\DUI70.dll
0x00007ffc1f410000 - 0x00007ffc1f475000 	C:\Windows\SYSTEM32\OLEACC.dll
0x00007ffc1d310000 - 0x00007ffc1d348000 	C:\Windows\System32\IME\IMEKR\imkrapi.dll
0x00007ffc1d2d0000 - 0x00007ffc1d305000 	C:\Windows\System32\IME\shared\imjkapi.dll
0x00007ffc24580000 - 0x00007ffc245b2000 	C:\Windows\SYSTEM32\ntmarta.dll
0x00007ffc190a0000 - 0x00007ffc19232000 	C:\Windows\SYSTEM32\dbghelp.dll

VM Arguments:
jvm_args: -Dfile.encoding=x-windows-949 -Duser.country=KR -Duser.language=ko -Duser.variant 
java_command: kr.or.dgit.sw_project.MainApp
java_class_path (initial): C:\Users\KDW\git\sw_project\build\classes\main;C:\Users\KDW\git\sw_project\build\resources\main;C:\Users\KDW\git\sw_project\src\main\resources\kr\or\dgit\sw_project\libraries\erp_myframework.jar;C:\Users\KDW\git\sw_project\src\main\resources\kr\or\dgit\sw_project\lookandfeel\syntheticaAluOxide.jar;C:\Users\KDW\git\sw_project\src\main\resources\kr\or\dgit\sw_project\lookandfeel\synthetica.jar;C:\Users\KDW\git\sw_project\src\main\resources\kr\or\dgit\sw_project\libraries\swingx-1.6.5.jar;C:\Users\KDW\git\sw_project\src\main\resources\kr\or\dgit\sw_project\libraries\syntheticaAddons.jar;C:\Users\KDW\git\sw_project\src\main\resources\kr\or\dgit\sw_project\libraries\syntheticaAluOxideAddon.jar;C:\Users\KDW\.gradle\caches\modules-2\files-2.1\mysql\mysql-connector-java\5.1.41\b0878056f15616989144d6114d36d3942321d0d1\mysql-connector-java-5.1.41.jar;C:\Users\KDW\.gradle\caches\modules-2\files-2.1\org.mybatis\mybatis\3.4.2\2b9a5082fe0bdb3128bab8b4b19b23ca0f3d9b38\mybatis-3.4.2.jar;C:\Users\KDW\.gradle\caches\modules-2\files-2.1\junit\junit\4.12\2973d150c0dc1fefe998f834810d68f278ea58ec\junit-4.12.jar;C:\Users\KDW\.gradle\caches\modules-2\files-2.1\log4j\log4j\1.2.17\5af35056b4d257e4b64b9e8069c0746e8b08629f\log4j-1.2.17.jar;C:\Users\KDW\.gradle\caches\modules-2\files-2.1\org.hamcrest\hamcrest-core\1.3\42a25dc3219429f0e5d060061f71acb49bf010a0\hamcrest-core-1.3.jar
Launcher Type: SUN_STANDARD

Environment Variables:
JAVA_HOME=C:\Program Files\Java\jdk1.8.0_111
PATH=C:/Program Files/Java/jdk1.8.0_111/bin/../jre/bin/server;C:/Program Files/Java/jdk1.8.0_111/bin/../jre/bin;C:/Program Files/Java/jdk1.8.0_111/bin/../jre/lib/amd64;C:\Program Files\Java\jdk1.8.0_111\bin;C:\ProgramData\Oracle\Java\javapath;C:\Program Files (x86)\NVIDIA Corporation\PhysX\Common;C:\Windows\system32;C:\Windows;C:\Windows\System32\Wbem;C:\Windows\System32\WindowsPowerShell\v1.0\;C:\Program Files\MySQL\MySQL Server 5.6\bin;C:\Program Files\Git\cmd;D:\gradle-3.4.1-bin\bin;C:\Users\KDW\AppData\Local\Microsoft\WindowsApps;;C:\eclipse_java;
USERNAME=KDW
OS=Windows_NT
PROCESSOR_IDENTIFIER=Intel64 Family 6 Model 23 Stepping 10, GenuineIntel



---------------  S Y S T E M  ---------------

OS: Windows 10.0 , 64 bit Build 14393 (10.0.14393.0)

CPU:total 4 (4 cores per cpu, 1 threads per core) family 6 model 23 stepping 10, cmov, cx8, fxsr, mmx, sse, sse2, sse3, ssse3, sse4.1, tsc

Memory: 4k page, physical 4192492k(1288352k free), swap 5896428k(1187912k free)

vm_info: Java HotSpot(TM) 64-Bit Server VM (25.111-b14) for windows-amd64 JRE (1.8.0_111-b14), built on Sep 22 2016 19:24:05 by "java_re" with MS VC++ 10.0 (VS2010)

time: Mon Apr 10 21:13:49 2017
elapsed time: 4 seconds (0d 0h 0m 4s)

