#
# A fatal error has been detected by the Java Runtime Environment:
#
#  EXCEPTION_ACCESS_VIOLATION (0xc0000005) at pc=0xffffffffa3815120, pid=3896, tid=0x0000000000000ba0
#
# JRE version: Java(TM) SE Runtime Environment (8.0_111-b14) (build 1.8.0_111-b14)
# Java VM: Java HotSpot(TM) 64-Bit Server VM (25.111-b14 mixed mode windows-amd64 compressed oops)
# Problematic frame:
# C  0xffffffffa3815120
#
# Failed to write core dump. Minidumps are not enabled by default on client versions of Windows
#
# If you would like to submit a bug report, please visit:
#   http://bugreport.java.com/bugreport/crash.jsp
#

---------------  T H R E A D  ---------------

Current thread (0x00000000169a6000):  JavaThread "AWT-EventQueue-0" [_thread_in_Java, id=2976, stack(0x0000000017ae0000,0x0000000017be0000)]

siginfo: ExceptionCode=0xc0000005, ExceptionInformation=0x0000000000000008 0xffffffffa3815120

Registers:
RAX=0x00000000146b0bd8, RBX=0x00000000146b0bd8, RCX=0x00000000146b3090, RDX=0x0000000002817e20
RSP=0x0000000017bdccf8, RBP=0x0000000017bdcd50, RSI=0x000000000000280d, RDI=0x00000000000086ca
R8 =0x00000000000001e6, R9 =0x00000000ec10c5a0, R10=0x000000005549c0c0, R11=0x0000000002c519e0
R12=0x0000000000000000, R13=0x0000000017bdcd10, R14=0x0000000017bdcd58, R15=0x00000000169a6000
RIP=0xffffffffa3815120, EFLAGS=0x0000000000010206

Top of Stack: (sp=0x0000000017bdccf8)
0x0000000017bdccf8:   0000000002817e20 00000000257ca9d8
0x0000000017bdcd08:   0000000002817e20 0000000017bdcd10
0x0000000017bdcd18:   00000000146b2ef0 0000000017bdcd58
0x0000000017bdcd28:   00000000146b3090 0000000000000000
0x0000000017bdcd38:   00000000146b2ef8 0000000017bdcd10
0x0000000017bdcd48:   0000000017bdcd60 0000000017bdcda0
0x0000000017bdcd58:   0000000002817e20 0000000017bdcd60
0x0000000017bdcd68:   00000000257c9808 0000000017bdcdb0
0x0000000017bdcd78:   00000000257c9950 0000000000000000
0x0000000017bdcd88:   00000000257c9820 0000000017bdcd60
0x0000000017bdcd98:   0000000017bdcdb0 0000000017bdcdf8
0x0000000017bdcda8:   0000000002817e20 00000000ec110118
0x0000000017bdcdb8:   0000000017bdcdb8 00000000257c90e4
0x0000000017bdcdc8:   0000000017bdce38 00000000257c9950
0x0000000017bdcdd8:   0000000000000000 00000000257c9140
0x0000000017bdcde8:   0000000017bdcdb0 0000000017bdce20 

Instructions: (pc=0xffffffffa3815120)
0xffffffffa3815100:   
[error occurred during error reporting (printing registers, top of stack, instructions near pc), id 0xc0000005]

Register to memory mapping:

RAX={method} {0x00000000146b0be0} 'byteOrder' '()Ljava/nio/ByteOrder;' in 'java/nio/Bits'
RBX={method} {0x00000000146b0be0} 'byteOrder' '()Ljava/nio/ByteOrder;' in 'java/nio/Bits'
RCX=0x00000000146b3090 is pointing into metadata
RDX=0x0000000002817e20 is at code_begin+1664 in an Interpreter codelet
invoke return entry points  [0x00000000028177a0, 0x0000000002818180]  2528 bytes
RSP=0x0000000017bdccf8 is pointing into the stack for thread: 0x00000000169a6000
RBP=0x0000000017bdcd50 is pointing into the stack for thread: 0x00000000169a6000
RSI=0x000000000000280d is an unknown value
RDI=0x00000000000086ca is an unknown value
R8 =0x00000000000001e6 is an unknown value
R9 =0x00000000ec10c5a0 is an oop
java.lang.Class 
 - klass: 'java/lang/Class'
R10=0x000000005549c0c0 is an unknown value
R11=0x0000000002c519e0 is at entry_point+0 in (nmethod*)0x0000000002c51890
R12=0x0000000000000000 is an unknown value
R13=0x0000000017bdcd10 is pointing into the stack for thread: 0x00000000169a6000
R14=0x0000000017bdcd58 is pointing into the stack for thread: 0x00000000169a6000
R15=0x00000000169a6000 is a thread


Stack: [0x0000000017ae0000,0x0000000017be0000],  sp=0x0000000017bdccf8,  free space=1011k
Native frames: (J=compiled Java code, j=interpreted, Vv=VM code, C=native code)
C  0xffffffffa3815120


---------------  P R O C E S S  ---------------

Java Threads: ( => current thread )
  0x000000001b4c0800 JavaThread "Prism Font Disposer" daemon [_thread_blocked, id=518744, stack(0x0000000024e70000,0x0000000024f70000)]
  0x000000001b4c6000 JavaThread "Image Fetcher 1" daemon [_thread_blocked, id=526644, stack(0x0000000022500000,0x0000000022600000)]
  0x0000000016951000 JavaThread "Thread-12" daemon [_thread_in_native, id=525788, stack(0x0000000022000000,0x0000000022100000)]
  0x0000000016950000 JavaThread "JavaFX Application Thread" [_thread_blocked, id=526824, stack(0x0000000021700000,0x0000000021800000)]
  0x000000001694c800 JavaThread "Thread-11" daemon [_thread_blocked, id=526736, stack(0x0000000021600000,0x0000000021700000)]
  0x000000001694b000 JavaThread "QuantumRenderer-0" daemon [_thread_blocked, id=3948, stack(0x0000000021400000,0x0000000021500000)]
  0x000000001694f800 JavaThread "Image Fetcher 0" daemon [_thread_blocked, id=497384, stack(0x0000000021100000,0x0000000021200000)]
  0x0000000016951800 JavaThread "SyntheticaAnimation 70" daemon [_thread_blocked, id=526032, stack(0x0000000020f00000,0x0000000021000000)]
  0x000000001694e800 JavaThread "Thread-8" daemon [_thread_blocked, id=525656, stack(0x000000001e5f0000,0x000000001e6f0000)]
  0x000000001694d000 JavaThread "Abandoned connection cleanup thread" daemon [_thread_blocked, id=525748, stack(0x000000001e0f0000,0x000000001e1f0000)]
  0x000000001bab7800 JavaThread "SyntheticaAnimation 60" daemon [_thread_blocked, id=525424, stack(0x000000001dba0000,0x000000001dca0000)]
  0x000000001b279800 JavaThread "SyntheticaAnimation 50" daemon [_thread_blocked, id=518860, stack(0x000000001c850000,0x000000001c950000)]
  0x000000001b8a2000 JavaThread "D3D Screen Updater" daemon [_thread_blocked, id=5088, stack(0x000000001c740000,0x000000001c840000)]
  0x000000001b742000 JavaThread "TimerQueue" daemon [_thread_blocked, id=88060, stack(0x000000001bf40000,0x000000001c040000)]
  0x0000000017383800 JavaThread "SyntheticaCleanerThread" daemon [_thread_blocked, id=526416, stack(0x0000000018ec0000,0x0000000018fc0000)]
  0x0000000016efe800 JavaThread "Thread-2" daemon [_thread_blocked, id=158476, stack(0x0000000017be0000,0x0000000017ce0000)]
  0x00000000009cd800 JavaThread "DestroyJavaVM" [_thread_blocked, id=525768, stack(0x0000000002510000,0x0000000002610000)]
=>0x00000000169a6000 JavaThread "AWT-EventQueue-0" [_thread_in_Java, id=2976, stack(0x0000000017ae0000,0x0000000017be0000)]
  0x00000000169ad000 JavaThread "AWT-Windows" daemon [_thread_in_native, id=6664, stack(0x0000000017890000,0x0000000017990000)]
  0x00000000169ac000 JavaThread "AWT-Shutdown" [_thread_blocked, id=322012, stack(0x0000000017790000,0x0000000017890000)]
  0x0000000016ee0800 JavaThread "Java2D Disposer" daemon [_thread_blocked, id=525800, stack(0x0000000017690000,0x0000000017790000)]
  0x0000000016638000 JavaThread "Service Thread" daemon [_thread_blocked, id=519148, stack(0x0000000016bc0000,0x0000000016cc0000)]
  0x0000000016610800 JavaThread "C1 CompilerThread2" daemon [_thread_blocked, id=526396, stack(0x0000000016ac0000,0x0000000016bc0000)]
  0x0000000014f3d800 JavaThread "C2 CompilerThread1" daemon [_thread_blocked, id=526012, stack(0x00000000169c0000,0x0000000016ac0000)]
  0x0000000014f3b800 JavaThread "C2 CompilerThread0" daemon [_thread_blocked, id=518556, stack(0x00000000164c0000,0x00000000165c0000)]
  0x0000000014f39800 JavaThread "Attach Listener" daemon [_thread_blocked, id=322076, stack(0x00000000163c0000,0x00000000164c0000)]
  0x0000000014eed000 JavaThread "Signal Dispatcher" daemon [_thread_blocked, id=2568, stack(0x00000000162c0000,0x00000000163c0000)]
  0x0000000014ec9000 JavaThread "Finalizer" daemon [_thread_blocked, id=525208, stack(0x0000000016140000,0x0000000016240000)]
  0x0000000002801000 JavaThread "Reference Handler" daemon [_thread_blocked, id=518780, stack(0x0000000016040000,0x0000000016140000)]

Other Threads:
  0x0000000014ea7800 VMThread [stack: 0x0000000015f40000,0x0000000016040000] [id=6784]
  0x000000001663e800 WatcherThread [stack: 0x0000000016cc0000,0x0000000016dc0000] [id=527356]

VM state:not at safepoint (normal execution)

VM Mutex/Monitor currently owned by a thread: None

Heap:
 PSYoungGen      total 90624K, used 24665K [0x00000000eab00000, 0x00000000f3b00000, 0x0000000100000000)
  eden space 79872K, 30% used [0x00000000eab00000,0x00000000ec3165f8,0x00000000ef900000)
  from space 10752K, 0% used [0x00000000ef900000,0x00000000ef900000,0x00000000f0380000)
  to   space 11264K, 0% used [0x00000000f3000000,0x00000000f3000000,0x00000000f3b00000)
 ParOldGen       total 41984K, used 15888K [0x00000000c0000000, 0x00000000c2900000, 0x00000000eab00000)
  object space 41984K, 37% used [0x00000000c0000000,0x00000000c0f840e0,0x00000000c2900000)
 Metaspace       used 39953K, capacity 40928K, committed 41216K, reserved 1085440K
  class space    used 5313K, capacity 5576K, committed 5632K, reserved 1048576K

Card table byte_map: [0x0000000011bd0000,0x0000000011de0000] byte_map_base: 0x00000000115d0000

Marking Bits: (ParMarkBitMap*) 0x00000000554ba6c0
 Begin Bits: [0x0000000012340000, 0x0000000013340000)
 End Bits:   [0x0000000013340000, 0x0000000014340000)

Polling page: 0x0000000000670000

CodeCache: size=245760Kb used=17627Kb max_used=17649Kb free=228132Kb
 bounds [0x0000000002810000, 0x0000000003970000, 0x0000000011810000]
 total_blobs=6233 nmethods=5336 adapters=808
 compilation: enabled

Compilation events (10 events):
Event: 69.386 Thread 0x0000000016610800 6233       1       com.sun.prism.impl.BaseGraphics::hasPreCullingBits (5 bytes)
Event: 69.386 Thread 0x0000000016610800 nmethod 6233 0x000000000395a950 code [0x000000000395aaa0, 0x000000000395abb0]
Event: 69.386 Thread 0x0000000016610800 6234       1       com.sun.javafx.sg.prism.NGNode::isDepthTest (5 bytes)
Event: 69.387 Thread 0x0000000016610800 nmethod 6234 0x000000000395ac10 code [0x000000000395ad60, 0x000000000395ae70]
Event: 69.387 Thread 0x0000000016610800 6235       1       com.sun.javafx.sg.prism.NGNode::getNodeBlendMode (5 bytes)
Event: 69.387 Thread 0x0000000016610800 nmethod 6235 0x000000000395aed0 code [0x000000000395b020, 0x000000000395b130]
Event: 69.396 Thread 0x0000000014f3d800 6237       4       java.nio.Bits::byteOrder (20 bytes)
Event: 69.396 Thread 0x0000000014f3b800 6238       4       java.nio.Buffer::checkBounds (25 bytes)
Event: 69.396 Thread 0x0000000014f3d800 nmethod 6237 0x0000000003960a50 code [0x0000000003960b80, 0x0000000003960bd8]
Event: 69.396 Thread 0x0000000014f3b800 nmethod 6238 0x000000000395c490 code [0x000000000395c5c0, 0x000000000395c618]

GC Heap History (10 events):
Event: 7.305 GC heap before
{Heap before GC invocations=7 (full 1):
 PSYoungGen      total 34304K, used 33770K [0x00000000eab00000, 0x00000000ee880000, 0x0000000100000000)
  eden space 31744K, 100% used [0x00000000eab00000,0x00000000eca00000,0x00000000eca00000)
  from space 2560K, 79% used [0x00000000eca00000,0x00000000ecbfab48,0x00000000ecc80000)
  to   space 6656K, 0% used [0x00000000ee200000,0x00000000ee200000,0x00000000ee880000)
 ParOldGen       total 31232K, used 6368K [0x00000000c0000000, 0x00000000c1e80000, 0x00000000eab00000)
  object space 31232K, 20% used [0x00000000c0000000,0x00000000c0638058,0x00000000c1e80000)
 Metaspace       used 24863K, capacity 25136K, committed 25600K, reserved 1071104K
  class space    used 3109K, capacity 3201K, committed 3328K, reserved 1048576K
Event: 7.314 GC heap after
Heap after GC invocations=7 (full 1):
 PSYoungGen      total 56320K, used 3984K [0x00000000eab00000, 0x00000000eed80000, 0x0000000100000000)
  eden space 49664K, 0% used [0x00000000eab00000,0x00000000eab00000,0x00000000edb80000)
  from space 6656K, 59% used [0x00000000ee200000,0x00000000ee5e4048,0x00000000ee880000)
  to   space 6656K, 0% used [0x00000000edb80000,0x00000000edb80000,0x00000000ee200000)
 ParOldGen       total 31232K, used 6376K [0x00000000c0000000, 0x00000000c1e80000, 0x00000000eab00000)
  object space 31232K, 20% used [0x00000000c0000000,0x00000000c063a058,0x00000000c1e80000)
 Metaspace       used 24863K, capacity 25136K, committed 25600K, reserved 1071104K
  class space    used 3109K, capacity 3201K, committed 3328K, reserved 1048576K
}
Event: 33.595 GC heap before
{Heap before GC invocations=8 (full 1):
 PSYoungGen      total 56320K, used 53648K [0x00000000eab00000, 0x00000000eed80000, 0x0000000100000000)
  eden space 49664K, 100% used [0x00000000eab00000,0x00000000edb80000,0x00000000edb80000)
  from space 6656K, 59% used [0x00000000ee200000,0x00000000ee5e4048,0x00000000ee880000)
  to   space 6656K, 0% used [0x00000000edb80000,0x00000000edb80000,0x00000000ee200000)
 ParOldGen       total 31232K, used 6376K [0x00000000c0000000, 0x00000000c1e80000, 0x00000000eab00000)
  object space 31232K, 20% used [0x00000000c0000000,0x00000000c063a058,0x00000000c1e80000)
 Metaspace       used 29744K, capacity 30346K, committed 30592K, reserved 1075200K
  class space    used 3714K, capacity 3861K, committed 3968K, reserved 1048576K
Event: 33.619 GC heap after
Heap after GC invocations=8 (full 1):
 PSYoungGen      total 56320K, used 6650K [0x00000000eab00000, 0x00000000f0d00000, 0x0000000100000000)
  eden space 49664K, 0% used [0x00000000eab00000,0x00000000eab00000,0x00000000edb80000)
  from space 6656K, 99% used [0x00000000edb80000,0x00000000ee1fe8c0,0x00000000ee200000)
  to   space 8704K, 0% used [0x00000000f0480000,0x00000000f0480000,0x00000000f0d00000)
 ParOldGen       total 31232K, used 8091K [0x00000000c0000000, 0x00000000c1e80000, 0x00000000eab00000)
  object space 31232K, 25% used [0x00000000c0000000,0x00000000c07e6fc0,0x00000000c1e80000)
 Metaspace       used 29744K, capacity 30346K, committed 30592K, reserved 1075200K
  class space    used 3714K, capacity 3861K, committed 3968K, reserved 1048576K
}
Event: 67.730 GC heap before
{Heap before GC invocations=9 (full 1):
 PSYoungGen      total 56320K, used 56314K [0x00000000eab00000, 0x00000000f0d00000, 0x0000000100000000)
  eden space 49664K, 100% used [0x00000000eab00000,0x00000000edb80000,0x00000000edb80000)
  from space 6656K, 99% used [0x00000000edb80000,0x00000000ee1fe8c0,0x00000000ee200000)
  to   space 8704K, 0% used [0x00000000f0480000,0x00000000f0480000,0x00000000f0d00000)
 ParOldGen       total 31232K, used 8091K [0x00000000c0000000, 0x00000000c1e80000, 0x00000000eab00000)
  object space 31232K, 25% used [0x00000000c0000000,0x00000000c07e6fc0,0x00000000c1e80000)
 Metaspace       used 34457K, capacity 35176K, committed 35328K, reserved 1079296K
  class space    used 4306K, capacity 4482K, committed 4608K, reserved 1048576K
Event: 67.759 GC heap after
Heap after GC invocations=9 (full 1):
 PSYoungGen      total 88576K, used 8702K [0x00000000eab00000, 0x00000000f0e00000, 0x0000000100000000)
  eden space 79872K, 0% used [0x00000000eab00000,0x00000000eab00000,0x00000000ef900000)
  from space 8704K, 99% used [0x00000000f0480000,0x00000000f0cff850,0x00000000f0d00000)
  to   space 10752K, 0% used [0x00000000ef900000,0x00000000ef900000,0x00000000f0380000)
 ParOldGen       total 31232K, used 9588K [0x00000000c0000000, 0x00000000c1e80000, 0x00000000eab00000)
  object space 31232K, 30% used [0x00000000c0000000,0x00000000c095d248,0x00000000c1e80000)
 Metaspace       used 34457K, capacity 35176K, committed 35328K, reserved 1079296K
  class space    used 4306K, capacity 4482K, committed 4608K, reserved 1048576K
}
Event: 67.787 GC heap before
{Heap before GC invocations=10 (full 1):
 PSYoungGen      total 88576K, used 9802K [0x00000000eab00000, 0x00000000f0e00000, 0x0000000100000000)
  eden space 79872K, 1% used [0x00000000eab00000,0x00000000eac132d0,0x00000000ef900000)
  from space 8704K, 99% used [0x00000000f0480000,0x00000000f0cff850,0x00000000f0d00000)
  to   space 10752K, 0% used [0x00000000ef900000,0x00000000ef900000,0x00000000f0380000)
 ParOldGen       total 31232K, used 9588K [0x00000000c0000000, 0x00000000c1e80000, 0x00000000eab00000)
  object space 31232K, 30% used [0x00000000c0000000,0x00000000c095d248,0x00000000c1e80000)
 Metaspace       used 34606K, capacity 35298K, committed 35416K, reserved 1081344K
  class space    used 4330K, capacity 4517K, committed 4608K, reserved 1048576K
Event: 67.810 GC heap after
Heap after GC invocations=10 (full 1):
 PSYoungGen      total 90624K, used 7016K [0x00000000eab00000, 0x00000000f3b00000, 0x0000000100000000)
  eden space 79872K, 0% used [0x00000000eab00000,0x00000000eab00000,0x00000000ef900000)
  from space 10752K, 65% used [0x00000000ef900000,0x00000000effda3f0,0x00000000f0380000)
  to   space 11264K, 0% used [0x00000000f3000000,0x00000000f3000000,0x00000000f3b00000)
 ParOldGen       total 31232K, used 11410K [0x00000000c0000000, 0x00000000c1e80000, 0x00000000eab00000)
  object space 31232K, 36% used [0x00000000c0000000,0x00000000c0b24b98,0x00000000c1e80000)
 Metaspace       used 34606K, capacity 35298K, committed 35416K, reserved 1081344K
  class space    used 4330K, capacity 4517K, committed 4608K, reserved 1048576K
}
Event: 67.810 GC heap before
{Heap before GC invocations=11 (full 2):
 PSYoungGen      total 90624K, used 7016K [0x00000000eab00000, 0x00000000f3b00000, 0x0000000100000000)
  eden space 79872K, 0% used [0x00000000eab00000,0x00000000eab00000,0x00000000ef900000)
  from space 10752K, 65% used [0x00000000ef900000,0x00000000effda3f0,0x00000000f0380000)
  to   space 11264K, 0% used [0x00000000f3000000,0x00000000f3000000,0x00000000f3b00000)
 ParOldGen       total 31232K, used 11410K [0x00000000c0000000, 0x00000000c1e80000, 0x00000000eab00000)
  object space 31232K, 36% used [0x00000000c0000000,0x00000000c0b24b98,0x00000000c1e80000)
 Metaspace       used 34606K, capacity 35298K, committed 35416K, reserved 1081344K
  class space    used 4330K, capacity 4517K, committed 4608K, reserved 1048576K
Event: 67.928 GC heap after
Heap after GC invocations=11 (full 2):
 PSYoungGen      total 90624K, used 0K [0x00000000eab00000, 0x00000000f3b00000, 0x0000000100000000)
  eden space 79872K, 0% used [0x00000000eab00000,0x00000000eab00000,0x00000000ef900000)
  from space 10752K, 0% used [0x00000000ef900000,0x00000000ef900000,0x00000000f0380000)
  to   space 11264K, 0% used [0x00000000f3000000,0x00000000f3000000,0x00000000f3b00000)
 ParOldGen       total 41984K, used 15888K [0x00000000c0000000, 0x00000000c2900000, 0x00000000eab00000)
  object space 41984K, 37% used [0x00000000c0000000,0x00000000c0f840e0,0x00000000c2900000)
 Metaspace       used 34606K, capacity 35298K, committed 35416K, reserved 1081344K
  class space    used 4330K, capacity 4517K, committed 4608K, reserved 1048576K
}

Deoptimization events (10 events):
Event: 69.056 Thread 0x0000000016950000 Uncommon trap: reason=bimorphic action=maybe_recompile pc=0x0000000003115430 method=java.io.DataInputStream.readInt()I @ 4
Event: 69.057 Thread 0x0000000016950000 Uncommon trap: reason=bimorphic action=maybe_recompile pc=0x0000000003115430 method=java.io.DataInputStream.readInt()I @ 4
Event: 69.057 Thread 0x0000000016950000 Uncommon trap: reason=bimorphic action=maybe_recompile pc=0x0000000003115430 method=java.io.DataInputStream.readInt()I @ 4
Event: 69.057 Thread 0x0000000016950000 Uncommon trap: reason=bimorphic action=maybe_recompile pc=0x0000000003115430 method=java.io.DataInputStream.readInt()I @ 4
Event: 69.057 Thread 0x0000000016950000 Uncommon trap: reason=bimorphic action=maybe_recompile pc=0x0000000002eaa2e0 method=java.io.DataInputStream.readChar()C @ 4
Event: 69.062 Thread 0x0000000016950000 Uncommon trap: reason=unstable_if action=reinterpret pc=0x00000000037a1494 method=java.lang.String.split(Ljava/lang/String;I)[Ljava/lang/String; @ 281
Event: 69.069 Thread 0x0000000016950000 Uncommon trap: reason=unstable_if action=reinterpret pc=0x0000000002f308ac method=java.io.WinNTFileSystem.normalize(Ljava/lang/String;)Ljava/lang/String; @ 74
Event: 69.270 Thread 0x000000001694b000 Uncommon trap: reason=unstable_if action=reinterpret pc=0x000000000319f0ec method=java.nio.ByteBuffer.hasArray()Z @ 4
Event: 69.282 Thread 0x000000001694b000 Uncommon trap: reason=bimorphic action=maybe_recompile pc=0x0000000002f56514 method=java.util.concurrent.ConcurrentHashMap.putVal(Ljava/lang/Object;Ljava/lang/Object;Z)Ljava/lang/Object; @ 192
Event: 69.319 Thread 0x000000001694b000 Uncommon trap: reason=bimorphic action=maybe_recompile pc=0x0000000002f56514 method=java.util.concurrent.ConcurrentHashMap.putVal(Ljava/lang/Object;Ljava/lang/Object;Z)Ljava/lang/Object; @ 192

Internal exceptions (10 events):
Event: 15.856 Thread 0x0000000016efe800 Exception <a 'java/lang/NullPointerException'> (0x00000000ed388b68) thrown at [C:\re\workspace\8-2-build-windows-amd64-cygwin\jdk8u111\7883\hotspot\src\share\vm\interpreter\linkResolver.cpp, line 1178]
Event: 37.875 Thread 0x000000001694e800 Implicit null exception at 0x0000000002e98e07 to 0x0000000002e9a37d
Event: 37.875 Thread 0x000000001694e800 Exception <a 'java/lang/NullPointerException'> (0x00000000eb0cd0e0) thrown at [C:\re\workspace\8-2-build-windows-amd64-cygwin\jdk8u111\7883\hotspot\src\share\vm\runtime\sharedRuntime.cpp, line 605]
Event: 37.875 Thread 0x000000001694e800 Exception <a 'java/lang/NullPointerException'> (0x00000000eb0cd2e8) thrown at [C:\re\workspace\8-2-build-windows-amd64-cygwin\jdk8u111\7883\hotspot\src\share\vm\interpreter\linkResolver.cpp, line 1178]
Event: 54.131 Thread 0x00000000169a6000 Exception <a 'org/apache/ibatis/exceptions/PersistenceException'> (0x00000000ecde5490) thrown at [C:\re\workspace\8-2-build-windows-amd64-cygwin\jdk8u111\7883\hotspot\src\share\vm\prims\jvm.cpp, line 1390]
Event: 54.131 Thread 0x00000000169a6000 Exception <a 'org/apache/ibatis/exceptions/PersistenceException'> (0x00000000ecde5490) thrown at [C:\re\workspace\8-2-build-windows-amd64-cygwin\jdk8u111\7883\hotspot\src\share\vm\prims\jvm.cpp, line 1390]
Event: 67.454 Thread 0x00000000169a6000 Exception <a 'java/lang/NullPointerException'> (0x00000000ed54e130) thrown at [C:\re\workspace\8-2-build-windows-amd64-cygwin\jdk8u111\7883\hotspot\src\share\vm\interpreter\linkResolver.cpp, line 1178]
Event: 67.476 Thread 0x0000000016951000 Implicit null exception at 0x0000000003751627 to 0x0000000003752201
Event: 67.726 Thread 0x0000000016950000 Exception <a 'java/lang/NullPointerException'> (0x00000000edb73e38) thrown at [C:\re\workspace\8-2-build-windows-amd64-cygwin\jdk8u111\7883\hotspot\src\share\vm\interpreter\linkResolver.cpp, line 1178]
Event: 67.726 Thread 0x0000000016950000 Exception <a 'java/lang/NullPointerException'> (0x00000000edb73e38) thrown at [C:\re\workspace\8-2-build-windows-amd64-cygwin\jdk8u111\7883\hotspot\src\share\vm\prims\jvm.cpp, line 1390]

Events (10 events):
Event: 69.364 loading class javafx/embed/swing/JFXPanel$HostContainer
Event: 69.364 loading class javafx/embed/swing/JFXPanel$HostContainer done
Event: 69.366 Executing VM operation: RevokeBias
Event: 69.367 Executing VM operation: RevokeBias done
Event: 69.367 loading class java/nio/HeapIntBuffer
Event: 69.367 loading class java/nio/HeapIntBuffer done
Event: 69.368 loading class com/sun/prism/shape/ShapeRep$InvalidationType
Event: 69.368 loading class com/sun/prism/shape/ShapeRep$InvalidationType done
Event: 69.369 loading class com/sun/javafx/tk/quantum/EmbeddedScene
Event: 69.369 loading class com/sun/javafx/tk/quantum/EmbeddedScene done


Dynamic libraries:
0x00007ff64a9e0000 - 0x00007ff64aa17000 	C:\Program Files\Java\jdk1.8.0_111\bin\java.exe
0x00007ff806f30000 - 0x00007ff807101000 	C:\Windows\SYSTEM32\ntdll.dll
0x00007ff8048d0000 - 0x00007ff80497b000 	C:\Windows\System32\KERNEL32.DLL
0x00007ff803420000 - 0x00007ff80363d000 	C:\Windows\System32\KERNELBASE.dll
0x00007ff806690000 - 0x00007ff806732000 	C:\Windows\System32\ADVAPI32.dll
0x00007ff806740000 - 0x00007ff8067de000 	C:\Windows\System32\msvcrt.dll
0x00007ff8067e0000 - 0x00007ff806839000 	C:\Windows\System32\sechost.dll
0x00007ff8047a0000 - 0x00007ff8048c1000 	C:\Windows\System32\RPCRT4.dll
0x00007ff804530000 - 0x00007ff804695000 	C:\Windows\System32\USER32.dll
0x00007ff804260000 - 0x00007ff80427e000 	C:\Windows\System32\win32u.dll
0x00007ff804980000 - 0x00007ff8049b4000 	C:\Windows\System32\GDI32.dll
0x00007ff804330000 - 0x00007ff8044b2000 	C:\Windows\System32\gdi32full.dll
0x00007ffffcbf0000 - 0x00007ffffce6a000 	C:\Windows\WinSxS\amd64_microsoft.windows.common-controls_6595b64144ccf1df_6.0.14393.953_none_42151e83c686086b\COMCTL32.dll
0x00007ff804a90000 - 0x00007ff804d58000 	C:\Windows\System32\combase.dll
0x00007ff8036f0000 - 0x00007ff8037e5000 	C:\Windows\System32\ucrtbase.dll
0x00007ff8041a0000 - 0x00007ff80420a000 	C:\Windows\System32\bcryptPrimitives.dll
0x00007ff804d90000 - 0x00007ff804dbe000 	C:\Windows\System32\IMM32.DLL
0x0000000055540000 - 0x0000000055612000 	C:\Program Files\Java\jdk1.8.0_111\jre\bin\msvcr100.dll
0x0000000054ca0000 - 0x000000005553a000 	C:\Program Files\Java\jdk1.8.0_111\jre\bin\server\jvm.dll
0x00007ff806840000 - 0x00007ff806848000 	C:\Windows\System32\PSAPI.DLL
0x00007ffff9050000 - 0x00007ffff9059000 	C:\Windows\SYSTEM32\WSOCK32.dll
0x00007ff8044c0000 - 0x00007ff80452a000 	C:\Windows\System32\WS2_32.dll
0x00007ff801810000 - 0x00007ff801833000 	C:\Windows\SYSTEM32\WINMM.dll
0x00007ff800040000 - 0x00007ff80004a000 	C:\Windows\SYSTEM32\VERSION.dll
0x00007ff8016a0000 - 0x00007ff8016cb000 	C:\Windows\SYSTEM32\WINMMBASE.dll
0x00007ff804210000 - 0x00007ff804252000 	C:\Windows\System32\cfgmgr32.dll
0x0000000055990000 - 0x000000005599f000 	C:\Program Files\Java\jdk1.8.0_111\jre\bin\verify.dll
0x0000000055960000 - 0x0000000055989000 	C:\Program Files\Java\jdk1.8.0_111\jre\bin\java.dll
0x0000000055940000 - 0x0000000055956000 	C:\Program Files\Java\jdk1.8.0_111\jre\bin\zip.dll
0x00007ff804e20000 - 0x00007ff806329000 	C:\Windows\System32\SHELL32.dll
0x00007ff8038f0000 - 0x00007ff803fca000 	C:\Windows\System32\windows.storage.dll
0x00007ff8033a0000 - 0x00007ff8033ec000 	C:\Windows\System32\powrprof.dll
0x00007ff804a30000 - 0x00007ff804a82000 	C:\Windows\System32\shlwapi.dll
0x00007ff803390000 - 0x00007ff80339f000 	C:\Windows\System32\kernel.appcore.dll
0x00007ff803640000 - 0x00007ff8036e9000 	C:\Windows\System32\shcore.dll
0x00007ff8033f0000 - 0x00007ff803404000 	C:\Windows\System32\profapi.dll
0x00000000547f0000 - 0x0000000054988000 	C:\Program Files\Java\jdk1.8.0_111\jre\bin\awt.dll
0x00007ff8065d0000 - 0x00007ff80668f000 	C:\Windows\System32\OLEAUT32.dll
0x00007ff803850000 - 0x00007ff8038ec000 	C:\Windows\System32\msvcp_win.dll
0x00007ff801940000 - 0x00007ff8019ba000 	C:\Windows\SYSTEM32\apphelp.dll
0x00007ff801b10000 - 0x00007ff801ba5000 	C:\Windows\system32\uxtheme.dll
0x00007ff806470000 - 0x00007ff8065ca000 	C:\Windows\System32\MSCTF.dll
0x00007ff8011e0000 - 0x00007ff801206000 	C:\Windows\system32\dwmapi.dll
0x00007ff806330000 - 0x00007ff806467000 	C:\Windows\System32\ole32.dll
0x00000000547a0000 - 0x00000000547e7000 	C:\Program Files\Java\jdk1.8.0_111\jre\bin\fontmanager.dll
0x00007ffffbf40000 - 0x00007ffffc0cd000 	C:\Windows\system32\d3d9.dll
0x00007fffd67b0000 - 0x00007fffd7866000 	C:\Windows\SYSTEM32\nvd3dumx.dll
0x00007ffffe300000 - 0x00007ffffe46c000 	C:\Program Files (x86)\NVIDIA Corporation\3D Vision\nvSCPAPI64.dll
0x00007ff806b00000 - 0x00007ff806f29000 	C:\Windows\System32\SETUPAPI.dll
0x00007ffffdda0000 - 0x00007ffffe0d6000 	C:\Windows\system32\nvapi64.dll
0x00007ff801fa0000 - 0x00007ff801fc8000 	C:\Windows\SYSTEM32\DEVOBJ.dll
0x00007ff8037f0000 - 0x00007ff803845000 	C:\Windows\System32\WINTRUST.dll
0x00007ff803410000 - 0x00007ff803420000 	C:\Windows\System32\MSASN1.dll
0x00007ff803fd0000 - 0x00007ff804199000 	C:\Windows\System32\CRYPT32.dll
0x00007ff802310000 - 0x00007ff8023af000 	C:\Windows\system32\dxgi.dll
0x0000000055920000 - 0x000000005593a000 	C:\Program Files\Java\jdk1.8.0_111\jre\bin\net.dll
0x00007ff802c60000 - 0x00007ff802cbc000 	C:\Windows\system32\mswsock.dll
0x0000000055900000 - 0x0000000055911000 	C:\Program Files\Java\jdk1.8.0_111\jre\bin\nio.dll
0x0000000054750000 - 0x0000000054792000 	C:\Program Files\Java\jdk1.8.0_111\jre\bin\t2k.dll
0x00007ff806a50000 - 0x00007ff806aef000 	C:\Windows\System32\clbcatq.dll
0x00007ff800f30000 - 0x00007ff8010d8000 	C:\Windows\SYSTEM32\WindowsCodecs.dll
0x00007ffff8980000 - 0x00007ffff89c9000 	C:\Windows\system32\dataexchange.dll
0x00007ff801300000 - 0x00007ff801451000 	C:\Windows\system32\dcomp.dll
0x00007fffffd20000 - 0x00007ffffffd6000 	C:\Windows\system32\d3d11.dll
0x00007ff801db0000 - 0x00007ff801ecc000 	C:\Windows\system32\twinapi.appcore.dll
0x00007ff8032d0000 - 0x00007ff8032fb000 	C:\Windows\system32\bcrypt.dll
0x00007ff802e00000 - 0x00007ff802e17000 	C:\Windows\SYSTEM32\CRYPTSP.dll
0x00007ff802860000 - 0x00007ff802893000 	C:\Windows\system32\rsaenh.dll
0x00007ff802ae0000 - 0x00007ff802aff000 	C:\Windows\SYSTEM32\USERENV.dll
0x00007ff802e20000 - 0x00007ff802e2b000 	C:\Windows\SYSTEM32\CRYPTBASE.dll
0x00007ff8029e0000 - 0x00007ff802a18000 	C:\Windows\SYSTEM32\IPHLPAPI.DLL
0x00007ff804d60000 - 0x00007ff804d68000 	C:\Windows\System32\NSI.dll
0x00007ffffe6b0000 - 0x00007ffffe6c6000 	C:\Windows\SYSTEM32\dhcpcsvc6.DLL
0x00007ffffe690000 - 0x00007ffffe6aa000 	C:\Windows\SYSTEM32\dhcpcsvc.DLL
0x0000000054720000 - 0x000000005474a000 	C:\Program Files\Java\jdk1.8.0_111\jre\bin\dcpr.dll
0x00007ffffb3c0000 - 0x00007ffffb492000 	C:\Windows\System32\IME\IMEKR\imkrtip.dll
0x00007ff800da0000 - 0x00007ff800f25000 	C:\Windows\SYSTEM32\PROPSYS.dll
0x00007ffffb260000 - 0x00007ffffb3b6000 	C:\Windows\System32\IME\shared\imetip.dll
0x00007ffffaa20000 - 0x00007ffffabc8000 	C:\Windows\SYSTEM32\DUI70.dll
0x00007ffffc910000 - 0x00007ffffc975000 	C:\Windows\SYSTEM32\OLEACC.dll
0x00007ffffbcf0000 - 0x00007ffffbd28000 	C:\Windows\System32\IME\IMEKR\imkrapi.dll
0x00007ffffbcb0000 - 0x00007ffffbce5000 	C:\Windows\System32\IME\shared\imjkapi.dll
0x00007ff802730000 - 0x00007ff802762000 	C:\Windows\SYSTEM32\ntmarta.dll
0x00007ff802a20000 - 0x00007ff802ac1000 	C:\Windows\SYSTEM32\DNSAPI.dll
0x00007ffffaed0000 - 0x00007ffffaeda000 	C:\Windows\System32\rasadhlp.dll
0x00007ffffd7a0000 - 0x00007ffffd80a000 	C:\Windows\System32\fwpuclnt.dll
0x0000000054670000 - 0x0000000054712000 	C:\Program Files\Java\jdk1.8.0_111\jre\bin\mlib_image.dll
0x00007fffe2960000 - 0x00007fffe2a4f000 	C:\Program Files\Java\jdk1.8.0_111\jre\bin\msvcr120.dll
0x00007fffe2360000 - 0x00007fffe2406000 	C:\Program Files\Java\jdk1.8.0_111\jre\bin\msvcp120.dll
0x0000000054640000 - 0x0000000054662000 	C:\Program Files\Java\jdk1.8.0_111\jre\bin\prism_d3d.dll
0x00000000545f0000 - 0x0000000054633000 	C:\Program Files\Java\jdk1.8.0_111\jre\bin\glass.dll
0x00007ff8046a0000 - 0x00007ff80479a000 	C:\Windows\System32\COMDLG32.dll
0x00000000545d0000 - 0x00000000545e4000 	C:\Program Files\Java\jdk1.8.0_111\jre\bin\javafx_font.dll
0x00007ffffb540000 - 0x00007ffffb7a9000 	C:\Windows\SYSTEM32\dwrite.dll
0x00000000545b0000 - 0x00000000545c1000 	C:\Program Files\Java\jdk1.8.0_111\jre\bin\prism_common.dll
0x00007ffffd840000 - 0x00007ffffdd9f000 	C:\Windows\SYSTEM32\d2d1.dll
0x00007fffe6d60000 - 0x00007fffe6fed000 	C:\Windows\SYSTEM32\D3D10Warp.dll
0x00007ffff5f70000 - 0x00007ffff6102000 	C:\Windows\SYSTEM32\dbghelp.dll

VM Arguments:
jvm_args: -Dfile.encoding=x-windows-949 -Duser.country=KR -Duser.language=ko -Duser.variant 
java_command: kr.or.dgit.sw_project.MainApp
java_class_path (initial): C:\Users\LYJ\git\Swproject\build\classes\main;C:\Users\LYJ\git\Swproject\build\resources\main;C:\Users\LYJ\git\Swproject\src\main\resources\kr\or\dgit\sw_project\libraries\jxl.jar;C:\Users\LYJ\git\Swproject\src\main\resources\kr\or\dgit\sw_project\libraries\DatePanel.jar;C:\Users\LYJ\git\Swproject\src\main\resources\kr\or\dgit\sw_project\libraries\erp_myframework.jar;C:\Users\LYJ\git\Swproject\src\main\resources\kr\or\dgit\sw_project\lookandfeel\syntheticaAluOxide.jar;C:\Users\LYJ\git\Swproject\src\main\resources\kr\or\dgit\sw_project\lookandfeel\synthetica.jar;C:\Users\LYJ\git\Swproject\src\main\resources\kr\or\dgit\sw_project\libraries\swingx-1.6.5.jar;C:\Users\LYJ\git\Swproject\src\main\resources\kr\or\dgit\sw_project\libraries\syntheticaAddons.jar;C:\Users\LYJ\git\Swproject\src\main\resources\kr\or\dgit\sw_project\libraries\syntheticaAluOxideAddon.jar;C:\Users\LYJ\.gradle\caches\modules-2\files-2.1\mysql\mysql-connector-java\5.1.41\b0878056f15616989144d6114d36d3942321d0d1\mysql-connector-java-5.1.41.jar;C:\Users\LYJ\.gradle\caches\modules-2\files-2.1\org.mybatis\mybatis\3.4.2\2b9a5082fe0bdb3128bab8b4b19b23ca0f3d9b38\mybatis-3.4.2.jar;C:\Users\LYJ\.gradle\caches\modules-2\files-2.1\junit\junit\4.12\2973d150c0dc1fefe998f834810d68f278ea58ec\junit-4.12.jar;C:\Users\LYJ\.gradle\caches\modules-2\files-2.1\log4j\log4j\1.2.17\5af35056b4d257e4b64b9e8069c0746e8b08629f\log4j-1.2.17.jar;C:\Users\LYJ\.gradle\caches\modules-2\files-2.1\org.hamcrest\hamcrest-core\1.3\42a25dc3219429f0e5d060061f71acb49bf010a0\hamcrest-core-1.3.jar
Launcher Type: SUN_STANDARD

Environment Variables:
JAVA_HOME=C:\Program Files\Java\jdk1.8.0_111\
PATH=C:/Program Files/Java/jre1.8.0_111/bin/server;C:/Program Files/Java/jre1.8.0_111/bin;C:/Program Files/Java/jre1.8.0_111/lib/amd64;C:\ProgramData\Oracle\Java\javapath;C:\Program Files (x86)\NVIDIA Corporation\PhysX\Common;C:\Windows\system32;C:\Windows;C:\Windows\System32\Wbem;C:\Windows\System32\WindowsPowerShell\v1.0\;C:\Program Files\Git\cmd;D:\gradle-3.4.1\bin;C:\Program Files\Java\jdk1.8.0_111\\bin;C:\Program Files\Java\jdk1.8.0_111\\bin;C:\Users\LYJ\AppData\Local\Microsoft\WindowsApps;C:\Program Files\Bandizip\7z;C:\Program Files\MySQL\MySQL Server 5.6\\bin;D:\eclipse;
USERNAME=LYJ
OS=Windows_NT
PROCESSOR_IDENTIFIER=Intel64 Family 6 Model 23 Stepping 10, GenuineIntel



---------------  S Y S T E M  ---------------

OS: Windows 10.0 , 64 bit Build 14393 (10.0.14393.0)

CPU:total 4 (4 cores per cpu, 1 threads per core) family 6 model 23 stepping 10, cmov, cx8, fxsr, mmx, sse, sse2, sse3, ssse3, sse4.1, tsc

Memory: 4k page, physical 4192492k(336796k free), swap 7837632k(910752k free)

vm_info: Java HotSpot(TM) 64-Bit Server VM (25.111-b14) for windows-amd64 JRE (1.8.0_111-b14), built on Sep 22 2016 19:24:05 by "java_re" with MS VC++ 10.0 (VS2010)

time: Wed Apr 12 14:52:46 2017
elapsed time: 69 seconds (0d 0h 1m 9s)

