#
# A fatal error has been detected by the Java Runtime Environment:
#
#  EXCEPTION_ACCESS_VIOLATION (0xc0000005) at pc=0xffffffffa3b85120, pid=3688, tid=0x00000000000025c4
#
# JRE version: Java(TM) SE Runtime Environment (8.0_111-b14) (build 1.8.0_111-b14)
# Java VM: Java HotSpot(TM) 64-Bit Server VM (25.111-b14 mixed mode windows-amd64 compressed oops)
# Problematic frame:
# C  0xffffffffa3b85120
#
# Failed to write core dump. Minidumps are not enabled by default on client versions of Windows
#
# If you would like to submit a bug report, please visit:
#   http://bugreport.java.com/bugreport/crash.jsp
#

---------------  T H R E A D  ---------------

Current thread (0x000000001b3f1000):  JavaThread "JavaFX Application Thread" [_thread_in_Java, id=9668, stack(0x000000001e490000,0x000000001e590000)]

siginfo: ExceptionCode=0xc0000005, ExceptionInformation=0x0000000000000008 0xffffffffa3b85120

Registers:
RAX=0x000000001f08b530, RBX=0x000000001f08b530, RCX=0x00000000eb251c38, RDX=0x00000000eb251c38
RSP=0x000000001e58d2a8, RBP=0x000000001e58d308, RSI=0x00000000eb251c38, RDI=0x00000000ee175b60
R8 =0x00000000ee00e1b0, R9 =0x0000000000000000, R10=0x00000000554cc070, R11=0x0000000002e7cee0
R12=0x0000000000000000, R13=0x000000001e58d2b8, R14=0x000000001e58d3a8, R15=0x000000001b3f1000
RIP=0xffffffffa3b85120, EFLAGS=0x0000000000010202

Top of Stack: (sp=0x000000001e58d2a8)
0x000000001e58d2a8:   0000000002b878b5 0000000002b878b5
0x000000001e58d2b8:   00000000ee00e1b0 00000000eb251c38
0x000000001e58d2c8:   000000001e58d2c8 000000001f09a1f6
0x000000001e58d2d8:   000000001e58d3a8 000000001f09a648
0x000000001e58d2e8:   0000000000000000 000000001f09a298
0x000000001e58d2f8:   000000001e58d2b8 000000001e58d390
0x000000001e58d308:   000000001e58d400 0000000002b87e20
0x000000001e58d318:   00000000ee00e1b0 00000000ee175ba8
0x000000001e58d328:   00000000eb251d98 00000000eb251c38
0x000000001e58d338:   00000000c07f6650 00000000eb251cf0
0x000000001e58d348:   0000000000000000 00000000ee131b70
0x000000001e58d358:   0000000000000003 00000000eb251ce0
0x000000001e58d368:   0000000000000001 00000000eb251cd0
0x000000001e58d378:   0000000000000001 0000000000000000
0x000000001e58d388:   0000000000000000 00000000eb251c38
0x000000001e58d398:   00000000eb251be0 0000000000000000 

Instructions: (pc=0xffffffffa3b85120)
0xffffffffa3b85100:   
[error occurred during error reporting (printing registers, top of stack, instructions near pc), id 0xc0000005]

Register to memory mapping:

RAX={method} {0x000000001f08b538} 'containsAll' '(Ljava/util/Collection;)Z' in 'com/sun/javafx/css/StyleClassSet'
RBX={method} {0x000000001f08b538} 'containsAll' '(Ljava/util/Collection;)Z' in 'com/sun/javafx/css/StyleClassSet'
RCX=0x00000000eb251c38 is an oop
com.sun.javafx.css.StyleClassSet 
 - klass: 'com/sun/javafx/css/StyleClassSet'
RDX=0x00000000eb251c38 is an oop
com.sun.javafx.css.StyleClassSet 
 - klass: 'com/sun/javafx/css/StyleClassSet'
RSP=0x000000001e58d2a8 is pointing into the stack for thread: 0x000000001b3f1000
RBP=0x000000001e58d308 is pointing into the stack for thread: 0x000000001b3f1000
RSI=0x00000000eb251c38 is an oop
com.sun.javafx.css.StyleClassSet 
 - klass: 'com/sun/javafx/css/StyleClassSet'
RDI=0x00000000ee175b60 is an oop
java.util.HashMap$TreeNode 
 - klass: 'java/util/HashMap$TreeNode'
R8 =0x00000000ee00e1b0 is an oop
com.sun.javafx.css.StyleClassSet 
 - klass: 'com/sun/javafx/css/StyleClassSet'
R9 =0x0000000000000000 is an unknown value
R10=0x00000000554cc070 is an unknown value
R11=0x0000000002e7cee0 is at entry_point+32 in (nmethod*)0x0000000002e7cd50
R12=0x0000000000000000 is an unknown value
R13=0x000000001e58d2b8 is pointing into the stack for thread: 0x000000001b3f1000
R14=0x000000001e58d3a8 is pointing into the stack for thread: 0x000000001b3f1000
R15=0x000000001b3f1000 is a thread


Stack: [0x000000001e490000,0x000000001e590000],  sp=0x000000001e58d2a8,  free space=1012k
Native frames: (J=compiled Java code, j=interpreted, Vv=VM code, C=native code)
C  0xffffffffa3b85120


---------------  P R O C E S S  ---------------

Java Threads: ( => current thread )
  0x000000001b3f3000 JavaThread "Abandoned connection cleanup thread" daemon [_thread_blocked, id=1004, stack(0x000000001f4d0000,0x000000001f5d0000)]
  0x000000001b3f1800 JavaThread "Thread-11" daemon [_thread_in_native, id=3276, stack(0x000000001edd0000,0x000000001eed0000)]
=>0x000000001b3f1000 JavaThread "JavaFX Application Thread" [_thread_in_Java, id=9668, stack(0x000000001e490000,0x000000001e590000)]
  0x000000001b3f0000 JavaThread "Thread-10" daemon [_thread_blocked, id=5180, stack(0x000000001e390000,0x000000001e490000)]
  0x000000001b3f2800 JavaThread "QuantumRenderer-0" daemon [_thread_blocked, id=8124, stack(0x000000001da90000,0x000000001db90000)]
  0x000000001b3ef800 JavaThread "JavaFX-Launcher" [_thread_blocked, id=9512, stack(0x000000001d790000,0x000000001d890000)]
  0x000000001b3ee800 JavaThread "SyntheticaAnimation 60" daemon [_thread_blocked, id=9872, stack(0x000000001d690000,0x000000001d790000)]
  0x000000001b416800 JavaThread "SyntheticaAnimation 50" daemon [_thread_blocked, id=8576, stack(0x000000001cb00000,0x000000001cc00000)]
  0x000000001b862000 JavaThread "D3D Screen Updater" daemon [_thread_blocked, id=7452, stack(0x000000001c9f0000,0x000000001caf0000)]
  0x0000000017701800 JavaThread "TimerQueue" daemon [_thread_blocked, id=6888, stack(0x000000001c250000,0x000000001c350000)]
  0x000000001ba70000 JavaThread "Image Fetcher 1" daemon [_thread_blocked, id=7740, stack(0x000000001c150000,0x000000001c250000)]
  0x0000000017346000 JavaThread "Image Fetcher 0" daemon [_thread_blocked, id=4420, stack(0x000000001ae80000,0x000000001af80000)]
  0x0000000017870800 JavaThread "SyntheticaCleanerThread" daemon [_thread_blocked, id=10196, stack(0x0000000019070000,0x0000000019170000)]
  0x000000001712f000 JavaThread "Thread-2" daemon [_thread_blocked, id=5276, stack(0x0000000017d70000,0x0000000017e70000)]
  0x0000000002a7d800 JavaThread "DestroyJavaVM" [_thread_blocked, id=1972, stack(0x0000000002880000,0x0000000002980000)]
  0x0000000016c83800 JavaThread "AWT-EventQueue-0" [_thread_blocked, id=5108, stack(0x0000000017c60000,0x0000000017d60000)]
  0x0000000016c82000 JavaThread "AWT-Windows" daemon [_thread_in_native, id=3948, stack(0x0000000017aa0000,0x0000000017ba0000)]
  0x0000000016c7f000 JavaThread "AWT-Shutdown" [_thread_blocked, id=5944, stack(0x00000000179a0000,0x0000000017aa0000)]
  0x0000000016c9d800 JavaThread "Java2D Disposer" daemon [_thread_blocked, id=8412, stack(0x00000000178a0000,0x00000000179a0000)]
  0x0000000016939800 JavaThread "Service Thread" daemon [_thread_blocked, id=6248, stack(0x0000000016ea0000,0x0000000016fa0000)]
  0x00000000168ae000 JavaThread "C1 CompilerThread2" daemon [_thread_blocked, id=1328, stack(0x0000000016da0000,0x0000000016ea0000)]
  0x00000000168a1000 JavaThread "C2 CompilerThread1" daemon [_thread_blocked, id=6200, stack(0x0000000016ca0000,0x0000000016da0000)]
  0x00000000152ad800 JavaThread "C2 CompilerThread0" daemon [_thread_blocked, id=8468, stack(0x00000000167a0000,0x00000000168a0000)]
  0x00000000152ac800 JavaThread "Attach Listener" daemon [_thread_blocked, id=6928, stack(0x00000000166a0000,0x00000000167a0000)]
  0x0000000015260000 JavaThread "Signal Dispatcher" daemon [_thread_blocked, id=9300, stack(0x00000000165a0000,0x00000000166a0000)]
  0x0000000002b7e800 JavaThread "Finalizer" daemon [_thread_blocked, id=4580, stack(0x00000000164a0000,0x00000000165a0000)]
  0x0000000002b73000 JavaThread "Reference Handler" daemon [_thread_blocked, id=8472, stack(0x00000000163a0000,0x00000000164a0000)]

Other Threads:
  0x0000000015217800 VMThread [stack: 0x00000000162a0000,0x00000000163a0000] [id=4968]
  0x0000000016968000 WatcherThread [stack: 0x0000000016fa0000,0x00000000170a0000] [id=8408]

VM state:not at safepoint (normal execution)

VM Mutex/Monitor currently owned by a thread: None

Heap:
 PSYoungGen      total 53248K, used 13208K [0x00000000eab00000, 0x00000000eef00000, 0x0000000100000000)
  eden space 46592K, 17% used [0x00000000eab00000,0x00000000eb2ddd08,0x00000000ed880000)
  from space 6656K, 77% used [0x00000000edf00000,0x00000000ee4086c0,0x00000000ee580000)
  to   space 6656K, 0% used [0x00000000ed880000,0x00000000ed880000,0x00000000edf00000)
 ParOldGen       total 32256K, used 8503K [0x00000000c0000000, 0x00000000c1f80000, 0x00000000eab00000)
  object space 32256K, 26% used [0x00000000c0000000,0x00000000c084df18,0x00000000c1f80000)
 Metaspace       used 32219K, capacity 32758K, committed 33200K, reserved 1077248K
  class space    used 4262K, capacity 4411K, committed 4528K, reserved 1048576K

Card table byte_map: [0x0000000011f40000,0x0000000012150000] byte_map_base: 0x0000000011940000

Marking Bits: (ParMarkBitMap*) 0x00000000554ea6c0
 Begin Bits: [0x00000000126b0000, 0x00000000136b0000)
 End Bits:   [0x00000000136b0000, 0x00000000146b0000)

Polling page: 0x0000000002450000

CodeCache: size=245760Kb used=9215Kb max_used=9215Kb free=236545Kb
 bounds [0x0000000002b80000, 0x0000000003490000, 0x0000000011b80000]
 total_blobs=3561 nmethods=2770 adapters=704
 compilation: enabled

Compilation events (10 events):
Event: 6.840 Thread 0x00000000168ae000 nmethod 2968 0x0000000003484ed0 code [0x0000000003485160, 0x0000000003486618]
Event: 6.840 Thread 0x00000000168ae000 2969       3       com.sun.javafx.css.SimpleSelector::matchStyleClasses (9 bytes)
Event: 6.841 Thread 0x00000000168ae000 nmethod 2969 0x0000000003480cd0 code [0x0000000003480e40, 0x00000000034810c8]
Event: 6.841 Thread 0x00000000168ae000 2970       3       java.util.ArrayList::toArray (12 bytes)
Event: 6.841 Thread 0x00000000168ae000 nmethod 2970 0x00000000034807d0 code [0x0000000003480940, 0x0000000003480be8]
Event: 6.842 Thread 0x00000000168ae000 2972       1       javafx.scene.CssStyleHelper::access$500 (5 bytes)
Event: 6.842 Thread 0x00000000168ae000 nmethod 2972 0x0000000002ec2990 code [0x0000000002ec2ae0, 0x0000000002ec2bd0]
Event: 6.842 Thread 0x00000000152ad800 nmethod 2971 0x0000000003486dd0 code [0x0000000003486f00, 0x0000000003487058]
Event: 6.843 Thread 0x00000000168ae000 2973       3       com.sun.javafx.css.SimpleSelector::applies (221 bytes)
Event: 6.845 Thread 0x00000000168a1000 nmethod 2965 0x0000000003487150 code [0x00000000034872a0, 0x00000000034873d8]

GC Heap History (10 events):
Event: 4.676 GC heap before
{Heap before GC invocations=3 (full 0):
 PSYoungGen      total 18944K, used 6681K [0x00000000eab00000, 0x00000000ed000000, 0x0000000100000000)
  eden space 16384K, 25% used [0x00000000eab00000,0x00000000eaf0be90,0x00000000ebb00000)
  from space 2560K, 99% used [0x00000000ecd80000,0x00000000ecffa630,0x00000000ed000000)
  to   space 2560K, 0% used [0x00000000ebb00000,0x00000000ebb00000,0x00000000ebd80000)
 ParOldGen       total 44032K, used 5110K [0x00000000c0000000, 0x00000000c2b00000, 0x00000000eab00000)
  object space 44032K, 11% used [0x00000000c0000000,0x00000000c04fd828,0x00000000c2b00000)
 Metaspace       used 20813K, capacity 21128K, committed 21296K, reserved 1067008K
  class space    used 2724K, capacity 2826K, committed 2864K, reserved 1048576K
Event: 4.683 GC heap after
Heap after GC invocations=3 (full 0):
 PSYoungGen      total 18944K, used 2553K [0x00000000eab00000, 0x00000000ed000000, 0x0000000100000000)
  eden space 16384K, 0% used [0x00000000eab00000,0x00000000eab00000,0x00000000ebb00000)
  from space 2560K, 99% used [0x00000000ebb00000,0x00000000ebd7e640,0x00000000ebd80000)
  to   space 2560K, 0% used [0x00000000ecd80000,0x00000000ecd80000,0x00000000ed000000)
 ParOldGen       total 44032K, used 5796K [0x00000000c0000000, 0x00000000c2b00000, 0x00000000eab00000)
  object space 44032K, 13% used [0x00000000c0000000,0x00000000c05a9160,0x00000000c2b00000)
 Metaspace       used 20813K, capacity 21128K, committed 21296K, reserved 1067008K
  class space    used 2724K, capacity 2826K, committed 2864K, reserved 1048576K
}
Event: 4.684 GC heap before
{Heap before GC invocations=4 (full 1):
 PSYoungGen      total 18944K, used 2553K [0x00000000eab00000, 0x00000000ed000000, 0x0000000100000000)
  eden space 16384K, 0% used [0x00000000eab00000,0x00000000eab00000,0x00000000ebb00000)
  from space 2560K, 99% used [0x00000000ebb00000,0x00000000ebd7e640,0x00000000ebd80000)
  to   space 2560K, 0% used [0x00000000ecd80000,0x00000000ecd80000,0x00000000ed000000)
 ParOldGen       total 44032K, used 5796K [0x00000000c0000000, 0x00000000c2b00000, 0x00000000eab00000)
  object space 44032K, 13% used [0x00000000c0000000,0x00000000c05a9160,0x00000000c2b00000)
 Metaspace       used 20813K, capacity 21128K, committed 21296K, reserved 1067008K
  class space    used 2724K, capacity 2826K, committed 2864K, reserved 1048576K
Event: 4.725 GC heap after
Heap after GC invocations=4 (full 1):
 PSYoungGen      total 18944K, used 0K [0x00000000eab00000, 0x00000000ed000000, 0x0000000100000000)
  eden space 16384K, 0% used [0x00000000eab00000,0x00000000eab00000,0x00000000ebb00000)
  from space 2560K, 0% used [0x00000000ebb00000,0x00000000ebb00000,0x00000000ebd80000)
  to   space 2560K, 0% used [0x00000000ecd80000,0x00000000ecd80000,0x00000000ed000000)
 ParOldGen       total 32256K, used 6425K [0x00000000c0000000, 0x00000000c1f80000, 0x00000000eab00000)
  object space 32256K, 19% used [0x00000000c0000000,0x00000000c0646668,0x00000000c1f80000)
 Metaspace       used 20813K, capacity 21128K, committed 21296K, reserved 1067008K
  class space    used 2724K, capacity 2826K, committed 2864K, reserved 1048576K
}
Event: 5.358 GC heap before
{Heap before GC invocations=5 (full 1):
 PSYoungGen      total 18944K, used 16357K [0x00000000eab00000, 0x00000000ed000000, 0x0000000100000000)
  eden space 16384K, 99% used [0x00000000eab00000,0x00000000ebaf9578,0x00000000ebb00000)
  from space 2560K, 0% used [0x00000000ebb00000,0x00000000ebb00000,0x00000000ebd80000)
  to   space 2560K, 0% used [0x00000000ecd80000,0x00000000ecd80000,0x00000000ed000000)
 ParOldGen       total 32256K, used 6425K [0x00000000c0000000, 0x00000000c1f80000, 0x00000000eab00000)
  object space 32256K, 19% used [0x00000000c0000000,0x00000000c0646668,0x00000000c1f80000)
 Metaspace       used 26833K, capacity 27318K, committed 27696K, reserved 1073152K
  class space    used 3646K, capacity 3785K, committed 3888K, reserved 1048576K
Event: 5.365 GC heap after
Heap after GC invocations=5 (full 1):
 PSYoungGen      total 30208K, used 2543K [0x00000000eab00000, 0x00000000ed000000, 0x0000000100000000)
  eden space 27648K, 0% used [0x00000000eab00000,0x00000000eab00000,0x00000000ec600000)
  from space 2560K, 99% used [0x00000000ecd80000,0x00000000ecffbf38,0x00000000ed000000)
  to   space 2560K, 0% used [0x00000000ecb00000,0x00000000ecb00000,0x00000000ecd80000)
 ParOldGen       total 32256K, used 7038K [0x00000000c0000000, 0x00000000c1f80000, 0x00000000eab00000)
  object space 32256K, 21% used [0x00000000c0000000,0x00000000c06dfb70,0x00000000c1f80000)
 Metaspace       used 26833K, capacity 27318K, committed 27696K, reserved 1073152K
  class space    used 3646K, capacity 3785K, committed 3888K, reserved 1048576K
}
Event: 5.858 GC heap before
{Heap before GC invocations=6 (full 1):
 PSYoungGen      total 30208K, used 30191K [0x00000000eab00000, 0x00000000ed000000, 0x0000000100000000)
  eden space 27648K, 100% used [0x00000000eab00000,0x00000000ec600000,0x00000000ec600000)
  from space 2560K, 99% used [0x00000000ecd80000,0x00000000ecffbf38,0x00000000ed000000)
  to   space 2560K, 0% used [0x00000000ecb00000,0x00000000ecb00000,0x00000000ecd80000)
 ParOldGen       total 32256K, used 7038K [0x00000000c0000000, 0x00000000c1f80000, 0x00000000eab00000)
  object space 32256K, 21% used [0x00000000c0000000,0x00000000c06dfb70,0x00000000c1f80000)
 Metaspace       used 28270K, capacity 28700K, committed 29104K, reserved 1075200K
  class space    used 3805K, capacity 3946K, committed 4016K, reserved 1048576K
Event: 5.868 GC heap after
Heap after GC invocations=6 (full 1):
 PSYoungGen      total 35328K, used 2532K [0x00000000eab00000, 0x00000000ee580000, 0x0000000100000000)
  eden space 32768K, 0% used [0x00000000eab00000,0x00000000eab00000,0x00000000ecb00000)
  from space 2560K, 98% used [0x00000000ecb00000,0x00000000ecd79050,0x00000000ecd80000)
  to   space 6656K, 0% used [0x00000000edf00000,0x00000000edf00000,0x00000000ee580000)
 ParOldGen       total 32256K, used 8495K [0x00000000c0000000, 0x00000000c1f80000, 0x00000000eab00000)
  object space 32256K, 26% used [0x00000000c0000000,0x00000000c084bf18,0x00000000c1f80000)
 Metaspace       used 28270K, capacity 28700K, committed 29104K, reserved 1075200K
  class space    used 3805K, capacity 3946K, committed 4016K, reserved 1048576K
}
Event: 6.304 GC heap before
{Heap before GC invocations=7 (full 1):
 PSYoungGen      total 35328K, used 35234K [0x00000000eab00000, 0x00000000ee580000, 0x0000000100000000)
  eden space 32768K, 99% used [0x00000000eab00000,0x00000000ecaefb18,0x00000000ecb00000)
  from space 2560K, 98% used [0x00000000ecb00000,0x00000000ecd79050,0x00000000ecd80000)
  to   space 6656K, 0% used [0x00000000edf00000,0x00000000edf00000,0x00000000ee580000)
 ParOldGen       total 32256K, used 8495K [0x00000000c0000000, 0x00000000c1f80000, 0x00000000eab00000)
  object space 32256K, 26% used [0x00000000c0000000,0x00000000c084bf18,0x00000000c1f80000)
 Metaspace       used 30291K, capacity 30780K, committed 31024K, reserved 1077248K
  class space    used 3971K, capacity 4106K, committed 4144K, reserved 1048576K
Event: 6.317 GC heap after
Heap after GC invocations=7 (full 1):
 PSYoungGen      total 53248K, used 5153K [0x00000000eab00000, 0x00000000eef00000, 0x0000000100000000)
  eden space 46592K, 0% used [0x00000000eab00000,0x00000000eab00000,0x00000000ed880000)
  from space 6656K, 77% used [0x00000000edf00000,0x00000000ee4086c0,0x00000000ee580000)
  to   space 6656K, 0% used [0x00000000ed880000,0x00000000ed880000,0x00000000edf00000)
 ParOldGen       total 32256K, used 8503K [0x00000000c0000000, 0x00000000c1f80000, 0x00000000eab00000)
  object space 32256K, 26% used [0x00000000c0000000,0x00000000c084df18,0x00000000c1f80000)
 Metaspace       used 30291K, capacity 30780K, committed 31024K, reserved 1077248K
  class space    used 3971K, capacity 4106K, committed 4144K, reserved 1048576K
}

Deoptimization events (10 events):
Event: 5.433 Thread 0x000000001b3f1000 Uncommon trap: reason=unstable_if action=reinterpret pc=0x0000000002de6ab0 method=java.lang.Character.isHighSurrogate(C)Z @ 3
Event: 5.433 Thread 0x000000001b3f1000 Uncommon trap: reason=unstable_if action=reinterpret pc=0x0000000002d5b5d0 method=sun.text.UCompactIntArray.elementAt(I)I @ 14
Event: 5.449 Thread 0x000000001b3f1000 Uncommon trap: reason=unstable_if action=reinterpret pc=0x00000000031748d8 method=sun.net.www.ParseUtil.encodePath(Ljava/lang/String;Z)Ljava/lang/String; @ 81
Event: 5.449 Thread 0x000000001b3f1000 Uncommon trap: reason=unstable_if action=reinterpret pc=0x00000000030258d0 method=sun.nio.cs.UTF_8$Encoder.encode([CII[B)I @ 33
Event: 5.449 Thread 0x000000001b3f1000 Uncommon trap: reason=unstable_if action=reinterpret pc=0x0000000002e9a564 method=sun.nio.cs.UTF_8$Encoder.encode([CII[B)I @ 33
Event: 5.474 Thread 0x000000001b3f1000 Uncommon trap: reason=unstable_if action=reinterpret pc=0x0000000003055be8 method=sun.net.www.ParseUtil.encodePath(Ljava/lang/String;Z)Ljava/lang/String; @ 81
Event: 5.831 Thread 0x000000001b3f1000 Uncommon trap: reason=unstable_if action=reinterpret pc=0x00000000031e13a4 method=java.lang.reflect.Method.isDefault()Z @ 19
Event: 5.831 Thread 0x000000001b3f1000 Uncommon trap: reason=unstable_if action=reinterpret pc=0x00000000031da60c method=java.lang.reflect.Method.isDefault()Z @ 19
Event: 6.108 Thread 0x000000001b3f1000 Uncommon trap: reason=unstable_if action=reinterpret pc=0x00000000033d0e38 method=java.util.Properties.getProperty(Ljava/lang/String;)Ljava/lang/String; @ 30
Event: 6.388 Thread 0x000000001b3f1000 Uncommon trap: reason=unstable_if action=reinterpret pc=0x000000000329b4b0 method=sun.nio.cs.ext.DoubleByte$Decoder.decodeArrayLoop(Ljava/nio/ByteBuffer;Ljava/nio/CharBuffer;)Ljava/nio/charset/CoderResult; @ 66

Internal exceptions (10 events):
Event: 5.249 Thread 0x000000001b3f1000 Exception <a 'java/lang/ArrayIndexOutOfBoundsException'> (0x00000000eb765d50) thrown at [C:\re\workspace\8-2-build-windows-amd64-cygwin\jdk8u111\7883\hotspot\src\share\vm\runtime\sharedRuntime.cpp, line 605]
Event: 5.250 Thread 0x000000001b3f1000 Exception <a 'java/lang/ArrayIndexOutOfBoundsException'> (0x00000000eb76cb08) thrown at [C:\re\workspace\8-2-build-windows-amd64-cygwin\jdk8u111\7883\hotspot\src\share\vm\runtime\sharedRuntime.cpp, line 605]
Event: 5.252 Thread 0x000000001b3f1000 Exception <a 'java/lang/ArrayIndexOutOfBoundsException'> (0x00000000eb773ca8) thrown at [C:\re\workspace\8-2-build-windows-amd64-cygwin\jdk8u111\7883\hotspot\src\share\vm\runtime\sharedRuntime.cpp, line 605]
Event: 5.254 Thread 0x000000001b3f1000 Exception <a 'java/lang/ArrayIndexOutOfBoundsException'> (0x00000000eb779ff0) thrown at [C:\re\workspace\8-2-build-windows-amd64-cygwin\jdk8u111\7883\hotspot\src\share\vm\runtime\sharedRuntime.cpp, line 605]
Event: 5.256 Thread 0x000000001b3f1000 Exception <a 'java/lang/ArrayIndexOutOfBoundsException'> (0x00000000eb7866a0) thrown at [C:\re\workspace\8-2-build-windows-amd64-cygwin\jdk8u111\7883\hotspot\src\share\vm\runtime\sharedRuntime.cpp, line 605]
Event: 5.257 Thread 0x000000001b3f1000 Exception <a 'java/lang/ArrayIndexOutOfBoundsException'> (0x00000000eb78cd48) thrown at [C:\re\workspace\8-2-build-windows-amd64-cygwin\jdk8u111\7883\hotspot\src\share\vm\runtime\sharedRuntime.cpp, line 605]
Event: 5.258 Thread 0x000000001b3f1000 Exception <a 'java/lang/ArrayIndexOutOfBoundsException'> (0x00000000eb793430) thrown at [C:\re\workspace\8-2-build-windows-amd64-cygwin\jdk8u111\7883\hotspot\src\share\vm\runtime\sharedRuntime.cpp, line 605]
Event: 5.260 Thread 0x000000001b3f1000 Exception <a 'java/lang/ArrayIndexOutOfBoundsException'> (0x00000000eb79a0b8) thrown at [C:\re\workspace\8-2-build-windows-amd64-cygwin\jdk8u111\7883\hotspot\src\share\vm\runtime\sharedRuntime.cpp, line 605]
Event: 5.261 Thread 0x000000001b3f1000 Exception <a 'java/lang/ArrayIndexOutOfBoundsException': 57> (0x00000000eb7a0700) thrown at [C:\re\workspace\8-2-build-windows-amd64-cygwin\jdk8u111\7883\hotspot\src\share\vm\interpreter\interpreterRuntime.cpp, line 366]
Event: 5.262 Thread 0x000000001b3f1000 Exception <a 'java/lang/ArrayIndexOutOfBoundsException': 57> (0x00000000eb7a7078) thrown at [C:\re\workspace\8-2-build-windows-amd64-cygwin\jdk8u111\7883\hotspot\src\share\vm\interpreter\interpreterRuntime.cpp, line 366]

Events (10 events):
Event: 6.825 loading class javafx/scene/shape/Shape$StyleableProperties$8
Event: 6.825 loading class javafx/scene/shape/Shape$StyleableProperties$8 done
Event: 6.825 loading class javafx/scene/shape/Shape$StyleableProperties$9
Event: 6.825 loading class javafx/scene/shape/Shape$StyleableProperties$9 done
Event: 6.826 loading class javafx/scene/shape/Shape$StyleableProperties$10
Event: 6.826 loading class javafx/scene/shape/Shape$StyleableProperties$10 done
Event: 6.830 loading class javafx/scene/layout/StackPane$StyleableProperties
Event: 6.830 loading class javafx/scene/layout/StackPane$StyleableProperties done
Event: 6.831 loading class javafx/scene/layout/StackPane$StyleableProperties$1
Event: 6.831 loading class javafx/scene/layout/StackPane$StyleableProperties$1 done


Dynamic libraries:
0x00007ff674eb0000 - 0x00007ff674ee7000 	C:\Program Files\Java\jdk1.8.0_111\bin\java.exe
0x00007ff806f30000 - 0x00007ff807101000 	C:\Windows\SYSTEM32\ntdll.dll
0x00007ff8048d0000 - 0x00007ff80497b000 	C:\Windows\System32\KERNEL32.DLL
0x00007ff803420000 - 0x00007ff80363d000 	C:\Windows\System32\KERNELBASE.dll
0x00007ff806690000 - 0x00007ff806732000 	C:\Windows\System32\ADVAPI32.dll
0x00007ff806740000 - 0x00007ff8067de000 	C:\Windows\System32\msvcrt.dll
0x00007ff8067e0000 - 0x00007ff806839000 	C:\Windows\System32\sechost.dll
0x00007ff8047a0000 - 0x00007ff8048c1000 	C:\Windows\System32\RPCRT4.dll
0x00007ff804530000 - 0x00007ff804695000 	C:\Windows\System32\USER32.dll
0x00007ff804260000 - 0x00007ff80427e000 	C:\Windows\System32\win32u.dll
0x00007ff804980000 - 0x00007ff8049b4000 	C:\Windows\System32\GDI32.dll
0x00007ff804330000 - 0x00007ff8044b2000 	C:\Windows\System32\gdi32full.dll
0x00007ffffcbf0000 - 0x00007ffffce6a000 	C:\Windows\WinSxS\amd64_microsoft.windows.common-controls_6595b64144ccf1df_6.0.14393.953_none_42151e83c686086b\COMCTL32.dll
0x00007ff804a90000 - 0x00007ff804d58000 	C:\Windows\System32\combase.dll
0x00007ff8036f0000 - 0x00007ff8037e5000 	C:\Windows\System32\ucrtbase.dll
0x00007ff8041a0000 - 0x00007ff80420a000 	C:\Windows\System32\bcryptPrimitives.dll
0x00007ff804d90000 - 0x00007ff804dbe000 	C:\Windows\System32\IMM32.DLL
0x0000000056330000 - 0x0000000056402000 	C:\Program Files\Java\jdk1.8.0_111\jre\bin\msvcr100.dll
0x0000000054cd0000 - 0x000000005556a000 	C:\Program Files\Java\jdk1.8.0_111\jre\bin\server\jvm.dll
0x00007ff806840000 - 0x00007ff806848000 	C:\Windows\System32\PSAPI.DLL
0x00007ffff8ce0000 - 0x00007ffff8ce9000 	C:\Windows\SYSTEM32\WSOCK32.dll
0x00007ff800040000 - 0x00007ff80004a000 	C:\Windows\SYSTEM32\VERSION.dll
0x00007ff801810000 - 0x00007ff801833000 	C:\Windows\SYSTEM32\WINMM.dll
0x00007ff8044c0000 - 0x00007ff80452a000 	C:\Windows\System32\WS2_32.dll
0x00007ff8016a0000 - 0x00007ff8016cb000 	C:\Windows\SYSTEM32\WINMMBASE.dll
0x00007ff804210000 - 0x00007ff804252000 	C:\Windows\System32\cfgmgr32.dll
0x0000000056320000 - 0x000000005632f000 	C:\Program Files\Java\jdk1.8.0_111\jre\bin\verify.dll
0x00000000562f0000 - 0x0000000056319000 	C:\Program Files\Java\jdk1.8.0_111\jre\bin\java.dll
0x00000000562d0000 - 0x00000000562e6000 	C:\Program Files\Java\jdk1.8.0_111\jre\bin\zip.dll
0x00007ff804e20000 - 0x00007ff806329000 	C:\Windows\System32\SHELL32.dll
0x00007ff8038f0000 - 0x00007ff803fca000 	C:\Windows\System32\windows.storage.dll
0x00007ff8033a0000 - 0x00007ff8033ec000 	C:\Windows\System32\powrprof.dll
0x00007ff804a30000 - 0x00007ff804a82000 	C:\Windows\System32\shlwapi.dll
0x00007ff803390000 - 0x00007ff80339f000 	C:\Windows\System32\kernel.appcore.dll
0x00007ff803640000 - 0x00007ff8036e9000 	C:\Windows\System32\shcore.dll
0x00007ff8033f0000 - 0x00007ff803404000 	C:\Windows\System32\profapi.dll
0x0000000054b00000 - 0x0000000054c98000 	C:\Program Files\Java\jdk1.8.0_111\jre\bin\awt.dll
0x00007ff8065d0000 - 0x00007ff80668f000 	C:\Windows\System32\OLEAUT32.dll
0x00007ff803850000 - 0x00007ff8038ec000 	C:\Windows\System32\msvcp_win.dll
0x00007ff801940000 - 0x00007ff8019ba000 	C:\Windows\SYSTEM32\apphelp.dll
0x00007ff801b10000 - 0x00007ff801ba5000 	C:\Windows\system32\uxtheme.dll
0x00007ff806470000 - 0x00007ff8065ca000 	C:\Windows\System32\MSCTF.dll
0x00007ff8011e0000 - 0x00007ff801206000 	C:\Windows\system32\dwmapi.dll
0x00007ff806330000 - 0x00007ff806467000 	C:\Windows\System32\ole32.dll
0x0000000054ab0000 - 0x0000000054af7000 	C:\Program Files\Java\jdk1.8.0_111\jre\bin\fontmanager.dll
0x00007ffffbf40000 - 0x00007ffffc0cd000 	C:\Windows\system32\d3d9.dll
0x00007fffdd920000 - 0x00007fffde9d6000 	C:\Windows\SYSTEM32\nvd3dumx.dll
0x00007ffffe300000 - 0x00007ffffe46c000 	C:\Program Files (x86)\NVIDIA Corporation\3D Vision\nvSCPAPI64.dll
0x00007ff806b00000 - 0x00007ff806f29000 	C:\Windows\System32\SETUPAPI.dll
0x00007ffffdda0000 - 0x00007ffffe0d6000 	C:\Windows\system32\nvapi64.dll
0x00007ff801fa0000 - 0x00007ff801fc8000 	C:\Windows\SYSTEM32\DEVOBJ.dll
0x00007ff8037f0000 - 0x00007ff803845000 	C:\Windows\System32\WINTRUST.dll
0x00007ff803410000 - 0x00007ff803420000 	C:\Windows\System32\MSASN1.dll
0x00007ff803fd0000 - 0x00007ff804199000 	C:\Windows\System32\CRYPT32.dll
0x00007ff802310000 - 0x00007ff8023af000 	C:\Windows\system32\dxgi.dll
0x00000000562b0000 - 0x00000000562ca000 	C:\Program Files\Java\jdk1.8.0_111\jre\bin\net.dll
0x00007ff802c60000 - 0x00007ff802cbc000 	C:\Windows\system32\mswsock.dll
0x0000000054cb0000 - 0x0000000054cc1000 	C:\Program Files\Java\jdk1.8.0_111\jre\bin\nio.dll
0x0000000054a60000 - 0x0000000054aa2000 	C:\Program Files\Java\jdk1.8.0_111\jre\bin\t2k.dll
0x00007ff806a50000 - 0x00007ff806aef000 	C:\Windows\System32\clbcatq.dll
0x00007ff800f30000 - 0x00007ff8010d8000 	C:\Windows\SYSTEM32\WindowsCodecs.dll
0x00007ffff8980000 - 0x00007ffff89c9000 	C:\Windows\system32\dataexchange.dll
0x00007fffffd20000 - 0x00007ffffffd6000 	C:\Windows\system32\d3d11.dll
0x00007ff801300000 - 0x00007ff801451000 	C:\Windows\system32\dcomp.dll
0x00007ff801db0000 - 0x00007ff801ecc000 	C:\Windows\system32\twinapi.appcore.dll
0x00007ff8032d0000 - 0x00007ff8032fb000 	C:\Windows\system32\bcrypt.dll
0x00007ff802e00000 - 0x00007ff802e17000 	C:\Windows\SYSTEM32\CRYPTSP.dll
0x00007ff802860000 - 0x00007ff802893000 	C:\Windows\system32\rsaenh.dll
0x00007ff802ae0000 - 0x00007ff802aff000 	C:\Windows\SYSTEM32\USERENV.dll
0x00007ff802e20000 - 0x00007ff802e2b000 	C:\Windows\SYSTEM32\CRYPTBASE.dll
0x00007ff8029e0000 - 0x00007ff802a18000 	C:\Windows\SYSTEM32\IPHLPAPI.DLL
0x00007ff804d60000 - 0x00007ff804d68000 	C:\Windows\System32\NSI.dll
0x00007ffffe6b0000 - 0x00007ffffe6c6000 	C:\Windows\SYSTEM32\dhcpcsvc6.DLL
0x00007ffffe690000 - 0x00007ffffe6aa000 	C:\Windows\SYSTEM32\dhcpcsvc.DLL
0x00007ffffb240000 - 0x00007ffffb312000 	C:\Windows\System32\IME\IMEKR\imkrtip.dll
0x00007ff800da0000 - 0x00007ff800f25000 	C:\Windows\SYSTEM32\PROPSYS.dll
0x00007ffffaa70000 - 0x00007ffffabc6000 	C:\Windows\System32\IME\shared\imetip.dll
0x00007ffffa6b0000 - 0x00007ffffa858000 	C:\Windows\SYSTEM32\DUI70.dll
0x00007ffffd330000 - 0x00007ffffd395000 	C:\Windows\SYSTEM32\OLEACC.dll
0x00007ffffc5f0000 - 0x00007ffffc628000 	C:\Windows\System32\IME\IMEKR\imkrapi.dll
0x00007ffffc190000 - 0x00007ffffc1c5000 	C:\Windows\System32\IME\shared\imjkapi.dll
0x00007ff802730000 - 0x00007ff802762000 	C:\Windows\SYSTEM32\ntmarta.dll
0x0000000054a30000 - 0x0000000054a5a000 	C:\Program Files\Java\jdk1.8.0_111\jre\bin\dcpr.dll
0x00007fffe68e0000 - 0x00007fffe69cf000 	C:\Program Files\Java\jdk1.8.0_111\jre\bin\msvcr120.dll
0x00007ffff0940000 - 0x00007ffff09e6000 	C:\Program Files\Java\jdk1.8.0_111\jre\bin\msvcp120.dll
0x0000000054a00000 - 0x0000000054a22000 	C:\Program Files\Java\jdk1.8.0_111\jre\bin\prism_d3d.dll
0x00000000549b0000 - 0x00000000549f3000 	C:\Program Files\Java\jdk1.8.0_111\jre\bin\glass.dll
0x00007ff8046a0000 - 0x00007ff80479a000 	C:\Windows\System32\COMDLG32.dll
0x0000000054990000 - 0x00000000549a4000 	C:\Program Files\Java\jdk1.8.0_111\jre\bin\javafx_font.dll
0x00007ffffb320000 - 0x00007ffffb589000 	C:\Windows\SYSTEM32\dwrite.dll
0x00007ff802a20000 - 0x00007ff802ac1000 	C:\Windows\SYSTEM32\DNSAPI.dll
0x00007ffffaed0000 - 0x00007ffffaeda000 	C:\Windows\System32\rasadhlp.dll
0x00007ffffd7a0000 - 0x00007ffffd80a000 	C:\Windows\System32\fwpuclnt.dll
0x00007ffff5f70000 - 0x00007ffff6102000 	C:\Windows\SYSTEM32\dbghelp.dll

VM Arguments:
jvm_args: -Dfile.encoding=x-windows-949 -Duser.country=KR -Duser.language=ko -Duser.variant 
java_command: kr.or.dgit.sw_project.MainApp
java_class_path (initial): C:\Users\LYJ\git\Swproject\build\classes\main;C:\Users\LYJ\git\Swproject\build\resources\main;C:\Users\LYJ\git\Swproject\src\main\resources\kr\or\dgit\sw_project\libraries\erp_myframework.jar;C:\Users\LYJ\git\Swproject\src\main\resources\kr\or\dgit\sw_project\lookandfeel\syntheticaAluOxide.jar;C:\Users\LYJ\git\Swproject\src\main\resources\kr\or\dgit\sw_project\lookandfeel\synthetica.jar;C:\Users\LYJ\git\Swproject\src\main\resources\kr\or\dgit\sw_project\libraries\swingx-1.6.5.jar;C:\Users\LYJ\git\Swproject\src\main\resources\kr\or\dgit\sw_project\libraries\syntheticaAddons.jar;C:\Users\LYJ\git\Swproject\src\main\resources\kr\or\dgit\sw_project\libraries\syntheticaAluOxideAddon.jar;C:\Users\LYJ\.gradle\caches\modules-2\files-2.1\mysql\mysql-connector-java\5.1.41\b0878056f15616989144d6114d36d3942321d0d1\mysql-connector-java-5.1.41.jar;C:\Users\LYJ\.gradle\caches\modules-2\files-2.1\org.mybatis\mybatis\3.4.2\2b9a5082fe0bdb3128bab8b4b19b23ca0f3d9b38\mybatis-3.4.2.jar;C:\Users\LYJ\.gradle\caches\modules-2\files-2.1\junit\junit\4.12\2973d150c0dc1fefe998f834810d68f278ea58ec\junit-4.12.jar;C:\Users\LYJ\.gradle\caches\modules-2\files-2.1\log4j\log4j\1.2.17\5af35056b4d257e4b64b9e8069c0746e8b08629f\log4j-1.2.17.jar;C:\Users\LYJ\.gradle\caches\modules-2\files-2.1\org.hamcrest\hamcrest-core\1.3\42a25dc3219429f0e5d060061f71acb49bf010a0\hamcrest-core-1.3.jar
Launcher Type: SUN_STANDARD

Environment Variables:
JAVA_HOME=C:\Program Files\Java\jdk1.8.0_111\
PATH=C:/Program Files/Java/jre1.8.0_111/bin/server;C:/Program Files/Java/jre1.8.0_111/bin;C:/Program Files/Java/jre1.8.0_111/lib/amd64;C:\ProgramData\Oracle\Java\javapath;C:\Program Files (x86)\NVIDIA Corporation\PhysX\Common;C:\Windows\system32;C:\Windows;C:\Windows\System32\Wbem;C:\Windows\System32\WindowsPowerShell\v1.0\;C:\Program Files\Git\cmd;D:\gradle-3.4.1\bin;C:\Program Files\Java\jdk1.8.0_111\\bin;C:\Program Files\Java\jdk1.8.0_111\\bin;C:\Users\LYJ\AppData\Local\Microsoft\WindowsApps;C:\Program Files\Bandizip\7z;C:\Program Files\MySQL\MySQL Server 5.6\\bin;D:\eclipse;
USERNAME=LYJ
OS=Windows_NT
PROCESSOR_IDENTIFIER=Intel64 Family 6 Model 23 Stepping 10, GenuineIntel



---------------  S Y S T E M  ---------------

OS: Windows 10.0 , 64 bit Build 14393 (10.0.14393.0)

CPU:total 4 (4 cores per cpu, 1 threads per core) family 6 model 23 stepping 10, cmov, cx8, fxsr, mmx, sse, sse2, sse3, ssse3, sse4.1, tsc

Memory: 4k page, physical 4192492k(617104k free), swap 8414724k(1046072k free)

vm_info: Java HotSpot(TM) 64-Bit Server VM (25.111-b14) for windows-amd64 JRE (1.8.0_111-b14), built on Sep 22 2016 19:24:05 by "java_re" with MS VC++ 10.0 (VS2010)

time: Mon Apr 10 17:06:48 2017
elapsed time: 6 seconds (0d 0h 0m 6s)

